Building DAG of jobs...
Your conda installation is not configured to use strict channel priorities. This is however crucial for having robust and correct environments (for details, see https://conda-forge.org/docs/user/tipsandtricks.html). Please consider to configure strict priorities by executing 'conda config --set channel_priority strict'.
Using shell: /usr/bin/bash
Provided cores: 24
Rules claiming more threads will be scaled down.
Job stats:
job                   count
------------------  -------
all                       1
scan_assemble_scan        2
total                     3

Select jobs to execute...

[Mon Jan 15 10:40:19 2024]
Job 28: 
        d
        
Reason: Forced execution

Activating conda environment: ../../../../../../../../../../../../../home/tubbsca/snakemake_condas/15eac168b67d44f04e70744dacff5721_

[Mon Jan 15 10:40:20 2024]
Job 87: 
        d
        
Reason: Forced execution

Activating conda environment: ../../../../../../../../../../../../../home/tubbsca/snakemake_condas/15eac168b67d44f04e70744dacff5721_
[Mon Jan 15 10:40:36 2024]
Finished job 87.
1 of 3 steps (33%) done
Removing temporary output results/tfbs-scan/hg38/scan/ENCSR000ALJ.keratinocytes.CTCF.MA0139.1.damo.pwm/ENCSR000ALJ.keratinocytes.CTCF.MA0139.1.damo.pwm-sites.masked.chr1.bed.
Removing temporary output results/tfbs-scan/hg38/scan/ENCSR000ALJ.keratinocytes.CTCF.MA0139.1.damo.pwm/ENCSR000ALJ.keratinocytes.CTCF.MA0139.1.damo.pwm-sites.masked.chr2.bed.
Removing temporary output results/tfbs-scan/hg38/scan/ENCSR000ALJ.keratinocytes.CTCF.MA0139.1.damo.pwm/ENCSR000ALJ.keratinocytes.CTCF.MA0139.1.damo.pwm-sites.masked.chr3.bed.
Removing temporary output results/tfbs-scan/hg38/scan/ENCSR000ALJ.keratinocytes.CTCF.MA0139.1.damo.pwm/ENCSR000ALJ.keratinocytes.CTCF.MA0139.1.damo.pwm-sites.masked.chr4.bed.
Removing temporary output results/tfbs-scan/hg38/scan/ENCSR000ALJ.keratinocytes.CTCF.MA0139.1.damo.pwm/ENCSR000ALJ.keratinocytes.CTCF.MA0139.1.damo.pwm-sites.masked.chr5.bed.
Removing temporary output results/tfbs-scan/hg38/scan/ENCSR000ALJ.keratinocytes.CTCF.MA0139.1.damo.pwm/ENCSR000ALJ.keratinocytes.CTCF.MA0139.1.damo.pwm-sites.masked.chr6.bed.
Removing temporary output results/tfbs-scan/hg38/scan/ENCSR000ALJ.keratinocytes.CTCF.MA0139.1.damo.pwm/ENCSR000ALJ.keratinocytes.CTCF.MA0139.1.damo.pwm-sites.masked.chr7.bed.
Removing temporary output results/tfbs-scan/hg38/scan/ENCSR000ALJ.keratinocytes.CTCF.MA0139.1.damo.pwm/ENCSR000ALJ.keratinocytes.CTCF.MA0139.1.damo.pwm-sites.masked.chr8.bed.
Removing temporary output results/tfbs-scan/hg38/scan/ENCSR000ALJ.keratinocytes.CTCF.MA0139.1.damo.pwm/ENCSR000ALJ.keratinocytes.CTCF.MA0139.1.damo.pwm-sites.masked.chr9.bed.
Removing temporary output results/tfbs-scan/hg38/scan/ENCSR000ALJ.keratinocytes.CTCF.MA0139.1.damo.pwm/ENCSR000ALJ.keratinocytes.CTCF.MA0139.1.damo.pwm-sites.masked.chr10.bed.
Removing temporary output results/tfbs-scan/hg38/scan/ENCSR000ALJ.keratinocytes.CTCF.MA0139.1.damo.pwm/ENCSR000ALJ.keratinocytes.CTCF.MA0139.1.damo.pwm-sites.masked.chr11.bed.
Removing temporary output results/tfbs-scan/hg38/scan/ENCSR000ALJ.keratinocytes.CTCF.MA0139.1.damo.pwm/ENCSR000ALJ.keratinocytes.CTCF.MA0139.1.damo.pwm-sites.masked.chr12.bed.
Removing temporary output results/tfbs-scan/hg38/scan/ENCSR000ALJ.keratinocytes.CTCF.MA0139.1.damo.pwm/ENCSR000ALJ.keratinocytes.CTCF.MA0139.1.damo.pwm-sites.masked.chr13.bed.
Removing temporary output results/tfbs-scan/hg38/scan/ENCSR000ALJ.keratinocytes.CTCF.MA0139.1.damo.pwm/ENCSR000ALJ.keratinocytes.CTCF.MA0139.1.damo.pwm-sites.masked.chr14.bed.
Removing temporary output results/tfbs-scan/hg38/scan/ENCSR000ALJ.keratinocytes.CTCF.MA0139.1.damo.pwm/ENCSR000ALJ.keratinocytes.CTCF.MA0139.1.damo.pwm-sites.masked.chr15.bed.
Removing temporary output results/tfbs-scan/hg38/scan/ENCSR000ALJ.keratinocytes.CTCF.MA0139.1.damo.pwm/ENCSR000ALJ.keratinocytes.CTCF.MA0139.1.damo.pwm-sites.masked.chr16.bed.
Removing temporary output results/tfbs-scan/hg38/scan/ENCSR000ALJ.keratinocytes.CTCF.MA0139.1.damo.pwm/ENCSR000ALJ.keratinocytes.CTCF.MA0139.1.damo.pwm-sites.masked.chr17.bed.
Removing temporary output results/tfbs-scan/hg38/scan/ENCSR000ALJ.keratinocytes.CTCF.MA0139.1.damo.pwm/ENCSR000ALJ.keratinocytes.CTCF.MA0139.1.damo.pwm-sites.masked.chr18.bed.
Removing temporary output results/tfbs-scan/hg38/scan/ENCSR000ALJ.keratinocytes.CTCF.MA0139.1.damo.pwm/ENCSR000ALJ.keratinocytes.CTCF.MA0139.1.damo.pwm-sites.masked.chr19.bed.
Removing temporary output results/tfbs-scan/hg38/scan/ENCSR000ALJ.keratinocytes.CTCF.MA0139.1.damo.pwm/ENCSR000ALJ.keratinocytes.CTCF.MA0139.1.damo.pwm-sites.masked.chr20.bed.
Removing temporary output results/tfbs-scan/hg38/scan/ENCSR000ALJ.keratinocytes.CTCF.MA0139.1.damo.pwm/ENCSR000ALJ.keratinocytes.CTCF.MA0139.1.damo.pwm-sites.masked.chr21.bed.
Removing temporary output results/tfbs-scan/hg38/scan/ENCSR000ALJ.keratinocytes.CTCF.MA0139.1.damo.pwm/ENCSR000ALJ.keratinocytes.CTCF.MA0139.1.damo.pwm-sites.masked.chr22.bed.
Removing temporary output results/tfbs-scan/hg38/scan/ENCSR000ALJ.keratinocytes.CTCF.MA0139.1.damo.pwm/ENCSR000ALJ.keratinocytes.CTCF.MA0139.1.damo.pwm-sites.masked.chrX.bed.
Removing temporary output results/tfbs-scan/hg38/scan/ENCSR000ALJ.keratinocytes.CTCF.MA0139.1.damo.pwm/ENCSR000ALJ.keratinocytes.CTCF.MA0139.1.damo.pwm-sites.masked.chrY.bed.
[Mon Jan 15 10:40:56 2024]
Finished job 28.
2 of 3 steps (67%) done
Removing temporary output results/tfbs-scan/hg38/scan/ENCSR000AHD.MCF7_Invasive_ductal_breast_carcinoma.CTCF.MA0139.1.damo.pwm/ENCSR000AHD.MCF7_Invasive_ductal_breast_carcinoma.CTCF.MA0139.1.damo.pwm-sites.masked.chr1.bed.
Removing temporary output results/tfbs-scan/hg38/scan/ENCSR000AHD.MCF7_Invasive_ductal_breast_carcinoma.CTCF.MA0139.1.damo.pwm/ENCSR000AHD.MCF7_Invasive_ductal_breast_carcinoma.CTCF.MA0139.1.damo.pwm-sites.masked.chr2.bed.
Removing temporary output results/tfbs-scan/hg38/scan/ENCSR000AHD.MCF7_Invasive_ductal_breast_carcinoma.CTCF.MA0139.1.damo.pwm/ENCSR000AHD.MCF7_Invasive_ductal_breast_carcinoma.CTCF.MA0139.1.damo.pwm-sites.masked.chr3.bed.
Removing temporary output results/tfbs-scan/hg38/scan/ENCSR000AHD.MCF7_Invasive_ductal_breast_carcinoma.CTCF.MA0139.1.damo.pwm/ENCSR000AHD.MCF7_Invasive_ductal_breast_carcinoma.CTCF.MA0139.1.damo.pwm-sites.masked.chr4.bed.
Removing temporary output results/tfbs-scan/hg38/scan/ENCSR000AHD.MCF7_Invasive_ductal_breast_carcinoma.CTCF.MA0139.1.damo.pwm/ENCSR000AHD.MCF7_Invasive_ductal_breast_carcinoma.CTCF.MA0139.1.damo.pwm-sites.masked.chr5.bed.
Removing temporary output results/tfbs-scan/hg38/scan/ENCSR000AHD.MCF7_Invasive_ductal_breast_carcinoma.CTCF.MA0139.1.damo.pwm/ENCSR000AHD.MCF7_Invasive_ductal_breast_carcinoma.CTCF.MA0139.1.damo.pwm-sites.masked.chr6.bed.
Removing temporary output results/tfbs-scan/hg38/scan/ENCSR000AHD.MCF7_Invasive_ductal_breast_carcinoma.CTCF.MA0139.1.damo.pwm/ENCSR000AHD.MCF7_Invasive_ductal_breast_carcinoma.CTCF.MA0139.1.damo.pwm-sites.masked.chr7.bed.
Removing temporary output results/tfbs-scan/hg38/scan/ENCSR000AHD.MCF7_Invasive_ductal_breast_carcinoma.CTCF.MA0139.1.damo.pwm/ENCSR000AHD.MCF7_Invasive_ductal_breast_carcinoma.CTCF.MA0139.1.damo.pwm-sites.masked.chr8.bed.
Removing temporary output results/tfbs-scan/hg38/scan/ENCSR000AHD.MCF7_Invasive_ductal_breast_carcinoma.CTCF.MA0139.1.damo.pwm/ENCSR000AHD.MCF7_Invasive_ductal_breast_carcinoma.CTCF.MA0139.1.damo.pwm-sites.masked.chr9.bed.
Removing temporary output results/tfbs-scan/hg38/scan/ENCSR000AHD.MCF7_Invasive_ductal_breast_carcinoma.CTCF.MA0139.1.damo.pwm/ENCSR000AHD.MCF7_Invasive_ductal_breast_carcinoma.CTCF.MA0139.1.damo.pwm-sites.masked.chr10.bed.
Removing temporary output results/tfbs-scan/hg38/scan/ENCSR000AHD.MCF7_Invasive_ductal_breast_carcinoma.CTCF.MA0139.1.damo.pwm/ENCSR000AHD.MCF7_Invasive_ductal_breast_carcinoma.CTCF.MA0139.1.damo.pwm-sites.masked.chr11.bed.
Removing temporary output results/tfbs-scan/hg38/scan/ENCSR000AHD.MCF7_Invasive_ductal_breast_carcinoma.CTCF.MA0139.1.damo.pwm/ENCSR000AHD.MCF7_Invasive_ductal_breast_carcinoma.CTCF.MA0139.1.damo.pwm-sites.masked.chr12.bed.
Removing temporary output results/tfbs-scan/hg38/scan/ENCSR000AHD.MCF7_Invasive_ductal_breast_carcinoma.CTCF.MA0139.1.damo.pwm/ENCSR000AHD.MCF7_Invasive_ductal_breast_carcinoma.CTCF.MA0139.1.damo.pwm-sites.masked.chr13.bed.
Removing temporary output results/tfbs-scan/hg38/scan/ENCSR000AHD.MCF7_Invasive_ductal_breast_carcinoma.CTCF.MA0139.1.damo.pwm/ENCSR000AHD.MCF7_Invasive_ductal_breast_carcinoma.CTCF.MA0139.1.damo.pwm-sites.masked.chr14.bed.
Removing temporary output results/tfbs-scan/hg38/scan/ENCSR000AHD.MCF7_Invasive_ductal_breast_carcinoma.CTCF.MA0139.1.damo.pwm/ENCSR000AHD.MCF7_Invasive_ductal_breast_carcinoma.CTCF.MA0139.1.damo.pwm-sites.masked.chr15.bed.
Removing temporary output results/tfbs-scan/hg38/scan/ENCSR000AHD.MCF7_Invasive_ductal_breast_carcinoma.CTCF.MA0139.1.damo.pwm/ENCSR000AHD.MCF7_Invasive_ductal_breast_carcinoma.CTCF.MA0139.1.damo.pwm-sites.masked.chr16.bed.
Removing temporary output results/tfbs-scan/hg38/scan/ENCSR000AHD.MCF7_Invasive_ductal_breast_carcinoma.CTCF.MA0139.1.damo.pwm/ENCSR000AHD.MCF7_Invasive_ductal_breast_carcinoma.CTCF.MA0139.1.damo.pwm-sites.masked.chr17.bed.
Removing temporary output results/tfbs-scan/hg38/scan/ENCSR000AHD.MCF7_Invasive_ductal_breast_carcinoma.CTCF.MA0139.1.damo.pwm/ENCSR000AHD.MCF7_Invasive_ductal_breast_carcinoma.CTCF.MA0139.1.damo.pwm-sites.masked.chr18.bed.
Removing temporary output results/tfbs-scan/hg38/scan/ENCSR000AHD.MCF7_Invasive_ductal_breast_carcinoma.CTCF.MA0139.1.damo.pwm/ENCSR000AHD.MCF7_Invasive_ductal_breast_carcinoma.CTCF.MA0139.1.damo.pwm-sites.masked.chr19.bed.
Removing temporary output results/tfbs-scan/hg38/scan/ENCSR000AHD.MCF7_Invasive_ductal_breast_carcinoma.CTCF.MA0139.1.damo.pwm/ENCSR000AHD.MCF7_Invasive_ductal_breast_carcinoma.CTCF.MA0139.1.damo.pwm-sites.masked.chr20.bed.
Removing temporary output results/tfbs-scan/hg38/scan/ENCSR000AHD.MCF7_Invasive_ductal_breast_carcinoma.CTCF.MA0139.1.damo.pwm/ENCSR000AHD.MCF7_Invasive_ductal_breast_carcinoma.CTCF.MA0139.1.damo.pwm-sites.masked.chr21.bed.
Removing temporary output results/tfbs-scan/hg38/scan/ENCSR000AHD.MCF7_Invasive_ductal_breast_carcinoma.CTCF.MA0139.1.damo.pwm/ENCSR000AHD.MCF7_Invasive_ductal_breast_carcinoma.CTCF.MA0139.1.damo.pwm-sites.masked.chr22.bed.
Removing temporary output results/tfbs-scan/hg38/scan/ENCSR000AHD.MCF7_Invasive_ductal_breast_carcinoma.CTCF.MA0139.1.damo.pwm/ENCSR000AHD.MCF7_Invasive_ductal_breast_carcinoma.CTCF.MA0139.1.damo.pwm-sites.masked.chrX.bed.
Removing temporary output results/tfbs-scan/hg38/scan/ENCSR000AHD.MCF7_Invasive_ductal_breast_carcinoma.CTCF.MA0139.1.damo.pwm/ENCSR000AHD.MCF7_Invasive_ductal_breast_carcinoma.CTCF.MA0139.1.damo.pwm-sites.masked.chrY.bed.
Select jobs to execute...

[Mon Jan 15 10:40:56 2024]
Job 0: 
        DEPLOYING TFBS-SCAN...
        
Reason: Input files updated by another job: results/tfbs-scan/hg38/scan/ENCSR000AHD.MCF7_Invasive_ductal_breast_carcinoma.CTCF.MA0139.1.damo.pwm/ENCSR000AHD.MCF7_Invasive_ductal_breast_carcinoma.CTCF.MA0139.1.damo.pwm-sites.masked.genome.sorted.bed.gz, results/tfbs-scan/hg38/scan/ENCSR000ALJ.keratinocytes.CTCF.MA0139.1.damo.pwm/ENCSR000ALJ.keratinocytes.CTCF.MA0139.1.damo.pwm-sites.masked.genome.sorted.bed.gz

[Mon Jan 15 10:40:56 2024]
Finished job 0.
3 of 3 steps (100%) done
Complete log: .snakemake/log/2024-01-15T104005.628361.snakemake.log
