Building DAG of jobs...
Your conda installation is not configured to use strict channel priorities. This is however crucial for having robust and correct environments (for details, see https://conda-forge.org/docs/user/tipsandtricks.html). Please consider to configure strict priorities by executing 'conda config --set channel_priority strict'.
Using shell: /usr/bin/bash
Provided cores: 24
Rules claiming more threads will be scaled down.
Job stats:
job                      count
---------------------  -------
all                          1
scan_assemble_scan           5
scan_scan_chromosome        15
sequence_split_genome        1
total                       22

Select jobs to execute...

[Mon Jan 15 14:58:31 2024]
Job 108: 
        Scans reference genome for matches againts input motif.
        Output compressed.
        
Reason: Updated input files: results/tfbs-scan/hg38/mask/chr17.fa

Activating conda environment: ../../../../../../../../../../../../../home/tubbsca/snakemake_condas/15eac168b67d44f04e70744dacff5721_

[Mon Jan 15 14:58:31 2024]
Job 29: 
        Scans reference genome for matches againts input motif.
        Output compressed.
        
Reason: Updated input files: results/tfbs-scan/hg38/mask/chr1.fa

Activating conda environment: ../../../../../../../../../../../../../home/tubbsca/snakemake_condas/15eac168b67d44f04e70744dacff5721_

[Mon Jan 15 14:58:31 2024]
Job 137: 
        Scans reference genome for matches againts input motif.
        Output compressed.
        
Reason: Missing output files: results/tfbs-scan/hg38/scan/ENCSR000ANO.normal_lung_fibroblasts.CTCF.MA0139.1.damo.pwm/ENCSR000ANO.normal_lung_fibroblasts.CTCF.MA0139.1.damo.pwm-sites.masked.chr17.bed

Activating conda environment: ../../../../../../../../../../../../../home/tubbsca/snakemake_condas/15eac168b67d44f04e70744dacff5721_

[Mon Jan 15 14:58:31 2024]
Job 7: 
        Splits masked genome by chromsome from parallel scanning.
        
Reason: Missing output files: results/tfbs-scan/hg38/mask/chr4.fa; Updated input files: results/tfbs-scan/hg38/mask/hg38.custom-mask.fa

Activating conda environment: ../../../../../../../../../../../../../home/tubbsca/snakemake_condas/15eac168b67d44f04e70744dacff5721_

[Mon Jan 15 14:58:31 2024]
Job 59: 
        Scans reference genome for matches againts input motif.
        Output compressed.
        
Reason: Missing output files: results/tfbs-scan/hg38/scan/ENCSR000ATM.K562_myelogenous_leukemia.REST.MA0138.2.damo.pwm/ENCSR000ATM.K562_myelogenous_leukemia.REST.MA0138.2.damo.pwm-sites.masked.chr1.bed

Activating conda environment: ../../../../../../../../../../../../../home/tubbsca/snakemake_condas/15eac168b67d44f04e70744dacff5721_

[Mon Jan 15 14:58:31 2024]
Job 117: 
        Scans reference genome for matches againts input motif.
        Output compressed.
        
Reason: Missing output files: results/tfbs-scan/hg38/scan/ENCSR000ANO.normal_lung_fibroblasts.CTCF.MA0139.1.damo.pwm/ENCSR000ANO.normal_lung_fibroblasts.CTCF.MA0139.1.damo.pwm-sites.masked.chr1.bed

Activating conda environment: ../../../../../../../../../../../../../home/tubbsca/snakemake_condas/15eac168b67d44f04e70744dacff5721_

[Mon Jan 15 14:58:31 2024]
Job 79: 
        Scans reference genome for matches againts input motif.
        Output compressed.
        
Reason: Missing output files: results/tfbs-scan/hg38/scan/ENCSR000ATM.K562_myelogenous_leukemia.REST.MA0138.2.damo.pwm/ENCSR000ATM.K562_myelogenous_leukemia.REST.MA0138.2.damo.pwm-sites.masked.chr17.bed

Activating conda environment: ../../../../../../../../../../../../../home/tubbsca/snakemake_condas/15eac168b67d44f04e70744dacff5721_

[Mon Jan 15 14:58:31 2024]
Job 166: 
        Scans reference genome for matches againts input motif.
        Output compressed.
        
Reason: Missing output files: results/tfbs-scan/hg38/scan/ENCSR000AOO.astrocytes.CTCF.MA0139.1.damo.pwm/ENCSR000AOO.astrocytes.CTCF.MA0139.1.damo.pwm-sites.masked.chr17.bed

Activating conda environment: ../../../../../../../../../../../../../home/tubbsca/snakemake_condas/15eac168b67d44f04e70744dacff5721_

[Mon Jan 15 14:58:31 2024]
Job 88: 
        Scans reference genome for matches againts input motif.
        Output compressed.
        
Reason: Updated input files: results/tfbs-scan/hg38/mask/chr1.fa

Activating conda environment: ../../../../../../../../../../../../../home/tubbsca/snakemake_condas/15eac168b67d44f04e70744dacff5721_

[Mon Jan 15 14:58:31 2024]
Job 146: 
        Scans reference genome for matches againts input motif.
        Output compressed.
        
Reason: Updated input files: results/tfbs-scan/hg38/mask/chr1.fa

Activating conda environment: ../../../../../../../../../../../../../home/tubbsca/snakemake_condas/15eac168b67d44f04e70744dacff5721_

[Mon Jan 15 14:58:31 2024]
Job 50: 
        Scans reference genome for matches againts input motif.
        Output compressed.
        
Reason: Updated input files: results/tfbs-scan/hg38/mask/chr17.fa

Activating conda environment: ../../../../../../../../../../../../../home/tubbsca/snakemake_condas/15eac168b67d44f04e70744dacff5721_
[Mon Jan 15 14:58:32 2024]
Error in rule scan_scan_chromosome:
    jobid: 108
    input: results/tfbs-scan/hg38/scan/ENCSR000ALJ.keratinocytes.CTCF.MA0139.1.damo.pwm/ENCSR000ALJ.keratinocytes.CTCF.MA0139.1.damo.pwm.IntLogOdds, results/tfbs-scan/hg38/scan/ENCSR000ALJ.keratinocytes.CTCF.MA0139.1.damo.pwm/ENCSR000ALJ.keratinocytes.CTCF.MA0139.1.damo.pwm-coeff.txt, results/tfbs-scan/hg38/mask/chr17.fa, resources/software/PWMScan/matrix_scan
    output: results/tfbs-scan/hg38/scan/ENCSR000ALJ.keratinocytes.CTCF.MA0139.1.damo.pwm/ENCSR000ALJ.keratinocytes.CTCF.MA0139.1.damo.pwm-sites.masked.chr17.bed
    log: workflow/logs/scan_chromosome_ENCSR000ALJ.keratinocytes.CTCF.MA0139.1.damo.pwm_hg38_chr17.stdout, workflow/logs/scan_chromosome_ENCSR000ALJ.keratinocytes.CTCF.MA0139.1.damo.pwm_hg38_chr17.stderr (check log file(s) for error details)
    conda-env: /home/tubbsca/snakemake_condas/15eac168b67d44f04e70744dacff5721_
    shell:
        
        resources/software/PWMScan/matrix_scan -m results/tfbs-scan/hg38/scan/ENCSR000ALJ.keratinocytes.CTCF.MA0139.1.damo.pwm/ENCSR000ALJ.keratinocytes.CTCF.MA0139.1.damo.pwm.IntLogOdds -c $(cat results/tfbs-scan/hg38/scan/ENCSR000ALJ.keratinocytes.CTCF.MA0139.1.damo.pwm/ENCSR000ALJ.keratinocytes.CTCF.MA0139.1.damo.pwm-coeff.txt) results/tfbs-scan/hg38/mask/chr17.fa > results/tfbs-scan/hg38/scan/ENCSR000ALJ.keratinocytes.CTCF.MA0139.1.damo.pwm/ENCSR000ALJ.keratinocytes.CTCF.MA0139.1.damo.pwm-sites.masked.chr17.bed
        
        (one of the commands exited with non-zero exit code; note that snakemake uses bash strict mode!)

[Mon Jan 15 14:58:32 2024]
Error in rule scan_scan_chromosome:
    jobid: 29
    input: results/tfbs-scan/hg38/scan/ENCSR000AHD.MCF7_Invasive_ductal_breast_carcinoma.CTCF.MA0139.1.damo.pwm/ENCSR000AHD.MCF7_Invasive_ductal_breast_carcinoma.CTCF.MA0139.1.damo.pwm.IntLogOdds, results/tfbs-scan/hg38/scan/ENCSR000AHD.MCF7_Invasive_ductal_breast_carcinoma.CTCF.MA0139.1.damo.pwm/ENCSR000AHD.MCF7_Invasive_ductal_breast_carcinoma.CTCF.MA0139.1.damo.pwm-coeff.txt, results/tfbs-scan/hg38/mask/chr1.fa, resources/software/PWMScan/matrix_scan
    output: results/tfbs-scan/hg38/scan/ENCSR000AHD.MCF7_Invasive_ductal_breast_carcinoma.CTCF.MA0139.1.damo.pwm/ENCSR000AHD.MCF7_Invasive_ductal_breast_carcinoma.CTCF.MA0139.1.damo.pwm-sites.masked.chr1.bed
    log: workflow/logs/scan_chromosome_ENCSR000AHD.MCF7_Invasive_ductal_breast_carcinoma.CTCF.MA0139.1.damo.pwm_hg38_chr1.stdout, workflow/logs/scan_chromosome_ENCSR000AHD.MCF7_Invasive_ductal_breast_carcinoma.CTCF.MA0139.1.damo.pwm_hg38_chr1.stderr (check log file(s) for error details)
    conda-env: /home/tubbsca/snakemake_condas/15eac168b67d44f04e70744dacff5721_
    shell:
        
        resources/software/PWMScan/matrix_scan -m results/tfbs-scan/hg38/scan/ENCSR000AHD.MCF7_Invasive_ductal_breast_carcinoma.CTCF.MA0139.1.damo.pwm/ENCSR000AHD.MCF7_Invasive_ductal_breast_carcinoma.CTCF.MA0139.1.damo.pwm.IntLogOdds -c $(cat results/tfbs-scan/hg38/scan/ENCSR000AHD.MCF7_Invasive_ductal_breast_carcinoma.CTCF.MA0139.1.damo.pwm/ENCSR000AHD.MCF7_Invasive_ductal_breast_carcinoma.CTCF.MA0139.1.damo.pwm-coeff.txt) results/tfbs-scan/hg38/mask/chr1.fa > results/tfbs-scan/hg38/scan/ENCSR000AHD.MCF7_Invasive_ductal_breast_carcinoma.CTCF.MA0139.1.damo.pwm/ENCSR000AHD.MCF7_Invasive_ductal_breast_carcinoma.CTCF.MA0139.1.damo.pwm-sites.masked.chr1.bed
        
        (one of the commands exited with non-zero exit code; note that snakemake uses bash strict mode!)

Removing output files of failed job scan_scan_chromosome since they might be corrupted:
results/tfbs-scan/hg38/scan/ENCSR000ALJ.keratinocytes.CTCF.MA0139.1.damo.pwm/ENCSR000ALJ.keratinocytes.CTCF.MA0139.1.damo.pwm-sites.masked.chr17.bed
Removing output files of failed job scan_scan_chromosome since they might be corrupted:
results/tfbs-scan/hg38/scan/ENCSR000AHD.MCF7_Invasive_ductal_breast_carcinoma.CTCF.MA0139.1.damo.pwm/ENCSR000AHD.MCF7_Invasive_ductal_breast_carcinoma.CTCF.MA0139.1.damo.pwm-sites.masked.chr1.bed
[Mon Jan 15 14:58:32 2024]
Error in rule scan_scan_chromosome:
    jobid: 137
    input: results/tfbs-scan/hg38/scan/ENCSR000ANO.normal_lung_fibroblasts.CTCF.MA0139.1.damo.pwm/ENCSR000ANO.normal_lung_fibroblasts.CTCF.MA0139.1.damo.pwm.IntLogOdds, results/tfbs-scan/hg38/scan/ENCSR000ANO.normal_lung_fibroblasts.CTCF.MA0139.1.damo.pwm/ENCSR000ANO.normal_lung_fibroblasts.CTCF.MA0139.1.damo.pwm-coeff.txt, results/tfbs-scan/hg38/mask/chr17.fa, resources/software/PWMScan/matrix_scan
    output: results/tfbs-scan/hg38/scan/ENCSR000ANO.normal_lung_fibroblasts.CTCF.MA0139.1.damo.pwm/ENCSR000ANO.normal_lung_fibroblasts.CTCF.MA0139.1.damo.pwm-sites.masked.chr17.bed
    log: workflow/logs/scan_chromosome_ENCSR000ANO.normal_lung_fibroblasts.CTCF.MA0139.1.damo.pwm_hg38_chr17.stdout, workflow/logs/scan_chromosome_ENCSR000ANO.normal_lung_fibroblasts.CTCF.MA0139.1.damo.pwm_hg38_chr17.stderr (check log file(s) for error details)
    conda-env: /home/tubbsca/snakemake_condas/15eac168b67d44f04e70744dacff5721_
    shell:
        
        resources/software/PWMScan/matrix_scan -m results/tfbs-scan/hg38/scan/ENCSR000ANO.normal_lung_fibroblasts.CTCF.MA0139.1.damo.pwm/ENCSR000ANO.normal_lung_fibroblasts.CTCF.MA0139.1.damo.pwm.IntLogOdds -c $(cat results/tfbs-scan/hg38/scan/ENCSR000ANO.normal_lung_fibroblasts.CTCF.MA0139.1.damo.pwm/ENCSR000ANO.normal_lung_fibroblasts.CTCF.MA0139.1.damo.pwm-coeff.txt) results/tfbs-scan/hg38/mask/chr17.fa > results/tfbs-scan/hg38/scan/ENCSR000ANO.normal_lung_fibroblasts.CTCF.MA0139.1.damo.pwm/ENCSR000ANO.normal_lung_fibroblasts.CTCF.MA0139.1.damo.pwm-sites.masked.chr17.bed
        
        (one of the commands exited with non-zero exit code; note that snakemake uses bash strict mode!)

Removing output files of failed job scan_scan_chromosome since they might be corrupted:
results/tfbs-scan/hg38/scan/ENCSR000ANO.normal_lung_fibroblasts.CTCF.MA0139.1.damo.pwm/ENCSR000ANO.normal_lung_fibroblasts.CTCF.MA0139.1.damo.pwm-sites.masked.chr17.bed
[Mon Jan 15 14:58:32 2024]
Error in rule scan_scan_chromosome:
    jobid: 59
    input: results/tfbs-scan/hg38/scan/ENCSR000ATM.K562_myelogenous_leukemia.REST.MA0138.2.damo.pwm/ENCSR000ATM.K562_myelogenous_leukemia.REST.MA0138.2.damo.pwm.IntLogOdds, results/tfbs-scan/hg38/scan/ENCSR000ATM.K562_myelogenous_leukemia.REST.MA0138.2.damo.pwm/ENCSR000ATM.K562_myelogenous_leukemia.REST.MA0138.2.damo.pwm-coeff.txt, results/tfbs-scan/hg38/mask/chr1.fa, resources/software/PWMScan/matrix_scan
    output: results/tfbs-scan/hg38/scan/ENCSR000ATM.K562_myelogenous_leukemia.REST.MA0138.2.damo.pwm/ENCSR000ATM.K562_myelogenous_leukemia.REST.MA0138.2.damo.pwm-sites.masked.chr1.bed
    log: workflow/logs/scan_chromosome_ENCSR000ATM.K562_myelogenous_leukemia.REST.MA0138.2.damo.pwm_hg38_chr1.stdout, workflow/logs/scan_chromosome_ENCSR000ATM.K562_myelogenous_leukemia.REST.MA0138.2.damo.pwm_hg38_chr1.stderr (check log file(s) for error details)
    conda-env: /home/tubbsca/snakemake_condas/15eac168b67d44f04e70744dacff5721_
    shell:
        
        resources/software/PWMScan/matrix_scan -m results/tfbs-scan/hg38/scan/ENCSR000ATM.K562_myelogenous_leukemia.REST.MA0138.2.damo.pwm/ENCSR000ATM.K562_myelogenous_leukemia.REST.MA0138.2.damo.pwm.IntLogOdds -c $(cat results/tfbs-scan/hg38/scan/ENCSR000ATM.K562_myelogenous_leukemia.REST.MA0138.2.damo.pwm/ENCSR000ATM.K562_myelogenous_leukemia.REST.MA0138.2.damo.pwm-coeff.txt) results/tfbs-scan/hg38/mask/chr1.fa > results/tfbs-scan/hg38/scan/ENCSR000ATM.K562_myelogenous_leukemia.REST.MA0138.2.damo.pwm/ENCSR000ATM.K562_myelogenous_leukemia.REST.MA0138.2.damo.pwm-sites.masked.chr1.bed
        
        (one of the commands exited with non-zero exit code; note that snakemake uses bash strict mode!)

[Mon Jan 15 14:58:32 2024]
Error in rule scan_scan_chromosome:
    jobid: 117
    input: results/tfbs-scan/hg38/scan/ENCSR000ANO.normal_lung_fibroblasts.CTCF.MA0139.1.damo.pwm/ENCSR000ANO.normal_lung_fibroblasts.CTCF.MA0139.1.damo.pwm.IntLogOdds, results/tfbs-scan/hg38/scan/ENCSR000ANO.normal_lung_fibroblasts.CTCF.MA0139.1.damo.pwm/ENCSR000ANO.normal_lung_fibroblasts.CTCF.MA0139.1.damo.pwm-coeff.txt, results/tfbs-scan/hg38/mask/chr1.fa, resources/software/PWMScan/matrix_scan
    output: results/tfbs-scan/hg38/scan/ENCSR000ANO.normal_lung_fibroblasts.CTCF.MA0139.1.damo.pwm/ENCSR000ANO.normal_lung_fibroblasts.CTCF.MA0139.1.damo.pwm-sites.masked.chr1.bed
    log: workflow/logs/scan_chromosome_ENCSR000ANO.normal_lung_fibroblasts.CTCF.MA0139.1.damo.pwm_hg38_chr1.stdout, workflow/logs/scan_chromosome_ENCSR000ANO.normal_lung_fibroblasts.CTCF.MA0139.1.damo.pwm_hg38_chr1.stderr (check log file(s) for error details)
    conda-env: /home/tubbsca/snakemake_condas/15eac168b67d44f04e70744dacff5721_
    shell:
        
        resources/software/PWMScan/matrix_scan -m results/tfbs-scan/hg38/scan/ENCSR000ANO.normal_lung_fibroblasts.CTCF.MA0139.1.damo.pwm/ENCSR000ANO.normal_lung_fibroblasts.CTCF.MA0139.1.damo.pwm.IntLogOdds -c $(cat results/tfbs-scan/hg38/scan/ENCSR000ANO.normal_lung_fibroblasts.CTCF.MA0139.1.damo.pwm/ENCSR000ANO.normal_lung_fibroblasts.CTCF.MA0139.1.damo.pwm-coeff.txt) results/tfbs-scan/hg38/mask/chr1.fa > results/tfbs-scan/hg38/scan/ENCSR000ANO.normal_lung_fibroblasts.CTCF.MA0139.1.damo.pwm/ENCSR000ANO.normal_lung_fibroblasts.CTCF.MA0139.1.damo.pwm-sites.masked.chr1.bed
        
        (one of the commands exited with non-zero exit code; note that snakemake uses bash strict mode!)

Removing output files of failed job scan_scan_chromosome since they might be corrupted:
results/tfbs-scan/hg38/scan/ENCSR000ATM.K562_myelogenous_leukemia.REST.MA0138.2.damo.pwm/ENCSR000ATM.K562_myelogenous_leukemia.REST.MA0138.2.damo.pwm-sites.masked.chr1.bed
[Mon Jan 15 14:58:32 2024]
Error in rule scan_scan_chromosome:
    jobid: 79
    input: results/tfbs-scan/hg38/scan/ENCSR000ATM.K562_myelogenous_leukemia.REST.MA0138.2.damo.pwm/ENCSR000ATM.K562_myelogenous_leukemia.REST.MA0138.2.damo.pwm.IntLogOdds, results/tfbs-scan/hg38/scan/ENCSR000ATM.K562_myelogenous_leukemia.REST.MA0138.2.damo.pwm/ENCSR000ATM.K562_myelogenous_leukemia.REST.MA0138.2.damo.pwm-coeff.txt, results/tfbs-scan/hg38/mask/chr17.fa, resources/software/PWMScan/matrix_scan
    output: results/tfbs-scan/hg38/scan/ENCSR000ATM.K562_myelogenous_leukemia.REST.MA0138.2.damo.pwm/ENCSR000ATM.K562_myelogenous_leukemia.REST.MA0138.2.damo.pwm-sites.masked.chr17.bed
    log: workflow/logs/scan_chromosome_ENCSR000ATM.K562_myelogenous_leukemia.REST.MA0138.2.damo.pwm_hg38_chr17.stdout, workflow/logs/scan_chromosome_ENCSR000ATM.K562_myelogenous_leukemia.REST.MA0138.2.damo.pwm_hg38_chr17.stderr (check log file(s) for error details)
    conda-env: /home/tubbsca/snakemake_condas/15eac168b67d44f04e70744dacff5721_
    shell:
        
        resources/software/PWMScan/matrix_scan -m results/tfbs-scan/hg38/scan/ENCSR000ATM.K562_myelogenous_leukemia.REST.MA0138.2.damo.pwm/ENCSR000ATM.K562_myelogenous_leukemia.REST.MA0138.2.damo.pwm.IntLogOdds -c $(cat results/tfbs-scan/hg38/scan/ENCSR000ATM.K562_myelogenous_leukemia.REST.MA0138.2.damo.pwm/ENCSR000ATM.K562_myelogenous_leukemia.REST.MA0138.2.damo.pwm-coeff.txt) results/tfbs-scan/hg38/mask/chr17.fa > results/tfbs-scan/hg38/scan/ENCSR000ATM.K562_myelogenous_leukemia.REST.MA0138.2.damo.pwm/ENCSR000ATM.K562_myelogenous_leukemia.REST.MA0138.2.damo.pwm-sites.masked.chr17.bed
        
        (one of the commands exited with non-zero exit code; note that snakemake uses bash strict mode!)

Removing output files of failed job scan_scan_chromosome since they might be corrupted:
results/tfbs-scan/hg38/scan/ENCSR000ANO.normal_lung_fibroblasts.CTCF.MA0139.1.damo.pwm/ENCSR000ANO.normal_lung_fibroblasts.CTCF.MA0139.1.damo.pwm-sites.masked.chr1.bed
Removing output files of failed job scan_scan_chromosome since they might be corrupted:
results/tfbs-scan/hg38/scan/ENCSR000ATM.K562_myelogenous_leukemia.REST.MA0138.2.damo.pwm/ENCSR000ATM.K562_myelogenous_leukemia.REST.MA0138.2.damo.pwm-sites.masked.chr17.bed
[Mon Jan 15 14:58:32 2024]
Error in rule scan_scan_chromosome:
    jobid: 166
    input: results/tfbs-scan/hg38/scan/ENCSR000AOO.astrocytes.CTCF.MA0139.1.damo.pwm/ENCSR000AOO.astrocytes.CTCF.MA0139.1.damo.pwm.IntLogOdds, results/tfbs-scan/hg38/scan/ENCSR000AOO.astrocytes.CTCF.MA0139.1.damo.pwm/ENCSR000AOO.astrocytes.CTCF.MA0139.1.damo.pwm-coeff.txt, results/tfbs-scan/hg38/mask/chr17.fa, resources/software/PWMScan/matrix_scan
    output: results/tfbs-scan/hg38/scan/ENCSR000AOO.astrocytes.CTCF.MA0139.1.damo.pwm/ENCSR000AOO.astrocytes.CTCF.MA0139.1.damo.pwm-sites.masked.chr17.bed
    log: workflow/logs/scan_chromosome_ENCSR000AOO.astrocytes.CTCF.MA0139.1.damo.pwm_hg38_chr17.stdout, workflow/logs/scan_chromosome_ENCSR000AOO.astrocytes.CTCF.MA0139.1.damo.pwm_hg38_chr17.stderr (check log file(s) for error details)
    conda-env: /home/tubbsca/snakemake_condas/15eac168b67d44f04e70744dacff5721_
    shell:
        
        resources/software/PWMScan/matrix_scan -m results/tfbs-scan/hg38/scan/ENCSR000AOO.astrocytes.CTCF.MA0139.1.damo.pwm/ENCSR000AOO.astrocytes.CTCF.MA0139.1.damo.pwm.IntLogOdds -c $(cat results/tfbs-scan/hg38/scan/ENCSR000AOO.astrocytes.CTCF.MA0139.1.damo.pwm/ENCSR000AOO.astrocytes.CTCF.MA0139.1.damo.pwm-coeff.txt) results/tfbs-scan/hg38/mask/chr17.fa > results/tfbs-scan/hg38/scan/ENCSR000AOO.astrocytes.CTCF.MA0139.1.damo.pwm/ENCSR000AOO.astrocytes.CTCF.MA0139.1.damo.pwm-sites.masked.chr17.bed
        
        (one of the commands exited with non-zero exit code; note that snakemake uses bash strict mode!)

Removing output files of failed job scan_scan_chromosome since they might be corrupted:
results/tfbs-scan/hg38/scan/ENCSR000AOO.astrocytes.CTCF.MA0139.1.damo.pwm/ENCSR000AOO.astrocytes.CTCF.MA0139.1.damo.pwm-sites.masked.chr17.bed
[Mon Jan 15 14:58:32 2024]
Error in rule scan_scan_chromosome:
    jobid: 88
    input: results/tfbs-scan/hg38/scan/ENCSR000ALJ.keratinocytes.CTCF.MA0139.1.damo.pwm/ENCSR000ALJ.keratinocytes.CTCF.MA0139.1.damo.pwm.IntLogOdds, results/tfbs-scan/hg38/scan/ENCSR000ALJ.keratinocytes.CTCF.MA0139.1.damo.pwm/ENCSR000ALJ.keratinocytes.CTCF.MA0139.1.damo.pwm-coeff.txt, results/tfbs-scan/hg38/mask/chr1.fa, resources/software/PWMScan/matrix_scan
    output: results/tfbs-scan/hg38/scan/ENCSR000ALJ.keratinocytes.CTCF.MA0139.1.damo.pwm/ENCSR000ALJ.keratinocytes.CTCF.MA0139.1.damo.pwm-sites.masked.chr1.bed
    log: workflow/logs/scan_chromosome_ENCSR000ALJ.keratinocytes.CTCF.MA0139.1.damo.pwm_hg38_chr1.stdout, workflow/logs/scan_chromosome_ENCSR000ALJ.keratinocytes.CTCF.MA0139.1.damo.pwm_hg38_chr1.stderr (check log file(s) for error details)
    conda-env: /home/tubbsca/snakemake_condas/15eac168b67d44f04e70744dacff5721_
    shell:
        
        resources/software/PWMScan/matrix_scan -m results/tfbs-scan/hg38/scan/ENCSR000ALJ.keratinocytes.CTCF.MA0139.1.damo.pwm/ENCSR000ALJ.keratinocytes.CTCF.MA0139.1.damo.pwm.IntLogOdds -c $(cat results/tfbs-scan/hg38/scan/ENCSR000ALJ.keratinocytes.CTCF.MA0139.1.damo.pwm/ENCSR000ALJ.keratinocytes.CTCF.MA0139.1.damo.pwm-coeff.txt) results/tfbs-scan/hg38/mask/chr1.fa > results/tfbs-scan/hg38/scan/ENCSR000ALJ.keratinocytes.CTCF.MA0139.1.damo.pwm/ENCSR000ALJ.keratinocytes.CTCF.MA0139.1.damo.pwm-sites.masked.chr1.bed
        
        (one of the commands exited with non-zero exit code; note that snakemake uses bash strict mode!)

[Mon Jan 15 14:58:32 2024]
Error in rule scan_scan_chromosome:
    jobid: 50
    input: results/tfbs-scan/hg38/scan/ENCSR000AHD.MCF7_Invasive_ductal_breast_carcinoma.CTCF.MA0139.1.damo.pwm/ENCSR000AHD.MCF7_Invasive_ductal_breast_carcinoma.CTCF.MA0139.1.damo.pwm.IntLogOdds, results/tfbs-scan/hg38/scan/ENCSR000AHD.MCF7_Invasive_ductal_breast_carcinoma.CTCF.MA0139.1.damo.pwm/ENCSR000AHD.MCF7_Invasive_ductal_breast_carcinoma.CTCF.MA0139.1.damo.pwm-coeff.txt, results/tfbs-scan/hg38/mask/chr17.fa, resources/software/PWMScan/matrix_scan
    output: results/tfbs-scan/hg38/scan/ENCSR000AHD.MCF7_Invasive_ductal_breast_carcinoma.CTCF.MA0139.1.damo.pwm/ENCSR000AHD.MCF7_Invasive_ductal_breast_carcinoma.CTCF.MA0139.1.damo.pwm-sites.masked.chr17.bed
    log: workflow/logs/scan_chromosome_ENCSR000AHD.MCF7_Invasive_ductal_breast_carcinoma.CTCF.MA0139.1.damo.pwm_hg38_chr17.stdout, workflow/logs/scan_chromosome_ENCSR000AHD.MCF7_Invasive_ductal_breast_carcinoma.CTCF.MA0139.1.damo.pwm_hg38_chr17.stderr (check log file(s) for error details)
    conda-env: /home/tubbsca/snakemake_condas/15eac168b67d44f04e70744dacff5721_
    shell:
        
        resources/software/PWMScan/matrix_scan -m results/tfbs-scan/hg38/scan/ENCSR000AHD.MCF7_Invasive_ductal_breast_carcinoma.CTCF.MA0139.1.damo.pwm/ENCSR000AHD.MCF7_Invasive_ductal_breast_carcinoma.CTCF.MA0139.1.damo.pwm.IntLogOdds -c $(cat results/tfbs-scan/hg38/scan/ENCSR000AHD.MCF7_Invasive_ductal_breast_carcinoma.CTCF.MA0139.1.damo.pwm/ENCSR000AHD.MCF7_Invasive_ductal_breast_carcinoma.CTCF.MA0139.1.damo.pwm-coeff.txt) results/tfbs-scan/hg38/mask/chr17.fa > results/tfbs-scan/hg38/scan/ENCSR000AHD.MCF7_Invasive_ductal_breast_carcinoma.CTCF.MA0139.1.damo.pwm/ENCSR000AHD.MCF7_Invasive_ductal_breast_carcinoma.CTCF.MA0139.1.damo.pwm-sites.masked.chr17.bed
        
        (one of the commands exited with non-zero exit code; note that snakemake uses bash strict mode!)

[Mon Jan 15 14:58:32 2024]
Error in rule scan_scan_chromosome:
    jobid: 146
    input: results/tfbs-scan/hg38/scan/ENCSR000AOO.astrocytes.CTCF.MA0139.1.damo.pwm/ENCSR000AOO.astrocytes.CTCF.MA0139.1.damo.pwm.IntLogOdds, results/tfbs-scan/hg38/scan/ENCSR000AOO.astrocytes.CTCF.MA0139.1.damo.pwm/ENCSR000AOO.astrocytes.CTCF.MA0139.1.damo.pwm-coeff.txt, results/tfbs-scan/hg38/mask/chr1.fa, resources/software/PWMScan/matrix_scan
    output: results/tfbs-scan/hg38/scan/ENCSR000AOO.astrocytes.CTCF.MA0139.1.damo.pwm/ENCSR000AOO.astrocytes.CTCF.MA0139.1.damo.pwm-sites.masked.chr1.bed
    log: workflow/logs/scan_chromosome_ENCSR000AOO.astrocytes.CTCF.MA0139.1.damo.pwm_hg38_chr1.stdout, workflow/logs/scan_chromosome_ENCSR000AOO.astrocytes.CTCF.MA0139.1.damo.pwm_hg38_chr1.stderr (check log file(s) for error details)
    conda-env: /home/tubbsca/snakemake_condas/15eac168b67d44f04e70744dacff5721_
    shell:
        
        resources/software/PWMScan/matrix_scan -m results/tfbs-scan/hg38/scan/ENCSR000AOO.astrocytes.CTCF.MA0139.1.damo.pwm/ENCSR000AOO.astrocytes.CTCF.MA0139.1.damo.pwm.IntLogOdds -c $(cat results/tfbs-scan/hg38/scan/ENCSR000AOO.astrocytes.CTCF.MA0139.1.damo.pwm/ENCSR000AOO.astrocytes.CTCF.MA0139.1.damo.pwm-coeff.txt) results/tfbs-scan/hg38/mask/chr1.fa > results/tfbs-scan/hg38/scan/ENCSR000AOO.astrocytes.CTCF.MA0139.1.damo.pwm/ENCSR000AOO.astrocytes.CTCF.MA0139.1.damo.pwm-sites.masked.chr1.bed
        
        (one of the commands exited with non-zero exit code; note that snakemake uses bash strict mode!)

Removing output files of failed job scan_scan_chromosome since they might be corrupted:
results/tfbs-scan/hg38/scan/ENCSR000ALJ.keratinocytes.CTCF.MA0139.1.damo.pwm/ENCSR000ALJ.keratinocytes.CTCF.MA0139.1.damo.pwm-sites.masked.chr1.bed
Removing output files of failed job scan_scan_chromosome since they might be corrupted:
results/tfbs-scan/hg38/scan/ENCSR000AHD.MCF7_Invasive_ductal_breast_carcinoma.CTCF.MA0139.1.damo.pwm/ENCSR000AHD.MCF7_Invasive_ductal_breast_carcinoma.CTCF.MA0139.1.damo.pwm-sites.masked.chr17.bed
Removing output files of failed job scan_scan_chromosome since they might be corrupted:
results/tfbs-scan/hg38/scan/ENCSR000AOO.astrocytes.CTCF.MA0139.1.damo.pwm/ENCSR000AOO.astrocytes.CTCF.MA0139.1.damo.pwm-sites.masked.chr1.bed
[Mon Jan 15 14:58:38 2024]
Finished job 7.
1 of 22 steps (5%) done
Shutting down, this might take some time.
Exiting because a job execution failed. Look above for error message
Complete log: .snakemake/log/2024-01-15T145826.206224.snakemake.log
