Building DAG of jobs...
Your conda installation is not configured to use strict channel priorities. This is however crucial for having robust and correct environments (for details, see https://conda-forge.org/docs/user/tipsandtricks.html). Please consider to configure strict priorities by executing 'conda config --set channel_priority strict'.
Using shell: /usr/bin/bash
Provided cores: 24
Rules claiming more threads will be scaled down.
Job stats:
job                      count
---------------------  -------
all                          1
scan_assemble_scan           5
scan_scan_chromosome       120
sequence_split_genome       24
total                      150

Select jobs to execute...

[Mon Jan 15 15:09:44 2024]
Job 1: 
        Splits masked genome by chromsome from parallel scanning.
        
Reason: Missing output files: results/tfbs-scan/hg38/mask/chr1.fa

Activating conda environment: ../../../../../../../../../../../../../home/tubbsca/snakemake_condas/15eac168b67d44f04e70744dacff5721_

[Mon Jan 15 15:09:45 2024]
Job 15: 
        Splits masked genome by chromsome from parallel scanning.
        
Reason: Missing output files: results/tfbs-scan/hg38/mask/chr12.fa

Activating conda environment: ../../../../../../../../../../../../../home/tubbsca/snakemake_condas/15eac168b67d44f04e70744dacff5721_

[Mon Jan 15 15:09:45 2024]
Job 9: 
        Splits masked genome by chromsome from parallel scanning.
        
Reason: Missing output files: results/tfbs-scan/hg38/mask/chr6.fa

Activating conda environment: ../../../../../../../../../../../../../home/tubbsca/snakemake_condas/15eac168b67d44f04e70744dacff5721_

[Mon Jan 15 15:09:45 2024]
Job 23: 
        Splits masked genome by chromsome from parallel scanning.
        
Reason: Missing output files: results/tfbs-scan/hg38/mask/chr20.fa

Activating conda environment: ../../../../../../../../../../../../../home/tubbsca/snakemake_condas/15eac168b67d44f04e70744dacff5721_

[Mon Jan 15 15:09:45 2024]
Job 16: 
        Splits masked genome by chromsome from parallel scanning.
        
Reason: Missing output files: results/tfbs-scan/hg38/mask/chr13.fa

Activating conda environment: ../../../../../../../../../../../../../home/tubbsca/snakemake_condas/15eac168b67d44f04e70744dacff5721_

[Mon Jan 15 15:09:45 2024]
Job 24: 
        Splits masked genome by chromsome from parallel scanning.
        
Reason: Missing output files: results/tfbs-scan/hg38/mask/chr21.fa

Activating conda environment: ../../../../../../../../../../../../../home/tubbsca/snakemake_condas/15eac168b67d44f04e70744dacff5721_

[Mon Jan 15 15:09:45 2024]
Job 10: 
        Splits masked genome by chromsome from parallel scanning.
        
Reason: Missing output files: results/tfbs-scan/hg38/mask/chr7.fa

Activating conda environment: ../../../../../../../../../../../../../home/tubbsca/snakemake_condas/15eac168b67d44f04e70744dacff5721_

[Mon Jan 15 15:09:45 2024]
Job 17: 
        Splits masked genome by chromsome from parallel scanning.
        
Reason: Missing output files: results/tfbs-scan/hg38/mask/chr14.fa

Activating conda environment: ../../../../../../../../../../../../../home/tubbsca/snakemake_condas/15eac168b67d44f04e70744dacff5721_

[Mon Jan 15 15:09:45 2024]
Job 11: 
        Splits masked genome by chromsome from parallel scanning.
        
Reason: Missing output files: results/tfbs-scan/hg38/mask/chr8.fa

Activating conda environment: ../../../../../../../../../../../../../home/tubbsca/snakemake_condas/15eac168b67d44f04e70744dacff5721_

[Mon Jan 15 15:09:45 2024]
Job 25: 
        Splits masked genome by chromsome from parallel scanning.
        
Reason: Missing output files: results/tfbs-scan/hg38/mask/chr22.fa

Activating conda environment: ../../../../../../../../../../../../../home/tubbsca/snakemake_condas/15eac168b67d44f04e70744dacff5721_

[Mon Jan 15 15:09:45 2024]
Job 18: 
        Splits masked genome by chromsome from parallel scanning.
        
Reason: Missing output files: results/tfbs-scan/hg38/mask/chr15.fa

Activating conda environment: ../../../../../../../../../../../../../home/tubbsca/snakemake_condas/15eac168b67d44f04e70744dacff5721_

[Mon Jan 15 15:09:45 2024]
Job 12: 
        Splits masked genome by chromsome from parallel scanning.
        
Reason: Missing output files: results/tfbs-scan/hg38/mask/chr9.fa

Activating conda environment: ../../../../../../../../../../../../../home/tubbsca/snakemake_condas/15eac168b67d44f04e70744dacff5721_

[Mon Jan 15 15:09:45 2024]
Job 26: 
        Splits masked genome by chromsome from parallel scanning.
        
Reason: Missing output files: results/tfbs-scan/hg38/mask/chrX.fa

Activating conda environment: ../../../../../../../../../../../../../home/tubbsca/snakemake_condas/15eac168b67d44f04e70744dacff5721_

[Mon Jan 15 15:09:45 2024]
Job 5: 
        Splits masked genome by chromsome from parallel scanning.
        
Reason: Missing output files: results/tfbs-scan/hg38/mask/chr2.fa

Activating conda environment: ../../../../../../../../../../../../../home/tubbsca/snakemake_condas/15eac168b67d44f04e70744dacff5721_

[Mon Jan 15 15:09:45 2024]
Job 19: 
        Splits masked genome by chromsome from parallel scanning.
        
Reason: Missing output files: results/tfbs-scan/hg38/mask/chr16.fa

Activating conda environment: ../../../../../../../../../../../../../home/tubbsca/snakemake_condas/15eac168b67d44f04e70744dacff5721_

[Mon Jan 15 15:09:45 2024]
Job 22: 
        Splits masked genome by chromsome from parallel scanning.
        
Reason: Missing output files: results/tfbs-scan/hg38/mask/chr19.fa

Activating conda environment: ../../../../../../../../../../../../../home/tubbsca/snakemake_condas/15eac168b67d44f04e70744dacff5721_

[Mon Jan 15 15:09:45 2024]
Job 13: 
        Splits masked genome by chromsome from parallel scanning.
        
Reason: Missing output files: results/tfbs-scan/hg38/mask/chr10.fa

Activating conda environment: ../../../../../../../../../../../../../home/tubbsca/snakemake_condas/15eac168b67d44f04e70744dacff5721_

[Mon Jan 15 15:09:45 2024]
Job 27: 
        Splits masked genome by chromsome from parallel scanning.
        
Reason: Missing output files: results/tfbs-scan/hg38/mask/chrY.fa

Activating conda environment: ../../../../../../../../../../../../../home/tubbsca/snakemake_condas/15eac168b67d44f04e70744dacff5721_

[Mon Jan 15 15:09:45 2024]
Job 20: 
        Splits masked genome by chromsome from parallel scanning.
        
Reason: Missing output files: results/tfbs-scan/hg38/mask/chr17.fa

Activating conda environment: ../../../../../../../../../../../../../home/tubbsca/snakemake_condas/15eac168b67d44f04e70744dacff5721_

[Mon Jan 15 15:09:45 2024]
Job 6: 
        Splits masked genome by chromsome from parallel scanning.
        
Reason: Missing output files: results/tfbs-scan/hg38/mask/chr3.fa

Activating conda environment: ../../../../../../../../../../../../../home/tubbsca/snakemake_condas/15eac168b67d44f04e70744dacff5721_

[Mon Jan 15 15:09:45 2024]
Job 14: 
        Splits masked genome by chromsome from parallel scanning.
        
Reason: Missing output files: results/tfbs-scan/hg38/mask/chr11.fa

Activating conda environment: ../../../../../../../../../../../../../home/tubbsca/snakemake_condas/15eac168b67d44f04e70744dacff5721_

[Mon Jan 15 15:09:45 2024]
Job 7: 
        Splits masked genome by chromsome from parallel scanning.
        
Reason: Missing output files: results/tfbs-scan/hg38/mask/chr4.fa; Updated input files: results/tfbs-scan/hg38/mask/hg38.custom-mask.fa

Activating conda environment: ../../../../../../../../../../../../../home/tubbsca/snakemake_condas/15eac168b67d44f04e70744dacff5721_

[Mon Jan 15 15:09:45 2024]
Job 21: 
        Splits masked genome by chromsome from parallel scanning.
        
Reason: Missing output files: results/tfbs-scan/hg38/mask/chr18.fa

Activating conda environment: ../../../../../../../../../../../../../home/tubbsca/snakemake_condas/15eac168b67d44f04e70744dacff5721_

[Mon Jan 15 15:09:45 2024]
Job 8: 
        Splits masked genome by chromsome from parallel scanning.
        
Reason: Missing output files: results/tfbs-scan/hg38/mask/chr5.fa

Activating conda environment: ../../../../../../../../../../../../../home/tubbsca/snakemake_condas/15eac168b67d44f04e70744dacff5721_
[Mon Jan 15 15:09:51 2024]
Finished job 24.
1 of 150 steps (1%) done
Select jobs to execute...

[Mon Jan 15 15:09:51 2024]
Job 83: 
        Scans reference genome for matches againts input motif.
        Output compressed.
        
Reason: Input files updated by another job: results/tfbs-scan/hg38/mask/chr21.fa

Activating conda environment: ../../../../../../../../../../../../../home/tubbsca/snakemake_condas/15eac168b67d44f04e70744dacff5721_
[Mon Jan 15 15:09:52 2024]
Finished job 23.
2 of 150 steps (1%) done
Select jobs to execute...

[Mon Jan 15 15:09:52 2024]
Job 82: 
        Scans reference genome for matches againts input motif.
        Output compressed.
        
Reason: Input files updated by another job: results/tfbs-scan/hg38/mask/chr20.fa

Activating conda environment: ../../../../../../../../../../../../../home/tubbsca/snakemake_condas/15eac168b67d44f04e70744dacff5721_
[Mon Jan 15 15:09:54 2024]
Finished job 25.
3 of 150 steps (2%) done
Select jobs to execute...

[Mon Jan 15 15:09:54 2024]
Job 140: 
        Scans reference genome for matches againts input motif.
        Output compressed.
        
Reason: Input files updated by another job: results/tfbs-scan/hg38/mask/chr20.fa

Activating conda environment: ../../../../../../../../../../../../../home/tubbsca/snakemake_condas/15eac168b67d44f04e70744dacff5721_
[Mon Jan 15 15:09:55 2024]
Finished job 27.
4 of 150 steps (3%) done
Select jobs to execute...

[Mon Jan 15 15:09:55 2024]
Job 169: 
        Scans reference genome for matches againts input motif.
        Output compressed.
        
Reason: Input files updated by another job: results/tfbs-scan/hg38/mask/chr20.fa

Activating conda environment: ../../../../../../../../../../../../../home/tubbsca/snakemake_condas/15eac168b67d44f04e70744dacff5721_
[Mon Jan 15 15:09:55 2024]
Finished job 22.
5 of 150 steps (3%) done
Select jobs to execute...

[Mon Jan 15 15:09:55 2024]
Job 53: 
        Scans reference genome for matches againts input motif.
        Output compressed.
        
Reason: Input files updated by another job: results/tfbs-scan/hg38/mask/chr20.fa

Activating conda environment: ../../../../../../../../../../../../../home/tubbsca/snakemake_condas/15eac168b67d44f04e70744dacff5721_
[Mon Jan 15 15:09:56 2024]
Finished job 21.
6 of 150 steps (4%) done
Select jobs to execute...

[Mon Jan 15 15:09:56 2024]
Job 80: 
        Scans reference genome for matches againts input motif.
        Output compressed.
        
Reason: Input files updated by another job: results/tfbs-scan/hg38/mask/chr18.fa

Activating conda environment: ../../../../../../../../../../../../../home/tubbsca/snakemake_condas/15eac168b67d44f04e70744dacff5721_
[Mon Jan 15 15:09:56 2024]
Finished job 19.
7 of 150 steps (5%) done
Select jobs to execute...

[Mon Jan 15 15:09:56 2024]
Job 78: 
        Scans reference genome for matches againts input motif.
        Output compressed.
        
Reason: Input files updated by another job: results/tfbs-scan/hg38/mask/chr16.fa

Activating conda environment: ../../../../../../../../../../../../../home/tubbsca/snakemake_condas/15eac168b67d44f04e70744dacff5721_
[Mon Jan 15 15:09:57 2024]
Finished job 83.
8 of 150 steps (5%) done
Select jobs to execute...

[Mon Jan 15 15:09:57 2024]
Job 136: 
        Scans reference genome for matches againts input motif.
        Output compressed.
        
Reason: Input files updated by another job: results/tfbs-scan/hg38/mask/chr16.fa

Activating conda environment: ../../../../../../../../../../../../../home/tubbsca/snakemake_condas/15eac168b67d44f04e70744dacff5721_
[Mon Jan 15 15:09:58 2024]
Finished job 20.
9 of 150 steps (6%) done
[Mon Jan 15 15:09:58 2024]
Finished job 16.
10 of 150 steps (7%) done
Select jobs to execute...

[Mon Jan 15 15:09:58 2024]
Job 75: 
        Scans reference genome for matches againts input motif.
        Output compressed.
        
Reason: Input files updated by another job: results/tfbs-scan/hg38/mask/chr13.fa

Activating conda environment: ../../../../../../../../../../../../../home/tubbsca/snakemake_condas/15eac168b67d44f04e70744dacff5721_

[Mon Jan 15 15:09:58 2024]
Job 133: 
        Scans reference genome for matches againts input motif.
        Output compressed.
        
Reason: Input files updated by another job: results/tfbs-scan/hg38/mask/chr13.fa

Activating conda environment: ../../../../../../../../../../../../../home/tubbsca/snakemake_condas/15eac168b67d44f04e70744dacff5721_
[Mon Jan 15 15:09:58 2024]
Finished job 17.
11 of 150 steps (7%) done
[Mon Jan 15 15:09:58 2024]
Finished job 18.
12 of 150 steps (8%) done
[Mon Jan 15 15:09:59 2024]
Finished job 82.
13 of 150 steps (9%) done
Select jobs to execute...

[Mon Jan 15 15:09:59 2024]
Job 46: 
        Scans reference genome for matches againts input motif.
        Output compressed.
        
Reason: Input files updated by another job: results/tfbs-scan/hg38/mask/chr13.fa

Activating conda environment: ../../../../../../../../../../../../../home/tubbsca/snakemake_condas/15eac168b67d44f04e70744dacff5721_

[Mon Jan 15 15:09:59 2024]
Job 104: 
        Scans reference genome for matches againts input motif.
        Output compressed.
        
Reason: Input files updated by another job: results/tfbs-scan/hg38/mask/chr13.fa

Activating conda environment: ../../../../../../../../../../../../../home/tubbsca/snakemake_condas/15eac168b67d44f04e70744dacff5721_

[Mon Jan 15 15:09:59 2024]
Job 162: 
        Scans reference genome for matches againts input motif.
        Output compressed.
        
Reason: Input files updated by another job: results/tfbs-scan/hg38/mask/chr13.fa

Activating conda environment: ../../../../../../../../../../../../../home/tubbsca/snakemake_condas/15eac168b67d44f04e70744dacff5721_
[Mon Jan 15 15:09:59 2024]
Finished job 15.
14 of 150 steps (9%) done
[Mon Jan 15 15:09:59 2024]
Finished job 14.
15 of 150 steps (10%) done
Select jobs to execute...

[Mon Jan 15 15:09:59 2024]
Job 73: 
        Scans reference genome for matches againts input motif.
        Output compressed.
        
Reason: Input files updated by another job: results/tfbs-scan/hg38/mask/chr11.fa

Activating conda environment: ../../../../../../../../../../../../../home/tubbsca/snakemake_condas/15eac168b67d44f04e70744dacff5721_

[Mon Jan 15 15:09:59 2024]
Job 131: 
        Scans reference genome for matches againts input motif.
        Output compressed.
        
Reason: Input files updated by another job: results/tfbs-scan/hg38/mask/chr11.fa

Activating conda environment: ../../../../../../../../../../../../../home/tubbsca/snakemake_condas/15eac168b67d44f04e70744dacff5721_
[Mon Jan 15 15:10:00 2024]
Finished job 140.
16 of 150 steps (11%) done
[Mon Jan 15 15:10:00 2024]
Finished job 12.
17 of 150 steps (11%) done
Select jobs to execute...

[Mon Jan 15 15:10:00 2024]
Job 71: 
        Scans reference genome for matches againts input motif.
        Output compressed.
        
Reason: Input files updated by another job: results/tfbs-scan/hg38/mask/chr9.fa

Activating conda environment: ../../../../../../../../../../../../../home/tubbsca/snakemake_condas/15eac168b67d44f04e70744dacff5721_

[Mon Jan 15 15:10:00 2024]
Job 129: 
        Scans reference genome for matches againts input motif.
        Output compressed.
        
Reason: Input files updated by another job: results/tfbs-scan/hg38/mask/chr9.fa

Activating conda environment: ../../../../../../../../../../../../../home/tubbsca/snakemake_condas/15eac168b67d44f04e70744dacff5721_
[Mon Jan 15 15:10:00 2024]
Finished job 13.
18 of 150 steps (12%) done
[Mon Jan 15 15:10:00 2024]
Finished job 169.
19 of 150 steps (13%) done
[Mon Jan 15 15:10:00 2024]
Finished job 10.
20 of 150 steps (13%) done
[Mon Jan 15 15:10:01 2024]
Finished job 11.
21 of 150 steps (14%) done
Select jobs to execute...

[Mon Jan 15 15:10:01 2024]
Job 127: 
        Scans reference genome for matches againts input motif.
        Output compressed.
        
Reason: Input files updated by another job: results/tfbs-scan/hg38/mask/chr7.fa

Activating conda environment: ../../../../../../../../../../../../../home/tubbsca/snakemake_condas/15eac168b67d44f04e70744dacff5721_

[Mon Jan 15 15:10:01 2024]
Job 156: 
        Scans reference genome for matches againts input motif.
        Output compressed.
        
Reason: Input files updated by another job: results/tfbs-scan/hg38/mask/chr7.fa

Activating conda environment: ../../../../../../../../../../../../../home/tubbsca/snakemake_condas/15eac168b67d44f04e70744dacff5721_

[Mon Jan 15 15:10:01 2024]
Job 40: 
        Scans reference genome for matches againts input motif.
        Output compressed.
        
Reason: Input files updated by another job: results/tfbs-scan/hg38/mask/chr7.fa

Activating conda environment: ../../../../../../../../../../../../../home/tubbsca/snakemake_condas/15eac168b67d44f04e70744dacff5721_

[Mon Jan 15 15:10:01 2024]
Job 69: 
        Scans reference genome for matches againts input motif.
        Output compressed.
        
Reason: Input files updated by another job: results/tfbs-scan/hg38/mask/chr7.fa

Activating conda environment: ../../../../../../../../../../../../../home/tubbsca/snakemake_condas/15eac168b67d44f04e70744dacff5721_
[Mon Jan 15 15:10:01 2024]
Finished job 9.
22 of 150 steps (15%) done
[Mon Jan 15 15:10:01 2024]
Finished job 26.
23 of 150 steps (15%) done
Select jobs to execute...

[Mon Jan 15 15:10:01 2024]
Job 68: 
        Scans reference genome for matches againts input motif.
        Output compressed.
        
Reason: Input files updated by another job: results/tfbs-scan/hg38/mask/chr6.fa


Activating conda environment: ../../../../../../../../../../../../../home/tubbsca/snakemake_condas/15eac168b67d44f04e70744dacff5721_
[Mon Jan 15 15:10:01 2024]
Job 126: 
        Scans reference genome for matches againts input motif.
        Output compressed.
        
Reason: Input files updated by another job: results/tfbs-scan/hg38/mask/chr6.fa

Select jobs to execute...
Activating conda environment: ../../../../../../../../../../../../../home/tubbsca/snakemake_condas/15eac168b67d44f04e70744dacff5721_
[Mon Jan 15 15:10:01 2024]
Finished job 53.
24 of 150 steps (16%) done

[Mon Jan 15 15:10:01 2024]
Job 155: 
        Scans reference genome for matches againts input motif.
        Output compressed.
        
Reason: Input files updated by another job: results/tfbs-scan/hg38/mask/chr6.fa

Activating conda environment: ../../../../../../../../../../../../../home/tubbsca/snakemake_condas/15eac168b67d44f04e70744dacff5721_
[Mon Jan 15 15:10:02 2024]
Finished job 78.
25 of 150 steps (17%) done
Select jobs to execute...

[Mon Jan 15 15:10:02 2024]
Job 39: 
        Scans reference genome for matches againts input motif.
        Output compressed.
        
Reason: Input files updated by another job: results/tfbs-scan/hg38/mask/chr6.fa

Activating conda environment: ../../../../../../../../../../../../../home/tubbsca/snakemake_condas/15eac168b67d44f04e70744dacff5721_
[Mon Jan 15 15:10:02 2024]
Finished job 80.
26 of 150 steps (17%) done
Select jobs to execute...

[Mon Jan 15 15:10:02 2024]
Job 97: 
        Scans reference genome for matches againts input motif.
        Output compressed.
        
Reason: Input files updated by another job: results/tfbs-scan/hg38/mask/chr6.fa

Activating conda environment: ../../../../../../../../../../../../../home/tubbsca/snakemake_condas/15eac168b67d44f04e70744dacff5721_
[Mon Jan 15 15:10:02 2024]
Finished job 7.
27 of 150 steps (18%) done
Select jobs to execute...

[Mon Jan 15 15:10:02 2024]
Job 66: 
        Scans reference genome for matches againts input motif.
        Output compressed.
        
Reason: Missing output files: results/tfbs-scan/hg38/scan/ENCSR000ATM.K562_myelogenous_leukemia.REST.MA0138.2.damo.pwm/ENCSR000ATM.K562_myelogenous_leukemia.REST.MA0138.2.damo.pwm-sites.masked.chr4.bed; Input files updated by another job: results/tfbs-scan/hg38/mask/chr4.fa

Activating conda environment: ../../../../../../../../../../../../../home/tubbsca/snakemake_condas/15eac168b67d44f04e70744dacff5721_
[Mon Jan 15 15:10:03 2024]
Finished job 136.
28 of 150 steps (19%) done
Select jobs to execute...

[Mon Jan 15 15:10:03 2024]
Job 124: 
        Scans reference genome for matches againts input motif.
        Output compressed.
        
Reason: Missing output files: results/tfbs-scan/hg38/scan/ENCSR000ANO.normal_lung_fibroblasts.CTCF.MA0139.1.damo.pwm/ENCSR000ANO.normal_lung_fibroblasts.CTCF.MA0139.1.damo.pwm-sites.masked.chr4.bed; Input files updated by another job: results/tfbs-scan/hg38/mask/chr4.fa

Activating conda environment: ../../../../../../../../../../../../../home/tubbsca/snakemake_condas/15eac168b67d44f04e70744dacff5721_
[Mon Jan 15 15:10:03 2024]
Finished job 8.
29 of 150 steps (19%) done
Select jobs to execute...

[Mon Jan 15 15:10:03 2024]
Job 153: 
        Scans reference genome for matches againts input motif.
        Output compressed.
        
Reason: Missing output files: results/tfbs-scan/hg38/scan/ENCSR000AOO.astrocytes.CTCF.MA0139.1.damo.pwm/ENCSR000AOO.astrocytes.CTCF.MA0139.1.damo.pwm-sites.masked.chr4.bed; Input files updated by another job: results/tfbs-scan/hg38/mask/chr4.fa

Activating conda environment: ../../../../../../../../../../../../../home/tubbsca/snakemake_condas/15eac168b67d44f04e70744dacff5721_
[Mon Jan 15 15:10:03 2024]
Finished job 75.
30 of 150 steps (20%) done
Select jobs to execute...

[Mon Jan 15 15:10:03 2024]
Job 37: 
        Scans reference genome for matches againts input motif.
        Output compressed.
        
Reason: Input files updated by another job: results/tfbs-scan/hg38/mask/chr4.fa

Activating conda environment: ../../../../../../../../../../../../../home/tubbsca/snakemake_condas/15eac168b67d44f04e70744dacff5721_
[Mon Jan 15 15:10:03 2024]
Finished job 6.
31 of 150 steps (21%) done
Select jobs to execute...

[Mon Jan 15 15:10:03 2024]
Job 65: 
        Scans reference genome for matches againts input motif.
        Output compressed.
        
Reason: Input files updated by another job: results/tfbs-scan/hg38/mask/chr3.fa

Activating conda environment: ../../../../../../../../../../../../../home/tubbsca/snakemake_condas/15eac168b67d44f04e70744dacff5721_
[Mon Jan 15 15:10:04 2024]
Finished job 133.
32 of 150 steps (21%) done
Select jobs to execute...

[Mon Jan 15 15:10:04 2024]
Job 123: 
        Scans reference genome for matches againts input motif.
        Output compressed.
        
Reason: Input files updated by another job: results/tfbs-scan/hg38/mask/chr3.fa

Activating conda environment: ../../../../../../../../../../../../../home/tubbsca/snakemake_condas/15eac168b67d44f04e70744dacff5721_
[Mon Jan 15 15:10:04 2024]
Finished job 104.
33 of 150 steps (22%) done
Select jobs to execute...

[Mon Jan 15 15:10:04 2024]
Job 152: 
        Scans reference genome for matches againts input motif.
        Output compressed.
        
Reason: Input files updated by another job: results/tfbs-scan/hg38/mask/chr3.fa

Activating conda environment: ../../../../../../../../../../../../../home/tubbsca/snakemake_condas/15eac168b67d44f04e70744dacff5721_
[Mon Jan 15 15:10:04 2024]
Finished job 46.
34 of 150 steps (23%) done
Select jobs to execute...

[Mon Jan 15 15:10:04 2024]
Job 36: 
        Scans reference genome for matches againts input motif.
        Output compressed.
        
Reason: Input files updated by another job: results/tfbs-scan/hg38/mask/chr3.fa

Activating conda environment: ../../../../../../../../../../../../../home/tubbsca/snakemake_condas/15eac168b67d44f04e70744dacff5721_
[Mon Jan 15 15:10:04 2024]
Finished job 162.
35 of 150 steps (23%) done
Select jobs to execute...

[Mon Jan 15 15:10:04 2024]
Job 94: 
        Scans reference genome for matches againts input motif.
        Output compressed.
        
Reason: Input files updated by another job: results/tfbs-scan/hg38/mask/chr3.fa

Activating conda environment: ../../../../../../../../../../../../../home/tubbsca/snakemake_condas/15eac168b67d44f04e70744dacff5721_
[Mon Jan 15 15:10:05 2024]
Finished job 73.
36 of 150 steps (24%) done
Select jobs to execute...

[Mon Jan 15 15:10:05 2024]
Job 95: 
        Scans reference genome for matches againts input motif.
        Output compressed.
        
Reason: Input files updated by another job: results/tfbs-scan/hg38/mask/chr4.fa

Activating conda environment: ../../../../../../../../../../../../../home/tubbsca/snakemake_condas/15eac168b67d44f04e70744dacff5721_
[Mon Jan 15 15:10:05 2024]
Finished job 71.
37 of 150 steps (25%) done
Select jobs to execute...

[Mon Jan 15 15:10:05 2024]
Job 67: 
        Scans reference genome for matches againts input motif.
        Output compressed.
        
Reason: Input files updated by another job: results/tfbs-scan/hg38/mask/chr5.fa

Activating conda environment: ../../../../../../../../../../../../../home/tubbsca/snakemake_condas/15eac168b67d44f04e70744dacff5721_
[Mon Jan 15 15:10:06 2024]
Finished job 129.
38 of 150 steps (25%) done
Select jobs to execute...

[Mon Jan 15 15:10:06 2024]
Job 125: 
        Scans reference genome for matches againts input motif.
        Output compressed.
        
Reason: Input files updated by another job: results/tfbs-scan/hg38/mask/chr5.fa

Activating conda environment: ../../../../../../../../../../../../../home/tubbsca/snakemake_condas/15eac168b67d44f04e70744dacff5721_
[Mon Jan 15 15:10:06 2024]
Finished job 131.
39 of 150 steps (26%) done
Select jobs to execute...

[Mon Jan 15 15:10:06 2024]
Job 154: 
        Scans reference genome for matches againts input motif.
        Output compressed.
        
Reason: Input files updated by another job: results/tfbs-scan/hg38/mask/chr5.fa

Activating conda environment: ../../../../../../../../../../../../../home/tubbsca/snakemake_condas/15eac168b67d44f04e70744dacff5721_
[Mon Jan 15 15:10:07 2024]
Finished job 40.
40 of 150 steps (27%) done
Select jobs to execute...

[Mon Jan 15 15:10:07 2024]
Job 38: 
        Scans reference genome for matches againts input motif.
        Output compressed.
        
Reason: Input files updated by another job: results/tfbs-scan/hg38/mask/chr5.fa

Activating conda environment: ../../../../../../../../../../../../../home/tubbsca/snakemake_condas/15eac168b67d44f04e70744dacff5721_
[Mon Jan 15 15:10:07 2024]
Finished job 156.
41 of 150 steps (27%) done
[Mon Jan 15 15:10:07 2024]
Finished job 127.
42 of 150 steps (28%) done
Select jobs to execute...

[Mon Jan 15 15:10:07 2024]
Job 96: 
        Scans reference genome for matches againts input motif.
        Output compressed.
        
Reason: Input files updated by another job: results/tfbs-scan/hg38/mask/chr5.fa

Activating conda environment: ../../../../../../../../../../../../../home/tubbsca/snakemake_condas/15eac168b67d44f04e70744dacff5721_

[Mon Jan 15 15:10:07 2024]
Job 98: 
        Scans reference genome for matches againts input motif.
        Output compressed.
        
Reason: Input files updated by another job: results/tfbs-scan/hg38/mask/chr7.fa

Select jobs to execute...
Activating conda environment: ../../../../../../../../../../../../../home/tubbsca/snakemake_condas/15eac168b67d44f04e70744dacff5721_
[Mon Jan 15 15:10:07 2024]
Finished job 69.
43 of 150 steps (29%) done

[Mon Jan 15 15:10:07 2024]
Job 85: 
        Scans reference genome for matches againts input motif.
        Output compressed.
        
Reason: Input files updated by another job: results/tfbs-scan/hg38/mask/chrX.fa

Activating conda environment: ../../../../../../../../../../../../../home/tubbsca/snakemake_condas/15eac168b67d44f04e70744dacff5721_
[Mon Jan 15 15:10:08 2024]
Finished job 68.
44 of 150 steps (29%) done
Select jobs to execute...

[Mon Jan 15 15:10:08 2024]
Job 143: 
        Scans reference genome for matches againts input motif.
        Output compressed.
        
Reason: Input files updated by another job: results/tfbs-scan/hg38/mask/chrX.fa

Activating conda environment: ../../../../../../../../../../../../../home/tubbsca/snakemake_condas/15eac168b67d44f04e70744dacff5721_
[Mon Jan 15 15:10:08 2024]
Finished job 126.
45 of 150 steps (30%) done
Select jobs to execute...

[Mon Jan 15 15:10:08 2024]
Job 172: 
        Scans reference genome for matches againts input motif.
        Output compressed.
        
Reason: Input files updated by another job: results/tfbs-scan/hg38/mask/chrX.fa

Activating conda environment: ../../../../../../../../../../../../../home/tubbsca/snakemake_condas/15eac168b67d44f04e70744dacff5721_
[Mon Jan 15 15:10:08 2024]
Finished job 155.
46 of 150 steps (31%) done
Select jobs to execute...

[Mon Jan 15 15:10:08 2024]
Job 56: 
        Scans reference genome for matches againts input motif.
        Output compressed.
        
Reason: Input files updated by another job: results/tfbs-scan/hg38/mask/chrX.fa

Activating conda environment: ../../../../../../../../../../../../../home/tubbsca/snakemake_condas/15eac168b67d44f04e70744dacff5721_
[Mon Jan 15 15:10:09 2024]
Finished job 97.
47 of 150 steps (31%) done
Select jobs to execute...

[Mon Jan 15 15:10:09 2024]
Job 114: 
        Scans reference genome for matches againts input motif.
        Output compressed.
        
Reason: Input files updated by another job: results/tfbs-scan/hg38/mask/chrX.fa

Activating conda environment: ../../../../../../../../../../../../../home/tubbsca/snakemake_condas/15eac168b67d44f04e70744dacff5721_
[Mon Jan 15 15:10:09 2024]
Finished job 39.
48 of 150 steps (32%) done
[Mon Jan 15 15:10:09 2024]
Finished job 5.
49 of 150 steps (33%) done
Select jobs to execute...

[Mon Jan 15 15:10:09 2024]
Job 122: 
        Scans reference genome for matches againts input motif.
        Output compressed.
        
Reason: Input files updated by another job: results/tfbs-scan/hg38/mask/chr2.fa

Activating conda environment: ../../../../../../../../../../../../../home/tubbsca/snakemake_condas/15eac168b67d44f04e70744dacff5721_

[Mon Jan 15 15:10:09 2024]
Job 64: 
        Scans reference genome for matches againts input motif.
        Output compressed.
        
Reason: Input files updated by another job: results/tfbs-scan/hg38/mask/chr2.fa

Activating conda environment: ../../../../../../../../../../../../../home/tubbsca/snakemake_condas/15eac168b67d44f04e70744dacff5721_
[Mon Jan 15 15:10:09 2024]
Finished job 66.
50 of 150 steps (33%) done
Select jobs to execute...

[Mon Jan 15 15:10:09 2024]
Job 151: 
        Scans reference genome for matches againts input motif.
        Output compressed.
        
Reason: Input files updated by another job: results/tfbs-scan/hg38/mask/chr2.fa

Select jobs to execute...
Activating conda environment: ../../../../../../../../../../../../../home/tubbsca/snakemake_condas/15eac168b67d44f04e70744dacff5721_
[Mon Jan 15 15:10:10 2024]
Finished job 124.
51 of 150 steps (34%) done

[Mon Jan 15 15:10:10 2024]
Job 35: 
        Scans reference genome for matches againts input motif.
        Output compressed.
        
Reason: Input files updated by another job: results/tfbs-scan/hg38/mask/chr2.fa

Activating conda environment: ../../../../../../../../../../../../../home/tubbsca/snakemake_condas/15eac168b67d44f04e70744dacff5721_
[Mon Jan 15 15:10:10 2024]
Finished job 153.
52 of 150 steps (35%) done
Select jobs to execute...

[Mon Jan 15 15:10:10 2024]
Job 93: 
        Scans reference genome for matches againts input motif.
        Output compressed.
        
Reason: Input files updated by another job: results/tfbs-scan/hg38/mask/chr2.fa

Activating conda environment: ../../../../../../../../../../../../../home/tubbsca/snakemake_condas/15eac168b67d44f04e70744dacff5721_
[Mon Jan 15 15:10:11 2024]
Finished job 37.
53 of 150 steps (35%) done
Select jobs to execute...

[Mon Jan 15 15:10:11 2024]
Job 70: 
        Scans reference genome for matches againts input motif.
        Output compressed.
        
Reason: Input files updated by another job: results/tfbs-scan/hg38/mask/chr8.fa

Activating conda environment: ../../../../../../../../../../../../../home/tubbsca/snakemake_condas/15eac168b67d44f04e70744dacff5721_
[Mon Jan 15 15:10:11 2024]
Finished job 65.
54 of 150 steps (36%) done
Select jobs to execute...

[Mon Jan 15 15:10:11 2024]
Job 128: 
        Scans reference genome for matches againts input motif.
        Output compressed.
        
Reason: Input files updated by another job: results/tfbs-scan/hg38/mask/chr8.fa

Activating conda environment: ../../../../../../../../../../../../../home/tubbsca/snakemake_condas/15eac168b67d44f04e70744dacff5721_
[Mon Jan 15 15:10:11 2024]
Finished job 123.
55 of 150 steps (37%) done
Select jobs to execute...

[Mon Jan 15 15:10:11 2024]
Job 157: 
        Scans reference genome for matches againts input motif.
        Output compressed.
        
Reason: Input files updated by another job: results/tfbs-scan/hg38/mask/chr8.fa

Activating conda environment: ../../../../../../../../../../../../../home/tubbsca/snakemake_condas/15eac168b67d44f04e70744dacff5721_
[Mon Jan 15 15:10:12 2024]
Finished job 152.
56 of 150 steps (37%) done
Select jobs to execute...

[Mon Jan 15 15:10:12 2024]
Job 41: 
        Scans reference genome for matches againts input motif.
        Output compressed.
        
Reason: Input files updated by another job: results/tfbs-scan/hg38/mask/chr8.fa

Activating conda environment: ../../../../../../../../../../../../../home/tubbsca/snakemake_condas/15eac168b67d44f04e70744dacff5721_
[Mon Jan 15 15:10:12 2024]
Finished job 67.
57 of 150 steps (38%) done
[Mon Jan 15 15:10:12 2024]
Finished job 94.
58 of 150 steps (39%) done
Select jobs to execute...

[Mon Jan 15 15:10:12 2024]
Job 99: 
        Scans reference genome for matches againts input motif.
        Output compressed.
        
Reason: Input files updated by another job: results/tfbs-scan/hg38/mask/chr8.fa

Activating conda environment: ../../../../../../../../../../../../../home/tubbsca/snakemake_condas/15eac168b67d44f04e70744dacff5721_

[Mon Jan 15 15:10:12 2024]
Job 158: 
        Scans reference genome for matches againts input motif.
        Output compressed.
        
Reason: Input files updated by another job: results/tfbs-scan/hg38/mask/chr9.fa

Select jobs to execute...
Activating conda environment: ../../../../../../../../../../../../../home/tubbsca/snakemake_condas/15eac168b67d44f04e70744dacff5721_
[Mon Jan 15 15:10:12 2024]
Finished job 36.
59 of 150 steps (39%) done

[Mon Jan 15 15:10:12 2024]
Job 42: 
        Scans reference genome for matches againts input motif.
        Output compressed.
        
Reason: Input files updated by another job: results/tfbs-scan/hg38/mask/chr9.fa

Activating conda environment: ../../../../../../../../../../../../../home/tubbsca/snakemake_condas/15eac168b67d44f04e70744dacff5721_
[Mon Jan 15 15:10:12 2024]
Finished job 95.
60 of 150 steps (40%) done
Select jobs to execute...

[Mon Jan 15 15:10:12 2024]
Job 100: 
        Scans reference genome for matches againts input motif.
        Output compressed.
        
Reason: Input files updated by another job: results/tfbs-scan/hg38/mask/chr9.fa

Activating conda environment: ../../../../../../../../../../../../../home/tubbsca/snakemake_condas/15eac168b67d44f04e70744dacff5721_
[Mon Jan 15 15:10:13 2024]
Finished job 154.
61 of 150 steps (41%) done
Select jobs to execute...

[Mon Jan 15 15:10:13 2024]
Job 160: 
        Scans reference genome for matches againts input motif.
        Output compressed.
        
Reason: Input files updated by another job: results/tfbs-scan/hg38/mask/chr11.fa

Activating conda environment: ../../../../../../../../../../../../../home/tubbsca/snakemake_condas/15eac168b67d44f04e70744dacff5721_
[Mon Jan 15 15:10:13 2024]
Finished job 125.
62 of 150 steps (41%) done
Select jobs to execute...

[Mon Jan 15 15:10:13 2024]
Job 44: 
        Scans reference genome for matches againts input motif.
        Output compressed.
        
Reason: Input files updated by another job: results/tfbs-scan/hg38/mask/chr11.fa

Activating conda environment: ../../../../../../../../../../../../../home/tubbsca/snakemake_condas/15eac168b67d44f04e70744dacff5721_
[Mon Jan 15 15:10:13 2024]
Finished job 85.
63 of 150 steps (42%) done
Select jobs to execute...

[Mon Jan 15 15:10:13 2024]
Job 102: 
        Scans reference genome for matches againts input motif.
        Output compressed.
        
Reason: Input files updated by another job: results/tfbs-scan/hg38/mask/chr11.fa

Activating conda environment: ../../../../../../../../../../../../../home/tubbsca/snakemake_condas/15eac168b67d44f04e70744dacff5721_
[Mon Jan 15 15:10:13 2024]
Finished job 98.
64 of 150 steps (43%) done
Select jobs to execute...

[Mon Jan 15 15:10:13 2024]
Job 72: 
        Scans reference genome for matches againts input motif.
        Output compressed.
        
Reason: Input files updated by another job: results/tfbs-scan/hg38/mask/chr10.fa

Activating conda environment: ../../../../../../../../../../../../../home/tubbsca/snakemake_condas/15eac168b67d44f04e70744dacff5721_
[Mon Jan 15 15:10:14 2024]
Finished job 143.
65 of 150 steps (43%) done
Select jobs to execute...

[Mon Jan 15 15:10:14 2024]
Job 130: 
        Scans reference genome for matches againts input motif.
        Output compressed.
        
Reason: Input files updated by another job: results/tfbs-scan/hg38/mask/chr10.fa

Activating conda environment: ../../../../../../../../../../../../../home/tubbsca/snakemake_condas/15eac168b67d44f04e70744dacff5721_
[Mon Jan 15 15:10:14 2024]
Finished job 96.
66 of 150 steps (44%) done
Select jobs to execute...

[Mon Jan 15 15:10:14 2024]
Job 159: 
        Scans reference genome for matches againts input motif.
        Output compressed.
        
Reason: Input files updated by another job: results/tfbs-scan/hg38/mask/chr10.fa

Activating conda environment: ../../../../../../../../../../../../../home/tubbsca/snakemake_condas/15eac168b67d44f04e70744dacff5721_
[Mon Jan 15 15:10:14 2024]
Finished job 38.
67 of 150 steps (45%) done
Select jobs to execute...

[Mon Jan 15 15:10:14 2024]
Job 43: 
        Scans reference genome for matches againts input motif.
        Output compressed.
        
Reason: Input files updated by another job: results/tfbs-scan/hg38/mask/chr10.fa

Activating conda environment: ../../../../../../../../../../../../../home/tubbsca/snakemake_condas/15eac168b67d44f04e70744dacff5721_
[Mon Jan 15 15:10:14 2024]
Finished job 56.
68 of 150 steps (45%) done
Select jobs to execute...

[Mon Jan 15 15:10:14 2024]
Job 101: 
        Scans reference genome for matches againts input motif.
        Output compressed.
        
Reason: Input files updated by another job: results/tfbs-scan/hg38/mask/chr10.fa

Activating conda environment: ../../../../../../../../../../../../../home/tubbsca/snakemake_condas/15eac168b67d44f04e70744dacff5721_
[Mon Jan 15 15:10:14 2024]
Finished job 172.
69 of 150 steps (46%) done
Select jobs to execute...

[Mon Jan 15 15:10:14 2024]
Job 74: 
        Scans reference genome for matches againts input motif.
        Output compressed.
        
Reason: Input files updated by another job: results/tfbs-scan/hg38/mask/chr12.fa

Activating conda environment: ../../../../../../../../../../../../../home/tubbsca/snakemake_condas/15eac168b67d44f04e70744dacff5721_
[Mon Jan 15 15:10:15 2024]
Finished job 114.
70 of 150 steps (47%) done
Select jobs to execute...

[Mon Jan 15 15:10:15 2024]
Job 132: 
        Scans reference genome for matches againts input motif.
        Output compressed.
        
Reason: Input files updated by another job: results/tfbs-scan/hg38/mask/chr12.fa

Activating conda environment: ../../../../../../../../../../../../../home/tubbsca/snakemake_condas/15eac168b67d44f04e70744dacff5721_
[Mon Jan 15 15:10:16 2024]
Finished job 70.
71 of 150 steps (47%) done
Select jobs to execute...

[Mon Jan 15 15:10:16 2024]
Job 161: 
        Scans reference genome for matches againts input motif.
        Output compressed.
        
Reason: Input files updated by another job: results/tfbs-scan/hg38/mask/chr12.fa

Activating conda environment: ../../../../../../../../../../../../../home/tubbsca/snakemake_condas/15eac168b67d44f04e70744dacff5721_
[Mon Jan 15 15:10:16 2024]
Finished job 128.
72 of 150 steps (48%) done
Select jobs to execute...

[Mon Jan 15 15:10:16 2024]
Job 45: 
        Scans reference genome for matches againts input motif.
        Output compressed.
        
Reason: Input files updated by another job: results/tfbs-scan/hg38/mask/chr12.fa

Activating conda environment: ../../../../../../../../../../../../../home/tubbsca/snakemake_condas/15eac168b67d44f04e70744dacff5721_
[Mon Jan 15 15:10:17 2024]
Finished job 157.
73 of 150 steps (49%) done
Select jobs to execute...

[Mon Jan 15 15:10:17 2024]
Job 103: 
        Scans reference genome for matches againts input motif.
        Output compressed.
        
Reason: Input files updated by another job: results/tfbs-scan/hg38/mask/chr12.fa

Activating conda environment: ../../../../../../../../../../../../../home/tubbsca/snakemake_condas/15eac168b67d44f04e70744dacff5721_
[Mon Jan 15 15:10:17 2024]
Finished job 41.
74 of 150 steps (49%) done
Select jobs to execute...

[Mon Jan 15 15:10:17 2024]
Job 76: 
        Scans reference genome for matches againts input motif.
        Output compressed.
        
Reason: Input files updated by another job: results/tfbs-scan/hg38/mask/chr14.fa

Activating conda environment: ../../../../../../../../../../../../../home/tubbsca/snakemake_condas/15eac168b67d44f04e70744dacff5721_
[Mon Jan 15 15:10:17 2024]
Finished job 158.
75 of 150 steps (50%) done
Select jobs to execute...

[Mon Jan 15 15:10:17 2024]
Job 134: 
        Scans reference genome for matches againts input motif.
        Output compressed.
        
Reason: Input files updated by another job: results/tfbs-scan/hg38/mask/chr14.fa

Activating conda environment: ../../../../../../../../../../../../../home/tubbsca/snakemake_condas/15eac168b67d44f04e70744dacff5721_
[Mon Jan 15 15:10:17 2024]
Finished job 42.
76 of 150 steps (51%) done
Select jobs to execute...

[Mon Jan 15 15:10:17 2024]
Job 163: 
        Scans reference genome for matches againts input motif.
        Output compressed.
        
Reason: Input files updated by another job: results/tfbs-scan/hg38/mask/chr14.fa

Activating conda environment: ../../../../../../../../../../../../../home/tubbsca/snakemake_condas/15eac168b67d44f04e70744dacff5721_
[Mon Jan 15 15:10:18 2024]
Finished job 100.
77 of 150 steps (51%) done
Select jobs to execute...

[Mon Jan 15 15:10:18 2024]
Job 47: 
        Scans reference genome for matches againts input motif.
        Output compressed.
        
Reason: Input files updated by another job: results/tfbs-scan/hg38/mask/chr14.fa

Activating conda environment: ../../../../../../../../../../../../../home/tubbsca/snakemake_condas/15eac168b67d44f04e70744dacff5721_
[Mon Jan 15 15:10:18 2024]
Finished job 99.
78 of 150 steps (52%) done
Select jobs to execute...

[Mon Jan 15 15:10:18 2024]
Job 105: 
        Scans reference genome for matches againts input motif.
        Output compressed.
        
Reason: Input files updated by another job: results/tfbs-scan/hg38/mask/chr14.fa

Activating conda environment: ../../../../../../../../../../../../../home/tubbsca/snakemake_condas/15eac168b67d44f04e70744dacff5721_
[Mon Jan 15 15:10:18 2024]
Finished job 160.
79 of 150 steps (53%) done
Select jobs to execute...

[Mon Jan 15 15:10:18 2024]
Job 77: 
        Scans reference genome for matches againts input motif.
        Output compressed.
        
Reason: Input files updated by another job: results/tfbs-scan/hg38/mask/chr15.fa

Activating conda environment: ../../../../../../../../../../../../../home/tubbsca/snakemake_condas/15eac168b67d44f04e70744dacff5721_
[Mon Jan 15 15:10:18 2024]
Finished job 44.
80 of 150 steps (53%) done
[Mon Jan 15 15:10:18 2024]
Finished job 72.
81 of 150 steps (54%) done
Select jobs to execute...

[Mon Jan 15 15:10:18 2024]
Job 135: 
        Scans reference genome for matches againts input motif.
        Output compressed.
        
Reason: Input files updated by another job: results/tfbs-scan/hg38/mask/chr15.fa


Activating conda environment: ../../../../../../../../../../../../../home/tubbsca/snakemake_condas/15eac168b67d44f04e70744dacff5721_
[Mon Jan 15 15:10:18 2024]
Job 164: 
        Scans reference genome for matches againts input motif.
        Output compressed.
        
Reason: Input files updated by another job: results/tfbs-scan/hg38/mask/chr15.fa

Select jobs to execute...
Activating conda environment: ../../../../../../../../../../../../../home/tubbsca/snakemake_condas/15eac168b67d44f04e70744dacff5721_
[Mon Jan 15 15:10:18 2024]
Finished job 102.
82 of 150 steps (55%) done

[Mon Jan 15 15:10:18 2024]
Job 48: 
        Scans reference genome for matches againts input motif.
        Output compressed.
        
Reason: Input files updated by another job: results/tfbs-scan/hg38/mask/chr15.fa

Activating conda environment: ../../../../../../../../../../../../../home/tubbsca/snakemake_condas/15eac168b67d44f04e70744dacff5721_
[Mon Jan 15 15:10:19 2024]
Finished job 130.
83 of 150 steps (55%) done
Select jobs to execute...

[Mon Jan 15 15:10:19 2024]
Job 106: 
        Scans reference genome for matches againts input motif.
        Output compressed.
        
Reason: Input files updated by another job: results/tfbs-scan/hg38/mask/chr15.fa

Activating conda environment: ../../../../../../../../../../../../../home/tubbsca/snakemake_condas/15eac168b67d44f04e70744dacff5721_
[Mon Jan 15 15:10:19 2024]
Finished job 159.
84 of 150 steps (56%) done
Select jobs to execute...

[Mon Jan 15 15:10:19 2024]
Job 165: 
        Scans reference genome for matches againts input motif.
        Output compressed.
        
Reason: Input files updated by another job: results/tfbs-scan/hg38/mask/chr16.fa

Activating conda environment: ../../../../../../../../../../../../../home/tubbsca/snakemake_condas/15eac168b67d44f04e70744dacff5721_
[Mon Jan 15 15:10:19 2024]
Finished job 43.
85 of 150 steps (57%) done
Select jobs to execute...

[Mon Jan 15 15:10:19 2024]
Job 49: 
        Scans reference genome for matches againts input motif.
        Output compressed.
        
Reason: Input files updated by another job: results/tfbs-scan/hg38/mask/chr16.fa

Activating conda environment: ../../../../../../../../../../../../../home/tubbsca/snakemake_condas/15eac168b67d44f04e70744dacff5721_
[Mon Jan 15 15:10:19 2024]
Finished job 74.
86 of 150 steps (57%) done
Select jobs to execute...

[Mon Jan 15 15:10:19 2024]
Job 107: 
        Scans reference genome for matches againts input motif.
        Output compressed.
        
Reason: Input files updated by another job: results/tfbs-scan/hg38/mask/chr16.fa

Activating conda environment: ../../../../../../../../../../../../../home/tubbsca/snakemake_condas/15eac168b67d44f04e70744dacff5721_
[Mon Jan 15 15:10:20 2024]
Finished job 101.
87 of 150 steps (58%) done
Select jobs to execute...

[Mon Jan 15 15:10:20 2024]
Job 79: 
        Scans reference genome for matches againts input motif.
        Output compressed.
        
Reason: Missing output files: results/tfbs-scan/hg38/scan/ENCSR000ATM.K562_myelogenous_leukemia.REST.MA0138.2.damo.pwm/ENCSR000ATM.K562_myelogenous_leukemia.REST.MA0138.2.damo.pwm-sites.masked.chr17.bed; Input files updated by another job: results/tfbs-scan/hg38/mask/chr17.fa

Activating conda environment: ../../../../../../../../../../../../../home/tubbsca/snakemake_condas/15eac168b67d44f04e70744dacff5721_
[Mon Jan 15 15:10:20 2024]
Finished job 132.
88 of 150 steps (59%) done
Select jobs to execute...

[Mon Jan 15 15:10:20 2024]
Job 137: 
        Scans reference genome for matches againts input motif.
        Output compressed.
        
Reason: Missing output files: results/tfbs-scan/hg38/scan/ENCSR000ANO.normal_lung_fibroblasts.CTCF.MA0139.1.damo.pwm/ENCSR000ANO.normal_lung_fibroblasts.CTCF.MA0139.1.damo.pwm-sites.masked.chr17.bed; Input files updated by another job: results/tfbs-scan/hg38/mask/chr17.fa

Activating conda environment: ../../../../../../../../../../../../../home/tubbsca/snakemake_condas/15eac168b67d44f04e70744dacff5721_
[Mon Jan 15 15:10:21 2024]
Finished job 76.
89 of 150 steps (59%) done
Select jobs to execute...

[Mon Jan 15 15:10:21 2024]
Job 166: 
        Scans reference genome for matches againts input motif.
        Output compressed.
        
Reason: Missing output files: results/tfbs-scan/hg38/scan/ENCSR000AOO.astrocytes.CTCF.MA0139.1.damo.pwm/ENCSR000AOO.astrocytes.CTCF.MA0139.1.damo.pwm-sites.masked.chr17.bed; Input files updated by another job: results/tfbs-scan/hg38/mask/chr17.fa

Activating conda environment: ../../../../../../../../../../../../../home/tubbsca/snakemake_condas/15eac168b67d44f04e70744dacff5721_
[Mon Jan 15 15:10:21 2024]
Finished job 134.
90 of 150 steps (60%) done
Select jobs to execute...

[Mon Jan 15 15:10:21 2024]
Job 50: 
        Scans reference genome for matches againts input motif.
        Output compressed.
        
Reason: Missing output files: results/tfbs-scan/hg38/scan/ENCSR000AHD.MCF7_Invasive_ductal_breast_carcinoma.CTCF.MA0139.1.damo.pwm/ENCSR000AHD.MCF7_Invasive_ductal_breast_carcinoma.CTCF.MA0139.1.damo.pwm-sites.masked.chr17.bed; Input files updated by another job: results/tfbs-scan/hg38/mask/chr17.fa

Activating conda environment: ../../../../../../../../../../../../../home/tubbsca/snakemake_condas/15eac168b67d44f04e70744dacff5721_
[Mon Jan 15 15:10:21 2024]
Finished job 163.
91 of 150 steps (61%) done
Select jobs to execute...

[Mon Jan 15 15:10:21 2024]
Job 108: 
        Scans reference genome for matches againts input motif.
        Output compressed.
        
Reason: Missing output files: results/tfbs-scan/hg38/scan/ENCSR000ALJ.keratinocytes.CTCF.MA0139.1.damo.pwm/ENCSR000ALJ.keratinocytes.CTCF.MA0139.1.damo.pwm-sites.masked.chr17.bed; Input files updated by another job: results/tfbs-scan/hg38/mask/chr17.fa

Activating conda environment: ../../../../../../../../../../../../../home/tubbsca/snakemake_condas/15eac168b67d44f04e70744dacff5721_
[Mon Jan 15 15:10:21 2024]
Finished job 77.
92 of 150 steps (61%) done
Select jobs to execute...

[Mon Jan 15 15:10:21 2024]
Job 138: 
        Scans reference genome for matches againts input motif.
        Output compressed.
        
Reason: Input files updated by another job: results/tfbs-scan/hg38/mask/chr18.fa

Activating conda environment: ../../../../../../../../../../../../../home/tubbsca/snakemake_condas/15eac168b67d44f04e70744dacff5721_
[Mon Jan 15 15:10:21 2024]
Finished job 47.
93 of 150 steps (62%) done
[Mon Jan 15 15:10:22 2024]
Finished job 45.
94 of 150 steps (63%) done
[Mon Jan 15 15:10:22 2024]
Finished job 161.
95 of 150 steps (63%) done
Select jobs to execute...

[Mon Jan 15 15:10:22 2024]
Job 51: 
        Scans reference genome for matches againts input motif.
        Output compressed.
        
Reason: Input files updated by another job: results/tfbs-scan/hg38/mask/chr18.fa

Activating conda environment: ../../../../../../../../../../../../../home/tubbsca/snakemake_condas/15eac168b67d44f04e70744dacff5721_

[Mon Jan 15 15:10:22 2024]
Job 109: 
        Scans reference genome for matches againts input motif.
        Output compressed.
        
Reason: Input files updated by another job: results/tfbs-scan/hg38/mask/chr18.fa

Activating conda environment: ../../../../../../../../../../../../../home/tubbsca/snakemake_condas/15eac168b67d44f04e70744dacff5721_

[Mon Jan 15 15:10:22 2024]
Job 167: 
        Scans reference genome for matches againts input motif.
        Output compressed.
        
Reason: Input files updated by another job: results/tfbs-scan/hg38/mask/chr18.fa

Activating conda environment: ../../../../../../../../../../../../../home/tubbsca/snakemake_condas/15eac168b67d44f04e70744dacff5721_
[Mon Jan 15 15:10:22 2024]
Finished job 105.
96 of 150 steps (64%) done
[Mon Jan 15 15:10:22 2024]
Finished job 103.
97 of 150 steps (65%) done
[Mon Jan 15 15:10:22 2024]
Finished job 135.
98 of 150 steps (65%) done
Select jobs to execute...

[Mon Jan 15 15:10:22 2024]
Job 139: 
        Scans reference genome for matches againts input motif.
        Output compressed.
        
Reason: Input files updated by another job: results/tfbs-scan/hg38/mask/chr19.fa


Activating conda environment: ../../../../../../../../../../../../../home/tubbsca/snakemake_condas/15eac168b67d44f04e70744dacff5721_
[Mon Jan 15 15:10:22 2024]
Job 81: 
        Scans reference genome for matches againts input motif.
        Output compressed.
        
Reason: Input files updated by another job: results/tfbs-scan/hg38/mask/chr19.fa

Activating conda environment: ../../../../../../../../../../../../../home/tubbsca/snakemake_condas/15eac168b67d44f04e70744dacff5721_

[Mon Jan 15 15:10:22 2024]
Job 111: 
        Scans reference genome for matches againts input motif.
        Output compressed.
        
Reason: Input files updated by another job: results/tfbs-scan/hg38/mask/chr20.fa

Activating conda environment: ../../../../../../../../../../../../../home/tubbsca/snakemake_condas/15eac168b67d44f04e70744dacff5721_
[Mon Jan 15 15:10:22 2024]
Finished job 164.
99 of 150 steps (66%) done
Select jobs to execute...

[Mon Jan 15 15:10:22 2024]
Job 168: 
        Scans reference genome for matches againts input motif.
        Output compressed.
        
Reason: Input files updated by another job: results/tfbs-scan/hg38/mask/chr19.fa

Activating conda environment: ../../../../../../../../../../../../../home/tubbsca/snakemake_condas/15eac168b67d44f04e70744dacff5721_
[Mon Jan 15 15:10:22 2024]
Finished job 48.
100 of 150 steps (67%) done
Select jobs to execute...

[Mon Jan 15 15:10:22 2024]
Job 52: 
        Scans reference genome for matches againts input motif.
        Output compressed.
        
Reason: Input files updated by another job: results/tfbs-scan/hg38/mask/chr19.fa

Select jobs to execute...
Activating conda environment: ../../../../../../../../../../../../../home/tubbsca/snakemake_condas/15eac168b67d44f04e70744dacff5721_
[Mon Jan 15 15:10:22 2024]
Finished job 122.
101 of 150 steps (67%) done

[Mon Jan 15 15:10:22 2024]
Job 110: 
        Scans reference genome for matches againts input motif.
        Output compressed.
        
Reason: Input files updated by another job: results/tfbs-scan/hg38/mask/chr19.fa

Activating conda environment: ../../../../../../../../../../../../../home/tubbsca/snakemake_condas/15eac168b67d44f04e70744dacff5721_
[Mon Jan 15 15:10:22 2024]
Finished job 106.
102 of 150 steps (68%) done
Select jobs to execute...

[Mon Jan 15 15:10:22 2024]
Job 86: 
        Scans reference genome for matches againts input motif.
        Output compressed.
        
Reason: Input files updated by another job: results/tfbs-scan/hg38/mask/chrY.fa

Activating conda environment: ../../../../../../../../../../../../../home/tubbsca/snakemake_condas/15eac168b67d44f04e70744dacff5721_
[Mon Jan 15 15:10:22 2024]
Finished job 151.
103 of 150 steps (69%) done
[Mon Jan 15 15:10:23 2024]
Finished job 165.
104 of 150 steps (69%) done
Select jobs to execute...

[Mon Jan 15 15:10:23 2024]
Job 144: 
        Scans reference genome for matches againts input motif.
        Output compressed.
        
Reason: Input files updated by another job: results/tfbs-scan/hg38/mask/chrY.fa

Activating conda environment: ../../../../../../../../../../../../../home/tubbsca/snakemake_condas/15eac168b67d44f04e70744dacff5721_

[Mon Jan 15 15:10:23 2024]
Job 173: 
        Scans reference genome for matches againts input motif.
        Output compressed.
        
Reason: Input files updated by another job: results/tfbs-scan/hg38/mask/chrY.fa

Select jobs to execute...
Activating conda environment: ../../../../../../../../../../../../../home/tubbsca/snakemake_condas/15eac168b67d44f04e70744dacff5721_
[Mon Jan 15 15:10:23 2024]
Finished job 64.
105 of 150 steps (70%) done

[Mon Jan 15 15:10:23 2024]
Job 57: 
        Scans reference genome for matches againts input motif.
        Output compressed.
        
Reason: Input files updated by another job: results/tfbs-scan/hg38/mask/chrY.fa

Activating conda environment: ../../../../../../../../../../../../../home/tubbsca/snakemake_condas/15eac168b67d44f04e70744dacff5721_
[Mon Jan 15 15:10:23 2024]
Finished job 79.
106 of 150 steps (71%) done
Select jobs to execute...

[Mon Jan 15 15:10:23 2024]
Job 115: 
        Scans reference genome for matches againts input motif.
        Output compressed.
        
Reason: Input files updated by another job: results/tfbs-scan/hg38/mask/chrY.fa

Activating conda environment: ../../../../../../../../../../../../../home/tubbsca/snakemake_condas/15eac168b67d44f04e70744dacff5721_
[Mon Jan 15 15:10:23 2024]
Finished job 49.
107 of 150 steps (71%) done
Select jobs to execute...

[Mon Jan 15 15:10:23 2024]
Job 84: 
        Scans reference genome for matches againts input motif.
        Output compressed.
        
Reason: Input files updated by another job: results/tfbs-scan/hg38/mask/chr22.fa

Activating conda environment: ../../../../../../../../../../../../../home/tubbsca/snakemake_condas/15eac168b67d44f04e70744dacff5721_
[Mon Jan 15 15:10:23 2024]
Finished job 107.
108 of 150 steps (72%) done
Select jobs to execute...

[Mon Jan 15 15:10:23 2024]
Job 142: 
        Scans reference genome for matches againts input motif.
        Output compressed.
        
Reason: Input files updated by another job: results/tfbs-scan/hg38/mask/chr22.fa

Activating conda environment: ../../../../../../../../../../../../../home/tubbsca/snakemake_condas/15eac168b67d44f04e70744dacff5721_
[Mon Jan 15 15:10:23 2024]
Finished job 137.
109 of 150 steps (73%) done
Select jobs to execute...

[Mon Jan 15 15:10:23 2024]
Job 171: 
        Scans reference genome for matches againts input motif.
        Output compressed.
        
Reason: Input files updated by another job: results/tfbs-scan/hg38/mask/chr22.fa

Activating conda environment: ../../../../../../../../../../../../../home/tubbsca/snakemake_condas/15eac168b67d44f04e70744dacff5721_
[Mon Jan 15 15:10:24 2024]
Finished job 35.
110 of 150 steps (73%) done
Select jobs to execute...

[Mon Jan 15 15:10:24 2024]
Job 55: 
        Scans reference genome for matches againts input motif.
        Output compressed.
        
Reason: Input files updated by another job: results/tfbs-scan/hg38/mask/chr22.fa

Activating conda environment: ../../../../../../../../../../../../../home/tubbsca/snakemake_condas/15eac168b67d44f04e70744dacff5721_
[Mon Jan 15 15:10:24 2024]
Finished job 93.
111 of 150 steps (74%) done
Select jobs to execute...

[Mon Jan 15 15:10:24 2024]
Job 113: 
        Scans reference genome for matches againts input motif.
        Output compressed.
        
Reason: Input files updated by another job: results/tfbs-scan/hg38/mask/chr22.fa

Activating conda environment: ../../../../../../../../../../../../../home/tubbsca/snakemake_condas/15eac168b67d44f04e70744dacff5721_
[Mon Jan 15 15:10:24 2024]
Finished job 86.
112 of 150 steps (75%) done
Select jobs to execute...

[Mon Jan 15 15:10:24 2024]
Job 141: 
        Scans reference genome for matches againts input motif.
        Output compressed.
        
Reason: Input files updated by another job: results/tfbs-scan/hg38/mask/chr21.fa

Activating conda environment: ../../../../../../../../../../../../../home/tubbsca/snakemake_condas/15eac168b67d44f04e70744dacff5721_
[Mon Jan 15 15:10:24 2024]
Finished job 166.
113 of 150 steps (75%) done
Select jobs to execute...

[Mon Jan 15 15:10:24 2024]
Job 170: 
        Scans reference genome for matches againts input motif.
        Output compressed.
        
Reason: Input files updated by another job: results/tfbs-scan/hg38/mask/chr21.fa

Activating conda environment: ../../../../../../../../../../../../../home/tubbsca/snakemake_condas/15eac168b67d44f04e70744dacff5721_
[Mon Jan 15 15:10:24 2024]
Finished job 173.
114 of 150 steps (76%) done
Select jobs to execute...

[Mon Jan 15 15:10:24 2024]
Job 54: 
        Scans reference genome for matches againts input motif.
        Output compressed.
        
Reason: Input files updated by another job: results/tfbs-scan/hg38/mask/chr21.fa

Activating conda environment: ../../../../../../../../../../../../../home/tubbsca/snakemake_condas/15eac168b67d44f04e70744dacff5721_
[Mon Jan 15 15:10:24 2024]
Finished job 81.
115 of 150 steps (77%) done
[Mon Jan 15 15:10:24 2024]
Finished job 139.
116 of 150 steps (77%) done
[Mon Jan 15 15:10:24 2024]
Finished job 144.
117 of 150 steps (78%) done
Select jobs to execute...

[Mon Jan 15 15:10:24 2024]
Job 112: 
        Scans reference genome for matches againts input motif.
        Output compressed.
        
Reason: Input files updated by another job: results/tfbs-scan/hg38/mask/chr21.fa

Activating conda environment: ../../../../../../../../../../../../../home/tubbsca/snakemake_condas/15eac168b67d44f04e70744dacff5721_
[Mon Jan 15 15:10:25 2024]
Finished job 57.
118 of 150 steps (79%) done
[Mon Jan 15 15:10:25 2024]
Finished job 108.
119 of 150 steps (79%) done
[Mon Jan 15 15:10:25 2024]
Finished job 168.
120 of 150 steps (80%) done
[Mon Jan 15 15:10:25 2024]
Finished job 50.
121 of 150 steps (81%) done
[Mon Jan 15 15:10:25 2024]
Finished job 115.
122 of 150 steps (81%) done
[Mon Jan 15 15:10:25 2024]
Finished job 52.
123 of 150 steps (82%) done
[Mon Jan 15 15:10:25 2024]
Finished job 138.
124 of 150 steps (83%) done
[Mon Jan 15 15:10:25 2024]
Finished job 111.
125 of 150 steps (83%) done
[Mon Jan 15 15:10:25 2024]
Finished job 110.
126 of 150 steps (84%) done
[Mon Jan 15 15:10:25 2024]
Finished job 84.
127 of 150 steps (85%) done
[Mon Jan 15 15:10:25 2024]
Finished job 51.
128 of 150 steps (85%) done
[Mon Jan 15 15:10:25 2024]
Finished job 167.
129 of 150 steps (86%) done
[Mon Jan 15 15:10:25 2024]
Finished job 109.
130 of 150 steps (87%) done
[Mon Jan 15 15:10:25 2024]
Finished job 142.
131 of 150 steps (87%) done
[Mon Jan 15 15:10:25 2024]
Finished job 171.
132 of 150 steps (88%) done
[Mon Jan 15 15:10:26 2024]
Finished job 55.
133 of 150 steps (89%) done
[Mon Jan 15 15:10:26 2024]
Finished job 113.
134 of 150 steps (89%) done
[Mon Jan 15 15:10:26 2024]
Finished job 141.
135 of 150 steps (90%) done
[Mon Jan 15 15:10:26 2024]
Finished job 170.
136 of 150 steps (91%) done
[Mon Jan 15 15:10:26 2024]
Finished job 54.
137 of 150 steps (91%) done
[Mon Jan 15 15:10:26 2024]
Finished job 112.
138 of 150 steps (92%) done
[Mon Jan 15 15:10:34 2024]
Finished job 1.
139 of 150 steps (93%) done
Select jobs to execute...

[Mon Jan 15 15:10:34 2024]
Job 29: 
        Scans reference genome for matches againts input motif.
        Output compressed.
        
Reason: Missing output files: results/tfbs-scan/hg38/scan/ENCSR000AHD.MCF7_Invasive_ductal_breast_carcinoma.CTCF.MA0139.1.damo.pwm/ENCSR000AHD.MCF7_Invasive_ductal_breast_carcinoma.CTCF.MA0139.1.damo.pwm-sites.masked.chr1.bed; Input files updated by another job: results/tfbs-scan/hg38/mask/chr1.fa

Activating conda environment: ../../../../../../../../../../../../../home/tubbsca/snakemake_condas/15eac168b67d44f04e70744dacff5721_

[Mon Jan 15 15:10:34 2024]
Job 59: 
        Scans reference genome for matches againts input motif.
        Output compressed.
        
Reason: Missing output files: results/tfbs-scan/hg38/scan/ENCSR000ATM.K562_myelogenous_leukemia.REST.MA0138.2.damo.pwm/ENCSR000ATM.K562_myelogenous_leukemia.REST.MA0138.2.damo.pwm-sites.masked.chr1.bed; Input files updated by another job: results/tfbs-scan/hg38/mask/chr1.fa


Activating conda environment: ../../../../../../../../../../../../../home/tubbsca/snakemake_condas/15eac168b67d44f04e70744dacff5721_
[Mon Jan 15 15:10:34 2024]
Job 117: 
        Scans reference genome for matches againts input motif.
        Output compressed.
        
Reason: Missing output files: results/tfbs-scan/hg38/scan/ENCSR000ANO.normal_lung_fibroblasts.CTCF.MA0139.1.damo.pwm/ENCSR000ANO.normal_lung_fibroblasts.CTCF.MA0139.1.damo.pwm-sites.masked.chr1.bed; Input files updated by another job: results/tfbs-scan/hg38/mask/chr1.fa


Activating conda environment: ../../../../../../../../../../../../../home/tubbsca/snakemake_condas/15eac168b67d44f04e70744dacff5721_
[Mon Jan 15 15:10:34 2024]
Job 88: 
        Scans reference genome for matches againts input motif.
        Output compressed.
        
Reason: Missing output files: results/tfbs-scan/hg38/scan/ENCSR000ALJ.keratinocytes.CTCF.MA0139.1.damo.pwm/ENCSR000ALJ.keratinocytes.CTCF.MA0139.1.damo.pwm-sites.masked.chr1.bed; Input files updated by another job: results/tfbs-scan/hg38/mask/chr1.fa


Activating conda environment: ../../../../../../../../../../../../../home/tubbsca/snakemake_condas/15eac168b67d44f04e70744dacff5721_
[Mon Jan 15 15:10:34 2024]
Job 146: 
        Scans reference genome for matches againts input motif.
        Output compressed.
        
Reason: Missing output files: results/tfbs-scan/hg38/scan/ENCSR000AOO.astrocytes.CTCF.MA0139.1.damo.pwm/ENCSR000AOO.astrocytes.CTCF.MA0139.1.damo.pwm-sites.masked.chr1.bed; Input files updated by another job: results/tfbs-scan/hg38/mask/chr1.fa

Activating conda environment: ../../../../../../../../../../../../../home/tubbsca/snakemake_condas/15eac168b67d44f04e70744dacff5721_
[Mon Jan 15 15:11:12 2024]
Finished job 59.
140 of 150 steps (93%) done
Select jobs to execute...

[Mon Jan 15 15:11:12 2024]
Job 58: 
        Assembles individual chromosome scans into genome sites file.
        
Reason: Missing output files: results/tfbs-scan/hg38/scan/ENCSR000ATM.K562_myelogenous_leukemia.REST.MA0138.2.damo.pwm/ENCSR000ATM.K562_myelogenous_leukemia.REST.MA0138.2.damo.pwm-sites.masked.genome.sorted.bed.gz; Input files updated by another job: results/tfbs-scan/hg38/scan/ENCSR000ATM.K562_myelogenous_leukemia.REST.MA0138.2.damo.pwm/ENCSR000ATM.K562_myelogenous_leukemia.REST.MA0138.2.damo.pwm-sites.masked.chr18.bed, results/tfbs-scan/hg38/scan/ENCSR000ATM.K562_myelogenous_leukemia.REST.MA0138.2.damo.pwm/ENCSR000ATM.K562_myelogenous_leukemia.REST.MA0138.2.damo.pwm-sites.masked.chr8.bed, results/tfbs-scan/hg38/scan/ENCSR000ATM.K562_myelogenous_leukemia.REST.MA0138.2.damo.pwm/ENCSR000ATM.K562_myelogenous_leukemia.REST.MA0138.2.damo.pwm-sites.masked.chr20.bed, results/tfbs-scan/hg38/scan/ENCSR000ATM.K562_myelogenous_leukemia.REST.MA0138.2.damo.pwm/ENCSR000ATM.K562_myelogenous_leukemia.REST.MA0138.2.damo.pwm-sites.masked.chrX.bed, results/tfbs-scan/hg38/scan/ENCSR000ATM.K562_myelogenous_leukemia.REST.MA0138.2.damo.pwm/ENCSR000ATM.K562_myelogenous_leukemia.REST.MA0138.2.damo.pwm-sites.masked.chr22.bed, results/tfbs-scan/hg38/scan/ENCSR000ATM.K562_myelogenous_leukemia.REST.MA0138.2.damo.pwm/ENCSR000ATM.K562_myelogenous_leukemia.REST.MA0138.2.damo.pwm-sites.masked.chr5.bed, results/tfbs-scan/hg38/scan/ENCSR000ATM.K562_myelogenous_leukemia.REST.MA0138.2.damo.pwm/ENCSR000ATM.K562_myelogenous_leukemia.REST.MA0138.2.damo.pwm-sites.masked.chr2.bed, results/tfbs-scan/hg38/scan/ENCSR000ATM.K562_myelogenous_leukemia.REST.MA0138.2.damo.pwm/ENCSR000ATM.K562_myelogenous_leukemia.REST.MA0138.2.damo.pwm-sites.masked.chr21.bed, results/tfbs-scan/hg38/scan/ENCSR000ATM.K562_myelogenous_leukemia.REST.MA0138.2.damo.pwm/ENCSR000ATM.K562_myelogenous_leukemia.REST.MA0138.2.damo.pwm-sites.masked.chr9.bed, results/tfbs-scan/hg38/scan/ENCSR000ATM.K562_myelogenous_leukemia.REST.MA0138.2.damo.pwm/ENCSR000ATM.K562_myelogenous_leukemia.REST.MA0138.2.damo.pwm-sites.masked.chr13.bed, results/tfbs-scan/hg38/scan/ENCSR000ATM.K562_myelogenous_leukemia.REST.MA0138.2.damo.pwm/ENCSR000ATM.K562_myelogenous_leukemia.REST.MA0138.2.damo.pwm-sites.masked.chr14.bed, results/tfbs-scan/hg38/scan/ENCSR000ATM.K562_myelogenous_leukemia.REST.MA0138.2.damo.pwm/ENCSR000ATM.K562_myelogenous_leukemia.REST.MA0138.2.damo.pwm-sites.masked.chr7.bed, results/tfbs-scan/hg38/scan/ENCSR000ATM.K562_myelogenous_leukemia.REST.MA0138.2.damo.pwm/ENCSR000ATM.K562_myelogenous_leukemia.REST.MA0138.2.damo.pwm-sites.masked.chr15.bed, results/tfbs-scan/hg38/scan/ENCSR000ATM.K562_myelogenous_leukemia.REST.MA0138.2.damo.pwm/ENCSR000ATM.K562_myelogenous_leukemia.REST.MA0138.2.damo.pwm-sites.masked.chr1.bed, results/tfbs-scan/hg38/scan/ENCSR000ATM.K562_myelogenous_leukemia.REST.MA0138.2.damo.pwm/ENCSR000ATM.K562_myelogenous_leukemia.REST.MA0138.2.damo.pwm-sites.masked.chr19.bed, results/tfbs-scan/hg38/scan/ENCSR000ATM.K562_myelogenous_leukemia.REST.MA0138.2.damo.pwm/ENCSR000ATM.K562_myelogenous_leukemia.REST.MA0138.2.damo.pwm-sites.masked.chrY.bed, results/tfbs-scan/hg38/scan/ENCSR000ATM.K562_myelogenous_leukemia.REST.MA0138.2.damo.pwm/ENCSR000ATM.K562_myelogenous_leukemia.REST.MA0138.2.damo.pwm-sites.masked.chr6.bed, results/tfbs-scan/hg38/scan/ENCSR000ATM.K562_myelogenous_leukemia.REST.MA0138.2.damo.pwm/ENCSR000ATM.K562_myelogenous_leukemia.REST.MA0138.2.damo.pwm-sites.masked.chr3.bed, results/tfbs-scan/hg38/scan/ENCSR000ATM.K562_myelogenous_leukemia.REST.MA0138.2.damo.pwm/ENCSR000ATM.K562_myelogenous_leukemia.REST.MA0138.2.damo.pwm-sites.masked.chr11.bed, results/tfbs-scan/hg38/scan/ENCSR000ATM.K562_myelogenous_leukemia.REST.MA0138.2.damo.pwm/ENCSR000ATM.K562_myelogenous_leukemia.REST.MA0138.2.damo.pwm-sites.masked.chr12.bed, results/tfbs-scan/hg38/scan/ENCSR000ATM.K562_myelogenous_leukemia.REST.MA0138.2.damo.pwm/ENCSR000ATM.K562_myelogenous_leukemia.REST.MA0138.2.damo.pwm-sites.masked.chr16.bed, results/tfbs-scan/hg38/scan/ENCSR000ATM.K562_myelogenous_leukemia.REST.MA0138.2.damo.pwm/ENCSR000ATM.K562_myelogenous_leukemia.REST.MA0138.2.damo.pwm-sites.masked.chr10.bed, results/tfbs-scan/hg38/scan/ENCSR000ATM.K562_myelogenous_leukemia.REST.MA0138.2.damo.pwm/ENCSR000ATM.K562_myelogenous_leukemia.REST.MA0138.2.damo.pwm-sites.masked.chr17.bed, results/tfbs-scan/hg38/scan/ENCSR000ATM.K562_myelogenous_leukemia.REST.MA0138.2.damo.pwm/ENCSR000ATM.K562_myelogenous_leukemia.REST.MA0138.2.damo.pwm-sites.masked.chr4.bed

Activating conda environment: ../../../../../../../../../../../../../home/tubbsca/snakemake_condas/15eac168b67d44f04e70744dacff5721_
[Mon Jan 15 15:11:13 2024]
Finished job 117.
141 of 150 steps (94%) done
Select jobs to execute...

[Mon Jan 15 15:11:13 2024]
Job 116: 
        Assembles individual chromosome scans into genome sites file.
        
Reason: Missing output files: results/tfbs-scan/hg38/scan/ENCSR000ANO.normal_lung_fibroblasts.CTCF.MA0139.1.damo.pwm/ENCSR000ANO.normal_lung_fibroblasts.CTCF.MA0139.1.damo.pwm-sites.masked.genome.sorted.bed.gz; Input files updated by another job: results/tfbs-scan/hg38/scan/ENCSR000ANO.normal_lung_fibroblasts.CTCF.MA0139.1.damo.pwm/ENCSR000ANO.normal_lung_fibroblasts.CTCF.MA0139.1.damo.pwm-sites.masked.chr5.bed, results/tfbs-scan/hg38/scan/ENCSR000ANO.normal_lung_fibroblasts.CTCF.MA0139.1.damo.pwm/ENCSR000ANO.normal_lung_fibroblasts.CTCF.MA0139.1.damo.pwm-sites.masked.chr9.bed, results/tfbs-scan/hg38/scan/ENCSR000ANO.normal_lung_fibroblasts.CTCF.MA0139.1.damo.pwm/ENCSR000ANO.normal_lung_fibroblasts.CTCF.MA0139.1.damo.pwm-sites.masked.chr4.bed, results/tfbs-scan/hg38/scan/ENCSR000ANO.normal_lung_fibroblasts.CTCF.MA0139.1.damo.pwm/ENCSR000ANO.normal_lung_fibroblasts.CTCF.MA0139.1.damo.pwm-sites.masked.chr10.bed, results/tfbs-scan/hg38/scan/ENCSR000ANO.normal_lung_fibroblasts.CTCF.MA0139.1.damo.pwm/ENCSR000ANO.normal_lung_fibroblasts.CTCF.MA0139.1.damo.pwm-sites.masked.chr13.bed, results/tfbs-scan/hg38/scan/ENCSR000ANO.normal_lung_fibroblasts.CTCF.MA0139.1.damo.pwm/ENCSR000ANO.normal_lung_fibroblasts.CTCF.MA0139.1.damo.pwm-sites.masked.chr12.bed, results/tfbs-scan/hg38/scan/ENCSR000ANO.normal_lung_fibroblasts.CTCF.MA0139.1.damo.pwm/ENCSR000ANO.normal_lung_fibroblasts.CTCF.MA0139.1.damo.pwm-sites.masked.chr3.bed, results/tfbs-scan/hg38/scan/ENCSR000ANO.normal_lung_fibroblasts.CTCF.MA0139.1.damo.pwm/ENCSR000ANO.normal_lung_fibroblasts.CTCF.MA0139.1.damo.pwm-sites.masked.chrX.bed, results/tfbs-scan/hg38/scan/ENCSR000ANO.normal_lung_fibroblasts.CTCF.MA0139.1.damo.pwm/ENCSR000ANO.normal_lung_fibroblasts.CTCF.MA0139.1.damo.pwm-sites.masked.chr7.bed, results/tfbs-scan/hg38/scan/ENCSR000ANO.normal_lung_fibroblasts.CTCF.MA0139.1.damo.pwm/ENCSR000ANO.normal_lung_fibroblasts.CTCF.MA0139.1.damo.pwm-sites.masked.chrY.bed, results/tfbs-scan/hg38/scan/ENCSR000ANO.normal_lung_fibroblasts.CTCF.MA0139.1.damo.pwm/ENCSR000ANO.normal_lung_fibroblasts.CTCF.MA0139.1.damo.pwm-sites.masked.chr20.bed, results/tfbs-scan/hg38/scan/ENCSR000ANO.normal_lung_fibroblasts.CTCF.MA0139.1.damo.pwm/ENCSR000ANO.normal_lung_fibroblasts.CTCF.MA0139.1.damo.pwm-sites.masked.chr2.bed, results/tfbs-scan/hg38/scan/ENCSR000ANO.normal_lung_fibroblasts.CTCF.MA0139.1.damo.pwm/ENCSR000ANO.normal_lung_fibroblasts.CTCF.MA0139.1.damo.pwm-sites.masked.chr6.bed, results/tfbs-scan/hg38/scan/ENCSR000ANO.normal_lung_fibroblasts.CTCF.MA0139.1.damo.pwm/ENCSR000ANO.normal_lung_fibroblasts.CTCF.MA0139.1.damo.pwm-sites.masked.chr14.bed, results/tfbs-scan/hg38/scan/ENCSR000ANO.normal_lung_fibroblasts.CTCF.MA0139.1.damo.pwm/ENCSR000ANO.normal_lung_fibroblasts.CTCF.MA0139.1.damo.pwm-sites.masked.chr16.bed, results/tfbs-scan/hg38/scan/ENCSR000ANO.normal_lung_fibroblasts.CTCF.MA0139.1.damo.pwm/ENCSR000ANO.normal_lung_fibroblasts.CTCF.MA0139.1.damo.pwm-sites.masked.chr18.bed, results/tfbs-scan/hg38/scan/ENCSR000ANO.normal_lung_fibroblasts.CTCF.MA0139.1.damo.pwm/ENCSR000ANO.normal_lung_fibroblasts.CTCF.MA0139.1.damo.pwm-sites.masked.chr22.bed, results/tfbs-scan/hg38/scan/ENCSR000ANO.normal_lung_fibroblasts.CTCF.MA0139.1.damo.pwm/ENCSR000ANO.normal_lung_fibroblasts.CTCF.MA0139.1.damo.pwm-sites.masked.chr8.bed, results/tfbs-scan/hg38/scan/ENCSR000ANO.normal_lung_fibroblasts.CTCF.MA0139.1.damo.pwm/ENCSR000ANO.normal_lung_fibroblasts.CTCF.MA0139.1.damo.pwm-sites.masked.chr11.bed, results/tfbs-scan/hg38/scan/ENCSR000ANO.normal_lung_fibroblasts.CTCF.MA0139.1.damo.pwm/ENCSR000ANO.normal_lung_fibroblasts.CTCF.MA0139.1.damo.pwm-sites.masked.chr15.bed, results/tfbs-scan/hg38/scan/ENCSR000ANO.normal_lung_fibroblasts.CTCF.MA0139.1.damo.pwm/ENCSR000ANO.normal_lung_fibroblasts.CTCF.MA0139.1.damo.pwm-sites.masked.chr19.bed, results/tfbs-scan/hg38/scan/ENCSR000ANO.normal_lung_fibroblasts.CTCF.MA0139.1.damo.pwm/ENCSR000ANO.normal_lung_fibroblasts.CTCF.MA0139.1.damo.pwm-sites.masked.chr17.bed, results/tfbs-scan/hg38/scan/ENCSR000ANO.normal_lung_fibroblasts.CTCF.MA0139.1.damo.pwm/ENCSR000ANO.normal_lung_fibroblasts.CTCF.MA0139.1.damo.pwm-sites.masked.chr1.bed, results/tfbs-scan/hg38/scan/ENCSR000ANO.normal_lung_fibroblasts.CTCF.MA0139.1.damo.pwm/ENCSR000ANO.normal_lung_fibroblasts.CTCF.MA0139.1.damo.pwm-sites.masked.chr21.bed

Activating conda environment: ../../../../../../../../../../../../../home/tubbsca/snakemake_condas/15eac168b67d44f04e70744dacff5721_
[Mon Jan 15 15:11:13 2024]
Finished job 146.
142 of 150 steps (95%) done
Select jobs to execute...

[Mon Jan 15 15:11:13 2024]
Job 145: 
        Assembles individual chromosome scans into genome sites file.
        
Reason: Missing output files: results/tfbs-scan/hg38/scan/ENCSR000AOO.astrocytes.CTCF.MA0139.1.damo.pwm/ENCSR000AOO.astrocytes.CTCF.MA0139.1.damo.pwm-sites.masked.genome.sorted.bed.gz; Input files updated by another job: results/tfbs-scan/hg38/scan/ENCSR000AOO.astrocytes.CTCF.MA0139.1.damo.pwm/ENCSR000AOO.astrocytes.CTCF.MA0139.1.damo.pwm-sites.masked.chr11.bed, results/tfbs-scan/hg38/scan/ENCSR000AOO.astrocytes.CTCF.MA0139.1.damo.pwm/ENCSR000AOO.astrocytes.CTCF.MA0139.1.damo.pwm-sites.masked.chr18.bed, results/tfbs-scan/hg38/scan/ENCSR000AOO.astrocytes.CTCF.MA0139.1.damo.pwm/ENCSR000AOO.astrocytes.CTCF.MA0139.1.damo.pwm-sites.masked.chr3.bed, results/tfbs-scan/hg38/scan/ENCSR000AOO.astrocytes.CTCF.MA0139.1.damo.pwm/ENCSR000AOO.astrocytes.CTCF.MA0139.1.damo.pwm-sites.masked.chr1.bed, results/tfbs-scan/hg38/scan/ENCSR000AOO.astrocytes.CTCF.MA0139.1.damo.pwm/ENCSR000AOO.astrocytes.CTCF.MA0139.1.damo.pwm-sites.masked.chr7.bed, results/tfbs-scan/hg38/scan/ENCSR000AOO.astrocytes.CTCF.MA0139.1.damo.pwm/ENCSR000AOO.astrocytes.CTCF.MA0139.1.damo.pwm-sites.masked.chrY.bed, results/tfbs-scan/hg38/scan/ENCSR000AOO.astrocytes.CTCF.MA0139.1.damo.pwm/ENCSR000AOO.astrocytes.CTCF.MA0139.1.damo.pwm-sites.masked.chr2.bed, results/tfbs-scan/hg38/scan/ENCSR000AOO.astrocytes.CTCF.MA0139.1.damo.pwm/ENCSR000AOO.astrocytes.CTCF.MA0139.1.damo.pwm-sites.masked.chr12.bed, results/tfbs-scan/hg38/scan/ENCSR000AOO.astrocytes.CTCF.MA0139.1.damo.pwm/ENCSR000AOO.astrocytes.CTCF.MA0139.1.damo.pwm-sites.masked.chr10.bed, results/tfbs-scan/hg38/scan/ENCSR000AOO.astrocytes.CTCF.MA0139.1.damo.pwm/ENCSR000AOO.astrocytes.CTCF.MA0139.1.damo.pwm-sites.masked.chr20.bed, results/tfbs-scan/hg38/scan/ENCSR000AOO.astrocytes.CTCF.MA0139.1.damo.pwm/ENCSR000AOO.astrocytes.CTCF.MA0139.1.damo.pwm-sites.masked.chr5.bed, results/tfbs-scan/hg38/scan/ENCSR000AOO.astrocytes.CTCF.MA0139.1.damo.pwm/ENCSR000AOO.astrocytes.CTCF.MA0139.1.damo.pwm-sites.masked.chr19.bed, results/tfbs-scan/hg38/scan/ENCSR000AOO.astrocytes.CTCF.MA0139.1.damo.pwm/ENCSR000AOO.astrocytes.CTCF.MA0139.1.damo.pwm-sites.masked.chr22.bed, results/tfbs-scan/hg38/scan/ENCSR000AOO.astrocytes.CTCF.MA0139.1.damo.pwm/ENCSR000AOO.astrocytes.CTCF.MA0139.1.damo.pwm-sites.masked.chrX.bed, results/tfbs-scan/hg38/scan/ENCSR000AOO.astrocytes.CTCF.MA0139.1.damo.pwm/ENCSR000AOO.astrocytes.CTCF.MA0139.1.damo.pwm-sites.masked.chr4.bed, results/tfbs-scan/hg38/scan/ENCSR000AOO.astrocytes.CTCF.MA0139.1.damo.pwm/ENCSR000AOO.astrocytes.CTCF.MA0139.1.damo.pwm-sites.masked.chr17.bed, results/tfbs-scan/hg38/scan/ENCSR000AOO.astrocytes.CTCF.MA0139.1.damo.pwm/ENCSR000AOO.astrocytes.CTCF.MA0139.1.damo.pwm-sites.masked.chr8.bed, results/tfbs-scan/hg38/scan/ENCSR000AOO.astrocytes.CTCF.MA0139.1.damo.pwm/ENCSR000AOO.astrocytes.CTCF.MA0139.1.damo.pwm-sites.masked.chr6.bed, results/tfbs-scan/hg38/scan/ENCSR000AOO.astrocytes.CTCF.MA0139.1.damo.pwm/ENCSR000AOO.astrocytes.CTCF.MA0139.1.damo.pwm-sites.masked.chr13.bed, results/tfbs-scan/hg38/scan/ENCSR000AOO.astrocytes.CTCF.MA0139.1.damo.pwm/ENCSR000AOO.astrocytes.CTCF.MA0139.1.damo.pwm-sites.masked.chr16.bed, results/tfbs-scan/hg38/scan/ENCSR000AOO.astrocytes.CTCF.MA0139.1.damo.pwm/ENCSR000AOO.astrocytes.CTCF.MA0139.1.damo.pwm-sites.masked.chr15.bed, results/tfbs-scan/hg38/scan/ENCSR000AOO.astrocytes.CTCF.MA0139.1.damo.pwm/ENCSR000AOO.astrocytes.CTCF.MA0139.1.damo.pwm-sites.masked.chr21.bed, results/tfbs-scan/hg38/scan/ENCSR000AOO.astrocytes.CTCF.MA0139.1.damo.pwm/ENCSR000AOO.astrocytes.CTCF.MA0139.1.damo.pwm-sites.masked.chr14.bed, results/tfbs-scan/hg38/scan/ENCSR000AOO.astrocytes.CTCF.MA0139.1.damo.pwm/ENCSR000AOO.astrocytes.CTCF.MA0139.1.damo.pwm-sites.masked.chr9.bed

Activating conda environment: ../../../../../../../../../../../../../home/tubbsca/snakemake_condas/15eac168b67d44f04e70744dacff5721_
[Mon Jan 15 15:11:14 2024]
Finished job 88.
143 of 150 steps (95%) done
Select jobs to execute...

[Mon Jan 15 15:11:14 2024]
Job 87: 
        Assembles individual chromosome scans into genome sites file.
        
Reason: Missing output files: results/tfbs-scan/hg38/scan/ENCSR000ALJ.keratinocytes.CTCF.MA0139.1.damo.pwm/ENCSR000ALJ.keratinocytes.CTCF.MA0139.1.damo.pwm-sites.masked.genome.sorted.bed.gz; Input files updated by another job: results/tfbs-scan/hg38/scan/ENCSR000ALJ.keratinocytes.CTCF.MA0139.1.damo.pwm/ENCSR000ALJ.keratinocytes.CTCF.MA0139.1.damo.pwm-sites.masked.chr18.bed, results/tfbs-scan/hg38/scan/ENCSR000ALJ.keratinocytes.CTCF.MA0139.1.damo.pwm/ENCSR000ALJ.keratinocytes.CTCF.MA0139.1.damo.pwm-sites.masked.chr3.bed, results/tfbs-scan/hg38/scan/ENCSR000ALJ.keratinocytes.CTCF.MA0139.1.damo.pwm/ENCSR000ALJ.keratinocytes.CTCF.MA0139.1.damo.pwm-sites.masked.chr17.bed, results/tfbs-scan/hg38/scan/ENCSR000ALJ.keratinocytes.CTCF.MA0139.1.damo.pwm/ENCSR000ALJ.keratinocytes.CTCF.MA0139.1.damo.pwm-sites.masked.chr22.bed, results/tfbs-scan/hg38/scan/ENCSR000ALJ.keratinocytes.CTCF.MA0139.1.damo.pwm/ENCSR000ALJ.keratinocytes.CTCF.MA0139.1.damo.pwm-sites.masked.chr2.bed, results/tfbs-scan/hg38/scan/ENCSR000ALJ.keratinocytes.CTCF.MA0139.1.damo.pwm/ENCSR000ALJ.keratinocytes.CTCF.MA0139.1.damo.pwm-sites.masked.chr1.bed, results/tfbs-scan/hg38/scan/ENCSR000ALJ.keratinocytes.CTCF.MA0139.1.damo.pwm/ENCSR000ALJ.keratinocytes.CTCF.MA0139.1.damo.pwm-sites.masked.chr7.bed, results/tfbs-scan/hg38/scan/ENCSR000ALJ.keratinocytes.CTCF.MA0139.1.damo.pwm/ENCSR000ALJ.keratinocytes.CTCF.MA0139.1.damo.pwm-sites.masked.chr12.bed, results/tfbs-scan/hg38/scan/ENCSR000ALJ.keratinocytes.CTCF.MA0139.1.damo.pwm/ENCSR000ALJ.keratinocytes.CTCF.MA0139.1.damo.pwm-sites.masked.chrX.bed, results/tfbs-scan/hg38/scan/ENCSR000ALJ.keratinocytes.CTCF.MA0139.1.damo.pwm/ENCSR000ALJ.keratinocytes.CTCF.MA0139.1.damo.pwm-sites.masked.chr9.bed, results/tfbs-scan/hg38/scan/ENCSR000ALJ.keratinocytes.CTCF.MA0139.1.damo.pwm/ENCSR000ALJ.keratinocytes.CTCF.MA0139.1.damo.pwm-sites.masked.chr5.bed, results/tfbs-scan/hg38/scan/ENCSR000ALJ.keratinocytes.CTCF.MA0139.1.damo.pwm/ENCSR000ALJ.keratinocytes.CTCF.MA0139.1.damo.pwm-sites.masked.chr16.bed, results/tfbs-scan/hg38/scan/ENCSR000ALJ.keratinocytes.CTCF.MA0139.1.damo.pwm/ENCSR000ALJ.keratinocytes.CTCF.MA0139.1.damo.pwm-sites.masked.chr10.bed, results/tfbs-scan/hg38/scan/ENCSR000ALJ.keratinocytes.CTCF.MA0139.1.damo.pwm/ENCSR000ALJ.keratinocytes.CTCF.MA0139.1.damo.pwm-sites.masked.chrY.bed, results/tfbs-scan/hg38/scan/ENCSR000ALJ.keratinocytes.CTCF.MA0139.1.damo.pwm/ENCSR000ALJ.keratinocytes.CTCF.MA0139.1.damo.pwm-sites.masked.chr14.bed, results/tfbs-scan/hg38/scan/ENCSR000ALJ.keratinocytes.CTCF.MA0139.1.damo.pwm/ENCSR000ALJ.keratinocytes.CTCF.MA0139.1.damo.pwm-sites.masked.chr13.bed, results/tfbs-scan/hg38/scan/ENCSR000ALJ.keratinocytes.CTCF.MA0139.1.damo.pwm/ENCSR000ALJ.keratinocytes.CTCF.MA0139.1.damo.pwm-sites.masked.chr15.bed, results/tfbs-scan/hg38/scan/ENCSR000ALJ.keratinocytes.CTCF.MA0139.1.damo.pwm/ENCSR000ALJ.keratinocytes.CTCF.MA0139.1.damo.pwm-sites.masked.chr20.bed, results/tfbs-scan/hg38/scan/ENCSR000ALJ.keratinocytes.CTCF.MA0139.1.damo.pwm/ENCSR000ALJ.keratinocytes.CTCF.MA0139.1.damo.pwm-sites.masked.chr4.bed, results/tfbs-scan/hg38/scan/ENCSR000ALJ.keratinocytes.CTCF.MA0139.1.damo.pwm/ENCSR000ALJ.keratinocytes.CTCF.MA0139.1.damo.pwm-sites.masked.chr11.bed, results/tfbs-scan/hg38/scan/ENCSR000ALJ.keratinocytes.CTCF.MA0139.1.damo.pwm/ENCSR000ALJ.keratinocytes.CTCF.MA0139.1.damo.pwm-sites.masked.chr8.bed, results/tfbs-scan/hg38/scan/ENCSR000ALJ.keratinocytes.CTCF.MA0139.1.damo.pwm/ENCSR000ALJ.keratinocytes.CTCF.MA0139.1.damo.pwm-sites.masked.chr21.bed, results/tfbs-scan/hg38/scan/ENCSR000ALJ.keratinocytes.CTCF.MA0139.1.damo.pwm/ENCSR000ALJ.keratinocytes.CTCF.MA0139.1.damo.pwm-sites.masked.chr6.bed, results/tfbs-scan/hg38/scan/ENCSR000ALJ.keratinocytes.CTCF.MA0139.1.damo.pwm/ENCSR000ALJ.keratinocytes.CTCF.MA0139.1.damo.pwm-sites.masked.chr19.bed

Activating conda environment: ../../../../../../../../../../../../../home/tubbsca/snakemake_condas/15eac168b67d44f04e70744dacff5721_
[Mon Jan 15 15:11:14 2024]
Finished job 58.
144 of 150 steps (96%) done
[Mon Jan 15 15:11:14 2024]
Finished job 29.
145 of 150 steps (97%) done
Select jobs to execute...

[Mon Jan 15 15:11:14 2024]
Job 28: 
        Assembles individual chromosome scans into genome sites file.
        
Reason: Missing output files: results/tfbs-scan/hg38/scan/ENCSR000AHD.MCF7_Invasive_ductal_breast_carcinoma.CTCF.MA0139.1.damo.pwm/ENCSR000AHD.MCF7_Invasive_ductal_breast_carcinoma.CTCF.MA0139.1.damo.pwm-sites.masked.genome.sorted.bed.gz; Input files updated by another job: results/tfbs-scan/hg38/scan/ENCSR000AHD.MCF7_Invasive_ductal_breast_carcinoma.CTCF.MA0139.1.damo.pwm/ENCSR000AHD.MCF7_Invasive_ductal_breast_carcinoma.CTCF.MA0139.1.damo.pwm-sites.masked.chr16.bed, results/tfbs-scan/hg38/scan/ENCSR000AHD.MCF7_Invasive_ductal_breast_carcinoma.CTCF.MA0139.1.damo.pwm/ENCSR000AHD.MCF7_Invasive_ductal_breast_carcinoma.CTCF.MA0139.1.damo.pwm-sites.masked.chrX.bed, results/tfbs-scan/hg38/scan/ENCSR000AHD.MCF7_Invasive_ductal_breast_carcinoma.CTCF.MA0139.1.damo.pwm/ENCSR000AHD.MCF7_Invasive_ductal_breast_carcinoma.CTCF.MA0139.1.damo.pwm-sites.masked.chr13.bed, results/tfbs-scan/hg38/scan/ENCSR000AHD.MCF7_Invasive_ductal_breast_carcinoma.CTCF.MA0139.1.damo.pwm/ENCSR000AHD.MCF7_Invasive_ductal_breast_carcinoma.CTCF.MA0139.1.damo.pwm-sites.masked.chr14.bed, results/tfbs-scan/hg38/scan/ENCSR000AHD.MCF7_Invasive_ductal_breast_carcinoma.CTCF.MA0139.1.damo.pwm/ENCSR000AHD.MCF7_Invasive_ductal_breast_carcinoma.CTCF.MA0139.1.damo.pwm-sites.masked.chr4.bed, results/tfbs-scan/hg38/scan/ENCSR000AHD.MCF7_Invasive_ductal_breast_carcinoma.CTCF.MA0139.1.damo.pwm/ENCSR000AHD.MCF7_Invasive_ductal_breast_carcinoma.CTCF.MA0139.1.damo.pwm-sites.masked.chr19.bed, results/tfbs-scan/hg38/scan/ENCSR000AHD.MCF7_Invasive_ductal_breast_carcinoma.CTCF.MA0139.1.damo.pwm/ENCSR000AHD.MCF7_Invasive_ductal_breast_carcinoma.CTCF.MA0139.1.damo.pwm-sites.masked.chr22.bed, results/tfbs-scan/hg38/scan/ENCSR000AHD.MCF7_Invasive_ductal_breast_carcinoma.CTCF.MA0139.1.damo.pwm/ENCSR000AHD.MCF7_Invasive_ductal_breast_carcinoma.CTCF.MA0139.1.damo.pwm-sites.masked.chr10.bed, results/tfbs-scan/hg38/scan/ENCSR000AHD.MCF7_Invasive_ductal_breast_carcinoma.CTCF.MA0139.1.damo.pwm/ENCSR000AHD.MCF7_Invasive_ductal_breast_carcinoma.CTCF.MA0139.1.damo.pwm-sites.masked.chr17.bed, results/tfbs-scan/hg38/scan/ENCSR000AHD.MCF7_Invasive_ductal_breast_carcinoma.CTCF.MA0139.1.damo.pwm/ENCSR000AHD.MCF7_Invasive_ductal_breast_carcinoma.CTCF.MA0139.1.damo.pwm-sites.masked.chr18.bed, results/tfbs-scan/hg38/scan/ENCSR000AHD.MCF7_Invasive_ductal_breast_carcinoma.CTCF.MA0139.1.damo.pwm/ENCSR000AHD.MCF7_Invasive_ductal_breast_carcinoma.CTCF.MA0139.1.damo.pwm-sites.masked.chr1.bed, results/tfbs-scan/hg38/scan/ENCSR000AHD.MCF7_Invasive_ductal_breast_carcinoma.CTCF.MA0139.1.damo.pwm/ENCSR000AHD.MCF7_Invasive_ductal_breast_carcinoma.CTCF.MA0139.1.damo.pwm-sites.masked.chr6.bed, results/tfbs-scan/hg38/scan/ENCSR000AHD.MCF7_Invasive_ductal_breast_carcinoma.CTCF.MA0139.1.damo.pwm/ENCSR000AHD.MCF7_Invasive_ductal_breast_carcinoma.CTCF.MA0139.1.damo.pwm-sites.masked.chr20.bed, results/tfbs-scan/hg38/scan/ENCSR000AHD.MCF7_Invasive_ductal_breast_carcinoma.CTCF.MA0139.1.damo.pwm/ENCSR000AHD.MCF7_Invasive_ductal_breast_carcinoma.CTCF.MA0139.1.damo.pwm-sites.masked.chr11.bed, results/tfbs-scan/hg38/scan/ENCSR000AHD.MCF7_Invasive_ductal_breast_carcinoma.CTCF.MA0139.1.damo.pwm/ENCSR000AHD.MCF7_Invasive_ductal_breast_carcinoma.CTCF.MA0139.1.damo.pwm-sites.masked.chr7.bed, results/tfbs-scan/hg38/scan/ENCSR000AHD.MCF7_Invasive_ductal_breast_carcinoma.CTCF.MA0139.1.damo.pwm/ENCSR000AHD.MCF7_Invasive_ductal_breast_carcinoma.CTCF.MA0139.1.damo.pwm-sites.masked.chr3.bed, results/tfbs-scan/hg38/scan/ENCSR000AHD.MCF7_Invasive_ductal_breast_carcinoma.CTCF.MA0139.1.damo.pwm/ENCSR000AHD.MCF7_Invasive_ductal_breast_carcinoma.CTCF.MA0139.1.damo.pwm-sites.masked.chr2.bed, results/tfbs-scan/hg38/scan/ENCSR000AHD.MCF7_Invasive_ductal_breast_carcinoma.CTCF.MA0139.1.damo.pwm/ENCSR000AHD.MCF7_Invasive_ductal_breast_carcinoma.CTCF.MA0139.1.damo.pwm-sites.masked.chr5.bed, results/tfbs-scan/hg38/scan/ENCSR000AHD.MCF7_Invasive_ductal_breast_carcinoma.CTCF.MA0139.1.damo.pwm/ENCSR000AHD.MCF7_Invasive_ductal_breast_carcinoma.CTCF.MA0139.1.damo.pwm-sites.masked.chrY.bed, results/tfbs-scan/hg38/scan/ENCSR000AHD.MCF7_Invasive_ductal_breast_carcinoma.CTCF.MA0139.1.damo.pwm/ENCSR000AHD.MCF7_Invasive_ductal_breast_carcinoma.CTCF.MA0139.1.damo.pwm-sites.masked.chr8.bed, results/tfbs-scan/hg38/scan/ENCSR000AHD.MCF7_Invasive_ductal_breast_carcinoma.CTCF.MA0139.1.damo.pwm/ENCSR000AHD.MCF7_Invasive_ductal_breast_carcinoma.CTCF.MA0139.1.damo.pwm-sites.masked.chr21.bed, results/tfbs-scan/hg38/scan/ENCSR000AHD.MCF7_Invasive_ductal_breast_carcinoma.CTCF.MA0139.1.damo.pwm/ENCSR000AHD.MCF7_Invasive_ductal_breast_carcinoma.CTCF.MA0139.1.damo.pwm-sites.masked.chr15.bed, results/tfbs-scan/hg38/scan/ENCSR000AHD.MCF7_Invasive_ductal_breast_carcinoma.CTCF.MA0139.1.damo.pwm/ENCSR000AHD.MCF7_Invasive_ductal_breast_carcinoma.CTCF.MA0139.1.damo.pwm-sites.masked.chr9.bed, results/tfbs-scan/hg38/scan/ENCSR000AHD.MCF7_Invasive_ductal_breast_carcinoma.CTCF.MA0139.1.damo.pwm/ENCSR000AHD.MCF7_Invasive_ductal_breast_carcinoma.CTCF.MA0139.1.damo.pwm-sites.masked.chr12.bed

Activating conda environment: ../../../../../../../../../../../../../home/tubbsca/snakemake_condas/15eac168b67d44f04e70744dacff5721_
[Mon Jan 15 15:11:22 2024]
Finished job 87.
146 of 150 steps (97%) done
[Mon Jan 15 15:11:22 2024]
Finished job 116.
147 of 150 steps (98%) done
[Mon Jan 15 15:11:22 2024]
Finished job 145.
148 of 150 steps (99%) done
[Mon Jan 15 15:11:31 2024]
Finished job 28.
149 of 150 steps (99%) done
Select jobs to execute...

[Mon Jan 15 15:11:31 2024]
Job 0: 
        DEPLOYING TFBS-SCAN...
        
Reason: Input files updated by another job: results/tfbs-scan/hg38/mask/chr20.fa, results/tfbs-scan/hg38/mask/chr5.fa, results/tfbs-scan/hg38/mask/chr7.fa, results/tfbs-scan/hg38/mask/chrY.fa, results/tfbs-scan/hg38/mask/chr3.fa, results/tfbs-scan/hg38/mask/chr15.fa, results/tfbs-scan/hg38/mask/chr14.fa, results/tfbs-scan/hg38/mask/chr17.fa, results/tfbs-scan/hg38/mask/chr13.fa, results/tfbs-scan/hg38/scan/ENCSR000ALJ.keratinocytes.CTCF.MA0139.1.damo.pwm/ENCSR000ALJ.keratinocytes.CTCF.MA0139.1.damo.pwm-sites.masked.genome.sorted.bed.gz, results/tfbs-scan/hg38/mask/chr11.fa, results/tfbs-scan/hg38/mask/chr6.fa, results/tfbs-scan/hg38/mask/chr21.fa, results/tfbs-scan/hg38/mask/chrX.fa, results/tfbs-scan/hg38/mask/chr12.fa, results/tfbs-scan/hg38/mask/chr22.fa, results/tfbs-scan/hg38/mask/chr4.fa, results/tfbs-scan/hg38/mask/chr8.fa, results/tfbs-scan/hg38/scan/ENCSR000ATM.K562_myelogenous_leukemia.REST.MA0138.2.damo.pwm/ENCSR000ATM.K562_myelogenous_leukemia.REST.MA0138.2.damo.pwm-sites.masked.genome.sorted.bed.gz, results/tfbs-scan/hg38/scan/ENCSR000ANO.normal_lung_fibroblasts.CTCF.MA0139.1.damo.pwm/ENCSR000ANO.normal_lung_fibroblasts.CTCF.MA0139.1.damo.pwm-sites.masked.genome.sorted.bed.gz, results/tfbs-scan/hg38/mask/chr10.fa, results/tfbs-scan/hg38/scan/ENCSR000AOO.astrocytes.CTCF.MA0139.1.damo.pwm/ENCSR000AOO.astrocytes.CTCF.MA0139.1.damo.pwm-sites.masked.genome.sorted.bed.gz, results/tfbs-scan/hg38/mask/chr19.fa, results/tfbs-scan/hg38/mask/chr1.fa, results/tfbs-scan/hg38/mask/chr16.fa, results/tfbs-scan/hg38/mask/chr18.fa, results/tfbs-scan/hg38/mask/chr9.fa, results/tfbs-scan/hg38/mask/chr2.fa, results/tfbs-scan/hg38/scan/ENCSR000AHD.MCF7_Invasive_ductal_breast_carcinoma.CTCF.MA0139.1.damo.pwm/ENCSR000AHD.MCF7_Invasive_ductal_breast_carcinoma.CTCF.MA0139.1.damo.pwm-sites.masked.genome.sorted.bed.gz

[Mon Jan 15 15:11:31 2024]
Finished job 0.
150 of 150 steps (100%) done
Complete log: .snakemake/log/2024-01-15T150939.641602.snakemake.log
