Building DAG of jobs...
Your conda installation is not configured to use strict channel priorities. This is however crucial for having robust and correct environments (for details, see https://conda-forge.org/docs/user/tipsandtricks.html). Please consider to configure strict priorities by executing 'conda config --set channel_priority strict'.
Using shell: /usr/bin/bash
Provided cores: 24
Rules claiming more threads will be scaled down.
Job stats:
job                     count
--------------------  -------
all                         1
scan_assemble_scan          2
scan_scan_chromosome       48
total                      51

Select jobs to execute...

[Mon Jan 15 06:05:23 2024]
Job 39: 
        Scans reference genome for matches againts input motif.
        Output compressed.
        
Reason: Missing output files: results/tfbs-scan/hg38/scan/ENCSR000AHD.MCF7_Invasive_ductal_breast_carcinoma.CTCF.MA0139.1.damo.pwm/ENCSR000AHD.MCF7_Invasive_ductal_breast_carcinoma.CTCF.MA0139.1.damo.pwm-sites.masked.chr6.bed


Activating conda environment: ../../../../../../../../../../../../../home/tubbsca/snakemake_condas/15eac168b67d44f04e70744dacff5721_
[Mon Jan 15 06:05:23 2024]
Job 67: 
        Scans reference genome for matches againts input motif.
        Output compressed.
        
Reason: Missing output files: results/tfbs-scan/hg38/scan/ENCSR000ATM.K562_myelogenous_leukemia.REST.MA0138.2.damo.pwm/ENCSR000ATM.K562_myelogenous_leukemia.REST.MA0138.2.damo.pwm-sites.masked.chr6.bed

Activating conda environment: ../../../../../../../../../../../../../home/tubbsca/snakemake_condas/15eac168b67d44f04e70744dacff5721_

[Mon Jan 15 06:05:23 2024]
Job 29: 
        Scans reference genome for matches againts input motif.
        Output compressed.
        
Reason: Missing output files: results/tfbs-scan/hg38/scan/ENCSR000AHD.MCF7_Invasive_ductal_breast_carcinoma.CTCF.MA0139.1.damo.pwm/ENCSR000AHD.MCF7_Invasive_ductal_breast_carcinoma.CTCF.MA0139.1.damo.pwm-sites.masked.chr1.bed

Activating conda environment: ../../../../../../../../../../../../../home/tubbsca/snakemake_condas/15eac168b67d44f04e70744dacff5721_

[Mon Jan 15 06:05:23 2024]
Job 68: 
        Scans reference genome for matches againts input motif.
        Output compressed.
        
Reason: Missing output files: results/tfbs-scan/hg38/scan/ENCSR000ATM.K562_myelogenous_leukemia.REST.MA0138.2.damo.pwm/ENCSR000ATM.K562_myelogenous_leukemia.REST.MA0138.2.damo.pwm-sites.masked.chr7.bed

Activating conda environment: ../../../../../../../../../../../../../home/tubbsca/snakemake_condas/15eac168b67d44f04e70744dacff5721_

[Mon Jan 15 06:05:23 2024]
Job 40: 
        Scans reference genome for matches againts input motif.
        Output compressed.
        
Reason: Missing output files: results/tfbs-scan/hg38/scan/ENCSR000AHD.MCF7_Invasive_ductal_breast_carcinoma.CTCF.MA0139.1.damo.pwm/ENCSR000AHD.MCF7_Invasive_ductal_breast_carcinoma.CTCF.MA0139.1.damo.pwm-sites.masked.chr7.bed

Activating conda environment: ../../../../../../../../../../../../../home/tubbsca/snakemake_condas/15eac168b67d44f04e70744dacff5721_

[Mon Jan 15 06:05:23 2024]
Job 41: 
        Scans reference genome for matches againts input motif.
        Output compressed.
        
Reason: Missing output files: results/tfbs-scan/hg38/scan/ENCSR000AHD.MCF7_Invasive_ductal_breast_carcinoma.CTCF.MA0139.1.damo.pwm/ENCSR000AHD.MCF7_Invasive_ductal_breast_carcinoma.CTCF.MA0139.1.damo.pwm-sites.masked.chr8.bed

Activating conda environment: ../../../../../../../../../../../../../home/tubbsca/snakemake_condas/15eac168b67d44f04e70744dacff5721_

[Mon Jan 15 06:05:23 2024]
Job 69: 
        Scans reference genome for matches againts input motif.
        Output compressed.
        
Reason: Missing output files: results/tfbs-scan/hg38/scan/ENCSR000ATM.K562_myelogenous_leukemia.REST.MA0138.2.damo.pwm/ENCSR000ATM.K562_myelogenous_leukemia.REST.MA0138.2.damo.pwm-sites.masked.chr8.bed

Activating conda environment: ../../../../../../../../../../../../../home/tubbsca/snakemake_condas/15eac168b67d44f04e70744dacff5721_

[Mon Jan 15 06:05:23 2024]
Job 35: 
        Scans reference genome for matches againts input motif.
        Output compressed.
        
Reason: Missing output files: results/tfbs-scan/hg38/scan/ENCSR000AHD.MCF7_Invasive_ductal_breast_carcinoma.CTCF.MA0139.1.damo.pwm/ENCSR000AHD.MCF7_Invasive_ductal_breast_carcinoma.CTCF.MA0139.1.damo.pwm-sites.masked.chr2.bed

Activating conda environment: ../../../../../../../../../../../../../home/tubbsca/snakemake_condas/15eac168b67d44f04e70744dacff5721_

[Mon Jan 15 06:05:23 2024]
Job 63: 
        Scans reference genome for matches againts input motif.
        Output compressed.
        
Reason: Missing output files: results/tfbs-scan/hg38/scan/ENCSR000ATM.K562_myelogenous_leukemia.REST.MA0138.2.damo.pwm/ENCSR000ATM.K562_myelogenous_leukemia.REST.MA0138.2.damo.pwm-sites.masked.chr2.bed

Activating conda environment: ../../../../../../../../../../../../../home/tubbsca/snakemake_condas/15eac168b67d44f04e70744dacff5721_

[Mon Jan 15 06:05:23 2024]
Job 56: 
        Scans reference genome for matches againts input motif.
        Output compressed.
        
Reason: Missing output files: results/tfbs-scan/hg38/scan/ENCSR000AHD.MCF7_Invasive_ductal_breast_carcinoma.CTCF.MA0139.1.damo.pwm/ENCSR000AHD.MCF7_Invasive_ductal_breast_carcinoma.CTCF.MA0139.1.damo.pwm-sites.masked.chrX.bed

Activating conda environment: ../../../../../../../../../../../../../home/tubbsca/snakemake_condas/15eac168b67d44f04e70744dacff5721_

[Mon Jan 15 06:05:23 2024]
Job 84: 
        Scans reference genome for matches againts input motif.
        Output compressed.
        
Reason: Missing output files: results/tfbs-scan/hg38/scan/ENCSR000ATM.K562_myelogenous_leukemia.REST.MA0138.2.damo.pwm/ENCSR000ATM.K562_myelogenous_leukemia.REST.MA0138.2.damo.pwm-sites.masked.chrX.bed

Activating conda environment: ../../../../../../../../../../../../../home/tubbsca/snakemake_condas/15eac168b67d44f04e70744dacff5721_

[Mon Jan 15 06:05:23 2024]
Job 70: 
        Scans reference genome for matches againts input motif.
        Output compressed.
        
Reason: Missing output files: results/tfbs-scan/hg38/scan/ENCSR000ATM.K562_myelogenous_leukemia.REST.MA0138.2.damo.pwm/ENCSR000ATM.K562_myelogenous_leukemia.REST.MA0138.2.damo.pwm-sites.masked.chr9.bed

Activating conda environment: ../../../../../../../../../../../../../home/tubbsca/snakemake_condas/15eac168b67d44f04e70744dacff5721_

[Mon Jan 15 06:05:23 2024]
Job 42: 
        Scans reference genome for matches againts input motif.
        Output compressed.
        
Reason: Missing output files: results/tfbs-scan/hg38/scan/ENCSR000AHD.MCF7_Invasive_ductal_breast_carcinoma.CTCF.MA0139.1.damo.pwm/ENCSR000AHD.MCF7_Invasive_ductal_breast_carcinoma.CTCF.MA0139.1.damo.pwm-sites.masked.chr9.bed

Activating conda environment: ../../../../../../../../../../../../../home/tubbsca/snakemake_condas/15eac168b67d44f04e70744dacff5721_

[Mon Jan 15 06:05:23 2024]
Job 64: 
        Scans reference genome for matches againts input motif.
        Output compressed.
        
Reason: Missing output files: results/tfbs-scan/hg38/scan/ENCSR000ATM.K562_myelogenous_leukemia.REST.MA0138.2.damo.pwm/ENCSR000ATM.K562_myelogenous_leukemia.REST.MA0138.2.damo.pwm-sites.masked.chr3.bed

Activating conda environment: ../../../../../../../../../../../../../home/tubbsca/snakemake_condas/15eac168b67d44f04e70744dacff5721_

[Mon Jan 15 06:05:23 2024]
Job 36: 
        Scans reference genome for matches againts input motif.
        Output compressed.
        
Reason: Missing output files: results/tfbs-scan/hg38/scan/ENCSR000AHD.MCF7_Invasive_ductal_breast_carcinoma.CTCF.MA0139.1.damo.pwm/ENCSR000AHD.MCF7_Invasive_ductal_breast_carcinoma.CTCF.MA0139.1.damo.pwm-sites.masked.chr3.bed

Activating conda environment: ../../../../../../../../../../../../../home/tubbsca/snakemake_condas/15eac168b67d44f04e70744dacff5721_

[Mon Jan 15 06:05:23 2024]
Job 43: 
        Scans reference genome for matches againts input motif.
        Output compressed.
        
Reason: Missing output files: results/tfbs-scan/hg38/scan/ENCSR000AHD.MCF7_Invasive_ductal_breast_carcinoma.CTCF.MA0139.1.damo.pwm/ENCSR000AHD.MCF7_Invasive_ductal_breast_carcinoma.CTCF.MA0139.1.damo.pwm-sites.masked.chr10.bed

Activating conda environment: ../../../../../../../../../../../../../home/tubbsca/snakemake_condas/15eac168b67d44f04e70744dacff5721_

[Mon Jan 15 06:05:23 2024]
Job 71: 
        Scans reference genome for matches againts input motif.
        Output compressed.
        
Reason: Missing output files: results/tfbs-scan/hg38/scan/ENCSR000ATM.K562_myelogenous_leukemia.REST.MA0138.2.damo.pwm/ENCSR000ATM.K562_myelogenous_leukemia.REST.MA0138.2.damo.pwm-sites.masked.chr10.bed


[Mon Jan 15 06:05:23 2024]
Job 37: 
        Scans reference genome for matches againts input motif.
        Output compressed.
        
Activating conda environment: ../../../../../../../../../../../../../home/tubbsca/snakemake_condas/15eac168b67d44f04e70744dacff5721_
Reason: Missing output files: results/tfbs-scan/hg38/scan/ENCSR000AHD.MCF7_Invasive_ductal_breast_carcinoma.CTCF.MA0139.1.damo.pwm/ENCSR000AHD.MCF7_Invasive_ductal_breast_carcinoma.CTCF.MA0139.1.damo.pwm-sites.masked.chr4.bed

Activating conda environment: ../../../../../../../../../../../../../home/tubbsca/snakemake_condas/15eac168b67d44f04e70744dacff5721_

[Mon Jan 15 06:05:23 2024]
Job 65: 
        Scans reference genome for matches againts input motif.
        Output compressed.
        
Reason: Missing output files: results/tfbs-scan/hg38/scan/ENCSR000ATM.K562_myelogenous_leukemia.REST.MA0138.2.damo.pwm/ENCSR000ATM.K562_myelogenous_leukemia.REST.MA0138.2.damo.pwm-sites.masked.chr4.bed

Activating conda environment: ../../../../../../../../../../../../../home/tubbsca/snakemake_condas/15eac168b67d44f04e70744dacff5721_

[Mon Jan 15 06:05:23 2024]
Job 44: 
        Scans reference genome for matches againts input motif.
        Output compressed.
        
Reason: Missing output files: results/tfbs-scan/hg38/scan/ENCSR000AHD.MCF7_Invasive_ductal_breast_carcinoma.CTCF.MA0139.1.damo.pwm/ENCSR000AHD.MCF7_Invasive_ductal_breast_carcinoma.CTCF.MA0139.1.damo.pwm-sites.masked.chr11.bed

Activating conda environment: ../../../../../../../../../../../../../home/tubbsca/snakemake_condas/15eac168b67d44f04e70744dacff5721_

[Mon Jan 15 06:05:23 2024]
Job 58: 
        Scans reference genome for matches againts input motif.
        Output compressed.
        
Reason: Missing output files: results/tfbs-scan/hg38/scan/ENCSR000ATM.K562_myelogenous_leukemia.REST.MA0138.2.damo.pwm/ENCSR000ATM.K562_myelogenous_leukemia.REST.MA0138.2.damo.pwm-sites.masked.chr1.bed

Activating conda environment: ../../../../../../../../../../../../../home/tubbsca/snakemake_condas/15eac168b67d44f04e70744dacff5721_

[Mon Jan 15 06:05:23 2024]
Job 72: 
        Scans reference genome for matches againts input motif.
        Output compressed.
        
Reason: Missing output files: results/tfbs-scan/hg38/scan/ENCSR000ATM.K562_myelogenous_leukemia.REST.MA0138.2.damo.pwm/ENCSR000ATM.K562_myelogenous_leukemia.REST.MA0138.2.damo.pwm-sites.masked.chr11.bed

Activating conda environment: ../../../../../../../../../../../../../home/tubbsca/snakemake_condas/15eac168b67d44f04e70744dacff5721_

[Mon Jan 15 06:05:23 2024]
Job 38: 
        Scans reference genome for matches againts input motif.
        Output compressed.
        
Reason: Missing output files: results/tfbs-scan/hg38/scan/ENCSR000AHD.MCF7_Invasive_ductal_breast_carcinoma.CTCF.MA0139.1.damo.pwm/ENCSR000AHD.MCF7_Invasive_ductal_breast_carcinoma.CTCF.MA0139.1.damo.pwm-sites.masked.chr5.bed


[Mon Jan 15 06:05:23 2024]
Job 66: 
        Scans reference genome for matches againts input motif.
        Output compressed.
        
Reason: Missing output files: results/tfbs-scan/hg38/scan/ENCSR000ATM.K562_myelogenous_leukemia.REST.MA0138.2.damo.pwm/ENCSR000ATM.K562_myelogenous_leukemia.REST.MA0138.2.damo.pwm-sites.masked.chr5.bed

Activating conda environment: ../../../../../../../../../../../../../home/tubbsca/snakemake_condas/15eac168b67d44f04e70744dacff5721_
Activating conda environment: ../../../../../../../../../../../../../home/tubbsca/snakemake_condas/15eac168b67d44f04e70744dacff5721_
Terminating processes on user request, this might take some time.
[Mon Jan 15 06:05:46 2024]
Error in rule scan_scan_chromosome:
    jobid: 40
    input: results/tfbs-scan/IntLogOdds/ENCSR000AHD.MCF7_Invasive_ductal_breast_carcinoma.CTCF.MA0139.1.damo.pwm.IntLogOdds, results/tfbs-scan/hg38/scan/ENCSR000AHD.MCF7_Invasive_ductal_breast_carcinoma.CTCF.MA0139.1.damo.pwm/ENCSR000AHD.MCF7_Invasive_ductal_breast_carcinoma.CTCF.MA0139.1.damo.pwm-coeff.txt, results/tfbs-scan/hg38/mask/split/chr7.fa, resources/software/PWMScan/matrix_scan
    output: results/tfbs-scan/hg38/scan/ENCSR000AHD.MCF7_Invasive_ductal_breast_carcinoma.CTCF.MA0139.1.damo.pwm/ENCSR000AHD.MCF7_Invasive_ductal_breast_carcinoma.CTCF.MA0139.1.damo.pwm-sites.masked.chr7.bed
    log: workflow/logs/scan_chromosome_ENCSR000AHD.MCF7_Invasive_ductal_breast_carcinoma.CTCF.MA0139.1.damo.pwm_hg38_chr7.stdout, workflow/logs/scan_chromosome_ENCSR000AHD.MCF7_Invasive_ductal_breast_carcinoma.CTCF.MA0139.1.damo.pwm_hg38_chr7.stderr (check log file(s) for error details)
    conda-env: /home/tubbsca/snakemake_condas/15eac168b67d44f04e70744dacff5721_
    shell:
        
        resources/software/PWMScan/matrix_scan -m results/tfbs-scan/IntLogOdds/ENCSR000AHD.MCF7_Invasive_ductal_breast_carcinoma.CTCF.MA0139.1.damo.pwm.IntLogOdds -c $(cat results/tfbs-scan/hg38/scan/ENCSR000AHD.MCF7_Invasive_ductal_breast_carcinoma.CTCF.MA0139.1.damo.pwm/ENCSR000AHD.MCF7_Invasive_ductal_breast_carcinoma.CTCF.MA0139.1.damo.pwm-coeff.txt) results/tfbs-scan/hg38/mask/split/chr7.fa results/tfbs-scan/hg38/scan/ENCSR000AHD.MCF7_Invasive_ductal_breast_carcinoma.CTCF.MA0139.1.damo.pwm/ENCSR000AHD.MCF7_Invasive_ductal_breast_carcinoma.CTCF.MA0139.1.damo.pwm-sites.masked.chr7.bed
        
        (one of the commands exited with non-zero exit code; note that snakemake uses bash strict mode!)

[Mon Jan 15 06:05:46 2024]
[Mon Jan 15 06:05:46 2024]
Error in rule scan_scan_chromosome:
    jobid: 39
    input: results/tfbs-scan/IntLogOdds/ENCSR000AHD.MCF7_Invasive_ductal_breast_carcinoma.CTCF.MA0139.1.damo.pwm.IntLogOdds, results/tfbs-scan/hg38/scan/ENCSR000AHD.MCF7_Invasive_ductal_breast_carcinoma.CTCF.MA0139.1.damo.pwm/ENCSR000AHD.MCF7_Invasive_ductal_breast_carcinoma.CTCF.MA0139.1.damo.pwm-coeff.txt, results/tfbs-scan/hg38/mask/split/chr6.fa, resources/software/PWMScan/matrix_scan
    output: results/tfbs-scan/hg38/scan/ENCSR000AHD.MCF7_Invasive_ductal_breast_carcinoma.CTCF.MA0139.1.damo.pwm/ENCSR000AHD.MCF7_Invasive_ductal_breast_carcinoma.CTCF.MA0139.1.damo.pwm-sites.masked.chr6.bed
    log: workflow/logs/scan_chromosome_ENCSR000AHD.MCF7_Invasive_ductal_breast_carcinoma.CTCF.MA0139.1.damo.pwm_hg38_chr6.stdout, workflow/logs/scan_chromosome_ENCSR000AHD.MCF7_Invasive_ductal_breast_carcinoma.CTCF.MA0139.1.damo.pwm_hg38_chr6.stderr (check log file(s) for error details)
    conda-env: /home/tubbsca/snakemake_condas/15eac168b67d44f04e70744dacff5721_
    shell:
        
        resources/software/PWMScan/matrix_scan -m results/tfbs-scan/IntLogOdds/ENCSR000AHD.MCF7_Invasive_ductal_breast_carcinoma.CTCF.MA0139.1.damo.pwm.IntLogOdds -c $(cat results/tfbs-scan/hg38/scan/ENCSR000AHD.MCF7_Invasive_ductal_breast_carcinoma.CTCF.MA0139.1.damo.pwm/ENCSR000AHD.MCF7_Invasive_ductal_breast_carcinoma.CTCF.MA0139.1.damo.pwm-coeff.txt) results/tfbs-scan/hg38/mask/split/chr6.fa results/tfbs-scan/hg38/scan/ENCSR000AHD.MCF7_Invasive_ductal_breast_carcinoma.CTCF.MA0139.1.damo.pwm/ENCSR000AHD.MCF7_Invasive_ductal_breast_carcinoma.CTCF.MA0139.1.damo.pwm-sites.masked.chr6.bed
        
        (one of the commands exited with non-zero exit code; note that snakemake uses bash strict mode!)

Error in rule scan_scan_chromosome:
    jobid: 70
    input: results/tfbs-scan/IntLogOdds/ENCSR000ATM.K562_myelogenous_leukemia.REST.MA0138.2.damo.pwm.IntLogOdds, results/tfbs-scan/hg38/scan/ENCSR000ATM.K562_myelogenous_leukemia.REST.MA0138.2.damo.pwm/ENCSR000ATM.K562_myelogenous_leukemia.REST.MA0138.2.damo.pwm-coeff.txt, results/tfbs-scan/hg38/mask/split/chr9.fa, resources/software/PWMScan/matrix_scan
    output: results/tfbs-scan/hg38/scan/ENCSR000ATM.K562_myelogenous_leukemia.REST.MA0138.2.damo.pwm/ENCSR000ATM.K562_myelogenous_leukemia.REST.MA0138.2.damo.pwm-sites.masked.chr9.bed
    log: workflow/logs/scan_chromosome_ENCSR000ATM.K562_myelogenous_leukemia.REST.MA0138.2.damo.pwm_hg38_chr9.stdout, workflow/logs/scan_chromosome_ENCSR000ATM.K562_myelogenous_leukemia.REST.MA0138.2.damo.pwm_hg38_chr9.stderr (check log file(s) for error details)
    conda-env: /home/tubbsca/snakemake_condas/15eac168b67d44f04e70744dacff5721_
    shell:
        
        resources/software/PWMScan/matrix_scan -m results/tfbs-scan/IntLogOdds/ENCSR000ATM.K562_myelogenous_leukemia.REST.MA0138.2.damo.pwm.IntLogOdds -c $(cat results/tfbs-scan/hg38/scan/ENCSR000ATM.K562_myelogenous_leukemia.REST.MA0138.2.damo.pwm/ENCSR000ATM.K562_myelogenous_leukemia.REST.MA0138.2.damo.pwm-coeff.txt) results/tfbs-scan/hg38/mask/split/chr9.fa results/tfbs-scan/hg38/scan/ENCSR000ATM.K562_myelogenous_leukemia.REST.MA0138.2.damo.pwm/ENCSR000ATM.K562_myelogenous_leukemia.REST.MA0138.2.damo.pwm-sites.masked.chr9.bed
        
        (one of the commands exited with non-zero exit code; note that snakemake uses bash strict mode!)

[Mon Jan 15 06:05:46 2024]
Error in rule scan_scan_chromosome:
    jobid: 42
    input: results/tfbs-scan/IntLogOdds/ENCSR000AHD.MCF7_Invasive_ductal_breast_carcinoma.CTCF.MA0139.1.damo.pwm.IntLogOdds, results/tfbs-scan/hg38/scan/ENCSR000AHD.MCF7_Invasive_ductal_breast_carcinoma.CTCF.MA0139.1.damo.pwm/ENCSR000AHD.MCF7_Invasive_ductal_breast_carcinoma.CTCF.MA0139.1.damo.pwm-coeff.txt, results/tfbs-scan/hg38/mask/split/chr9.fa, resources/software/PWMScan/matrix_scan
    output: results/tfbs-scan/hg38/scan/ENCSR000AHD.MCF7_Invasive_ductal_breast_carcinoma.CTCF.MA0139.1.damo.pwm/ENCSR000AHD.MCF7_Invasive_ductal_breast_carcinoma.CTCF.MA0139.1.damo.pwm-sites.masked.chr9.bed
    log: workflow/logs/scan_chromosome_ENCSR000AHD.MCF7_Invasive_ductal_breast_carcinoma.CTCF.MA0139.1.damo.pwm_hg38_chr9.stdout, workflow/logs/scan_chromosome_ENCSR000AHD.MCF7_Invasive_ductal_breast_carcinoma.CTCF.MA0139.1.damo.pwm_hg38_chr9.stderr (check log file(s) for error details)
    conda-env: /home/tubbsca/snakemake_condas/15eac168b67d44f04e70744dacff5721_
    shell:
        
        resources/software/PWMScan/matrix_scan -m results/tfbs-scan/IntLogOdds/ENCSR000AHD.MCF7_Invasive_ductal_breast_carcinoma.CTCF.MA0139.1.damo.pwm.IntLogOdds -c $(cat results/tfbs-scan/hg38/scan/ENCSR000AHD.MCF7_Invasive_ductal_breast_carcinoma.CTCF.MA0139.1.damo.pwm/ENCSR000AHD.MCF7_Invasive_ductal_breast_carcinoma.CTCF.MA0139.1.damo.pwm-coeff.txt) results/tfbs-scan/hg38/mask/split/chr9.fa results/tfbs-scan/hg38/scan/ENCSR000AHD.MCF7_Invasive_ductal_breast_carcinoma.CTCF.MA0139.1.damo.pwm/ENCSR000AHD.MCF7_Invasive_ductal_breast_carcinoma.CTCF.MA0139.1.damo.pwm-sites.masked.chr9.bed
        
        (one of the commands exited with non-zero exit code; note that snakemake uses bash strict mode!)

[Mon Jan 15 06:05:46 2024]
Error in rule scan_scan_chromosome:
    jobid: 44
    input: results/tfbs-scan/IntLogOdds/ENCSR000AHD.MCF7_Invasive_ductal_breast_carcinoma.CTCF.MA0139.1.damo.pwm.IntLogOdds, results/tfbs-scan/hg38/scan/ENCSR000AHD.MCF7_Invasive_ductal_breast_carcinoma.CTCF.MA0139.1.damo.pwm/ENCSR000AHD.MCF7_Invasive_ductal_breast_carcinoma.CTCF.MA0139.1.damo.pwm-coeff.txt, results/tfbs-scan/hg38/mask/split/chr11.fa, resources/software/PWMScan/matrix_scan
    output: results/tfbs-scan/hg38/scan/ENCSR000AHD.MCF7_Invasive_ductal_breast_carcinoma.CTCF.MA0139.1.damo.pwm/ENCSR000AHD.MCF7_Invasive_ductal_breast_carcinoma.CTCF.MA0139.1.damo.pwm-sites.masked.chr11.bed
    log: workflow/logs/scan_chromosome_ENCSR000AHD.MCF7_Invasive_ductal_breast_carcinoma.CTCF.MA0139.1.damo.pwm_hg38_chr11.stdout, workflow/logs/scan_chromosome_ENCSR000AHD.MCF7_Invasive_ductal_breast_carcinoma.CTCF.MA0139.1.damo.pwm_hg38_chr11.stderr (check log file(s) for error details)
    conda-env: /home/tubbsca/snakemake_condas/15eac168b67d44f04e70744dacff5721_
    shell:
        
        resources/software/PWMScan/matrix_scan -m results/tfbs-scan/IntLogOdds/ENCSR000AHD.MCF7_Invasive_ductal_breast_carcinoma.CTCF.MA0139.1.damo.pwm.IntLogOdds -c $(cat results/tfbs-scan/hg38/scan/ENCSR000AHD.MCF7_Invasive_ductal_breast_carcinoma.CTCF.MA0139.1.damo.pwm/ENCSR000AHD.MCF7_Invasive_ductal_breast_carcinoma.CTCF.MA0139.1.damo.pwm-coeff.txt) results/tfbs-scan/hg38/mask/split/chr11.fa results/tfbs-scan/hg38/scan/ENCSR000AHD.MCF7_Invasive_ductal_breast_carcinoma.CTCF.MA0139.1.damo.pwm/ENCSR000AHD.MCF7_Invasive_ductal_breast_carcinoma.CTCF.MA0139.1.damo.pwm-sites.masked.chr11.bed
        
        (one of the commands exited with non-zero exit code; note that snakemake uses bash strict mode!)

[Mon Jan 15 06:05:46 2024]
Error in rule scan_scan_chromosome:
    jobid: 68
    input: results/tfbs-scan/IntLogOdds/ENCSR000ATM.K562_myelogenous_leukemia.REST.MA0138.2.damo.pwm.IntLogOdds, results/tfbs-scan/hg38/scan/ENCSR000ATM.K562_myelogenous_leukemia.REST.MA0138.2.damo.pwm/ENCSR000ATM.K562_myelogenous_leukemia.REST.MA0138.2.damo.pwm-coeff.txt, results/tfbs-scan/hg38/mask/split/chr7.fa, resources/software/PWMScan/matrix_scan
    output: results/tfbs-scan/hg38/scan/ENCSR000ATM.K562_myelogenous_leukemia.REST.MA0138.2.damo.pwm/ENCSR000ATM.K562_myelogenous_leukemia.REST.MA0138.2.damo.pwm-sites.masked.chr7.bed
    log: workflow/logs/scan_chromosome_ENCSR000ATM.K562_myelogenous_leukemia.REST.MA0138.2.damo.pwm_hg38_chr7.stdout, workflow/logs/scan_chromosome_ENCSR000ATM.K562_myelogenous_leukemia.REST.MA0138.2.damo.pwm_hg38_chr7.stderr (check log file(s) for error details)
    conda-env: /home/tubbsca/snakemake_condas/15eac168b67d44f04e70744dacff5721_
    shell:
        
        resources/software/PWMScan/matrix_scan -m results/tfbs-scan/IntLogOdds/ENCSR000ATM.K562_myelogenous_leukemia.REST.MA0138.2.damo.pwm.IntLogOdds -c $(cat results/tfbs-scan/hg38/scan/ENCSR000ATM.K562_myelogenous_leukemia.REST.MA0138.2.damo.pwm/ENCSR000ATM.K562_myelogenous_leukemia.REST.MA0138.2.damo.pwm-coeff.txt) results/tfbs-scan/hg38/mask/split/chr7.fa results/tfbs-scan/hg38/scan/ENCSR000ATM.K562_myelogenous_leukemia.REST.MA0138.2.damo.pwm/ENCSR000ATM.K562_myelogenous_leukemia.REST.MA0138.2.damo.pwm-sites.masked.chr7.bed
        
        (one of the commands exited with non-zero exit code; note that snakemake uses bash strict mode!)

[Mon Jan 15 06:05:46 2024]
Error in rule scan_scan_chromosome:
    jobid: 66
    input: results/tfbs-scan/IntLogOdds/ENCSR000ATM.K562_myelogenous_leukemia.REST.MA0138.2.damo.pwm.IntLogOdds, results/tfbs-scan/hg38/scan/ENCSR000ATM.K562_myelogenous_leukemia.REST.MA0138.2.damo.pwm/ENCSR000ATM.K562_myelogenous_leukemia.REST.MA0138.2.damo.pwm-coeff.txt, results/tfbs-scan/hg38/mask/split/chr5.fa, resources/software/PWMScan/matrix_scan
    output: results/tfbs-scan/hg38/scan/ENCSR000ATM.K562_myelogenous_leukemia.REST.MA0138.2.damo.pwm/ENCSR000ATM.K562_myelogenous_leukemia.REST.MA0138.2.damo.pwm-sites.masked.chr5.bed
    log: workflow/logs/scan_chromosome_ENCSR000ATM.K562_myelogenous_leukemia.REST.MA0138.2.damo.pwm_hg38_chr5.stdout, workflow/logs/scan_chromosome_ENCSR000ATM.K562_myelogenous_leukemia.REST.MA0138.2.damo.pwm_hg38_chr5.stderr (check log file(s) for error details)
    conda-env: /home/tubbsca/snakemake_condas/15eac168b67d44f04e70744dacff5721_
    shell:
        
        resources/software/PWMScan/matrix_scan -m results/tfbs-scan/IntLogOdds/ENCSR000ATM.K562_myelogenous_leukemia.REST.MA0138.2.damo.pwm.IntLogOdds -c $(cat results/tfbs-scan/hg38/scan/ENCSR000ATM.K562_myelogenous_leukemia.REST.MA0138.2.damo.pwm/ENCSR000ATM.K562_myelogenous_leukemia.REST.MA0138.2.damo.pwm-coeff.txt) results/tfbs-scan/hg38/mask/split/chr5.fa results/tfbs-scan/hg38/scan/ENCSR000ATM.K562_myelogenous_leukemia.REST.MA0138.2.damo.pwm/ENCSR000ATM.K562_myelogenous_leukemia.REST.MA0138.2.damo.pwm-sites.masked.chr5.bed
        
        (one of the commands exited with non-zero exit code; note that snakemake uses bash strict mode!)

[Mon Jan 15 06:05:46 2024]
Error in rule scan_scan_chromosome:
    jobid: 67
    input: results/tfbs-scan/IntLogOdds/ENCSR000ATM.K562_myelogenous_leukemia.REST.MA0138.2.damo.pwm.IntLogOdds, results/tfbs-scan/hg38/scan/ENCSR000ATM.K562_myelogenous_leukemia.REST.MA0138.2.damo.pwm/ENCSR000ATM.K562_myelogenous_leukemia.REST.MA0138.2.damo.pwm-coeff.txt, results/tfbs-scan/hg38/mask/split/chr6.fa, resources/software/PWMScan/matrix_scan
    output: results/tfbs-scan/hg38/scan/ENCSR000ATM.K562_myelogenous_leukemia.REST.MA0138.2.damo.pwm/ENCSR000ATM.K562_myelogenous_leukemia.REST.MA0138.2.damo.pwm-sites.masked.chr6.bed
    log: workflow/logs/scan_chromosome_ENCSR000ATM.K562_myelogenous_leukemia.REST.MA0138.2.damo.pwm_hg38_chr6.stdout, workflow/logs/scan_chromosome_ENCSR000ATM.K562_myelogenous_leukemia.REST.MA0138.2.damo.pwm_hg38_chr6.stderr (check log file(s) for error details)
    conda-env: /home/tubbsca/snakemake_condas/15eac168b67d44f04e70744dacff5721_
    shell:
        
        resources/software/PWMScan/matrix_scan -m results/tfbs-scan/IntLogOdds/ENCSR000ATM.K562_myelogenous_leukemia.REST.MA0138.2.damo.pwm.IntLogOdds -c $(cat results/tfbs-scan/hg38/scan/ENCSR000ATM.K562_myelogenous_leukemia.REST.MA0138.2.damo.pwm/ENCSR000ATM.K562_myelogenous_leukemia.REST.MA0138.2.damo.pwm-coeff.txt) results/tfbs-scan/hg38/mask/split/chr6.fa results/tfbs-scan/hg38/scan/ENCSR000ATM.K562_myelogenous_leukemia.REST.MA0138.2.damo.pwm/ENCSR000ATM.K562_myelogenous_leukemia.REST.MA0138.2.damo.pwm-sites.masked.chr6.bed
        
        (one of the commands exited with non-zero exit code; note that snakemake uses bash strict mode!)

[Mon Jan 15 06:05:46 2024]
Error in rule scan_scan_chromosome:
    jobid: 72
    input: results/tfbs-scan/IntLogOdds/ENCSR000ATM.K562_myelogenous_leukemia.REST.MA0138.2.damo.pwm.IntLogOdds, results/tfbs-scan/hg38/scan/ENCSR000ATM.K562_myelogenous_leukemia.REST.MA0138.2.damo.pwm/ENCSR000ATM.K562_myelogenous_leukemia.REST.MA0138.2.damo.pwm-coeff.txt, results/tfbs-scan/hg38/mask/split/chr11.fa, resources/software/PWMScan/matrix_scan
    output: results/tfbs-scan/hg38/scan/ENCSR000ATM.K562_myelogenous_leukemia.REST.MA0138.2.damo.pwm/ENCSR000ATM.K562_myelogenous_leukemia.REST.MA0138.2.damo.pwm-sites.masked.chr11.bed
    log: workflow/logs/scan_chromosome_ENCSR000ATM.K562_myelogenous_leukemia.REST.MA0138.2.damo.pwm_hg38_chr11.stdout, workflow/logs/scan_chromosome_ENCSR000ATM.K562_myelogenous_leukemia.REST.MA0138.2.damo.pwm_hg38_chr11.stderr (check log file(s) for error details)
    conda-env: /home/tubbsca/snakemake_condas/15eac168b67d44f04e70744dacff5721_
    shell:
        
        resources/software/PWMScan/matrix_scan -m results/tfbs-scan/IntLogOdds/ENCSR000ATM.K562_myelogenous_leukemia.REST.MA0138.2.damo.pwm.IntLogOdds -c $(cat results/tfbs-scan/hg38/scan/ENCSR000ATM.K562_myelogenous_leukemia.REST.MA0138.2.damo.pwm/ENCSR000ATM.K562_myelogenous_leukemia.REST.MA0138.2.damo.pwm-coeff.txt) results/tfbs-scan/hg38/mask/split/chr11.fa results/tfbs-scan/hg38/scan/ENCSR000ATM.K562_myelogenous_leukemia.REST.MA0138.2.damo.pwm/ENCSR000ATM.K562_myelogenous_leukemia.REST.MA0138.2.damo.pwm-sites.masked.chr11.bed
        
        (one of the commands exited with non-zero exit code; note that snakemake uses bash strict mode!)

[Mon Jan 15 06:05:46 2024]
Error in rule scan_scan_chromosome:
    jobid: 65
    input: results/tfbs-scan/IntLogOdds/ENCSR000ATM.K562_myelogenous_leukemia.REST.MA0138.2.damo.pwm.IntLogOdds, results/tfbs-scan/hg38/scan/ENCSR000ATM.K562_myelogenous_leukemia.REST.MA0138.2.damo.pwm/ENCSR000ATM.K562_myelogenous_leukemia.REST.MA0138.2.damo.pwm-coeff.txt, results/tfbs-scan/hg38/mask/split/chr4.fa, resources/software/PWMScan/matrix_scan
    output: results/tfbs-scan/hg38/scan/ENCSR000ATM.K562_myelogenous_leukemia.REST.MA0138.2.damo.pwm/ENCSR000ATM.K562_myelogenous_leukemia.REST.MA0138.2.damo.pwm-sites.masked.chr4.bed
    log: workflow/logs/scan_chromosome_ENCSR000ATM.K562_myelogenous_leukemia.REST.MA0138.2.damo.pwm_hg38_chr4.stdout, workflow/logs/scan_chromosome_ENCSR000ATM.K562_myelogenous_leukemia.REST.MA0138.2.damo.pwm_hg38_chr4.stderr (check log file(s) for error details)
    conda-env: /home/tubbsca/snakemake_condas/15eac168b67d44f04e70744dacff5721_
    shell:
        
        resources/software/PWMScan/matrix_scan -m results/tfbs-scan/IntLogOdds/ENCSR000ATM.K562_myelogenous_leukemia.REST.MA0138.2.damo.pwm.IntLogOdds -c $(cat results/tfbs-scan/hg38/scan/ENCSR000ATM.K562_myelogenous_leukemia.REST.MA0138.2.damo.pwm/ENCSR000ATM.K562_myelogenous_leukemia.REST.MA0138.2.damo.pwm-coeff.txt) results/tfbs-scan/hg38/mask/split/chr4.fa results/tfbs-scan/hg38/scan/ENCSR000ATM.K562_myelogenous_leukemia.REST.MA0138.2.damo.pwm/ENCSR000ATM.K562_myelogenous_leukemia.REST.MA0138.2.damo.pwm-sites.masked.chr4.bed
        
        (one of the commands exited with non-zero exit code; note that snakemake uses bash strict mode!)

[Mon Jan 15 06:05:46 2024]
Error in rule scan_scan_chromosome:
    jobid: 43
    input: results/tfbs-scan/IntLogOdds/ENCSR000AHD.MCF7_Invasive_ductal_breast_carcinoma.CTCF.MA0139.1.damo.pwm.IntLogOdds, results/tfbs-scan/hg38/scan/ENCSR000AHD.MCF7_Invasive_ductal_breast_carcinoma.CTCF.MA0139.1.damo.pwm/ENCSR000AHD.MCF7_Invasive_ductal_breast_carcinoma.CTCF.MA0139.1.damo.pwm-coeff.txt, results/tfbs-scan/hg38/mask/split/chr10.fa, resources/software/PWMScan/matrix_scan
    output: results/tfbs-scan/hg38/scan/ENCSR000AHD.MCF7_Invasive_ductal_breast_carcinoma.CTCF.MA0139.1.damo.pwm/ENCSR000AHD.MCF7_Invasive_ductal_breast_carcinoma.CTCF.MA0139.1.damo.pwm-sites.masked.chr10.bed
    log: workflow/logs/scan_chromosome_ENCSR000AHD.MCF7_Invasive_ductal_breast_carcinoma.CTCF.MA0139.1.damo.pwm_hg38_chr10.stdout, workflow/logs/scan_chromosome_ENCSR000AHD.MCF7_Invasive_ductal_breast_carcinoma.CTCF.MA0139.1.damo.pwm_hg38_chr10.stderr (check log file(s) for error details)
    conda-env: /home/tubbsca/snakemake_condas/15eac168b67d44f04e70744dacff5721_
    shell:
        
        resources/software/PWMScan/matrix_scan -m results/tfbs-scan/IntLogOdds/ENCSR000AHD.MCF7_Invasive_ductal_breast_carcinoma.CTCF.MA0139.1.damo.pwm.IntLogOdds -c $(cat results/tfbs-scan/hg38/scan/ENCSR000AHD.MCF7_Invasive_ductal_breast_carcinoma.CTCF.MA0139.1.damo.pwm/ENCSR000AHD.MCF7_Invasive_ductal_breast_carcinoma.CTCF.MA0139.1.damo.pwm-coeff.txt) results/tfbs-scan/hg38/mask/split/chr10.fa results/tfbs-scan/hg38/scan/ENCSR000AHD.MCF7_Invasive_ductal_breast_carcinoma.CTCF.MA0139.1.damo.pwm/ENCSR000AHD.MCF7_Invasive_ductal_breast_carcinoma.CTCF.MA0139.1.damo.pwm-sites.masked.chr10.bed
        
        (one of the commands exited with non-zero exit code; note that snakemake uses bash strict mode!)

[Mon Jan 15 06:05:46 2024]
Error in rule scan_scan_chromosome:
    jobid: 38
    input: results/tfbs-scan/IntLogOdds/ENCSR000AHD.MCF7_Invasive_ductal_breast_carcinoma.CTCF.MA0139.1.damo.pwm.IntLogOdds, results/tfbs-scan/hg38/scan/ENCSR000AHD.MCF7_Invasive_ductal_breast_carcinoma.CTCF.MA0139.1.damo.pwm/ENCSR000AHD.MCF7_Invasive_ductal_breast_carcinoma.CTCF.MA0139.1.damo.pwm-coeff.txt, results/tfbs-scan/hg38/mask/split/chr5.fa, resources/software/PWMScan/matrix_scan
    output: results/tfbs-scan/hg38/scan/ENCSR000AHD.MCF7_Invasive_ductal_breast_carcinoma.CTCF.MA0139.1.damo.pwm/ENCSR000AHD.MCF7_Invasive_ductal_breast_carcinoma.CTCF.MA0139.1.damo.pwm-sites.masked.chr5.bed
    log: workflow/logs/scan_chromosome_ENCSR000AHD.MCF7_Invasive_ductal_breast_carcinoma.CTCF.MA0139.1.damo.pwm_hg38_chr5.stdout, workflow/logs/scan_chromosome_ENCSR000AHD.MCF7_Invasive_ductal_breast_carcinoma.CTCF.MA0139.1.damo.pwm_hg38_chr5.stderr (check log file(s) for error details)
    conda-env: /home/tubbsca/snakemake_condas/15eac168b67d44f04e70744dacff5721_
    shell:
        
        resources/software/PWMScan/matrix_scan -m results/tfbs-scan/IntLogOdds/ENCSR000AHD.MCF7_Invasive_ductal_breast_carcinoma.CTCF.MA0139.1.damo.pwm.IntLogOdds -c $(cat results/tfbs-scan/hg38/scan/ENCSR000AHD.MCF7_Invasive_ductal_breast_carcinoma.CTCF.MA0139.1.damo.pwm/ENCSR000AHD.MCF7_Invasive_ductal_breast_carcinoma.CTCF.MA0139.1.damo.pwm-coeff.txt) results/tfbs-scan/hg38/mask/split/chr5.fa results/tfbs-scan/hg38/scan/ENCSR000AHD.MCF7_Invasive_ductal_breast_carcinoma.CTCF.MA0139.1.damo.pwm/ENCSR000AHD.MCF7_Invasive_ductal_breast_carcinoma.CTCF.MA0139.1.damo.pwm-sites.masked.chr5.bed
        
        (one of the commands exited with non-zero exit code; note that snakemake uses bash strict mode!)

[Mon Jan 15 06:05:46 2024]
[Mon Jan 15 06:05:46 2024]
Error in rule scan_scan_chromosome:
    jobid: 84
    input: results/tfbs-scan/IntLogOdds/ENCSR000ATM.K562_myelogenous_leukemia.REST.MA0138.2.damo.pwm.IntLogOdds, results/tfbs-scan/hg38/scan/ENCSR000ATM.K562_myelogenous_leukemia.REST.MA0138.2.damo.pwm/ENCSR000ATM.K562_myelogenous_leukemia.REST.MA0138.2.damo.pwm-coeff.txt, results/tfbs-scan/hg38/mask/split/chrX.fa, resources/software/PWMScan/matrix_scan
    output: results/tfbs-scan/hg38/scan/ENCSR000ATM.K562_myelogenous_leukemia.REST.MA0138.2.damo.pwm/ENCSR000ATM.K562_myelogenous_leukemia.REST.MA0138.2.damo.pwm-sites.masked.chrX.bed
    log: workflow/logs/scan_chromosome_ENCSR000ATM.K562_myelogenous_leukemia.REST.MA0138.2.damo.pwm_hg38_chrX.stdout, workflow/logs/scan_chromosome_ENCSR000ATM.K562_myelogenous_leukemia.REST.MA0138.2.damo.pwm_hg38_chrX.stderr (check log file(s) for error details)
    conda-env: /home/tubbsca/snakemake_condas/15eac168b67d44f04e70744dacff5721_
    shell:
        
        resources/software/PWMScan/matrix_scan -m results/tfbs-scan/IntLogOdds/ENCSR000ATM.K562_myelogenous_leukemia.REST.MA0138.2.damo.pwm.IntLogOdds -c $(cat results/tfbs-scan/hg38/scan/ENCSR000ATM.K562_myelogenous_leukemia.REST.MA0138.2.damo.pwm/ENCSR000ATM.K562_myelogenous_leukemia.REST.MA0138.2.damo.pwm-coeff.txt) results/tfbs-scan/hg38/mask/split/chrX.fa results/tfbs-scan/hg38/scan/ENCSR000ATM.K562_myelogenous_leukemia.REST.MA0138.2.damo.pwm/ENCSR000ATM.K562_myelogenous_leukemia.REST.MA0138.2.damo.pwm-sites.masked.chrX.bed
        
        (one of the commands exited with non-zero exit code; note that snakemake uses bash strict mode!)

Error in rule scan_scan_chromosome:
    jobid: 69
    input: results/tfbs-scan/IntLogOdds/ENCSR000ATM.K562_myelogenous_leukemia.REST.MA0138.2.damo.pwm.IntLogOdds, results/tfbs-scan/hg38/scan/ENCSR000ATM.K562_myelogenous_leukemia.REST.MA0138.2.damo.pwm/ENCSR000ATM.K562_myelogenous_leukemia.REST.MA0138.2.damo.pwm-coeff.txt, results/tfbs-scan/hg38/mask/split/chr8.fa, resources/software/PWMScan/matrix_scan
    output: results/tfbs-scan/hg38/scan/ENCSR000ATM.K562_myelogenous_leukemia.REST.MA0138.2.damo.pwm/ENCSR000ATM.K562_myelogenous_leukemia.REST.MA0138.2.damo.pwm-sites.masked.chr8.bed
    log: workflow/logs/scan_chromosome_ENCSR000ATM.K562_myelogenous_leukemia.REST.MA0138.2.damo.pwm_hg38_chr8.stdout, workflow/logs/scan_chromosome_ENCSR000ATM.K562_myelogenous_leukemia.REST.MA0138.2.damo.pwm_hg38_chr8.stderr (check log file(s) for error details)
    conda-env: /home/tubbsca/snakemake_condas/15eac168b67d44f04e70744dacff5721_
    shell:
        
        resources/software/PWMScan/matrix_scan -m results/tfbs-scan/IntLogOdds/ENCSR000ATM.K562_myelogenous_leukemia.REST.MA0138.2.damo.pwm.IntLogOdds -c $(cat results/tfbs-scan/hg38/scan/ENCSR000ATM.K562_myelogenous_leukemia.REST.MA0138.2.damo.pwm/ENCSR000ATM.K562_myelogenous_leukemia.REST.MA0138.2.damo.pwm-coeff.txt) results/tfbs-scan/hg38/mask/split/chr8.fa results/tfbs-scan/hg38/scan/ENCSR000ATM.K562_myelogenous_leukemia.REST.MA0138.2.damo.pwm/ENCSR000ATM.K562_myelogenous_leukemia.REST.MA0138.2.damo.pwm-sites.masked.chr8.bed
        
        (one of the commands exited with non-zero exit code; note that snakemake uses bash strict mode!)

[Mon Jan 15 06:05:46 2024]
Error in rule scan_scan_chromosome:
    jobid: 71
    input: results/tfbs-scan/IntLogOdds/ENCSR000ATM.K562_myelogenous_leukemia.REST.MA0138.2.damo.pwm.IntLogOdds, results/tfbs-scan/hg38/scan/ENCSR000ATM.K562_myelogenous_leukemia.REST.MA0138.2.damo.pwm/ENCSR000ATM.K562_myelogenous_leukemia.REST.MA0138.2.damo.pwm-coeff.txt, results/tfbs-scan/hg38/mask/split/chr10.fa, resources/software/PWMScan/matrix_scan
    output: results/tfbs-scan/hg38/scan/ENCSR000ATM.K562_myelogenous_leukemia.REST.MA0138.2.damo.pwm/ENCSR000ATM.K562_myelogenous_leukemia.REST.MA0138.2.damo.pwm-sites.masked.chr10.bed
    log: workflow/logs/scan_chromosome_ENCSR000ATM.K562_myelogenous_leukemia.REST.MA0138.2.damo.pwm_hg38_chr10.stdout, workflow/logs/scan_chromosome_ENCSR000ATM.K562_myelogenous_leukemia.REST.MA0138.2.damo.pwm_hg38_chr10.stderr (check log file(s) for error details)
    conda-env: /home/tubbsca/snakemake_condas/15eac168b67d44f04e70744dacff5721_
    shell:
        
        resources/software/PWMScan/matrix_scan -m results/tfbs-scan/IntLogOdds/ENCSR000ATM.K562_myelogenous_leukemia.REST.MA0138.2.damo.pwm.IntLogOdds -c $(cat results/tfbs-scan/hg38/scan/ENCSR000ATM.K562_myelogenous_leukemia.REST.MA0138.2.damo.pwm/ENCSR000ATM.K562_myelogenous_leukemia.REST.MA0138.2.damo.pwm-coeff.txt) results/tfbs-scan/hg38/mask/split/chr10.fa results/tfbs-scan/hg38/scan/ENCSR000ATM.K562_myelogenous_leukemia.REST.MA0138.2.damo.pwm/ENCSR000ATM.K562_myelogenous_leukemia.REST.MA0138.2.damo.pwm-sites.masked.chr10.bed
        
        (one of the commands exited with non-zero exit code; note that snakemake uses bash strict mode!)

[Mon Jan 15 06:05:46 2024]
Error in rule scan_scan_chromosome:
    jobid: 41
    input: results/tfbs-scan/IntLogOdds/ENCSR000AHD.MCF7_Invasive_ductal_breast_carcinoma.CTCF.MA0139.1.damo.pwm.IntLogOdds, results/tfbs-scan/hg38/scan/ENCSR000AHD.MCF7_Invasive_ductal_breast_carcinoma.CTCF.MA0139.1.damo.pwm/ENCSR000AHD.MCF7_Invasive_ductal_breast_carcinoma.CTCF.MA0139.1.damo.pwm-coeff.txt, results/tfbs-scan/hg38/mask/split/chr8.fa, resources/software/PWMScan/matrix_scan
    output: results/tfbs-scan/hg38/scan/ENCSR000AHD.MCF7_Invasive_ductal_breast_carcinoma.CTCF.MA0139.1.damo.pwm/ENCSR000AHD.MCF7_Invasive_ductal_breast_carcinoma.CTCF.MA0139.1.damo.pwm-sites.masked.chr8.bed
    log: workflow/logs/scan_chromosome_ENCSR000AHD.MCF7_Invasive_ductal_breast_carcinoma.CTCF.MA0139.1.damo.pwm_hg38_chr8.stdout, workflow/logs/scan_chromosome_ENCSR000AHD.MCF7_Invasive_ductal_breast_carcinoma.CTCF.MA0139.1.damo.pwm_hg38_chr8.stderr (check log file(s) for error details)
    conda-env: /home/tubbsca/snakemake_condas/15eac168b67d44f04e70744dacff5721_
    shell:
        
        resources/software/PWMScan/matrix_scan -m results/tfbs-scan/IntLogOdds/ENCSR000AHD.MCF7_Invasive_ductal_breast_carcinoma.CTCF.MA0139.1.damo.pwm.IntLogOdds -c $(cat results/tfbs-scan/hg38/scan/ENCSR000AHD.MCF7_Invasive_ductal_breast_carcinoma.CTCF.MA0139.1.damo.pwm/ENCSR000AHD.MCF7_Invasive_ductal_breast_carcinoma.CTCF.MA0139.1.damo.pwm-coeff.txt) results/tfbs-scan/hg38/mask/split/chr8.fa results/tfbs-scan/hg38/scan/ENCSR000AHD.MCF7_Invasive_ductal_breast_carcinoma.CTCF.MA0139.1.damo.pwm/ENCSR000AHD.MCF7_Invasive_ductal_breast_carcinoma.CTCF.MA0139.1.damo.pwm-sites.masked.chr8.bed
        
        (one of the commands exited with non-zero exit code; note that snakemake uses bash strict mode!)

[Mon Jan 15 06:05:46 2024]
Error in rule scan_scan_chromosome:
    jobid: 37
    input: results/tfbs-scan/IntLogOdds/ENCSR000AHD.MCF7_Invasive_ductal_breast_carcinoma.CTCF.MA0139.1.damo.pwm.IntLogOdds, results/tfbs-scan/hg38/scan/ENCSR000AHD.MCF7_Invasive_ductal_breast_carcinoma.CTCF.MA0139.1.damo.pwm/ENCSR000AHD.MCF7_Invasive_ductal_breast_carcinoma.CTCF.MA0139.1.damo.pwm-coeff.txt, results/tfbs-scan/hg38/mask/split/chr4.fa, resources/software/PWMScan/matrix_scan
    output: results/tfbs-scan/hg38/scan/ENCSR000AHD.MCF7_Invasive_ductal_breast_carcinoma.CTCF.MA0139.1.damo.pwm/ENCSR000AHD.MCF7_Invasive_ductal_breast_carcinoma.CTCF.MA0139.1.damo.pwm-sites.masked.chr4.bed
    log: workflow/logs/scan_chromosome_ENCSR000AHD.MCF7_Invasive_ductal_breast_carcinoma.CTCF.MA0139.1.damo.pwm_hg38_chr4.stdout, workflow/logs/scan_chromosome_ENCSR000AHD.MCF7_Invasive_ductal_breast_carcinoma.CTCF.MA0139.1.damo.pwm_hg38_chr4.stderr (check log file(s) for error details)
    conda-env: /home/tubbsca/snakemake_condas/15eac168b67d44f04e70744dacff5721_
    shell:
        
        resources/software/PWMScan/matrix_scan -m results/tfbs-scan/IntLogOdds/ENCSR000AHD.MCF7_Invasive_ductal_breast_carcinoma.CTCF.MA0139.1.damo.pwm.IntLogOdds -c $(cat results/tfbs-scan/hg38/scan/ENCSR000AHD.MCF7_Invasive_ductal_breast_carcinoma.CTCF.MA0139.1.damo.pwm/ENCSR000AHD.MCF7_Invasive_ductal_breast_carcinoma.CTCF.MA0139.1.damo.pwm-coeff.txt) results/tfbs-scan/hg38/mask/split/chr4.fa results/tfbs-scan/hg38/scan/ENCSR000AHD.MCF7_Invasive_ductal_breast_carcinoma.CTCF.MA0139.1.damo.pwm/ENCSR000AHD.MCF7_Invasive_ductal_breast_carcinoma.CTCF.MA0139.1.damo.pwm-sites.masked.chr4.bed
        
        (one of the commands exited with non-zero exit code; note that snakemake uses bash strict mode!)

[Mon Jan 15 06:05:46 2024]
Error in rule scan_scan_chromosome:
    jobid: 56
    input: results/tfbs-scan/IntLogOdds/ENCSR000AHD.MCF7_Invasive_ductal_breast_carcinoma.CTCF.MA0139.1.damo.pwm.IntLogOdds, results/tfbs-scan/hg38/scan/ENCSR000AHD.MCF7_Invasive_ductal_breast_carcinoma.CTCF.MA0139.1.damo.pwm/ENCSR000AHD.MCF7_Invasive_ductal_breast_carcinoma.CTCF.MA0139.1.damo.pwm-coeff.txt, results/tfbs-scan/hg38/mask/split/chrX.fa, resources/software/PWMScan/matrix_scan
    output: results/tfbs-scan/hg38/scan/ENCSR000AHD.MCF7_Invasive_ductal_breast_carcinoma.CTCF.MA0139.1.damo.pwm/ENCSR000AHD.MCF7_Invasive_ductal_breast_carcinoma.CTCF.MA0139.1.damo.pwm-sites.masked.chrX.bed
    log: workflow/logs/scan_chromosome_ENCSR000AHD.MCF7_Invasive_ductal_breast_carcinoma.CTCF.MA0139.1.damo.pwm_hg38_chrX.stdout, workflow/logs/scan_chromosome_ENCSR000AHD.MCF7_Invasive_ductal_breast_carcinoma.CTCF.MA0139.1.damo.pwm_hg38_chrX.stderr (check log file(s) for error details)
    conda-env: /home/tubbsca/snakemake_condas/15eac168b67d44f04e70744dacff5721_
    shell:
        
        resources/software/PWMScan/matrix_scan -m results/tfbs-scan/IntLogOdds/ENCSR000AHD.MCF7_Invasive_ductal_breast_carcinoma.CTCF.MA0139.1.damo.pwm.IntLogOdds -c $(cat results/tfbs-scan/hg38/scan/ENCSR000AHD.MCF7_Invasive_ductal_breast_carcinoma.CTCF.MA0139.1.damo.pwm/ENCSR000AHD.MCF7_Invasive_ductal_breast_carcinoma.CTCF.MA0139.1.damo.pwm-coeff.txt) results/tfbs-scan/hg38/mask/split/chrX.fa results/tfbs-scan/hg38/scan/ENCSR000AHD.MCF7_Invasive_ductal_breast_carcinoma.CTCF.MA0139.1.damo.pwm/ENCSR000AHD.MCF7_Invasive_ductal_breast_carcinoma.CTCF.MA0139.1.damo.pwm-sites.masked.chrX.bed
        
        (one of the commands exited with non-zero exit code; note that snakemake uses bash strict mode!)

[Mon Jan 15 06:05:46 2024]
Error in rule scan_scan_chromosome:
    jobid: 58
    input: results/tfbs-scan/IntLogOdds/ENCSR000ATM.K562_myelogenous_leukemia.REST.MA0138.2.damo.pwm.IntLogOdds, results/tfbs-scan/hg38/scan/ENCSR000ATM.K562_myelogenous_leukemia.REST.MA0138.2.damo.pwm/ENCSR000ATM.K562_myelogenous_leukemia.REST.MA0138.2.damo.pwm-coeff.txt, results/tfbs-scan/hg38/mask/split/chr1.fa, resources/software/PWMScan/matrix_scan
    output: results/tfbs-scan/hg38/scan/ENCSR000ATM.K562_myelogenous_leukemia.REST.MA0138.2.damo.pwm/ENCSR000ATM.K562_myelogenous_leukemia.REST.MA0138.2.damo.pwm-sites.masked.chr1.bed
    log: workflow/logs/scan_chromosome_ENCSR000ATM.K562_myelogenous_leukemia.REST.MA0138.2.damo.pwm_hg38_chr1.stdout, workflow/logs/scan_chromosome_ENCSR000ATM.K562_myelogenous_leukemia.REST.MA0138.2.damo.pwm_hg38_chr1.stderr (check log file(s) for error details)
    conda-env: /home/tubbsca/snakemake_condas/15eac168b67d44f04e70744dacff5721_
    shell:
        
        resources/software/PWMScan/matrix_scan -m results/tfbs-scan/IntLogOdds/ENCSR000ATM.K562_myelogenous_leukemia.REST.MA0138.2.damo.pwm.IntLogOdds -c $(cat results/tfbs-scan/hg38/scan/ENCSR000ATM.K562_myelogenous_leukemia.REST.MA0138.2.damo.pwm/ENCSR000ATM.K562_myelogenous_leukemia.REST.MA0138.2.damo.pwm-coeff.txt) results/tfbs-scan/hg38/mask/split/chr1.fa results/tfbs-scan/hg38/scan/ENCSR000ATM.K562_myelogenous_leukemia.REST.MA0138.2.damo.pwm/ENCSR000ATM.K562_myelogenous_leukemia.REST.MA0138.2.damo.pwm-sites.masked.chr1.bed
        
        (one of the commands exited with non-zero exit code; note that snakemake uses bash strict mode!)

[Mon Jan 15 06:05:46 2024]
Error in rule scan_scan_chromosome:
    jobid: 36
    input: results/tfbs-scan/IntLogOdds/ENCSR000AHD.MCF7_Invasive_ductal_breast_carcinoma.CTCF.MA0139.1.damo.pwm.IntLogOdds, results/tfbs-scan/hg38/scan/ENCSR000AHD.MCF7_Invasive_ductal_breast_carcinoma.CTCF.MA0139.1.damo.pwm/ENCSR000AHD.MCF7_Invasive_ductal_breast_carcinoma.CTCF.MA0139.1.damo.pwm-coeff.txt, results/tfbs-scan/hg38/mask/split/chr3.fa, resources/software/PWMScan/matrix_scan
    output: results/tfbs-scan/hg38/scan/ENCSR000AHD.MCF7_Invasive_ductal_breast_carcinoma.CTCF.MA0139.1.damo.pwm/ENCSR000AHD.MCF7_Invasive_ductal_breast_carcinoma.CTCF.MA0139.1.damo.pwm-sites.masked.chr3.bed
    log: workflow/logs/scan_chromosome_ENCSR000AHD.MCF7_Invasive_ductal_breast_carcinoma.CTCF.MA0139.1.damo.pwm_hg38_chr3.stdout, workflow/logs/scan_chromosome_ENCSR000AHD.MCF7_Invasive_ductal_breast_carcinoma.CTCF.MA0139.1.damo.pwm_hg38_chr3.stderr (check log file(s) for error details)
    conda-env: /home/tubbsca/snakemake_condas/15eac168b67d44f04e70744dacff5721_
    shell:
        
        resources/software/PWMScan/matrix_scan -m results/tfbs-scan/IntLogOdds/ENCSR000AHD.MCF7_Invasive_ductal_breast_carcinoma.CTCF.MA0139.1.damo.pwm.IntLogOdds -c $(cat results/tfbs-scan/hg38/scan/ENCSR000AHD.MCF7_Invasive_ductal_breast_carcinoma.CTCF.MA0139.1.damo.pwm/ENCSR000AHD.MCF7_Invasive_ductal_breast_carcinoma.CTCF.MA0139.1.damo.pwm-coeff.txt) results/tfbs-scan/hg38/mask/split/chr3.fa results/tfbs-scan/hg38/scan/ENCSR000AHD.MCF7_Invasive_ductal_breast_carcinoma.CTCF.MA0139.1.damo.pwm/ENCSR000AHD.MCF7_Invasive_ductal_breast_carcinoma.CTCF.MA0139.1.damo.pwm-sites.masked.chr3.bed
        
        (one of the commands exited with non-zero exit code; note that snakemake uses bash strict mode!)

[Mon Jan 15 06:05:46 2024]
Error in rule scan_scan_chromosome:
    jobid: 35
    input: results/tfbs-scan/IntLogOdds/ENCSR000AHD.MCF7_Invasive_ductal_breast_carcinoma.CTCF.MA0139.1.damo.pwm.IntLogOdds, results/tfbs-scan/hg38/scan/ENCSR000AHD.MCF7_Invasive_ductal_breast_carcinoma.CTCF.MA0139.1.damo.pwm/ENCSR000AHD.MCF7_Invasive_ductal_breast_carcinoma.CTCF.MA0139.1.damo.pwm-coeff.txt, results/tfbs-scan/hg38/mask/split/chr2.fa, resources/software/PWMScan/matrix_scan
    output: results/tfbs-scan/hg38/scan/ENCSR000AHD.MCF7_Invasive_ductal_breast_carcinoma.CTCF.MA0139.1.damo.pwm/ENCSR000AHD.MCF7_Invasive_ductal_breast_carcinoma.CTCF.MA0139.1.damo.pwm-sites.masked.chr2.bed
    log: workflow/logs/scan_chromosome_ENCSR000AHD.MCF7_Invasive_ductal_breast_carcinoma.CTCF.MA0139.1.damo.pwm_hg38_chr2.stdout, workflow/logs/scan_chromosome_ENCSR000AHD.MCF7_Invasive_ductal_breast_carcinoma.CTCF.MA0139.1.damo.pwm_hg38_chr2.stderr (check log file(s) for error details)
    conda-env: /home/tubbsca/snakemake_condas/15eac168b67d44f04e70744dacff5721_
    shell:
        
        resources/software/PWMScan/matrix_scan -m results/tfbs-scan/IntLogOdds/ENCSR000AHD.MCF7_Invasive_ductal_breast_carcinoma.CTCF.MA0139.1.damo.pwm.IntLogOdds -c $(cat results/tfbs-scan/hg38/scan/ENCSR000AHD.MCF7_Invasive_ductal_breast_carcinoma.CTCF.MA0139.1.damo.pwm/ENCSR000AHD.MCF7_Invasive_ductal_breast_carcinoma.CTCF.MA0139.1.damo.pwm-coeff.txt) results/tfbs-scan/hg38/mask/split/chr2.fa results/tfbs-scan/hg38/scan/ENCSR000AHD.MCF7_Invasive_ductal_breast_carcinoma.CTCF.MA0139.1.damo.pwm/ENCSR000AHD.MCF7_Invasive_ductal_breast_carcinoma.CTCF.MA0139.1.damo.pwm-sites.masked.chr2.bed
        
        (one of the commands exited with non-zero exit code; note that snakemake uses bash strict mode!)

[Mon Jan 15 06:05:46 2024]
Error in rule scan_scan_chromosome:
    jobid: 64
    input: results/tfbs-scan/IntLogOdds/ENCSR000ATM.K562_myelogenous_leukemia.REST.MA0138.2.damo.pwm.IntLogOdds, results/tfbs-scan/hg38/scan/ENCSR000ATM.K562_myelogenous_leukemia.REST.MA0138.2.damo.pwm/ENCSR000ATM.K562_myelogenous_leukemia.REST.MA0138.2.damo.pwm-coeff.txt, results/tfbs-scan/hg38/mask/split/chr3.fa, resources/software/PWMScan/matrix_scan
    output: results/tfbs-scan/hg38/scan/ENCSR000ATM.K562_myelogenous_leukemia.REST.MA0138.2.damo.pwm/ENCSR000ATM.K562_myelogenous_leukemia.REST.MA0138.2.damo.pwm-sites.masked.chr3.bed
    log: workflow/logs/scan_chromosome_ENCSR000ATM.K562_myelogenous_leukemia.REST.MA0138.2.damo.pwm_hg38_chr3.stdout, workflow/logs/scan_chromosome_ENCSR000ATM.K562_myelogenous_leukemia.REST.MA0138.2.damo.pwm_hg38_chr3.stderr (check log file(s) for error details)
    conda-env: /home/tubbsca/snakemake_condas/15eac168b67d44f04e70744dacff5721_
    shell:
        
        resources/software/PWMScan/matrix_scan -m results/tfbs-scan/IntLogOdds/ENCSR000ATM.K562_myelogenous_leukemia.REST.MA0138.2.damo.pwm.IntLogOdds -c $(cat results/tfbs-scan/hg38/scan/ENCSR000ATM.K562_myelogenous_leukemia.REST.MA0138.2.damo.pwm/ENCSR000ATM.K562_myelogenous_leukemia.REST.MA0138.2.damo.pwm-coeff.txt) results/tfbs-scan/hg38/mask/split/chr3.fa results/tfbs-scan/hg38/scan/ENCSR000ATM.K562_myelogenous_leukemia.REST.MA0138.2.damo.pwm/ENCSR000ATM.K562_myelogenous_leukemia.REST.MA0138.2.damo.pwm-sites.masked.chr3.bed
        
        (one of the commands exited with non-zero exit code; note that snakemake uses bash strict mode!)

[Mon Jan 15 06:05:46 2024]
Error in rule scan_scan_chromosome:
    jobid: 63
    input: results/tfbs-scan/IntLogOdds/ENCSR000ATM.K562_myelogenous_leukemia.REST.MA0138.2.damo.pwm.IntLogOdds, results/tfbs-scan/hg38/scan/ENCSR000ATM.K562_myelogenous_leukemia.REST.MA0138.2.damo.pwm/ENCSR000ATM.K562_myelogenous_leukemia.REST.MA0138.2.damo.pwm-coeff.txt, results/tfbs-scan/hg38/mask/split/chr2.fa, resources/software/PWMScan/matrix_scan
    output: results/tfbs-scan/hg38/scan/ENCSR000ATM.K562_myelogenous_leukemia.REST.MA0138.2.damo.pwm/ENCSR000ATM.K562_myelogenous_leukemia.REST.MA0138.2.damo.pwm-sites.masked.chr2.bed
    log: workflow/logs/scan_chromosome_ENCSR000ATM.K562_myelogenous_leukemia.REST.MA0138.2.damo.pwm_hg38_chr2.stdout, workflow/logs/scan_chromosome_ENCSR000ATM.K562_myelogenous_leukemia.REST.MA0138.2.damo.pwm_hg38_chr2.stderr (check log file(s) for error details)
    conda-env: /home/tubbsca/snakemake_condas/15eac168b67d44f04e70744dacff5721_
    shell:
        
        resources/software/PWMScan/matrix_scan -m results/tfbs-scan/IntLogOdds/ENCSR000ATM.K562_myelogenous_leukemia.REST.MA0138.2.damo.pwm.IntLogOdds -c $(cat results/tfbs-scan/hg38/scan/ENCSR000ATM.K562_myelogenous_leukemia.REST.MA0138.2.damo.pwm/ENCSR000ATM.K562_myelogenous_leukemia.REST.MA0138.2.damo.pwm-coeff.txt) results/tfbs-scan/hg38/mask/split/chr2.fa results/tfbs-scan/hg38/scan/ENCSR000ATM.K562_myelogenous_leukemia.REST.MA0138.2.damo.pwm/ENCSR000ATM.K562_myelogenous_leukemia.REST.MA0138.2.damo.pwm-sites.masked.chr2.bed
        
        (one of the commands exited with non-zero exit code; note that snakemake uses bash strict mode!)

[Mon Jan 15 06:05:46 2024]
Error in rule scan_scan_chromosome:
    jobid: 29
    input: results/tfbs-scan/IntLogOdds/ENCSR000AHD.MCF7_Invasive_ductal_breast_carcinoma.CTCF.MA0139.1.damo.pwm.IntLogOdds, results/tfbs-scan/hg38/scan/ENCSR000AHD.MCF7_Invasive_ductal_breast_carcinoma.CTCF.MA0139.1.damo.pwm/ENCSR000AHD.MCF7_Invasive_ductal_breast_carcinoma.CTCF.MA0139.1.damo.pwm-coeff.txt, results/tfbs-scan/hg38/mask/split/chr1.fa, resources/software/PWMScan/matrix_scan
    output: results/tfbs-scan/hg38/scan/ENCSR000AHD.MCF7_Invasive_ductal_breast_carcinoma.CTCF.MA0139.1.damo.pwm/ENCSR000AHD.MCF7_Invasive_ductal_breast_carcinoma.CTCF.MA0139.1.damo.pwm-sites.masked.chr1.bed
    log: workflow/logs/scan_chromosome_ENCSR000AHD.MCF7_Invasive_ductal_breast_carcinoma.CTCF.MA0139.1.damo.pwm_hg38_chr1.stdout, workflow/logs/scan_chromosome_ENCSR000AHD.MCF7_Invasive_ductal_breast_carcinoma.CTCF.MA0139.1.damo.pwm_hg38_chr1.stderr (check log file(s) for error details)
    conda-env: /home/tubbsca/snakemake_condas/15eac168b67d44f04e70744dacff5721_
    shell:
        
        resources/software/PWMScan/matrix_scan -m results/tfbs-scan/IntLogOdds/ENCSR000AHD.MCF7_Invasive_ductal_breast_carcinoma.CTCF.MA0139.1.damo.pwm.IntLogOdds -c $(cat results/tfbs-scan/hg38/scan/ENCSR000AHD.MCF7_Invasive_ductal_breast_carcinoma.CTCF.MA0139.1.damo.pwm/ENCSR000AHD.MCF7_Invasive_ductal_breast_carcinoma.CTCF.MA0139.1.damo.pwm-coeff.txt) results/tfbs-scan/hg38/mask/split/chr1.fa results/tfbs-scan/hg38/scan/ENCSR000AHD.MCF7_Invasive_ductal_breast_carcinoma.CTCF.MA0139.1.damo.pwm/ENCSR000AHD.MCF7_Invasive_ductal_breast_carcinoma.CTCF.MA0139.1.damo.pwm-sites.masked.chr1.bed
        
        (one of the commands exited with non-zero exit code; note that snakemake uses bash strict mode!)

Complete log: .snakemake/log/2024-01-15T060513.142297.snakemake.log
