Building DAG of jobs...
Your conda installation is not configured to use strict channel priorities. This is however crucial for having robust and correct environments (for details, see https://conda-forge.org/docs/user/tipsandtricks.html). Please consider to configure strict priorities by executing 'conda config --set channel_priority strict'.
Using shell: /usr/bin/bash
Provided cores: 24
Rules claiming more threads will be scaled down.
Job stats:
job                          count
-------------------------  -------
all                              1
scan_calculate_IntLogOdds        2
total                            3

Select jobs to execute...

[Sun Jan 14 18:28:22 2024]
rule scan_calculate_IntLogOdds:
    output: results/tfbs-scan/IntLogOdds/ENCSR000AHD.MCF7_Invasive_ductal_breast_carcinoma.CTCF.MA0139.1.damo.pwm.IntLogOdds
    log: workflow/logs/calculate_pwm_ENCSR000AHD.MCF7_Invasive_ductal_breast_carcinoma.CTCF.MA0139.1.damo.pwm.stdout, workflow/logs/calculate_pwm_ENCSR000AHD.MCF7_Invasive_ductal_breast_carcinoma.CTCF.MA0139.1.damo.pwm.stderr
    jobid: 28
    reason: Missing output files: results/tfbs-scan/IntLogOdds/ENCSR000AHD.MCF7_Invasive_ductal_breast_carcinoma.CTCF.MA0139.1.damo.pwm.IntLogOdds
    wildcards: matrix=ENCSR000AHD.MCF7_Invasive_ductal_breast_carcinoma.CTCF.MA0139.1.damo.pwm
    resources: tmpdir=/tmp

[Sun Jan 14 18:28:22 2024]
rule scan_calculate_IntLogOdds:
    output: results/tfbs-scan/IntLogOdds/ENCSR000ATM.K562_myelogenous_leukemia.REST.MA0138.2.damo.pwm.IntLogOdds
    log: workflow/logs/calculate_pwm_ENCSR000ATM.K562_myelogenous_leukemia.REST.MA0138.2.damo.pwm.stdout, workflow/logs/calculate_pwm_ENCSR000ATM.K562_myelogenous_leukemia.REST.MA0138.2.damo.pwm.stderr
    jobid: 29
    reason: Missing output files: results/tfbs-scan/IntLogOdds/ENCSR000ATM.K562_myelogenous_leukemia.REST.MA0138.2.damo.pwm.IntLogOdds
    wildcards: matrix=ENCSR000ATM.K562_myelogenous_leukemia.REST.MA0138.2.damo.pwm
    resources: tmpdir=/tmp

[Sun Jan 14 18:28:22 2024]
Error in rule scan_calculate_IntLogOdds:
    jobid: 28
    output: results/tfbs-scan/IntLogOdds/ENCSR000AHD.MCF7_Invasive_ductal_breast_carcinoma.CTCF.MA0139.1.damo.pwm.IntLogOdds
    log: workflow/logs/calculate_pwm_ENCSR000AHD.MCF7_Invasive_ductal_breast_carcinoma.CTCF.MA0139.1.damo.pwm.stdout, workflow/logs/calculate_pwm_ENCSR000AHD.MCF7_Invasive_ductal_breast_carcinoma.CTCF.MA0139.1.damo.pwm.stderr (check log file(s) for error details)
    conda-env: /home/tubbsca/snakemake_condas/15eac168b67d44f04e70744dacff5721_

[Sun Jan 14 18:28:22 2024]
Error in rule scan_calculate_IntLogOdds:
    jobid: 29
    output: results/tfbs-scan/IntLogOdds/ENCSR000ATM.K562_myelogenous_leukemia.REST.MA0138.2.damo.pwm.IntLogOdds
    log: workflow/logs/calculate_pwm_ENCSR000ATM.K562_myelogenous_leukemia.REST.MA0138.2.damo.pwm.stdout, workflow/logs/calculate_pwm_ENCSR000ATM.K562_myelogenous_leukemia.REST.MA0138.2.damo.pwm.stderr (check log file(s) for error details)
    conda-env: /home/tubbsca/snakemake_condas/15eac168b67d44f04e70744dacff5721_

RuleException:
WorkflowError in file /panfs/accrepfs.vampire/data/ruderferlab/projects/biovu/cnv/cre/CTCF-Variant-Annotation/snakemake/workflows/common/tfbs-scan/workflow/rules/scan.smk, line 69:
Failed to open source file /panfs/accrepfs.vampire/data/ruderferlab/projects/biovu/cnv/cre/CTCF-Variant-Annotation/snakemake/workflows/common/tfbs-scan/workflow/rules/../scripts/pwm.py
FileNotFoundError: [Errno 2] No such file or directory: '/panfs/accrepfs.vampire/data/ruderferlab/projects/biovu/cnv/cre/CTCF-Variant-Annotation/snakemake/workflows/common/tfbs-scan/workflow/rules/../scripts/pwm.py'
  File "/panfs/accrepfs.vampire/data/ruderferlab/projects/biovu/cnv/cre/CTCF-Variant-Annotation/snakemake/workflows/common/tfbs-scan/workflow/rules/scan.smk", line 69, in __rule_calculate_IntLogOdds
  File "/accre/arch/easybuild/software/BinDist/Anaconda3/2022.05/lib/python3.9/concurrent/futures/thread.py", line 58, in run
RuleException:
WorkflowError in file /panfs/accrepfs.vampire/data/ruderferlab/projects/biovu/cnv/cre/CTCF-Variant-Annotation/snakemake/workflows/common/tfbs-scan/workflow/rules/scan.smk, line 69:
Failed to open source file /panfs/accrepfs.vampire/data/ruderferlab/projects/biovu/cnv/cre/CTCF-Variant-Annotation/snakemake/workflows/common/tfbs-scan/workflow/rules/../scripts/pwm.py
FileNotFoundError: [Errno 2] No such file or directory: '/panfs/accrepfs.vampire/data/ruderferlab/projects/biovu/cnv/cre/CTCF-Variant-Annotation/snakemake/workflows/common/tfbs-scan/workflow/rules/../scripts/pwm.py'
  File "/panfs/accrepfs.vampire/data/ruderferlab/projects/biovu/cnv/cre/CTCF-Variant-Annotation/snakemake/workflows/common/tfbs-scan/workflow/rules/scan.smk", line 69, in __rule_calculate_IntLogOdds
  File "/accre/arch/easybuild/software/BinDist/Anaconda3/2022.05/lib/python3.9/concurrent/futures/thread.py", line 58, in run
Shutting down, this might take some time.
Exiting because a job execution failed. Look above for error message
Complete log: .snakemake/log/2024-01-14T182811.430217.snakemake.log
