Building DAG of jobs...
Your conda installation is not configured to use strict channel priorities. This is however crucial for having robust and correct environments (for details, see https://conda-forge.org/docs/user/tipsandtricks.html). Please consider to configure strict priorities by executing 'conda config --set channel_priority strict'.
Using shell: /usr/bin/bash
Provided cores: 24
Rules claiming more threads will be scaled down.
Job stats:
job                     count
--------------------  -------
all                         1
scan_scan_chromosome       48
total                      49

Select jobs to execute...

[Mon Jan 15 06:10:55 2024]
Job 39: 
        Scans reference genome for matches againts input motif.
        Output compressed.
        
Reason: Missing output files: results/tfbs-scan/hg38/scan/ENCSR000AHD.MCF7_Invasive_ductal_breast_carcinoma.CTCF.MA0139.1.damo.pwm/ENCSR000AHD.MCF7_Invasive_ductal_breast_carcinoma.CTCF.MA0139.1.damo.pwm-sites.masked.chr7.bed

Activating conda environment: ../../../../../../../../../../../../../home/tubbsca/snakemake_condas/15eac168b67d44f04e70744dacff5721_

[Mon Jan 15 06:10:55 2024]
Job 67: 
        Scans reference genome for matches againts input motif.
        Output compressed.
        
Reason: Missing output files: results/tfbs-scan/hg38/scan/ENCSR000ATM.K562_myelogenous_leukemia.REST.MA0138.2.damo.pwm/ENCSR000ATM.K562_myelogenous_leukemia.REST.MA0138.2.damo.pwm-sites.masked.chr7.bed

Activating conda environment: ../../../../../../../../../../../../../home/tubbsca/snakemake_condas/15eac168b67d44f04e70744dacff5721_

[Mon Jan 15 06:10:55 2024]
Job 40: 
        Scans reference genome for matches againts input motif.
        Output compressed.
        
Reason: Missing output files: results/tfbs-scan/hg38/scan/ENCSR000AHD.MCF7_Invasive_ductal_breast_carcinoma.CTCF.MA0139.1.damo.pwm/ENCSR000AHD.MCF7_Invasive_ductal_breast_carcinoma.CTCF.MA0139.1.damo.pwm-sites.masked.chr8.bed

Activating conda environment: ../../../../../../../../../../../../../home/tubbsca/snakemake_condas/15eac168b67d44f04e70744dacff5721_

[Mon Jan 15 06:10:55 2024]
Job 68: 
        Scans reference genome for matches againts input motif.
        Output compressed.
        
Reason: Missing output files: results/tfbs-scan/hg38/scan/ENCSR000ATM.K562_myelogenous_leukemia.REST.MA0138.2.damo.pwm/ENCSR000ATM.K562_myelogenous_leukemia.REST.MA0138.2.damo.pwm-sites.masked.chr8.bed

Activating conda environment: ../../../../../../../../../../../../../home/tubbsca/snakemake_condas/15eac168b67d44f04e70744dacff5721_

[Mon Jan 15 06:10:55 2024]
Job 34: 
        Scans reference genome for matches againts input motif.
        Output compressed.
        
Reason: Missing output files: results/tfbs-scan/hg38/scan/ENCSR000AHD.MCF7_Invasive_ductal_breast_carcinoma.CTCF.MA0139.1.damo.pwm/ENCSR000AHD.MCF7_Invasive_ductal_breast_carcinoma.CTCF.MA0139.1.damo.pwm-sites.masked.chr2.bed


Activating conda environment: ../../../../../../../../../../../../../home/tubbsca/snakemake_condas/15eac168b67d44f04e70744dacff5721_
[Mon Jan 15 06:10:55 2024]
Job 62: 
        Scans reference genome for matches againts input motif.
        Output compressed.
        
Reason: Missing output files: results/tfbs-scan/hg38/scan/ENCSR000ATM.K562_myelogenous_leukemia.REST.MA0138.2.damo.pwm/ENCSR000ATM.K562_myelogenous_leukemia.REST.MA0138.2.damo.pwm-sites.masked.chr2.bed

Activating conda environment: ../../../../../../../../../../../../../home/tubbsca/snakemake_condas/15eac168b67d44f04e70744dacff5721_

[Mon Jan 15 06:10:55 2024]
Job 41: 
        Scans reference genome for matches againts input motif.
        Output compressed.
        
Reason: Missing output files: results/tfbs-scan/hg38/scan/ENCSR000AHD.MCF7_Invasive_ductal_breast_carcinoma.CTCF.MA0139.1.damo.pwm/ENCSR000AHD.MCF7_Invasive_ductal_breast_carcinoma.CTCF.MA0139.1.damo.pwm-sites.masked.chr9.bed

Activating conda environment: ../../../../../../../../../../../../../home/tubbsca/snakemake_condas/15eac168b67d44f04e70744dacff5721_

[Mon Jan 15 06:10:55 2024]
Job 55: 
        Scans reference genome for matches againts input motif.
        Output compressed.
        
Reason: Missing output files: results/tfbs-scan/hg38/scan/ENCSR000AHD.MCF7_Invasive_ductal_breast_carcinoma.CTCF.MA0139.1.damo.pwm/ENCSR000AHD.MCF7_Invasive_ductal_breast_carcinoma.CTCF.MA0139.1.damo.pwm-sites.masked.chrX.bed

Activating conda environment: ../../../../../../../../../../../../../home/tubbsca/snakemake_condas/15eac168b67d44f04e70744dacff5721_

[Mon Jan 15 06:10:55 2024]
Job 69: 
        Scans reference genome for matches againts input motif.
        Output compressed.
        
Reason: Missing output files: results/tfbs-scan/hg38/scan/ENCSR000ATM.K562_myelogenous_leukemia.REST.MA0138.2.damo.pwm/ENCSR000ATM.K562_myelogenous_leukemia.REST.MA0138.2.damo.pwm-sites.masked.chr9.bed

Activating conda environment: ../../../../../../../../../../../../../home/tubbsca/snakemake_condas/15eac168b67d44f04e70744dacff5721_

[Mon Jan 15 06:10:55 2024]
Job 83: 
        Scans reference genome for matches againts input motif.
        Output compressed.
        
Reason: Missing output files: results/tfbs-scan/hg38/scan/ENCSR000ATM.K562_myelogenous_leukemia.REST.MA0138.2.damo.pwm/ENCSR000ATM.K562_myelogenous_leukemia.REST.MA0138.2.damo.pwm-sites.masked.chrX.bed

Activating conda environment: ../../../../../../../../../../../../../home/tubbsca/snakemake_condas/15eac168b67d44f04e70744dacff5721_

[Mon Jan 15 06:10:55 2024]
Job 35: 
        Scans reference genome for matches againts input motif.
        Output compressed.
        
Reason: Missing output files: results/tfbs-scan/hg38/scan/ENCSR000AHD.MCF7_Invasive_ductal_breast_carcinoma.CTCF.MA0139.1.damo.pwm/ENCSR000AHD.MCF7_Invasive_ductal_breast_carcinoma.CTCF.MA0139.1.damo.pwm-sites.masked.chr3.bed

Activating conda environment: ../../../../../../../../../../../../../home/tubbsca/snakemake_condas/15eac168b67d44f04e70744dacff5721_

[Mon Jan 15 06:10:55 2024]
Job 63: 
        Scans reference genome for matches againts input motif.
        Output compressed.
        
Reason: Missing output files: results/tfbs-scan/hg38/scan/ENCSR000ATM.K562_myelogenous_leukemia.REST.MA0138.2.damo.pwm/ENCSR000ATM.K562_myelogenous_leukemia.REST.MA0138.2.damo.pwm-sites.masked.chr3.bed

Activating conda environment: ../../../../../../../../../../../../../home/tubbsca/snakemake_condas/15eac168b67d44f04e70744dacff5721_

[Mon Jan 15 06:10:56 2024]
Job 42: 
        Scans reference genome for matches againts input motif.
        Output compressed.
        
Reason: Missing output files: results/tfbs-scan/hg38/scan/ENCSR000AHD.MCF7_Invasive_ductal_breast_carcinoma.CTCF.MA0139.1.damo.pwm/ENCSR000AHD.MCF7_Invasive_ductal_breast_carcinoma.CTCF.MA0139.1.damo.pwm-sites.masked.chr10.bed

Activating conda environment: ../../../../../../../../../../../../../home/tubbsca/snakemake_condas/15eac168b67d44f04e70744dacff5721_

[Mon Jan 15 06:10:56 2024]
Job 70: 
        Scans reference genome for matches againts input motif.
        Output compressed.
        
Reason: Missing output files: results/tfbs-scan/hg38/scan/ENCSR000ATM.K562_myelogenous_leukemia.REST.MA0138.2.damo.pwm/ENCSR000ATM.K562_myelogenous_leukemia.REST.MA0138.2.damo.pwm-sites.masked.chr10.bed

Activating conda environment: ../../../../../../../../../../../../../home/tubbsca/snakemake_condas/15eac168b67d44f04e70744dacff5721_

[Mon Jan 15 06:10:56 2024]
Job 64: 
        Scans reference genome for matches againts input motif.
        Output compressed.
        
Reason: Missing output files: results/tfbs-scan/hg38/scan/ENCSR000ATM.K562_myelogenous_leukemia.REST.MA0138.2.damo.pwm/ENCSR000ATM.K562_myelogenous_leukemia.REST.MA0138.2.damo.pwm-sites.masked.chr4.bed

Activating conda environment: ../../../../../../../../../../../../../home/tubbsca/snakemake_condas/15eac168b67d44f04e70744dacff5721_

[Mon Jan 15 06:10:56 2024]
Job 36: 
        Scans reference genome for matches againts input motif.
        Output compressed.
        
Reason: Missing output files: results/tfbs-scan/hg38/scan/ENCSR000AHD.MCF7_Invasive_ductal_breast_carcinoma.CTCF.MA0139.1.damo.pwm/ENCSR000AHD.MCF7_Invasive_ductal_breast_carcinoma.CTCF.MA0139.1.damo.pwm-sites.masked.chr4.bed

Activating conda environment: ../../../../../../../../../../../../../home/tubbsca/snakemake_condas/15eac168b67d44f04e70744dacff5721_

[Mon Jan 15 06:10:56 2024]
Job 43: 
        Scans reference genome for matches againts input motif.
        Output compressed.
        
Reason: Missing output files: results/tfbs-scan/hg38/scan/ENCSR000AHD.MCF7_Invasive_ductal_breast_carcinoma.CTCF.MA0139.1.damo.pwm/ENCSR000AHD.MCF7_Invasive_ductal_breast_carcinoma.CTCF.MA0139.1.damo.pwm-sites.masked.chr11.bed

Activating conda environment: ../../../../../../../../../../../../../home/tubbsca/snakemake_condas/15eac168b67d44f04e70744dacff5721_

[Mon Jan 15 06:10:56 2024]
Job 57: 
        Scans reference genome for matches againts input motif.
        Output compressed.
        
Reason: Missing output files: results/tfbs-scan/hg38/scan/ENCSR000ATM.K562_myelogenous_leukemia.REST.MA0138.2.damo.pwm/ENCSR000ATM.K562_myelogenous_leukemia.REST.MA0138.2.damo.pwm-sites.masked.chr1.bed

Activating conda environment: ../../../../../../../../../../../../../home/tubbsca/snakemake_condas/15eac168b67d44f04e70744dacff5721_

[Mon Jan 15 06:10:56 2024]
Job 71: 
        Scans reference genome for matches againts input motif.
        Output compressed.
        
Reason: Missing output files: results/tfbs-scan/hg38/scan/ENCSR000ATM.K562_myelogenous_leukemia.REST.MA0138.2.damo.pwm/ENCSR000ATM.K562_myelogenous_leukemia.REST.MA0138.2.damo.pwm-sites.masked.chr11.bed

Activating conda environment: ../../../../../../../../../../../../../home/tubbsca/snakemake_condas/15eac168b67d44f04e70744dacff5721_

[Mon Jan 15 06:10:56 2024]
Job 37: 
        Scans reference genome for matches againts input motif.
        Output compressed.
        
Reason: Missing output files: results/tfbs-scan/hg38/scan/ENCSR000AHD.MCF7_Invasive_ductal_breast_carcinoma.CTCF.MA0139.1.damo.pwm/ENCSR000AHD.MCF7_Invasive_ductal_breast_carcinoma.CTCF.MA0139.1.damo.pwm-sites.masked.chr5.bed


[Mon Jan 15 06:10:56 2024]
Job 65: 
        Scans reference genome for matches againts input motif.
        Output compressed.
        
Activating conda environment: ../../../../../../../../../../../../../home/tubbsca/snakemake_condas/15eac168b67d44f04e70744dacff5721_
Reason: Missing output files: results/tfbs-scan/hg38/scan/ENCSR000ATM.K562_myelogenous_leukemia.REST.MA0138.2.damo.pwm/ENCSR000ATM.K562_myelogenous_leukemia.REST.MA0138.2.damo.pwm-sites.masked.chr5.bed

Activating conda environment: ../../../../../../../../../../../../../home/tubbsca/snakemake_condas/15eac168b67d44f04e70744dacff5721_

[Mon Jan 15 06:10:56 2024]
Job 28: 
        Scans reference genome for matches againts input motif.
        Output compressed.
        
Reason: Missing output files: results/tfbs-scan/hg38/scan/ENCSR000AHD.MCF7_Invasive_ductal_breast_carcinoma.CTCF.MA0139.1.damo.pwm/ENCSR000AHD.MCF7_Invasive_ductal_breast_carcinoma.CTCF.MA0139.1.damo.pwm-sites.masked.chr1.bed

Activating conda environment: ../../../../../../../../../../../../../home/tubbsca/snakemake_condas/15eac168b67d44f04e70744dacff5721_

[Mon Jan 15 06:10:56 2024]
Job 38: 
        Scans reference genome for matches againts input motif.
        Output compressed.
        
Reason: Missing output files: results/tfbs-scan/hg38/scan/ENCSR000AHD.MCF7_Invasive_ductal_breast_carcinoma.CTCF.MA0139.1.damo.pwm/ENCSR000AHD.MCF7_Invasive_ductal_breast_carcinoma.CTCF.MA0139.1.damo.pwm-sites.masked.chr6.bed

Activating conda environment: ../../../../../../../../../../../../../home/tubbsca/snakemake_condas/15eac168b67d44f04e70744dacff5721_

[Mon Jan 15 06:10:56 2024]
Job 66: 
        Scans reference genome for matches againts input motif.
        Output compressed.
        
Reason: Missing output files: results/tfbs-scan/hg38/scan/ENCSR000ATM.K562_myelogenous_leukemia.REST.MA0138.2.damo.pwm/ENCSR000ATM.K562_myelogenous_leukemia.REST.MA0138.2.damo.pwm-sites.masked.chr6.bed

Activating conda environment: ../../../../../../../../../../../../../home/tubbsca/snakemake_condas/15eac168b67d44f04e70744dacff5721_
[Mon Jan 15 06:12:44 2024]
Finished job 69.
1 of 49 steps (2%) done
Select jobs to execute...

[Mon Jan 15 06:12:44 2024]
Job 72: 
        Scans reference genome for matches againts input motif.
        Output compressed.
        
Reason: Missing output files: results/tfbs-scan/hg38/scan/ENCSR000ATM.K562_myelogenous_leukemia.REST.MA0138.2.damo.pwm/ENCSR000ATM.K562_myelogenous_leukemia.REST.MA0138.2.damo.pwm-sites.masked.chr12.bed

Activating conda environment: ../../../../../../../../../../../../../home/tubbsca/snakemake_condas/15eac168b67d44f04e70744dacff5721_
[Mon Jan 15 06:12:48 2024]
Finished job 70.
2 of 49 steps (4%) done
Select jobs to execute...

[Mon Jan 15 06:12:48 2024]
Job 44: 
        Scans reference genome for matches againts input motif.
        Output compressed.
        
Reason: Missing output files: results/tfbs-scan/hg38/scan/ENCSR000AHD.MCF7_Invasive_ductal_breast_carcinoma.CTCF.MA0139.1.damo.pwm/ENCSR000AHD.MCF7_Invasive_ductal_breast_carcinoma.CTCF.MA0139.1.damo.pwm-sites.masked.chr12.bed

Activating conda environment: ../../../../../../../../../../../../../home/tubbsca/snakemake_condas/15eac168b67d44f04e70744dacff5721_
[Mon Jan 15 06:12:59 2024]
Finished job 83.
3 of 49 steps (6%) done
Select jobs to execute...

[Mon Jan 15 06:12:59 2024]
Job 73: 
        Scans reference genome for matches againts input motif.
        Output compressed.
        
Reason: Missing output files: results/tfbs-scan/hg38/scan/ENCSR000ATM.K562_myelogenous_leukemia.REST.MA0138.2.damo.pwm/ENCSR000ATM.K562_myelogenous_leukemia.REST.MA0138.2.damo.pwm-sites.masked.chr13.bed

Activating conda environment: ../../../../../../../../../../../../../home/tubbsca/snakemake_condas/15eac168b67d44f04e70744dacff5721_
[Mon Jan 15 06:13:05 2024]
Finished job 71.
4 of 49 steps (8%) done
Select jobs to execute...

[Mon Jan 15 06:13:05 2024]
Job 45: 
        Scans reference genome for matches againts input motif.
        Output compressed.
        
Reason: Missing output files: results/tfbs-scan/hg38/scan/ENCSR000AHD.MCF7_Invasive_ductal_breast_carcinoma.CTCF.MA0139.1.damo.pwm/ENCSR000AHD.MCF7_Invasive_ductal_breast_carcinoma.CTCF.MA0139.1.damo.pwm-sites.masked.chr13.bed

Activating conda environment: ../../../../../../../../../../../../../home/tubbsca/snakemake_condas/15eac168b67d44f04e70744dacff5721_
[Mon Jan 15 06:13:10 2024]
Finished job 41.
5 of 49 steps (10%) done
Select jobs to execute...

[Mon Jan 15 06:13:10 2024]
Job 74: 
        Scans reference genome for matches againts input motif.
        Output compressed.
        
Reason: Missing output files: results/tfbs-scan/hg38/scan/ENCSR000ATM.K562_myelogenous_leukemia.REST.MA0138.2.damo.pwm/ENCSR000ATM.K562_myelogenous_leukemia.REST.MA0138.2.damo.pwm-sites.masked.chr14.bed

Activating conda environment: ../../../../../../../../../../../../../home/tubbsca/snakemake_condas/15eac168b67d44f04e70744dacff5721_
[Mon Jan 15 06:13:13 2024]
Finished job 40.
6 of 49 steps (12%) done
Select jobs to execute...

[Mon Jan 15 06:13:13 2024]
Job 46: 
        Scans reference genome for matches againts input motif.
        Output compressed.
        
Reason: Missing output files: results/tfbs-scan/hg38/scan/ENCSR000AHD.MCF7_Invasive_ductal_breast_carcinoma.CTCF.MA0139.1.damo.pwm/ENCSR000AHD.MCF7_Invasive_ductal_breast_carcinoma.CTCF.MA0139.1.damo.pwm-sites.masked.chr14.bed

Activating conda environment: ../../../../../../../../../../../../../home/tubbsca/snakemake_condas/15eac168b67d44f04e70744dacff5721_
[Mon Jan 15 06:13:14 2024]
Finished job 38.
7 of 49 steps (14%) done
Select jobs to execute...

[Mon Jan 15 06:13:14 2024]
Job 75: 
        Scans reference genome for matches againts input motif.
        Output compressed.
        
Reason: Missing output files: results/tfbs-scan/hg38/scan/ENCSR000ATM.K562_myelogenous_leukemia.REST.MA0138.2.damo.pwm/ENCSR000ATM.K562_myelogenous_leukemia.REST.MA0138.2.damo.pwm-sites.masked.chr15.bed

Activating conda environment: ../../../../../../../../../../../../../home/tubbsca/snakemake_condas/15eac168b67d44f04e70744dacff5721_
[Mon Jan 15 06:13:14 2024]
Finished job 43.
8 of 49 steps (16%) done
Select jobs to execute...

[Mon Jan 15 06:13:14 2024]
Job 47: 
        Scans reference genome for matches againts input motif.
        Output compressed.
        
Reason: Missing output files: results/tfbs-scan/hg38/scan/ENCSR000AHD.MCF7_Invasive_ductal_breast_carcinoma.CTCF.MA0139.1.damo.pwm/ENCSR000AHD.MCF7_Invasive_ductal_breast_carcinoma.CTCF.MA0139.1.damo.pwm-sites.masked.chr15.bed

Activating conda environment: ../../../../../../../../../../../../../home/tubbsca/snakemake_condas/15eac168b67d44f04e70744dacff5721_
[Mon Jan 15 06:13:19 2024]
Finished job 68.
9 of 49 steps (18%) done
Select jobs to execute...

[Mon Jan 15 06:13:19 2024]
Job 76: 
        Scans reference genome for matches againts input motif.
        Output compressed.
        
Reason: Missing output files: results/tfbs-scan/hg38/scan/ENCSR000ATM.K562_myelogenous_leukemia.REST.MA0138.2.damo.pwm/ENCSR000ATM.K562_myelogenous_leukemia.REST.MA0138.2.damo.pwm-sites.masked.chr16.bed

Activating conda environment: ../../../../../../../../../../../../../home/tubbsca/snakemake_condas/15eac168b67d44f04e70744dacff5721_
[Mon Jan 15 06:13:21 2024]
Finished job 42.
10 of 49 steps (20%) done
Select jobs to execute...

[Mon Jan 15 06:13:21 2024]
Job 48: 
        Scans reference genome for matches againts input motif.
        Output compressed.
        
Reason: Missing output files: results/tfbs-scan/hg38/scan/ENCSR000AHD.MCF7_Invasive_ductal_breast_carcinoma.CTCF.MA0139.1.damo.pwm/ENCSR000AHD.MCF7_Invasive_ductal_breast_carcinoma.CTCF.MA0139.1.damo.pwm-sites.masked.chr16.bed

Activating conda environment: ../../../../../../../../../../../../../home/tubbsca/snakemake_condas/15eac168b67d44f04e70744dacff5721_
[Mon Jan 15 06:13:25 2024]
Finished job 65.
11 of 49 steps (22%) done
Select jobs to execute...

[Mon Jan 15 06:13:25 2024]
Job 77: 
        Scans reference genome for matches againts input motif.
        Output compressed.
        
Reason: Missing output files: results/tfbs-scan/hg38/scan/ENCSR000ATM.K562_myelogenous_leukemia.REST.MA0138.2.damo.pwm/ENCSR000ATM.K562_myelogenous_leukemia.REST.MA0138.2.damo.pwm-sites.masked.chr17.bed

Activating conda environment: ../../../../../../../../../../../../../home/tubbsca/snakemake_condas/15eac168b67d44f04e70744dacff5721_
[Mon Jan 15 06:13:34 2024]
Finished job 67.
12 of 49 steps (24%) done
Select jobs to execute...

[Mon Jan 15 06:13:34 2024]
Job 49: 
        Scans reference genome for matches againts input motif.
        Output compressed.
        
Reason: Missing output files: results/tfbs-scan/hg38/scan/ENCSR000AHD.MCF7_Invasive_ductal_breast_carcinoma.CTCF.MA0139.1.damo.pwm/ENCSR000AHD.MCF7_Invasive_ductal_breast_carcinoma.CTCF.MA0139.1.damo.pwm-sites.masked.chr17.bed

Activating conda environment: ../../../../../../../../../../../../../home/tubbsca/snakemake_condas/15eac168b67d44f04e70744dacff5721_
[Mon Jan 15 06:13:37 2024]
Finished job 55.
13 of 49 steps (27%) done
Select jobs to execute...

[Mon Jan 15 06:13:37 2024]
Job 78: 
        Scans reference genome for matches againts input motif.
        Output compressed.
        
Reason: Missing output files: results/tfbs-scan/hg38/scan/ENCSR000ATM.K562_myelogenous_leukemia.REST.MA0138.2.damo.pwm/ENCSR000ATM.K562_myelogenous_leukemia.REST.MA0138.2.damo.pwm-sites.masked.chr18.bed

Activating conda environment: ../../../../../../../../../../../../../home/tubbsca/snakemake_condas/15eac168b67d44f04e70744dacff5721_
[Mon Jan 15 06:13:39 2024]
Finished job 66.
14 of 49 steps (29%) done
Select jobs to execute...

[Mon Jan 15 06:13:39 2024]
Job 50: 
        Scans reference genome for matches againts input motif.
        Output compressed.
        
Reason: Missing output files: results/tfbs-scan/hg38/scan/ENCSR000AHD.MCF7_Invasive_ductal_breast_carcinoma.CTCF.MA0139.1.damo.pwm/ENCSR000AHD.MCF7_Invasive_ductal_breast_carcinoma.CTCF.MA0139.1.damo.pwm-sites.masked.chr18.bed

Activating conda environment: ../../../../../../../../../../../../../home/tubbsca/snakemake_condas/15eac168b67d44f04e70744dacff5721_
[Mon Jan 15 06:13:50 2024]
Finished job 63.
15 of 49 steps (31%) done
Select jobs to execute...

[Mon Jan 15 06:13:50 2024]
Job 80: 
        Scans reference genome for matches againts input motif.
        Output compressed.
        
Reason: Missing output files: results/tfbs-scan/hg38/scan/ENCSR000ATM.K562_myelogenous_leukemia.REST.MA0138.2.damo.pwm/ENCSR000ATM.K562_myelogenous_leukemia.REST.MA0138.2.damo.pwm-sites.masked.chr20.bed

Activating conda environment: ../../../../../../../../../../../../../home/tubbsca/snakemake_condas/15eac168b67d44f04e70744dacff5721_
[Mon Jan 15 06:13:51 2024]
Finished job 35.
16 of 49 steps (33%) done
[Mon Jan 15 06:13:51 2024]
Finished job 36.
17 of 49 steps (35%) done
Select jobs to execute...

[Mon Jan 15 06:13:51 2024]
Job 79: 
        Scans reference genome for matches againts input motif.
        Output compressed.
        
Reason: Missing output files: results/tfbs-scan/hg38/scan/ENCSR000ATM.K562_myelogenous_leukemia.REST.MA0138.2.damo.pwm/ENCSR000ATM.K562_myelogenous_leukemia.REST.MA0138.2.damo.pwm-sites.masked.chr19.bed

Activating conda environment: ../../../../../../../../../../../../../home/tubbsca/snakemake_condas/15eac168b67d44f04e70744dacff5721_

[Mon Jan 15 06:13:51 2024]
Job 52: 
        Scans reference genome for matches againts input motif.
        Output compressed.
        
Reason: Missing output files: results/tfbs-scan/hg38/scan/ENCSR000AHD.MCF7_Invasive_ductal_breast_carcinoma.CTCF.MA0139.1.damo.pwm/ENCSR000AHD.MCF7_Invasive_ductal_breast_carcinoma.CTCF.MA0139.1.damo.pwm-sites.masked.chr20.bed

Activating conda environment: ../../../../../../../../../../../../../home/tubbsca/snakemake_condas/15eac168b67d44f04e70744dacff5721_
[Mon Jan 15 06:13:51 2024]
Finished job 39.
18 of 49 steps (37%) done
Select jobs to execute...

[Mon Jan 15 06:13:51 2024]
Job 51: 
        Scans reference genome for matches againts input motif.
        Output compressed.
        
Reason: Missing output files: results/tfbs-scan/hg38/scan/ENCSR000AHD.MCF7_Invasive_ductal_breast_carcinoma.CTCF.MA0139.1.damo.pwm/ENCSR000AHD.MCF7_Invasive_ductal_breast_carcinoma.CTCF.MA0139.1.damo.pwm-sites.masked.chr19.bed

Select jobs to execute...
Activating conda environment: ../../../../../../../../../../../../../home/tubbsca/snakemake_condas/15eac168b67d44f04e70744dacff5721_
[Mon Jan 15 06:13:55 2024]
Finished job 64.
19 of 49 steps (39%) done

[Mon Jan 15 06:13:55 2024]
Job 84: 
        Scans reference genome for matches againts input motif.
        Output compressed.
        
Reason: Missing output files: results/tfbs-scan/hg38/scan/ENCSR000ATM.K562_myelogenous_leukemia.REST.MA0138.2.damo.pwm/ENCSR000ATM.K562_myelogenous_leukemia.REST.MA0138.2.damo.pwm-sites.masked.chrY.bed

Activating conda environment: ../../../../../../../../../../../../../home/tubbsca/snakemake_condas/15eac168b67d44f04e70744dacff5721_
[Mon Jan 15 06:13:58 2024]
Finished job 37.
20 of 49 steps (41%) done
Select jobs to execute...

[Mon Jan 15 06:13:58 2024]
Job 56: 
        Scans reference genome for matches againts input motif.
        Output compressed.
        
Reason: Missing output files: results/tfbs-scan/hg38/scan/ENCSR000AHD.MCF7_Invasive_ductal_breast_carcinoma.CTCF.MA0139.1.damo.pwm/ENCSR000AHD.MCF7_Invasive_ductal_breast_carcinoma.CTCF.MA0139.1.damo.pwm-sites.masked.chrY.bed

Activating conda environment: ../../../../../../../../../../../../../home/tubbsca/snakemake_condas/15eac168b67d44f04e70744dacff5721_
[Mon Jan 15 06:14:23 2024]
Finished job 84.
21 of 49 steps (43%) done
Select jobs to execute...

[Mon Jan 15 06:14:23 2024]
Job 82: 
        Scans reference genome for matches againts input motif.
        Output compressed.
        
Reason: Missing output files: results/tfbs-scan/hg38/scan/ENCSR000ATM.K562_myelogenous_leukemia.REST.MA0138.2.damo.pwm/ENCSR000ATM.K562_myelogenous_leukemia.REST.MA0138.2.damo.pwm-sites.masked.chr22.bed

Activating conda environment: ../../../../../../../../../../../../../home/tubbsca/snakemake_condas/15eac168b67d44f04e70744dacff5721_
[Mon Jan 15 06:14:29 2024]
Finished job 56.
22 of 49 steps (45%) done
Select jobs to execute...

[Mon Jan 15 06:14:29 2024]
Job 54: 
        Scans reference genome for matches againts input motif.
        Output compressed.
        
Reason: Missing output files: results/tfbs-scan/hg38/scan/ENCSR000AHD.MCF7_Invasive_ductal_breast_carcinoma.CTCF.MA0139.1.damo.pwm/ENCSR000AHD.MCF7_Invasive_ductal_breast_carcinoma.CTCF.MA0139.1.damo.pwm-sites.masked.chr22.bed

Activating conda environment: ../../../../../../../../../../../../../home/tubbsca/snakemake_condas/15eac168b67d44f04e70744dacff5721_
[Mon Jan 15 06:14:30 2024]
Finished job 75.
23 of 49 steps (47%) done
Select jobs to execute...

[Mon Jan 15 06:14:30 2024]
Job 81: 
        Scans reference genome for matches againts input motif.
        Output compressed.
        
Reason: Missing output files: results/tfbs-scan/hg38/scan/ENCSR000ATM.K562_myelogenous_leukemia.REST.MA0138.2.damo.pwm/ENCSR000ATM.K562_myelogenous_leukemia.REST.MA0138.2.damo.pwm-sites.masked.chr21.bed

Activating conda environment: ../../../../../../../../../../../../../home/tubbsca/snakemake_condas/15eac168b67d44f04e70744dacff5721_
[Mon Jan 15 06:14:32 2024]
Finished job 47.
24 of 49 steps (49%) done
Select jobs to execute...

[Mon Jan 15 06:14:32 2024]
Job 53: 
        Scans reference genome for matches againts input motif.
        Output compressed.
        
Reason: Missing output files: results/tfbs-scan/hg38/scan/ENCSR000AHD.MCF7_Invasive_ductal_breast_carcinoma.CTCF.MA0139.1.damo.pwm/ENCSR000AHD.MCF7_Invasive_ductal_breast_carcinoma.CTCF.MA0139.1.damo.pwm-sites.masked.chr21.bed

Activating conda environment: ../../../../../../../../../../../../../home/tubbsca/snakemake_condas/15eac168b67d44f04e70744dacff5721_
[Mon Jan 15 06:14:42 2024]
Finished job 76.
25 of 49 steps (51%) done
Terminating processes on user request, this might take some time.
[Mon Jan 15 06:14:44 2024]
Error in rule scan_scan_chromosome:
    jobid: 34
    input: results/tfbs-scan/IntLogOdds/ENCSR000AHD.MCF7_Invasive_ductal_breast_carcinoma.CTCF.MA0139.1.damo.pwm.IntLogOdds, results/tfbs-scan/hg38/scan/ENCSR000AHD.MCF7_Invasive_ductal_breast_carcinoma.CTCF.MA0139.1.damo.pwm/ENCSR000AHD.MCF7_Invasive_ductal_breast_carcinoma.CTCF.MA0139.1.damo.pwm-coeff.txt, results/tfbs-scan/hg38/mask/split/chr2.fa, resources/software/PWMScan/matrix_scan
    output: results/tfbs-scan/hg38/scan/ENCSR000AHD.MCF7_Invasive_ductal_breast_carcinoma.CTCF.MA0139.1.damo.pwm/ENCSR000AHD.MCF7_Invasive_ductal_breast_carcinoma.CTCF.MA0139.1.damo.pwm-sites.masked.chr2.bed
    log: workflow/logs/scan_chromosome_ENCSR000AHD.MCF7_Invasive_ductal_breast_carcinoma.CTCF.MA0139.1.damo.pwm_hg38_chr2.stdout, workflow/logs/scan_chromosome_ENCSR000AHD.MCF7_Invasive_ductal_breast_carcinoma.CTCF.MA0139.1.damo.pwm_hg38_chr2.stderr (check log file(s) for error details)
    conda-env: /home/tubbsca/snakemake_condas/15eac168b67d44f04e70744dacff5721_
    shell:
        
        resources/software/PWMScan/matrix_scan -m results/tfbs-scan/IntLogOdds/ENCSR000AHD.MCF7_Invasive_ductal_breast_carcinoma.CTCF.MA0139.1.damo.pwm.IntLogOdds -c $(cat results/tfbs-scan/hg38/scan/ENCSR000AHD.MCF7_Invasive_ductal_breast_carcinoma.CTCF.MA0139.1.damo.pwm/ENCSR000AHD.MCF7_Invasive_ductal_breast_carcinoma.CTCF.MA0139.1.damo.pwm-coeff.txt) results/tfbs-scan/hg38/mask/split/chr2.fa > results/tfbs-scan/hg38/scan/ENCSR000AHD.MCF7_Invasive_ductal_breast_carcinoma.CTCF.MA0139.1.damo.pwm/ENCSR000AHD.MCF7_Invasive_ductal_breast_carcinoma.CTCF.MA0139.1.damo.pwm-sites.masked.chr2.bed
        
        (one of the commands exited with non-zero exit code; note that snakemake uses bash strict mode!)

[Mon Jan 15 06:14:44 2024]
Error in rule scan_scan_chromosome:
    jobid: 54
    input: results/tfbs-scan/IntLogOdds/ENCSR000AHD.MCF7_Invasive_ductal_breast_carcinoma.CTCF.MA0139.1.damo.pwm.IntLogOdds, results/tfbs-scan/hg38/scan/ENCSR000AHD.MCF7_Invasive_ductal_breast_carcinoma.CTCF.MA0139.1.damo.pwm/ENCSR000AHD.MCF7_Invasive_ductal_breast_carcinoma.CTCF.MA0139.1.damo.pwm-coeff.txt, results/tfbs-scan/hg38/mask/split/chr22.fa, resources/software/PWMScan/matrix_scan
    output: results/tfbs-scan/hg38/scan/ENCSR000AHD.MCF7_Invasive_ductal_breast_carcinoma.CTCF.MA0139.1.damo.pwm/ENCSR000AHD.MCF7_Invasive_ductal_breast_carcinoma.CTCF.MA0139.1.damo.pwm-sites.masked.chr22.bed
    log: workflow/logs/scan_chromosome_ENCSR000AHD.MCF7_Invasive_ductal_breast_carcinoma.CTCF.MA0139.1.damo.pwm_hg38_chr22.stdout, workflow/logs/scan_chromosome_ENCSR000AHD.MCF7_Invasive_ductal_breast_carcinoma.CTCF.MA0139.1.damo.pwm_hg38_chr22.stderr (check log file(s) for error details)
    conda-env: /home/tubbsca/snakemake_condas/15eac168b67d44f04e70744dacff5721_
    shell:
        
        resources/software/PWMScan/matrix_scan -m results/tfbs-scan/IntLogOdds/ENCSR000AHD.MCF7_Invasive_ductal_breast_carcinoma.CTCF.MA0139.1.damo.pwm.IntLogOdds -c $(cat results/tfbs-scan/hg38/scan/ENCSR000AHD.MCF7_Invasive_ductal_breast_carcinoma.CTCF.MA0139.1.damo.pwm/ENCSR000AHD.MCF7_Invasive_ductal_breast_carcinoma.CTCF.MA0139.1.damo.pwm-coeff.txt) results/tfbs-scan/hg38/mask/split/chr22.fa > results/tfbs-scan/hg38/scan/ENCSR000AHD.MCF7_Invasive_ductal_breast_carcinoma.CTCF.MA0139.1.damo.pwm/ENCSR000AHD.MCF7_Invasive_ductal_breast_carcinoma.CTCF.MA0139.1.damo.pwm-sites.masked.chr22.bed
        
        (one of the commands exited with non-zero exit code; note that snakemake uses bash strict mode!)

[Mon Jan 15 06:14:44 2024]
Error in rule scan_scan_chromosome:
    jobid: 53
    input: results/tfbs-scan/IntLogOdds/ENCSR000AHD.MCF7_Invasive_ductal_breast_carcinoma.CTCF.MA0139.1.damo.pwm.IntLogOdds, results/tfbs-scan/hg38/scan/ENCSR000AHD.MCF7_Invasive_ductal_breast_carcinoma.CTCF.MA0139.1.damo.pwm/ENCSR000AHD.MCF7_Invasive_ductal_breast_carcinoma.CTCF.MA0139.1.damo.pwm-coeff.txt, results/tfbs-scan/hg38/mask/split/chr21.fa, resources/software/PWMScan/matrix_scan
    output: results/tfbs-scan/hg38/scan/ENCSR000AHD.MCF7_Invasive_ductal_breast_carcinoma.CTCF.MA0139.1.damo.pwm/ENCSR000AHD.MCF7_Invasive_ductal_breast_carcinoma.CTCF.MA0139.1.damo.pwm-sites.masked.chr21.bed
    log: workflow/logs/scan_chromosome_ENCSR000AHD.MCF7_Invasive_ductal_breast_carcinoma.CTCF.MA0139.1.damo.pwm_hg38_chr21.stdout, workflow/logs/scan_chromosome_ENCSR000AHD.MCF7_Invasive_ductal_breast_carcinoma.CTCF.MA0139.1.damo.pwm_hg38_chr21.stderr (check log file(s) for error details)
    conda-env: /home/tubbsca/snakemake_condas/15eac168b67d44f04e70744dacff5721_
    shell:
        
        resources/software/PWMScan/matrix_scan -m results/tfbs-scan/IntLogOdds/ENCSR000AHD.MCF7_Invasive_ductal_breast_carcinoma.CTCF.MA0139.1.damo.pwm.IntLogOdds -c $(cat results/tfbs-scan/hg38/scan/ENCSR000AHD.MCF7_Invasive_ductal_breast_carcinoma.CTCF.MA0139.1.damo.pwm/ENCSR000AHD.MCF7_Invasive_ductal_breast_carcinoma.CTCF.MA0139.1.damo.pwm-coeff.txt) results/tfbs-scan/hg38/mask/split/chr21.fa > results/tfbs-scan/hg38/scan/ENCSR000AHD.MCF7_Invasive_ductal_breast_carcinoma.CTCF.MA0139.1.damo.pwm/ENCSR000AHD.MCF7_Invasive_ductal_breast_carcinoma.CTCF.MA0139.1.damo.pwm-sites.masked.chr21.bed
        
        (one of the commands exited with non-zero exit code; note that snakemake uses bash strict mode!)

[Mon Jan 15 06:14:44 2024]
Error in rule scan_scan_chromosome:
    jobid: 52
    input: results/tfbs-scan/IntLogOdds/ENCSR000AHD.MCF7_Invasive_ductal_breast_carcinoma.CTCF.MA0139.1.damo.pwm.IntLogOdds, results/tfbs-scan/hg38/scan/ENCSR000AHD.MCF7_Invasive_ductal_breast_carcinoma.CTCF.MA0139.1.damo.pwm/ENCSR000AHD.MCF7_Invasive_ductal_breast_carcinoma.CTCF.MA0139.1.damo.pwm-coeff.txt, results/tfbs-scan/hg38/mask/split/chr20.fa, resources/software/PWMScan/matrix_scan
    output: results/tfbs-scan/hg38/scan/ENCSR000AHD.MCF7_Invasive_ductal_breast_carcinoma.CTCF.MA0139.1.damo.pwm/ENCSR000AHD.MCF7_Invasive_ductal_breast_carcinoma.CTCF.MA0139.1.damo.pwm-sites.masked.chr20.bed
    log: workflow/logs/scan_chromosome_ENCSR000AHD.MCF7_Invasive_ductal_breast_carcinoma.CTCF.MA0139.1.damo.pwm_hg38_chr20.stdout, workflow/logs/scan_chromosome_ENCSR000AHD.MCF7_Invasive_ductal_breast_carcinoma.CTCF.MA0139.1.damo.pwm_hg38_chr20.stderr (check log file(s) for error details)
    conda-env: /home/tubbsca/snakemake_condas/15eac168b67d44f04e70744dacff5721_
    shell:
        
        resources/software/PWMScan/matrix_scan -m results/tfbs-scan/IntLogOdds/ENCSR000AHD.MCF7_Invasive_ductal_breast_carcinoma.CTCF.MA0139.1.damo.pwm.IntLogOdds -c $(cat results/tfbs-scan/hg38/scan/ENCSR000AHD.MCF7_Invasive_ductal_breast_carcinoma.CTCF.MA0139.1.damo.pwm/ENCSR000AHD.MCF7_Invasive_ductal_breast_carcinoma.CTCF.MA0139.1.damo.pwm-coeff.txt) results/tfbs-scan/hg38/mask/split/chr20.fa > results/tfbs-scan/hg38/scan/ENCSR000AHD.MCF7_Invasive_ductal_breast_carcinoma.CTCF.MA0139.1.damo.pwm/ENCSR000AHD.MCF7_Invasive_ductal_breast_carcinoma.CTCF.MA0139.1.damo.pwm-sites.masked.chr20.bed
        
        (one of the commands exited with non-zero exit code; note that snakemake uses bash strict mode!)

[Mon Jan 15 06:14:44 2024]
Error in rule scan_scan_chromosome:
    jobid: 49
    input: results/tfbs-scan/IntLogOdds/ENCSR000AHD.MCF7_Invasive_ductal_breast_carcinoma.CTCF.MA0139.1.damo.pwm.IntLogOdds, results/tfbs-scan/hg38/scan/ENCSR000AHD.MCF7_Invasive_ductal_breast_carcinoma.CTCF.MA0139.1.damo.pwm/ENCSR000AHD.MCF7_Invasive_ductal_breast_carcinoma.CTCF.MA0139.1.damo.pwm-coeff.txt, results/tfbs-scan/hg38/mask/split/chr17.fa, resources/software/PWMScan/matrix_scan
    output: results/tfbs-scan/hg38/scan/ENCSR000AHD.MCF7_Invasive_ductal_breast_carcinoma.CTCF.MA0139.1.damo.pwm/ENCSR000AHD.MCF7_Invasive_ductal_breast_carcinoma.CTCF.MA0139.1.damo.pwm-sites.masked.chr17.bed
    log: workflow/logs/scan_chromosome_ENCSR000AHD.MCF7_Invasive_ductal_breast_carcinoma.CTCF.MA0139.1.damo.pwm_hg38_chr17.stdout, workflow/logs/scan_chromosome_ENCSR000AHD.MCF7_Invasive_ductal_breast_carcinoma.CTCF.MA0139.1.damo.pwm_hg38_chr17.stderr (check log file(s) for error details)
    conda-env: /home/tubbsca/snakemake_condas/15eac168b67d44f04e70744dacff5721_
    shell:
        
        resources/software/PWMScan/matrix_scan -m results/tfbs-scan/IntLogOdds/ENCSR000AHD.MCF7_Invasive_ductal_breast_carcinoma.CTCF.MA0139.1.damo.pwm.IntLogOdds -c $(cat results/tfbs-scan/hg38/scan/ENCSR000AHD.MCF7_Invasive_ductal_breast_carcinoma.CTCF.MA0139.1.damo.pwm/ENCSR000AHD.MCF7_Invasive_ductal_breast_carcinoma.CTCF.MA0139.1.damo.pwm-coeff.txt) results/tfbs-scan/hg38/mask/split/chr17.fa > results/tfbs-scan/hg38/scan/ENCSR000AHD.MCF7_Invasive_ductal_breast_carcinoma.CTCF.MA0139.1.damo.pwm/ENCSR000AHD.MCF7_Invasive_ductal_breast_carcinoma.CTCF.MA0139.1.damo.pwm-sites.masked.chr17.bed
        
        (one of the commands exited with non-zero exit code; note that snakemake uses bash strict mode!)

[Mon Jan 15 06:14:45 2024]
Error in rule scan_scan_chromosome:
    jobid: 45
    input: results/tfbs-scan/IntLogOdds/ENCSR000AHD.MCF7_Invasive_ductal_breast_carcinoma.CTCF.MA0139.1.damo.pwm.IntLogOdds, results/tfbs-scan/hg38/scan/ENCSR000AHD.MCF7_Invasive_ductal_breast_carcinoma.CTCF.MA0139.1.damo.pwm/ENCSR000AHD.MCF7_Invasive_ductal_breast_carcinoma.CTCF.MA0139.1.damo.pwm-coeff.txt, results/tfbs-scan/hg38/mask/split/chr13.fa, resources/software/PWMScan/matrix_scan
    output: results/tfbs-scan/hg38/scan/ENCSR000AHD.MCF7_Invasive_ductal_breast_carcinoma.CTCF.MA0139.1.damo.pwm/ENCSR000AHD.MCF7_Invasive_ductal_breast_carcinoma.CTCF.MA0139.1.damo.pwm-sites.masked.chr13.bed
    log: workflow/logs/scan_chromosome_ENCSR000AHD.MCF7_Invasive_ductal_breast_carcinoma.CTCF.MA0139.1.damo.pwm_hg38_chr13.stdout, workflow/logs/scan_chromosome_ENCSR000AHD.MCF7_Invasive_ductal_breast_carcinoma.CTCF.MA0139.1.damo.pwm_hg38_chr13.stderr (check log file(s) for error details)
    conda-env: /home/tubbsca/snakemake_condas/15eac168b67d44f04e70744dacff5721_
    shell:
        
        resources/software/PWMScan/matrix_scan -m results/tfbs-scan/IntLogOdds/ENCSR000AHD.MCF7_Invasive_ductal_breast_carcinoma.CTCF.MA0139.1.damo.pwm.IntLogOdds -c $(cat results/tfbs-scan/hg38/scan/ENCSR000AHD.MCF7_Invasive_ductal_breast_carcinoma.CTCF.MA0139.1.damo.pwm/ENCSR000AHD.MCF7_Invasive_ductal_breast_carcinoma.CTCF.MA0139.1.damo.pwm-coeff.txt) results/tfbs-scan/hg38/mask/split/chr13.fa > results/tfbs-scan/hg38/scan/ENCSR000AHD.MCF7_Invasive_ductal_breast_carcinoma.CTCF.MA0139.1.damo.pwm/ENCSR000AHD.MCF7_Invasive_ductal_breast_carcinoma.CTCF.MA0139.1.damo.pwm-sites.masked.chr13.bed
        
        (one of the commands exited with non-zero exit code; note that snakemake uses bash strict mode!)

[Mon Jan 15 06:14:45 2024]
Error in rule scan_scan_chromosome:
    jobid: 44
    input: results/tfbs-scan/IntLogOdds/ENCSR000AHD.MCF7_Invasive_ductal_breast_carcinoma.CTCF.MA0139.1.damo.pwm.IntLogOdds, results/tfbs-scan/hg38/scan/ENCSR000AHD.MCF7_Invasive_ductal_breast_carcinoma.CTCF.MA0139.1.damo.pwm/ENCSR000AHD.MCF7_Invasive_ductal_breast_carcinoma.CTCF.MA0139.1.damo.pwm-coeff.txt, results/tfbs-scan/hg38/mask/split/chr12.fa, resources/software/PWMScan/matrix_scan
    output: results/tfbs-scan/hg38/scan/ENCSR000AHD.MCF7_Invasive_ductal_breast_carcinoma.CTCF.MA0139.1.damo.pwm/ENCSR000AHD.MCF7_Invasive_ductal_breast_carcinoma.CTCF.MA0139.1.damo.pwm-sites.masked.chr12.bed
    log: workflow/logs/scan_chromosome_ENCSR000AHD.MCF7_Invasive_ductal_breast_carcinoma.CTCF.MA0139.1.damo.pwm_hg38_chr12.stdout, workflow/logs/scan_chromosome_ENCSR000AHD.MCF7_Invasive_ductal_breast_carcinoma.CTCF.MA0139.1.damo.pwm_hg38_chr12.stderr (check log file(s) for error details)
    conda-env: /home/tubbsca/snakemake_condas/15eac168b67d44f04e70744dacff5721_
    shell:
        
        resources/software/PWMScan/matrix_scan -m results/tfbs-scan/IntLogOdds/ENCSR000AHD.MCF7_Invasive_ductal_breast_carcinoma.CTCF.MA0139.1.damo.pwm.IntLogOdds -c $(cat results/tfbs-scan/hg38/scan/ENCSR000AHD.MCF7_Invasive_ductal_breast_carcinoma.CTCF.MA0139.1.damo.pwm/ENCSR000AHD.MCF7_Invasive_ductal_breast_carcinoma.CTCF.MA0139.1.damo.pwm-coeff.txt) results/tfbs-scan/hg38/mask/split/chr12.fa > results/tfbs-scan/hg38/scan/ENCSR000AHD.MCF7_Invasive_ductal_breast_carcinoma.CTCF.MA0139.1.damo.pwm/ENCSR000AHD.MCF7_Invasive_ductal_breast_carcinoma.CTCF.MA0139.1.damo.pwm-sites.masked.chr12.bed
        
        (one of the commands exited with non-zero exit code; note that snakemake uses bash strict mode!)

[Mon Jan 15 06:14:45 2024]
Error in rule scan_scan_chromosome:
    jobid: 72
    input: results/tfbs-scan/IntLogOdds/ENCSR000ATM.K562_myelogenous_leukemia.REST.MA0138.2.damo.pwm.IntLogOdds, results/tfbs-scan/hg38/scan/ENCSR000ATM.K562_myelogenous_leukemia.REST.MA0138.2.damo.pwm/ENCSR000ATM.K562_myelogenous_leukemia.REST.MA0138.2.damo.pwm-coeff.txt, results/tfbs-scan/hg38/mask/split/chr12.fa, resources/software/PWMScan/matrix_scan
    output: results/tfbs-scan/hg38/scan/ENCSR000ATM.K562_myelogenous_leukemia.REST.MA0138.2.damo.pwm/ENCSR000ATM.K562_myelogenous_leukemia.REST.MA0138.2.damo.pwm-sites.masked.chr12.bed
    log: workflow/logs/scan_chromosome_ENCSR000ATM.K562_myelogenous_leukemia.REST.MA0138.2.damo.pwm_hg38_chr12.stdout, workflow/logs/scan_chromosome_ENCSR000ATM.K562_myelogenous_leukemia.REST.MA0138.2.damo.pwm_hg38_chr12.stderr (check log file(s) for error details)
    conda-env: /home/tubbsca/snakemake_condas/15eac168b67d44f04e70744dacff5721_
    shell:
        
        resources/software/PWMScan/matrix_scan -m results/tfbs-scan/IntLogOdds/ENCSR000ATM.K562_myelogenous_leukemia.REST.MA0138.2.damo.pwm.IntLogOdds -c $(cat results/tfbs-scan/hg38/scan/ENCSR000ATM.K562_myelogenous_leukemia.REST.MA0138.2.damo.pwm/ENCSR000ATM.K562_myelogenous_leukemia.REST.MA0138.2.damo.pwm-coeff.txt) results/tfbs-scan/hg38/mask/split/chr12.fa > results/tfbs-scan/hg38/scan/ENCSR000ATM.K562_myelogenous_leukemia.REST.MA0138.2.damo.pwm/ENCSR000ATM.K562_myelogenous_leukemia.REST.MA0138.2.damo.pwm-sites.masked.chr12.bed
        
        (one of the commands exited with non-zero exit code; note that snakemake uses bash strict mode!)

[Mon Jan 15 06:14:45 2024]
Error in rule scan_scan_chromosome:
    jobid: 79
    input: results/tfbs-scan/IntLogOdds/ENCSR000ATM.K562_myelogenous_leukemia.REST.MA0138.2.damo.pwm.IntLogOdds, results/tfbs-scan/hg38/scan/ENCSR000ATM.K562_myelogenous_leukemia.REST.MA0138.2.damo.pwm/ENCSR000ATM.K562_myelogenous_leukemia.REST.MA0138.2.damo.pwm-coeff.txt, results/tfbs-scan/hg38/mask/split/chr19.fa, resources/software/PWMScan/matrix_scan
    output: results/tfbs-scan/hg38/scan/ENCSR000ATM.K562_myelogenous_leukemia.REST.MA0138.2.damo.pwm/ENCSR000ATM.K562_myelogenous_leukemia.REST.MA0138.2.damo.pwm-sites.masked.chr19.bed
    log: workflow/logs/scan_chromosome_ENCSR000ATM.K562_myelogenous_leukemia.REST.MA0138.2.damo.pwm_hg38_chr19.stdout, workflow/logs/scan_chromosome_ENCSR000ATM.K562_myelogenous_leukemia.REST.MA0138.2.damo.pwm_hg38_chr19.stderr (check log file(s) for error details)
    conda-env: /home/tubbsca/snakemake_condas/15eac168b67d44f04e70744dacff5721_
    shell:
        
        resources/software/PWMScan/matrix_scan -m results/tfbs-scan/IntLogOdds/ENCSR000ATM.K562_myelogenous_leukemia.REST.MA0138.2.damo.pwm.IntLogOdds -c $(cat results/tfbs-scan/hg38/scan/ENCSR000ATM.K562_myelogenous_leukemia.REST.MA0138.2.damo.pwm/ENCSR000ATM.K562_myelogenous_leukemia.REST.MA0138.2.damo.pwm-coeff.txt) results/tfbs-scan/hg38/mask/split/chr19.fa > results/tfbs-scan/hg38/scan/ENCSR000ATM.K562_myelogenous_leukemia.REST.MA0138.2.damo.pwm/ENCSR000ATM.K562_myelogenous_leukemia.REST.MA0138.2.damo.pwm-sites.masked.chr19.bed
        
        (one of the commands exited with non-zero exit code; note that snakemake uses bash strict mode!)

[Mon Jan 15 06:14:45 2024]
Error in rule scan_scan_chromosome:
    jobid: 62
    input: results/tfbs-scan/IntLogOdds/ENCSR000ATM.K562_myelogenous_leukemia.REST.MA0138.2.damo.pwm.IntLogOdds, results/tfbs-scan/hg38/scan/ENCSR000ATM.K562_myelogenous_leukemia.REST.MA0138.2.damo.pwm/ENCSR000ATM.K562_myelogenous_leukemia.REST.MA0138.2.damo.pwm-coeff.txt, results/tfbs-scan/hg38/mask/split/chr2.fa, resources/software/PWMScan/matrix_scan
    output: results/tfbs-scan/hg38/scan/ENCSR000ATM.K562_myelogenous_leukemia.REST.MA0138.2.damo.pwm/ENCSR000ATM.K562_myelogenous_leukemia.REST.MA0138.2.damo.pwm-sites.masked.chr2.bed
    log: workflow/logs/scan_chromosome_ENCSR000ATM.K562_myelogenous_leukemia.REST.MA0138.2.damo.pwm_hg38_chr2.stdout, workflow/logs/scan_chromosome_ENCSR000ATM.K562_myelogenous_leukemia.REST.MA0138.2.damo.pwm_hg38_chr2.stderr (check log file(s) for error details)
    conda-env: /home/tubbsca/snakemake_condas/15eac168b67d44f04e70744dacff5721_
    shell:
        
        resources/software/PWMScan/matrix_scan -m results/tfbs-scan/IntLogOdds/ENCSR000ATM.K562_myelogenous_leukemia.REST.MA0138.2.damo.pwm.IntLogOdds -c $(cat results/tfbs-scan/hg38/scan/ENCSR000ATM.K562_myelogenous_leukemia.REST.MA0138.2.damo.pwm/ENCSR000ATM.K562_myelogenous_leukemia.REST.MA0138.2.damo.pwm-coeff.txt) results/tfbs-scan/hg38/mask/split/chr2.fa > results/tfbs-scan/hg38/scan/ENCSR000ATM.K562_myelogenous_leukemia.REST.MA0138.2.damo.pwm/ENCSR000ATM.K562_myelogenous_leukemia.REST.MA0138.2.damo.pwm-sites.masked.chr2.bed
        
        (one of the commands exited with non-zero exit code; note that snakemake uses bash strict mode!)

[Mon Jan 15 06:14:45 2024]
Error in rule scan_scan_chromosome:
    jobid: 28
    input: results/tfbs-scan/IntLogOdds/ENCSR000AHD.MCF7_Invasive_ductal_breast_carcinoma.CTCF.MA0139.1.damo.pwm.IntLogOdds, results/tfbs-scan/hg38/scan/ENCSR000AHD.MCF7_Invasive_ductal_breast_carcinoma.CTCF.MA0139.1.damo.pwm/ENCSR000AHD.MCF7_Invasive_ductal_breast_carcinoma.CTCF.MA0139.1.damo.pwm-coeff.txt, results/tfbs-scan/hg38/mask/split/chr1.fa, resources/software/PWMScan/matrix_scan
    output: results/tfbs-scan/hg38/scan/ENCSR000AHD.MCF7_Invasive_ductal_breast_carcinoma.CTCF.MA0139.1.damo.pwm/ENCSR000AHD.MCF7_Invasive_ductal_breast_carcinoma.CTCF.MA0139.1.damo.pwm-sites.masked.chr1.bed
    log: workflow/logs/scan_chromosome_ENCSR000AHD.MCF7_Invasive_ductal_breast_carcinoma.CTCF.MA0139.1.damo.pwm_hg38_chr1.stdout, workflow/logs/scan_chromosome_ENCSR000AHD.MCF7_Invasive_ductal_breast_carcinoma.CTCF.MA0139.1.damo.pwm_hg38_chr1.stderr (check log file(s) for error details)
    conda-env: /home/tubbsca/snakemake_condas/15eac168b67d44f04e70744dacff5721_
    shell:
        
        resources/software/PWMScan/matrix_scan -m results/tfbs-scan/IntLogOdds/ENCSR000AHD.MCF7_Invasive_ductal_breast_carcinoma.CTCF.MA0139.1.damo.pwm.IntLogOdds -c $(cat results/tfbs-scan/hg38/scan/ENCSR000AHD.MCF7_Invasive_ductal_breast_carcinoma.CTCF.MA0139.1.damo.pwm/ENCSR000AHD.MCF7_Invasive_ductal_breast_carcinoma.CTCF.MA0139.1.damo.pwm-coeff.txt) results/tfbs-scan/hg38/mask/split/chr1.fa > results/tfbs-scan/hg38/scan/ENCSR000AHD.MCF7_Invasive_ductal_breast_carcinoma.CTCF.MA0139.1.damo.pwm/ENCSR000AHD.MCF7_Invasive_ductal_breast_carcinoma.CTCF.MA0139.1.damo.pwm-sites.masked.chr1.bed
        
        (one of the commands exited with non-zero exit code; note that snakemake uses bash strict mode!)

[Mon Jan 15 06:14:45 2024]
Error in rule scan_scan_chromosome:
    jobid: 78
    input: results/tfbs-scan/IntLogOdds/ENCSR000ATM.K562_myelogenous_leukemia.REST.MA0138.2.damo.pwm.IntLogOdds, results/tfbs-scan/hg38/scan/ENCSR000ATM.K562_myelogenous_leukemia.REST.MA0138.2.damo.pwm/ENCSR000ATM.K562_myelogenous_leukemia.REST.MA0138.2.damo.pwm-coeff.txt, results/tfbs-scan/hg38/mask/split/chr18.fa, resources/software/PWMScan/matrix_scan
    output: results/tfbs-scan/hg38/scan/ENCSR000ATM.K562_myelogenous_leukemia.REST.MA0138.2.damo.pwm/ENCSR000ATM.K562_myelogenous_leukemia.REST.MA0138.2.damo.pwm-sites.masked.chr18.bed
    log: workflow/logs/scan_chromosome_ENCSR000ATM.K562_myelogenous_leukemia.REST.MA0138.2.damo.pwm_hg38_chr18.stdout, workflow/logs/scan_chromosome_ENCSR000ATM.K562_myelogenous_leukemia.REST.MA0138.2.damo.pwm_hg38_chr18.stderr (check log file(s) for error details)
    conda-env: /home/tubbsca/snakemake_condas/15eac168b67d44f04e70744dacff5721_
    shell:
        
        resources/software/PWMScan/matrix_scan -m results/tfbs-scan/IntLogOdds/ENCSR000ATM.K562_myelogenous_leukemia.REST.MA0138.2.damo.pwm.IntLogOdds -c $(cat results/tfbs-scan/hg38/scan/ENCSR000ATM.K562_myelogenous_leukemia.REST.MA0138.2.damo.pwm/ENCSR000ATM.K562_myelogenous_leukemia.REST.MA0138.2.damo.pwm-coeff.txt) results/tfbs-scan/hg38/mask/split/chr18.fa > results/tfbs-scan/hg38/scan/ENCSR000ATM.K562_myelogenous_leukemia.REST.MA0138.2.damo.pwm/ENCSR000ATM.K562_myelogenous_leukemia.REST.MA0138.2.damo.pwm-sites.masked.chr18.bed
        
        (one of the commands exited with non-zero exit code; note that snakemake uses bash strict mode!)

[Mon Jan 15 06:14:45 2024]
Error in rule scan_scan_chromosome:
    jobid: 82
    input: results/tfbs-scan/IntLogOdds/ENCSR000ATM.K562_myelogenous_leukemia.REST.MA0138.2.damo.pwm.IntLogOdds, results/tfbs-scan/hg38/scan/ENCSR000ATM.K562_myelogenous_leukemia.REST.MA0138.2.damo.pwm/ENCSR000ATM.K562_myelogenous_leukemia.REST.MA0138.2.damo.pwm-coeff.txt, results/tfbs-scan/hg38/mask/split/chr22.fa, resources/software/PWMScan/matrix_scan
    output: results/tfbs-scan/hg38/scan/ENCSR000ATM.K562_myelogenous_leukemia.REST.MA0138.2.damo.pwm/ENCSR000ATM.K562_myelogenous_leukemia.REST.MA0138.2.damo.pwm-sites.masked.chr22.bed
    log: workflow/logs/scan_chromosome_ENCSR000ATM.K562_myelogenous_leukemia.REST.MA0138.2.damo.pwm_hg38_chr22.stdout, workflow/logs/scan_chromosome_ENCSR000ATM.K562_myelogenous_leukemia.REST.MA0138.2.damo.pwm_hg38_chr22.stderr (check log file(s) for error details)
    conda-env: /home/tubbsca/snakemake_condas/15eac168b67d44f04e70744dacff5721_
    shell:
        
        resources/software/PWMScan/matrix_scan -m results/tfbs-scan/IntLogOdds/ENCSR000ATM.K562_myelogenous_leukemia.REST.MA0138.2.damo.pwm.IntLogOdds -c $(cat results/tfbs-scan/hg38/scan/ENCSR000ATM.K562_myelogenous_leukemia.REST.MA0138.2.damo.pwm/ENCSR000ATM.K562_myelogenous_leukemia.REST.MA0138.2.damo.pwm-coeff.txt) results/tfbs-scan/hg38/mask/split/chr22.fa > results/tfbs-scan/hg38/scan/ENCSR000ATM.K562_myelogenous_leukemia.REST.MA0138.2.damo.pwm/ENCSR000ATM.K562_myelogenous_leukemia.REST.MA0138.2.damo.pwm-sites.masked.chr22.bed
        
        (one of the commands exited with non-zero exit code; note that snakemake uses bash strict mode!)

[Mon Jan 15 06:14:45 2024]
Error in rule scan_scan_chromosome:
    jobid: 51
    input: results/tfbs-scan/IntLogOdds/ENCSR000AHD.MCF7_Invasive_ductal_breast_carcinoma.CTCF.MA0139.1.damo.pwm.IntLogOdds, results/tfbs-scan/hg38/scan/ENCSR000AHD.MCF7_Invasive_ductal_breast_carcinoma.CTCF.MA0139.1.damo.pwm/ENCSR000AHD.MCF7_Invasive_ductal_breast_carcinoma.CTCF.MA0139.1.damo.pwm-coeff.txt, results/tfbs-scan/hg38/mask/split/chr19.fa, resources/software/PWMScan/matrix_scan
    output: results/tfbs-scan/hg38/scan/ENCSR000AHD.MCF7_Invasive_ductal_breast_carcinoma.CTCF.MA0139.1.damo.pwm/ENCSR000AHD.MCF7_Invasive_ductal_breast_carcinoma.CTCF.MA0139.1.damo.pwm-sites.masked.chr19.bed
    log: workflow/logs/scan_chromosome_ENCSR000AHD.MCF7_Invasive_ductal_breast_carcinoma.CTCF.MA0139.1.damo.pwm_hg38_chr19.stdout, workflow/logs/scan_chromosome_ENCSR000AHD.MCF7_Invasive_ductal_breast_carcinoma.CTCF.MA0139.1.damo.pwm_hg38_chr19.stderr (check log file(s) for error details)
    conda-env: /home/tubbsca/snakemake_condas/15eac168b67d44f04e70744dacff5721_
    shell:
        
        resources/software/PWMScan/matrix_scan -m results/tfbs-scan/IntLogOdds/ENCSR000AHD.MCF7_Invasive_ductal_breast_carcinoma.CTCF.MA0139.1.damo.pwm.IntLogOdds -c $(cat results/tfbs-scan/hg38/scan/ENCSR000AHD.MCF7_Invasive_ductal_breast_carcinoma.CTCF.MA0139.1.damo.pwm/ENCSR000AHD.MCF7_Invasive_ductal_breast_carcinoma.CTCF.MA0139.1.damo.pwm-coeff.txt) results/tfbs-scan/hg38/mask/split/chr19.fa > results/tfbs-scan/hg38/scan/ENCSR000AHD.MCF7_Invasive_ductal_breast_carcinoma.CTCF.MA0139.1.damo.pwm/ENCSR000AHD.MCF7_Invasive_ductal_breast_carcinoma.CTCF.MA0139.1.damo.pwm-sites.masked.chr19.bed
        
        (one of the commands exited with non-zero exit code; note that snakemake uses bash strict mode!)

[Mon Jan 15 06:14:45 2024]
Error in rule scan_scan_chromosome:
    jobid: 48
    input: results/tfbs-scan/IntLogOdds/ENCSR000AHD.MCF7_Invasive_ductal_breast_carcinoma.CTCF.MA0139.1.damo.pwm.IntLogOdds, results/tfbs-scan/hg38/scan/ENCSR000AHD.MCF7_Invasive_ductal_breast_carcinoma.CTCF.MA0139.1.damo.pwm/ENCSR000AHD.MCF7_Invasive_ductal_breast_carcinoma.CTCF.MA0139.1.damo.pwm-coeff.txt, results/tfbs-scan/hg38/mask/split/chr16.fa, resources/software/PWMScan/matrix_scan
    output: results/tfbs-scan/hg38/scan/ENCSR000AHD.MCF7_Invasive_ductal_breast_carcinoma.CTCF.MA0139.1.damo.pwm/ENCSR000AHD.MCF7_Invasive_ductal_breast_carcinoma.CTCF.MA0139.1.damo.pwm-sites.masked.chr16.bed
    log: workflow/logs/scan_chromosome_ENCSR000AHD.MCF7_Invasive_ductal_breast_carcinoma.CTCF.MA0139.1.damo.pwm_hg38_chr16.stdout, workflow/logs/scan_chromosome_ENCSR000AHD.MCF7_Invasive_ductal_breast_carcinoma.CTCF.MA0139.1.damo.pwm_hg38_chr16.stderr (check log file(s) for error details)
    conda-env: /home/tubbsca/snakemake_condas/15eac168b67d44f04e70744dacff5721_
    shell:
        
        resources/software/PWMScan/matrix_scan -m results/tfbs-scan/IntLogOdds/ENCSR000AHD.MCF7_Invasive_ductal_breast_carcinoma.CTCF.MA0139.1.damo.pwm.IntLogOdds -c $(cat results/tfbs-scan/hg38/scan/ENCSR000AHD.MCF7_Invasive_ductal_breast_carcinoma.CTCF.MA0139.1.damo.pwm/ENCSR000AHD.MCF7_Invasive_ductal_breast_carcinoma.CTCF.MA0139.1.damo.pwm-coeff.txt) results/tfbs-scan/hg38/mask/split/chr16.fa > results/tfbs-scan/hg38/scan/ENCSR000AHD.MCF7_Invasive_ductal_breast_carcinoma.CTCF.MA0139.1.damo.pwm/ENCSR000AHD.MCF7_Invasive_ductal_breast_carcinoma.CTCF.MA0139.1.damo.pwm-sites.masked.chr16.bed
        
        (one of the commands exited with non-zero exit code; note that snakemake uses bash strict mode!)

[Mon Jan 15 06:14:45 2024]
Error in rule scan_scan_chromosome:
    jobid: 50
    input: results/tfbs-scan/IntLogOdds/ENCSR000AHD.MCF7_Invasive_ductal_breast_carcinoma.CTCF.MA0139.1.damo.pwm.IntLogOdds, results/tfbs-scan/hg38/scan/ENCSR000AHD.MCF7_Invasive_ductal_breast_carcinoma.CTCF.MA0139.1.damo.pwm/ENCSR000AHD.MCF7_Invasive_ductal_breast_carcinoma.CTCF.MA0139.1.damo.pwm-coeff.txt, results/tfbs-scan/hg38/mask/split/chr18.fa, resources/software/PWMScan/matrix_scan
    output: results/tfbs-scan/hg38/scan/ENCSR000AHD.MCF7_Invasive_ductal_breast_carcinoma.CTCF.MA0139.1.damo.pwm/ENCSR000AHD.MCF7_Invasive_ductal_breast_carcinoma.CTCF.MA0139.1.damo.pwm-sites.masked.chr18.bed
    log: workflow/logs/scan_chromosome_ENCSR000AHD.MCF7_Invasive_ductal_breast_carcinoma.CTCF.MA0139.1.damo.pwm_hg38_chr18.stdout, workflow/logs/scan_chromosome_ENCSR000AHD.MCF7_Invasive_ductal_breast_carcinoma.CTCF.MA0139.1.damo.pwm_hg38_chr18.stderr (check log file(s) for error details)
    conda-env: /home/tubbsca/snakemake_condas/15eac168b67d44f04e70744dacff5721_
    shell:
        
        resources/software/PWMScan/matrix_scan -m results/tfbs-scan/IntLogOdds/ENCSR000AHD.MCF7_Invasive_ductal_breast_carcinoma.CTCF.MA0139.1.damo.pwm.IntLogOdds -c $(cat results/tfbs-scan/hg38/scan/ENCSR000AHD.MCF7_Invasive_ductal_breast_carcinoma.CTCF.MA0139.1.damo.pwm/ENCSR000AHD.MCF7_Invasive_ductal_breast_carcinoma.CTCF.MA0139.1.damo.pwm-coeff.txt) results/tfbs-scan/hg38/mask/split/chr18.fa > results/tfbs-scan/hg38/scan/ENCSR000AHD.MCF7_Invasive_ductal_breast_carcinoma.CTCF.MA0139.1.damo.pwm/ENCSR000AHD.MCF7_Invasive_ductal_breast_carcinoma.CTCF.MA0139.1.damo.pwm-sites.masked.chr18.bed
        
        (one of the commands exited with non-zero exit code; note that snakemake uses bash strict mode!)

[Mon Jan 15 06:14:45 2024]
Error in rule scan_scan_chromosome:
    jobid: 81
    input: results/tfbs-scan/IntLogOdds/ENCSR000ATM.K562_myelogenous_leukemia.REST.MA0138.2.damo.pwm.IntLogOdds, results/tfbs-scan/hg38/scan/ENCSR000ATM.K562_myelogenous_leukemia.REST.MA0138.2.damo.pwm/ENCSR000ATM.K562_myelogenous_leukemia.REST.MA0138.2.damo.pwm-coeff.txt, results/tfbs-scan/hg38/mask/split/chr21.fa, resources/software/PWMScan/matrix_scan
    output: results/tfbs-scan/hg38/scan/ENCSR000ATM.K562_myelogenous_leukemia.REST.MA0138.2.damo.pwm/ENCSR000ATM.K562_myelogenous_leukemia.REST.MA0138.2.damo.pwm-sites.masked.chr21.bed
    log: workflow/logs/scan_chromosome_ENCSR000ATM.K562_myelogenous_leukemia.REST.MA0138.2.damo.pwm_hg38_chr21.stdout, workflow/logs/scan_chromosome_ENCSR000ATM.K562_myelogenous_leukemia.REST.MA0138.2.damo.pwm_hg38_chr21.stderr (check log file(s) for error details)
    conda-env: /home/tubbsca/snakemake_condas/15eac168b67d44f04e70744dacff5721_
    shell:
        
        resources/software/PWMScan/matrix_scan -m results/tfbs-scan/IntLogOdds/ENCSR000ATM.K562_myelogenous_leukemia.REST.MA0138.2.damo.pwm.IntLogOdds -c $(cat results/tfbs-scan/hg38/scan/ENCSR000ATM.K562_myelogenous_leukemia.REST.MA0138.2.damo.pwm/ENCSR000ATM.K562_myelogenous_leukemia.REST.MA0138.2.damo.pwm-coeff.txt) results/tfbs-scan/hg38/mask/split/chr21.fa > results/tfbs-scan/hg38/scan/ENCSR000ATM.K562_myelogenous_leukemia.REST.MA0138.2.damo.pwm/ENCSR000ATM.K562_myelogenous_leukemia.REST.MA0138.2.damo.pwm-sites.masked.chr21.bed
        
        (one of the commands exited with non-zero exit code; note that snakemake uses bash strict mode!)

[Mon Jan 15 06:14:45 2024]
Error in rule scan_scan_chromosome:
    jobid: 73
    input: results/tfbs-scan/IntLogOdds/ENCSR000ATM.K562_myelogenous_leukemia.REST.MA0138.2.damo.pwm.IntLogOdds, results/tfbs-scan/hg38/scan/ENCSR000ATM.K562_myelogenous_leukemia.REST.MA0138.2.damo.pwm/ENCSR000ATM.K562_myelogenous_leukemia.REST.MA0138.2.damo.pwm-coeff.txt, results/tfbs-scan/hg38/mask/split/chr13.fa, resources/software/PWMScan/matrix_scan
    output: results/tfbs-scan/hg38/scan/ENCSR000ATM.K562_myelogenous_leukemia.REST.MA0138.2.damo.pwm/ENCSR000ATM.K562_myelogenous_leukemia.REST.MA0138.2.damo.pwm-sites.masked.chr13.bed
    log: workflow/logs/scan_chromosome_ENCSR000ATM.K562_myelogenous_leukemia.REST.MA0138.2.damo.pwm_hg38_chr13.stdout, workflow/logs/scan_chromosome_ENCSR000ATM.K562_myelogenous_leukemia.REST.MA0138.2.damo.pwm_hg38_chr13.stderr (check log file(s) for error details)
    conda-env: /home/tubbsca/snakemake_condas/15eac168b67d44f04e70744dacff5721_
    shell:
        
        resources/software/PWMScan/matrix_scan -m results/tfbs-scan/IntLogOdds/ENCSR000ATM.K562_myelogenous_leukemia.REST.MA0138.2.damo.pwm.IntLogOdds -c $(cat results/tfbs-scan/hg38/scan/ENCSR000ATM.K562_myelogenous_leukemia.REST.MA0138.2.damo.pwm/ENCSR000ATM.K562_myelogenous_leukemia.REST.MA0138.2.damo.pwm-coeff.txt) results/tfbs-scan/hg38/mask/split/chr13.fa > results/tfbs-scan/hg38/scan/ENCSR000ATM.K562_myelogenous_leukemia.REST.MA0138.2.damo.pwm/ENCSR000ATM.K562_myelogenous_leukemia.REST.MA0138.2.damo.pwm-sites.masked.chr13.bed
        
        (one of the commands exited with non-zero exit code; note that snakemake uses bash strict mode!)

[Mon Jan 15 06:14:45 2024]
Error in rule scan_scan_chromosome:
    jobid: 57
    input: results/tfbs-scan/IntLogOdds/ENCSR000ATM.K562_myelogenous_leukemia.REST.MA0138.2.damo.pwm.IntLogOdds, results/tfbs-scan/hg38/scan/ENCSR000ATM.K562_myelogenous_leukemia.REST.MA0138.2.damo.pwm/ENCSR000ATM.K562_myelogenous_leukemia.REST.MA0138.2.damo.pwm-coeff.txt, results/tfbs-scan/hg38/mask/split/chr1.fa, resources/software/PWMScan/matrix_scan
    output: results/tfbs-scan/hg38/scan/ENCSR000ATM.K562_myelogenous_leukemia.REST.MA0138.2.damo.pwm/ENCSR000ATM.K562_myelogenous_leukemia.REST.MA0138.2.damo.pwm-sites.masked.chr1.bed
    log: workflow/logs/scan_chromosome_ENCSR000ATM.K562_myelogenous_leukemia.REST.MA0138.2.damo.pwm_hg38_chr1.stdout, workflow/logs/scan_chromosome_ENCSR000ATM.K562_myelogenous_leukemia.REST.MA0138.2.damo.pwm_hg38_chr1.stderr (check log file(s) for error details)
    conda-env: /home/tubbsca/snakemake_condas/15eac168b67d44f04e70744dacff5721_
    shell:
        
        resources/software/PWMScan/matrix_scan -m results/tfbs-scan/IntLogOdds/ENCSR000ATM.K562_myelogenous_leukemia.REST.MA0138.2.damo.pwm.IntLogOdds -c $(cat results/tfbs-scan/hg38/scan/ENCSR000ATM.K562_myelogenous_leukemia.REST.MA0138.2.damo.pwm/ENCSR000ATM.K562_myelogenous_leukemia.REST.MA0138.2.damo.pwm-coeff.txt) results/tfbs-scan/hg38/mask/split/chr1.fa > results/tfbs-scan/hg38/scan/ENCSR000ATM.K562_myelogenous_leukemia.REST.MA0138.2.damo.pwm/ENCSR000ATM.K562_myelogenous_leukemia.REST.MA0138.2.damo.pwm-sites.masked.chr1.bed
        
        (one of the commands exited with non-zero exit code; note that snakemake uses bash strict mode!)

[Mon Jan 15 06:14:46 2024]
Error in rule scan_scan_chromosome:
    jobid: 80
    input: results/tfbs-scan/IntLogOdds/ENCSR000ATM.K562_myelogenous_leukemia.REST.MA0138.2.damo.pwm.IntLogOdds, results/tfbs-scan/hg38/scan/ENCSR000ATM.K562_myelogenous_leukemia.REST.MA0138.2.damo.pwm/ENCSR000ATM.K562_myelogenous_leukemia.REST.MA0138.2.damo.pwm-coeff.txt, results/tfbs-scan/hg38/mask/split/chr20.fa, resources/software/PWMScan/matrix_scan
    output: results/tfbs-scan/hg38/scan/ENCSR000ATM.K562_myelogenous_leukemia.REST.MA0138.2.damo.pwm/ENCSR000ATM.K562_myelogenous_leukemia.REST.MA0138.2.damo.pwm-sites.masked.chr20.bed
    log: workflow/logs/scan_chromosome_ENCSR000ATM.K562_myelogenous_leukemia.REST.MA0138.2.damo.pwm_hg38_chr20.stdout, workflow/logs/scan_chromosome_ENCSR000ATM.K562_myelogenous_leukemia.REST.MA0138.2.damo.pwm_hg38_chr20.stderr (check log file(s) for error details)
    conda-env: /home/tubbsca/snakemake_condas/15eac168b67d44f04e70744dacff5721_
    shell:
        
        resources/software/PWMScan/matrix_scan -m results/tfbs-scan/IntLogOdds/ENCSR000ATM.K562_myelogenous_leukemia.REST.MA0138.2.damo.pwm.IntLogOdds -c $(cat results/tfbs-scan/hg38/scan/ENCSR000ATM.K562_myelogenous_leukemia.REST.MA0138.2.damo.pwm/ENCSR000ATM.K562_myelogenous_leukemia.REST.MA0138.2.damo.pwm-coeff.txt) results/tfbs-scan/hg38/mask/split/chr20.fa > results/tfbs-scan/hg38/scan/ENCSR000ATM.K562_myelogenous_leukemia.REST.MA0138.2.damo.pwm/ENCSR000ATM.K562_myelogenous_leukemia.REST.MA0138.2.damo.pwm-sites.masked.chr20.bed
        
        (one of the commands exited with non-zero exit code; note that snakemake uses bash strict mode!)

[Mon Jan 15 06:14:46 2024]
Error in rule scan_scan_chromosome:
    jobid: 77
    input: results/tfbs-scan/IntLogOdds/ENCSR000ATM.K562_myelogenous_leukemia.REST.MA0138.2.damo.pwm.IntLogOdds, results/tfbs-scan/hg38/scan/ENCSR000ATM.K562_myelogenous_leukemia.REST.MA0138.2.damo.pwm/ENCSR000ATM.K562_myelogenous_leukemia.REST.MA0138.2.damo.pwm-coeff.txt, results/tfbs-scan/hg38/mask/split/chr17.fa, resources/software/PWMScan/matrix_scan
    output: results/tfbs-scan/hg38/scan/ENCSR000ATM.K562_myelogenous_leukemia.REST.MA0138.2.damo.pwm/ENCSR000ATM.K562_myelogenous_leukemia.REST.MA0138.2.damo.pwm-sites.masked.chr17.bed
    log: workflow/logs/scan_chromosome_ENCSR000ATM.K562_myelogenous_leukemia.REST.MA0138.2.damo.pwm_hg38_chr17.stdout, workflow/logs/scan_chromosome_ENCSR000ATM.K562_myelogenous_leukemia.REST.MA0138.2.damo.pwm_hg38_chr17.stderr (check log file(s) for error details)
    conda-env: /home/tubbsca/snakemake_condas/15eac168b67d44f04e70744dacff5721_
    shell:
        
        resources/software/PWMScan/matrix_scan -m results/tfbs-scan/IntLogOdds/ENCSR000ATM.K562_myelogenous_leukemia.REST.MA0138.2.damo.pwm.IntLogOdds -c $(cat results/tfbs-scan/hg38/scan/ENCSR000ATM.K562_myelogenous_leukemia.REST.MA0138.2.damo.pwm/ENCSR000ATM.K562_myelogenous_leukemia.REST.MA0138.2.damo.pwm-coeff.txt) results/tfbs-scan/hg38/mask/split/chr17.fa > results/tfbs-scan/hg38/scan/ENCSR000ATM.K562_myelogenous_leukemia.REST.MA0138.2.damo.pwm/ENCSR000ATM.K562_myelogenous_leukemia.REST.MA0138.2.damo.pwm-sites.masked.chr17.bed
        
        (one of the commands exited with non-zero exit code; note that snakemake uses bash strict mode!)

Complete log: .snakemake/log/2024-01-15T061044.953396.snakemake.log
