Building DAG of jobs...
Your conda installation is not configured to use strict channel priorities. This is however crucial for having robust and correct environments (for details, see https://conda-forge.org/docs/user/tipsandtricks.html). Please consider to configure strict priorities by executing 'conda config --set channel_priority strict'.
Using shell: /usr/bin/bash
Provided cores: 24
Rules claiming more threads will be scaled down.
Job stats:
job                           count
--------------------------  -------
all                               1
scan_assemble_scan                5
scan_scan_chromosome            120
sequence_decompress_genome        1
sequence_mask_genome              1
sequence_mask_regions             1
sequence_split_genome            24
total                           153

Select jobs to execute...

[Mon Jan 15 16:17:47 2024]
Job 3: 
        Makes exclude regions in BED format for genome masking.
        
Reason: Missing output files: results/tfbs-scan/hg38/mask/hg38.masked_regions.bed

Activating conda environment: ../../../../../../../../../../../../../home/tubbsca/snakemake_condas/15eac168b67d44f04e70744dacff5721_

[Mon Jan 15 16:17:47 2024]
Job 4: 
        Necessary to scan genome.
        
Reason: Missing output files: results/tfbs-scan/hg38/hg38.fa

Activating conda environment: ../../../../../../../../../../../../../home/tubbsca/snakemake_condas/15eac168b67d44f04e70744dacff5721_
[Mon Jan 15 16:17:53 2024]
Finished job 3.
1 of 153 steps (1%) done
[Mon Jan 15 16:18:28 2024]
Finished job 4.
2 of 153 steps (1%) done
Select jobs to execute...

[Mon Jan 15 16:18:28 2024]
Job 2: 
        Creates custom-masked genome for scanning against.
        
Reason: Missing output files: results/tfbs-scan/hg38/mask/hg38.custom-mask.fa; Input files updated by another job: results/tfbs-scan/hg38/mask/hg38.masked_regions.bed, results/tfbs-scan/hg38/hg38.fa

Activating conda environment: ../../../../../../../../../../../../../home/tubbsca/snakemake_condas/15eac168b67d44f04e70744dacff5721_
[Mon Jan 15 16:19:17 2024]
Finished job 2.
3 of 153 steps (2%) done
Removing temporary output results/tfbs-scan/hg38/hg38.fa.
Select jobs to execute...

[Mon Jan 15 16:19:17 2024]
Job 1: 
        Splits masked genome by chromsome from parallel scanning.
        
Reason: Missing output files: results/tfbs-scan/hg38/mask/chr1.fa; Input files updated by another job: results/tfbs-scan/hg38/mask/hg38.custom-mask.fa

Activating conda environment: ../../../../../../../../../../../../../home/tubbsca/snakemake_condas/15eac168b67d44f04e70744dacff5721_

[Mon Jan 15 16:19:17 2024]
Job 15: 
        Splits masked genome by chromsome from parallel scanning.
        
Reason: Missing output files: results/tfbs-scan/hg38/mask/chr12.fa; Input files updated by another job: results/tfbs-scan/hg38/mask/hg38.custom-mask.fa

Activating conda environment: ../../../../../../../../../../../../../home/tubbsca/snakemake_condas/15eac168b67d44f04e70744dacff5721_

[Mon Jan 15 16:19:18 2024]
Job 9: 
        Splits masked genome by chromsome from parallel scanning.
        
Reason: Missing output files: results/tfbs-scan/hg38/mask/chr6.fa; Input files updated by another job: results/tfbs-scan/hg38/mask/hg38.custom-mask.fa

Activating conda environment: ../../../../../../../../../../../../../home/tubbsca/snakemake_condas/15eac168b67d44f04e70744dacff5721_

[Mon Jan 15 16:19:18 2024]
Job 23: 
        Splits masked genome by chromsome from parallel scanning.
        
Reason: Missing output files: results/tfbs-scan/hg38/mask/chr20.fa; Input files updated by another job: results/tfbs-scan/hg38/mask/hg38.custom-mask.fa

Activating conda environment: ../../../../../../../../../../../../../home/tubbsca/snakemake_condas/15eac168b67d44f04e70744dacff5721_

[Mon Jan 15 16:19:18 2024]
Job 16: 
        Splits masked genome by chromsome from parallel scanning.
        
Reason: Missing output files: results/tfbs-scan/hg38/mask/chr13.fa; Input files updated by another job: results/tfbs-scan/hg38/mask/hg38.custom-mask.fa

Activating conda environment: ../../../../../../../../../../../../../home/tubbsca/snakemake_condas/15eac168b67d44f04e70744dacff5721_

[Mon Jan 15 16:19:18 2024]
Job 24: 
        Splits masked genome by chromsome from parallel scanning.
        
Reason: Missing output files: results/tfbs-scan/hg38/mask/chr21.fa; Input files updated by another job: results/tfbs-scan/hg38/mask/hg38.custom-mask.fa

Activating conda environment: ../../../../../../../../../../../../../home/tubbsca/snakemake_condas/15eac168b67d44f04e70744dacff5721_

[Mon Jan 15 16:19:18 2024]
Job 10: 
        Splits masked genome by chromsome from parallel scanning.
        
Reason: Missing output files: results/tfbs-scan/hg38/mask/chr7.fa; Input files updated by another job: results/tfbs-scan/hg38/mask/hg38.custom-mask.fa

Activating conda environment: ../../../../../../../../../../../../../home/tubbsca/snakemake_condas/15eac168b67d44f04e70744dacff5721_

[Mon Jan 15 16:19:18 2024]
Job 17: 
        Splits masked genome by chromsome from parallel scanning.
        
Reason: Missing output files: results/tfbs-scan/hg38/mask/chr14.fa; Input files updated by another job: results/tfbs-scan/hg38/mask/hg38.custom-mask.fa

Activating conda environment: ../../../../../../../../../../../../../home/tubbsca/snakemake_condas/15eac168b67d44f04e70744dacff5721_

[Mon Jan 15 16:19:18 2024]
Job 11: 
        Splits masked genome by chromsome from parallel scanning.
        
Reason: Missing output files: results/tfbs-scan/hg38/mask/chr8.fa; Input files updated by another job: results/tfbs-scan/hg38/mask/hg38.custom-mask.fa

Activating conda environment: ../../../../../../../../../../../../../home/tubbsca/snakemake_condas/15eac168b67d44f04e70744dacff5721_

[Mon Jan 15 16:19:18 2024]
Job 25: 
        Splits masked genome by chromsome from parallel scanning.
        
Reason: Missing output files: results/tfbs-scan/hg38/mask/chr22.fa; Input files updated by another job: results/tfbs-scan/hg38/mask/hg38.custom-mask.fa

Activating conda environment: ../../../../../../../../../../../../../home/tubbsca/snakemake_condas/15eac168b67d44f04e70744dacff5721_

[Mon Jan 15 16:19:18 2024]
Job 18: 
        Splits masked genome by chromsome from parallel scanning.
        
Reason: Missing output files: results/tfbs-scan/hg38/mask/chr15.fa; Input files updated by another job: results/tfbs-scan/hg38/mask/hg38.custom-mask.fa

Activating conda environment: ../../../../../../../../../../../../../home/tubbsca/snakemake_condas/15eac168b67d44f04e70744dacff5721_

[Mon Jan 15 16:19:18 2024]
Job 12: 
        Splits masked genome by chromsome from parallel scanning.
        
Reason: Missing output files: results/tfbs-scan/hg38/mask/chr9.fa; Input files updated by another job: results/tfbs-scan/hg38/mask/hg38.custom-mask.fa

Activating conda environment: ../../../../../../../../../../../../../home/tubbsca/snakemake_condas/15eac168b67d44f04e70744dacff5721_

[Mon Jan 15 16:19:18 2024]
Job 26: 
        Splits masked genome by chromsome from parallel scanning.
        
Reason: Missing output files: results/tfbs-scan/hg38/mask/chrX.fa; Input files updated by another job: results/tfbs-scan/hg38/mask/hg38.custom-mask.fa

Activating conda environment: ../../../../../../../../../../../../../home/tubbsca/snakemake_condas/15eac168b67d44f04e70744dacff5721_

[Mon Jan 15 16:19:18 2024]
Job 5: 
        Splits masked genome by chromsome from parallel scanning.
        
Reason: Missing output files: results/tfbs-scan/hg38/mask/chr2.fa; Input files updated by another job: results/tfbs-scan/hg38/mask/hg38.custom-mask.fa

Activating conda environment: ../../../../../../../../../../../../../home/tubbsca/snakemake_condas/15eac168b67d44f04e70744dacff5721_

[Mon Jan 15 16:19:18 2024]
Job 19: 
        Splits masked genome by chromsome from parallel scanning.
        
Reason: Missing output files: results/tfbs-scan/hg38/mask/chr16.fa; Input files updated by another job: results/tfbs-scan/hg38/mask/hg38.custom-mask.fa

Activating conda environment: ../../../../../../../../../../../../../home/tubbsca/snakemake_condas/15eac168b67d44f04e70744dacff5721_

[Mon Jan 15 16:19:18 2024]
Job 13: 
        Splits masked genome by chromsome from parallel scanning.
        
Reason: Missing output files: results/tfbs-scan/hg38/mask/chr10.fa; Input files updated by another job: results/tfbs-scan/hg38/mask/hg38.custom-mask.fa

Activating conda environment: ../../../../../../../../../../../../../home/tubbsca/snakemake_condas/15eac168b67d44f04e70744dacff5721_

[Mon Jan 15 16:19:18 2024]
Job 27: 
        Splits masked genome by chromsome from parallel scanning.
        
Reason: Missing output files: results/tfbs-scan/hg38/mask/chrY.fa; Input files updated by another job: results/tfbs-scan/hg38/mask/hg38.custom-mask.fa

Activating conda environment: ../../../../../../../../../../../../../home/tubbsca/snakemake_condas/15eac168b67d44f04e70744dacff5721_

[Mon Jan 15 16:19:18 2024]
Job 8: 
        Splits masked genome by chromsome from parallel scanning.
        
Reason: Missing output files: results/tfbs-scan/hg38/mask/chr5.fa; Input files updated by another job: results/tfbs-scan/hg38/mask/hg38.custom-mask.fa

Activating conda environment: ../../../../../../../../../../../../../home/tubbsca/snakemake_condas/15eac168b67d44f04e70744dacff5721_

[Mon Jan 15 16:19:18 2024]
Job 20: 
        Splits masked genome by chromsome from parallel scanning.
        
Reason: Missing output files: results/tfbs-scan/hg38/mask/chr17.fa; Input files updated by another job: results/tfbs-scan/hg38/mask/hg38.custom-mask.fa

Activating conda environment: ../../../../../../../../../../../../../home/tubbsca/snakemake_condas/15eac168b67d44f04e70744dacff5721_

[Mon Jan 15 16:19:18 2024]
Job 6: 
        Splits masked genome by chromsome from parallel scanning.
        
Reason: Missing output files: results/tfbs-scan/hg38/mask/chr3.fa; Input files updated by another job: results/tfbs-scan/hg38/mask/hg38.custom-mask.fa

Activating conda environment: ../../../../../../../../../../../../../home/tubbsca/snakemake_condas/15eac168b67d44f04e70744dacff5721_

[Mon Jan 15 16:19:18 2024]
Job 14: 
        Splits masked genome by chromsome from parallel scanning.
        
Reason: Missing output files: results/tfbs-scan/hg38/mask/chr11.fa; Input files updated by another job: results/tfbs-scan/hg38/mask/hg38.custom-mask.fa

Activating conda environment: ../../../../../../../../../../../../../home/tubbsca/snakemake_condas/15eac168b67d44f04e70744dacff5721_

[Mon Jan 15 16:19:18 2024]
Job 7: 
        Splits masked genome by chromsome from parallel scanning.
        
Reason: Missing output files: results/tfbs-scan/hg38/mask/chr4.fa; Input files updated by another job: results/tfbs-scan/hg38/mask/hg38.custom-mask.fa

Activating conda environment: ../../../../../../../../../../../../../home/tubbsca/snakemake_condas/15eac168b67d44f04e70744dacff5721_

[Mon Jan 15 16:19:18 2024]
Job 21: 
        Splits masked genome by chromsome from parallel scanning.
        
Reason: Missing output files: results/tfbs-scan/hg38/mask/chr18.fa; Input files updated by another job: results/tfbs-scan/hg38/mask/hg38.custom-mask.fa

Activating conda environment: ../../../../../../../../../../../../../home/tubbsca/snakemake_condas/15eac168b67d44f04e70744dacff5721_

[Mon Jan 15 16:19:18 2024]
Job 22: 
        Splits masked genome by chromsome from parallel scanning.
        
Reason: Missing output files: results/tfbs-scan/hg38/mask/chr19.fa; Input files updated by another job: results/tfbs-scan/hg38/mask/hg38.custom-mask.fa

Activating conda environment: ../../../../../../../../../../../../../home/tubbsca/snakemake_condas/15eac168b67d44f04e70744dacff5721_
[Mon Jan 15 16:20:08 2024]
Finished job 24.
4 of 153 steps (3%) done
Select jobs to execute...

[Mon Jan 15 16:20:08 2024]
Job 83: 
        Scans reference genome for matches againts input motif.
        Output compressed.
        
Reason: Missing output files: results/tfbs-scan/hg38/scan/ENCSR000ATM.K562_myelogenous_leukemia.REST.MA0138.2.damo.pwm/ENCSR000ATM.K562_myelogenous_leukemia.REST.MA0138.2.damo.pwm-sites.masked.chr21.bed; Input files updated by another job: results/tfbs-scan/hg38/mask/chr21.fa

Activating conda environment: ../../../../../../../../../../../../../home/tubbsca/snakemake_condas/15eac168b67d44f04e70744dacff5721_
[Mon Jan 15 16:20:09 2024]
Finished job 11.
5 of 153 steps (3%) done
[Mon Jan 15 16:20:09 2024]
Finished job 17.
6 of 153 steps (4%) done
Select jobs to execute...

[Mon Jan 15 16:20:09 2024]
Job 141: 
        Scans reference genome for matches againts input motif.
        Output compressed.
        
Reason: Missing output files: results/tfbs-scan/hg38/scan/ENCSR000ANO.normal_lung_fibroblasts.CTCF.MA0139.1.damo.pwm/ENCSR000ANO.normal_lung_fibroblasts.CTCF.MA0139.1.damo.pwm-sites.masked.chr21.bed; Input files updated by another job: results/tfbs-scan/hg38/mask/chr21.fa


Activating conda environment: ../../../../../../../../../../../../../home/tubbsca/snakemake_condas/15eac168b67d44f04e70744dacff5721_
[Mon Jan 15 16:20:09 2024]
Job 170: 
        Scans reference genome for matches againts input motif.
        Output compressed.
        
Reason: Missing output files: results/tfbs-scan/hg38/scan/ENCSR000AOO.astrocytes.CTCF.MA0139.1.damo.pwm/ENCSR000AOO.astrocytes.CTCF.MA0139.1.damo.pwm-sites.masked.chr21.bed; Input files updated by another job: results/tfbs-scan/hg38/mask/chr21.fa

Activating conda environment: ../../../../../../../../../../../../../home/tubbsca/snakemake_condas/15eac168b67d44f04e70744dacff5721_
[Mon Jan 15 16:20:09 2024]
Finished job 23.
7 of 153 steps (5%) done
Select jobs to execute...

[Mon Jan 15 16:20:09 2024]
Job 82: 
        Scans reference genome for matches againts input motif.
        Output compressed.
        
Reason: Missing output files: results/tfbs-scan/hg38/scan/ENCSR000ATM.K562_myelogenous_leukemia.REST.MA0138.2.damo.pwm/ENCSR000ATM.K562_myelogenous_leukemia.REST.MA0138.2.damo.pwm-sites.masked.chr20.bed; Input files updated by another job: results/tfbs-scan/hg38/mask/chr20.fa

Select jobs to execute...
Activating conda environment: ../../../../../../../../../../../../../home/tubbsca/snakemake_condas/15eac168b67d44f04e70744dacff5721_
[Mon Jan 15 16:20:10 2024]
Finished job 83.
8 of 153 steps (5%) done

[Mon Jan 15 16:20:10 2024]
Job 140: 
        Scans reference genome for matches againts input motif.
        Output compressed.
        
Reason: Missing output files: results/tfbs-scan/hg38/scan/ENCSR000ANO.normal_lung_fibroblasts.CTCF.MA0139.1.damo.pwm/ENCSR000ANO.normal_lung_fibroblasts.CTCF.MA0139.1.damo.pwm-sites.masked.chr20.bed; Input files updated by another job: results/tfbs-scan/hg38/mask/chr20.fa

Activating conda environment: ../../../../../../../../../../../../../home/tubbsca/snakemake_condas/15eac168b67d44f04e70744dacff5721_
[Mon Jan 15 16:20:12 2024]
Finished job 141.
9 of 153 steps (6%) done
Select jobs to execute...

[Mon Jan 15 16:20:12 2024]
Job 169: 
        Scans reference genome for matches againts input motif.
        Output compressed.
        
Reason: Missing output files: results/tfbs-scan/hg38/scan/ENCSR000AOO.astrocytes.CTCF.MA0139.1.damo.pwm/ENCSR000AOO.astrocytes.CTCF.MA0139.1.damo.pwm-sites.masked.chr20.bed; Input files updated by another job: results/tfbs-scan/hg38/mask/chr20.fa

Activating conda environment: ../../../../../../../../../../../../../home/tubbsca/snakemake_condas/15eac168b67d44f04e70744dacff5721_
[Mon Jan 15 16:20:14 2024]
Finished job 21.
10 of 153 steps (7%) done
[Mon Jan 15 16:20:15 2024]
Finished job 170.
11 of 153 steps (7%) done
[Mon Jan 15 16:20:15 2024]
Finished job 22.
12 of 153 steps (8%) done
[Mon Jan 15 16:20:15 2024]
Finished job 82.
13 of 153 steps (8%) done
Select jobs to execute...

[Mon Jan 15 16:20:15 2024]
Job 51: 
        Scans reference genome for matches againts input motif.
        Output compressed.
        
Reason: Missing output files: results/tfbs-scan/hg38/scan/ENCSR000AHD.MCF7_Invasive_ductal_breast_carcinoma.CTCF.MA0139.1.damo.pwm/ENCSR000AHD.MCF7_Invasive_ductal_breast_carcinoma.CTCF.MA0139.1.damo.pwm-sites.masked.chr18.bed; Input files updated by another job: results/tfbs-scan/hg38/mask/chr18.fa


Activating conda environment: ../../../../../../../../../../../../../home/tubbsca/snakemake_condas/15eac168b67d44f04e70744dacff5721_
[Mon Jan 15 16:20:15 2024]
Job 80: 
        Scans reference genome for matches againts input motif.
        Output compressed.
        
Reason: Missing output files: results/tfbs-scan/hg38/scan/ENCSR000ATM.K562_myelogenous_leukemia.REST.MA0138.2.damo.pwm/ENCSR000ATM.K562_myelogenous_leukemia.REST.MA0138.2.damo.pwm-sites.masked.chr18.bed; Input files updated by another job: results/tfbs-scan/hg38/mask/chr18.fa


Activating conda environment: ../../../../../../../../../../../../../home/tubbsca/snakemake_condas/15eac168b67d44f04e70744dacff5721_
[Mon Jan 15 16:20:18 2024]
Job 138: 
        Scans reference genome for matches againts input motif.
        Output compressed.
        
Reason: Missing output files: results/tfbs-scan/hg38/scan/ENCSR000ANO.normal_lung_fibroblasts.CTCF.MA0139.1.damo.pwm/ENCSR000ANO.normal_lung_fibroblasts.CTCF.MA0139.1.damo.pwm-sites.masked.chr18.bed; Input files updated by another job: results/tfbs-scan/hg38/mask/chr18.fa

Activating conda environment: ../../../../../../../../../../../../../home/tubbsca/snakemake_condas/15eac168b67d44f04e70744dacff5721_

[Mon Jan 15 16:20:18 2024]
Job 167: 
        Scans reference genome for matches againts input motif.
        Output compressed.
        
Reason: Missing output files: results/tfbs-scan/hg38/scan/ENCSR000AOO.astrocytes.CTCF.MA0139.1.damo.pwm/ENCSR000AOO.astrocytes.CTCF.MA0139.1.damo.pwm-sites.masked.chr18.bed; Input files updated by another job: results/tfbs-scan/hg38/mask/chr18.fa

Activating conda environment: ../../../../../../../../../../../../../home/tubbsca/snakemake_condas/15eac168b67d44f04e70744dacff5721_
[Mon Jan 15 16:20:20 2024]
Finished job 140.
14 of 153 steps (9%) done
[Mon Jan 15 16:20:20 2024]
Finished job 27.
15 of 153 steps (10%) done
[Mon Jan 15 16:20:20 2024]
Finished job 169.
16 of 153 steps (10%) done
[Mon Jan 15 16:20:20 2024]
Finished job 25.
17 of 153 steps (11%) done
Select jobs to execute...

[Mon Jan 15 16:20:20 2024]
Job 81: 
        Scans reference genome for matches againts input motif.
        Output compressed.
        
Reason: Missing output files: results/tfbs-scan/hg38/scan/ENCSR000ATM.K562_myelogenous_leukemia.REST.MA0138.2.damo.pwm/ENCSR000ATM.K562_myelogenous_leukemia.REST.MA0138.2.damo.pwm-sites.masked.chr19.bed; Input files updated by another job: results/tfbs-scan/hg38/mask/chr19.fa

Activating conda environment: ../../../../../../../../../../../../../home/tubbsca/snakemake_condas/15eac168b67d44f04e70744dacff5721_

[Mon Jan 15 16:20:20 2024]
Job 53: 
        Scans reference genome for matches againts input motif.
        Output compressed.
        
Reason: Missing output files: results/tfbs-scan/hg38/scan/ENCSR000AHD.MCF7_Invasive_ductal_breast_carcinoma.CTCF.MA0139.1.damo.pwm/ENCSR000AHD.MCF7_Invasive_ductal_breast_carcinoma.CTCF.MA0139.1.damo.pwm-sites.masked.chr20.bed; Input files updated by another job: results/tfbs-scan/hg38/mask/chr20.fa

Activating conda environment: ../../../../../../../../../../../../../home/tubbsca/snakemake_condas/15eac168b67d44f04e70744dacff5721_

[Mon Jan 15 16:20:21 2024]
Job 111: 
        Scans reference genome for matches againts input motif.
        Output compressed.
        
Reason: Missing output files: results/tfbs-scan/hg38/scan/ENCSR000ALJ.keratinocytes.CTCF.MA0139.1.damo.pwm/ENCSR000ALJ.keratinocytes.CTCF.MA0139.1.damo.pwm-sites.masked.chr20.bed; Input files updated by another job: results/tfbs-scan/hg38/mask/chr20.fa

Activating conda environment: ../../../../../../../../../../../../../home/tubbsca/snakemake_condas/15eac168b67d44f04e70744dacff5721_

[Mon Jan 15 16:20:21 2024]
Job 109: 
        Scans reference genome for matches againts input motif.
        Output compressed.
        
Reason: Missing output files: results/tfbs-scan/hg38/scan/ENCSR000ALJ.keratinocytes.CTCF.MA0139.1.damo.pwm/ENCSR000ALJ.keratinocytes.CTCF.MA0139.1.damo.pwm-sites.masked.chr18.bed; Input files updated by another job: results/tfbs-scan/hg38/mask/chr18.fa

Activating conda environment: ../../../../../../../../../../../../../home/tubbsca/snakemake_condas/15eac168b67d44f04e70744dacff5721_
[Mon Jan 15 16:20:21 2024]
Finished job 51.
18 of 153 steps (12%) done
[Mon Jan 15 16:20:21 2024]
Finished job 80.
19 of 153 steps (12%) done
[Mon Jan 15 16:20:21 2024]
Finished job 19.
20 of 153 steps (13%) done
Select jobs to execute...

[Mon Jan 15 16:20:21 2024]
Job 136: 
        Scans reference genome for matches againts input motif.
        Output compressed.
        
Reason: Missing output files: results/tfbs-scan/hg38/scan/ENCSR000ANO.normal_lung_fibroblasts.CTCF.MA0139.1.damo.pwm/ENCSR000ANO.normal_lung_fibroblasts.CTCF.MA0139.1.damo.pwm-sites.masked.chr16.bed; Input files updated by another job: results/tfbs-scan/hg38/mask/chr16.fa

Activating conda environment: ../../../../../../../../../../../../../home/tubbsca/snakemake_condas/15eac168b67d44f04e70744dacff5721_

[Mon Jan 15 16:20:22 2024]
Job 165: 
        Scans reference genome for matches againts input motif.
        Output compressed.
        
Reason: Missing output files: results/tfbs-scan/hg38/scan/ENCSR000AOO.astrocytes.CTCF.MA0139.1.damo.pwm/ENCSR000AOO.astrocytes.CTCF.MA0139.1.damo.pwm-sites.masked.chr16.bed; Input files updated by another job: results/tfbs-scan/hg38/mask/chr16.fa

Activating conda environment: ../../../../../../../../../../../../../home/tubbsca/snakemake_condas/15eac168b67d44f04e70744dacff5721_

[Mon Jan 15 16:20:22 2024]
Job 78: 
        Scans reference genome for matches againts input motif.
        Output compressed.
        
Reason: Missing output files: results/tfbs-scan/hg38/scan/ENCSR000ATM.K562_myelogenous_leukemia.REST.MA0138.2.damo.pwm/ENCSR000ATM.K562_myelogenous_leukemia.REST.MA0138.2.damo.pwm-sites.masked.chr16.bed; Input files updated by another job: results/tfbs-scan/hg38/mask/chr16.fa

Activating conda environment: ../../../../../../../../../../../../../home/tubbsca/snakemake_condas/15eac168b67d44f04e70744dacff5721_
[Mon Jan 15 16:20:23 2024]
Finished job 14.
21 of 153 steps (14%) done
[Mon Jan 15 16:20:23 2024]
Finished job 138.
22 of 153 steps (14%) done
[Mon Jan 15 16:20:23 2024]
Finished job 16.
23 of 153 steps (15%) done
[Mon Jan 15 16:20:23 2024]
Finished job 20.
24 of 153 steps (16%) done
Select jobs to execute...

[Mon Jan 15 16:20:23 2024]
Job 44: 
        Scans reference genome for matches againts input motif.
        Output compressed.
        
Reason: Missing output files: results/tfbs-scan/hg38/scan/ENCSR000AHD.MCF7_Invasive_ductal_breast_carcinoma.CTCF.MA0139.1.damo.pwm/ENCSR000AHD.MCF7_Invasive_ductal_breast_carcinoma.CTCF.MA0139.1.damo.pwm-sites.masked.chr11.bed; Input files updated by another job: results/tfbs-scan/hg38/mask/chr11.fa


[Mon Jan 15 16:20:23 2024]
Activating conda environment: ../../../../../../../../../../../../../home/tubbsca/snakemake_condas/15eac168b67d44f04e70744dacff5721_
Job 73: 
        Scans reference genome for matches againts input motif.
        Output compressed.
        
Reason: Missing output files: results/tfbs-scan/hg38/scan/ENCSR000ATM.K562_myelogenous_leukemia.REST.MA0138.2.damo.pwm/ENCSR000ATM.K562_myelogenous_leukemia.REST.MA0138.2.damo.pwm-sites.masked.chr11.bed; Input files updated by another job: results/tfbs-scan/hg38/mask/chr11.fa


Activating conda environment: ../../../../../../../../../../../../../home/tubbsca/snakemake_condas/15eac168b67d44f04e70744dacff5721_
[Mon Jan 15 16:20:23 2024]
Job 131: 
        Scans reference genome for matches againts input motif.
        Output compressed.
        
Reason: Missing output files: results/tfbs-scan/hg38/scan/ENCSR000ANO.normal_lung_fibroblasts.CTCF.MA0139.1.damo.pwm/ENCSR000ANO.normal_lung_fibroblasts.CTCF.MA0139.1.damo.pwm-sites.masked.chr11.bed; Input files updated by another job: results/tfbs-scan/hg38/mask/chr11.fa

Activating conda environment: ../../../../../../../../../../../../../home/tubbsca/snakemake_condas/15eac168b67d44f04e70744dacff5721_

[Mon Jan 15 16:20:23 2024]
Job 160: 
        Scans reference genome for matches againts input motif.
        Output compressed.
        
Reason: Missing output files: results/tfbs-scan/hg38/scan/ENCSR000AOO.astrocytes.CTCF.MA0139.1.damo.pwm/ENCSR000AOO.astrocytes.CTCF.MA0139.1.damo.pwm-sites.masked.chr11.bed; Input files updated by another job: results/tfbs-scan/hg38/mask/chr11.fa

Activating conda environment: ../../../../../../../../../../../../../home/tubbsca/snakemake_condas/15eac168b67d44f04e70744dacff5721_
[Mon Jan 15 16:20:24 2024]
Finished job 18.
25 of 153 steps (16%) done
[Mon Jan 15 16:20:24 2024]
Finished job 12.
26 of 153 steps (17%) done
[Mon Jan 15 16:20:24 2024]
Finished job 6.
27 of 153 steps (18%) done
[Mon Jan 15 16:20:24 2024]
Finished job 81.
28 of 153 steps (18%) done
[Mon Jan 15 16:20:24 2024]
Finished job 167.
29 of 153 steps (19%) done
Select jobs to execute...

[Mon Jan 15 16:20:24 2024]
Job 94: 
        Scans reference genome for matches againts input motif.
        Output compressed.
        
Reason: Missing output files: results/tfbs-scan/hg38/scan/ENCSR000ALJ.keratinocytes.CTCF.MA0139.1.damo.pwm/ENCSR000ALJ.keratinocytes.CTCF.MA0139.1.damo.pwm-sites.masked.chr3.bed; Input files updated by another job: results/tfbs-scan/hg38/mask/chr3.fa


Activating conda environment: ../../../../../../../../../../../../../home/tubbsca/snakemake_condas/15eac168b67d44f04e70744dacff5721_
[Mon Jan 15 16:20:24 2024]
Job 123: 
        Scans reference genome for matches againts input motif.
        Output compressed.
        
Reason: Missing output files: results/tfbs-scan/hg38/scan/ENCSR000ANO.normal_lung_fibroblasts.CTCF.MA0139.1.damo.pwm/ENCSR000ANO.normal_lung_fibroblasts.CTCF.MA0139.1.damo.pwm-sites.masked.chr3.bed; Input files updated by another job: results/tfbs-scan/hg38/mask/chr3.fa

Activating conda environment: ../../../../../../../../../../../../../home/tubbsca/snakemake_condas/15eac168b67d44f04e70744dacff5721_

[Mon Jan 15 16:20:24 2024]
Job 65: 
        Scans reference genome for matches againts input motif.
        Output compressed.
        
Reason: Missing output files: results/tfbs-scan/hg38/scan/ENCSR000ATM.K562_myelogenous_leukemia.REST.MA0138.2.damo.pwm/ENCSR000ATM.K562_myelogenous_leukemia.REST.MA0138.2.damo.pwm-sites.masked.chr3.bed; Input files updated by another job: results/tfbs-scan/hg38/mask/chr3.fa

Activating conda environment: ../../../../../../../../../../../../../home/tubbsca/snakemake_condas/15eac168b67d44f04e70744dacff5721_

[Mon Jan 15 16:20:24 2024]
Job 152: 
        Scans reference genome for matches againts input motif.
        Output compressed.
        
Reason: Missing output files: results/tfbs-scan/hg38/scan/ENCSR000AOO.astrocytes.CTCF.MA0139.1.damo.pwm/ENCSR000AOO.astrocytes.CTCF.MA0139.1.damo.pwm-sites.masked.chr3.bed; Input files updated by another job: results/tfbs-scan/hg38/mask/chr3.fa


Activating conda environment: ../../../../../../../../../../../../../home/tubbsca/snakemake_condas/15eac168b67d44f04e70744dacff5721_
[Mon Jan 15 16:20:24 2024]
Job 36: 
        Scans reference genome for matches againts input motif.
        Output compressed.
        
Reason: Missing output files: results/tfbs-scan/hg38/scan/ENCSR000AHD.MCF7_Invasive_ductal_breast_carcinoma.CTCF.MA0139.1.damo.pwm/ENCSR000AHD.MCF7_Invasive_ductal_breast_carcinoma.CTCF.MA0139.1.damo.pwm-sites.masked.chr3.bed; Input files updated by another job: results/tfbs-scan/hg38/mask/chr3.fa

Activating conda environment: ../../../../../../../../../../../../../home/tubbsca/snakemake_condas/15eac168b67d44f04e70744dacff5721_
[Mon Jan 15 16:20:24 2024]
Finished job 15.
30 of 153 steps (20%) done
[Mon Jan 15 16:20:25 2024]
Finished job 9.
31 of 153 steps (20%) done
[Mon Jan 15 16:20:25 2024]
Finished job 53.
32 of 153 steps (21%) done
Select jobs to execute...

[Mon Jan 15 16:20:25 2024]
Job 155: 
        Scans reference genome for matches againts input motif.
        Output compressed.
        
Reason: Missing output files: results/tfbs-scan/hg38/scan/ENCSR000AOO.astrocytes.CTCF.MA0139.1.damo.pwm/ENCSR000AOO.astrocytes.CTCF.MA0139.1.damo.pwm-sites.masked.chr6.bed; Input files updated by another job: results/tfbs-scan/hg38/mask/chr6.fa

Activating conda environment: ../../../../../../../../../../../../../home/tubbsca/snakemake_condas/15eac168b67d44f04e70744dacff5721_

[Mon Jan 15 16:20:25 2024]
Job 68: 
        Scans reference genome for matches againts input motif.
        Output compressed.
        
Reason: Missing output files: results/tfbs-scan/hg38/scan/ENCSR000ATM.K562_myelogenous_leukemia.REST.MA0138.2.damo.pwm/ENCSR000ATM.K562_myelogenous_leukemia.REST.MA0138.2.damo.pwm-sites.masked.chr6.bed; Input files updated by another job: results/tfbs-scan/hg38/mask/chr6.fa

Activating conda environment: ../../../../../../../../../../../../../home/tubbsca/snakemake_condas/15eac168b67d44f04e70744dacff5721_

[Mon Jan 15 16:20:25 2024]
Job 126: 
        Scans reference genome for matches againts input motif.
        Output compressed.
        
Reason: Missing output files: results/tfbs-scan/hg38/scan/ENCSR000ANO.normal_lung_fibroblasts.CTCF.MA0139.1.damo.pwm/ENCSR000ANO.normal_lung_fibroblasts.CTCF.MA0139.1.damo.pwm-sites.masked.chr6.bed; Input files updated by another job: results/tfbs-scan/hg38/mask/chr6.fa

Activating conda environment: ../../../../../../../../../../../../../home/tubbsca/snakemake_condas/15eac168b67d44f04e70744dacff5721_
[Mon Jan 15 16:20:25 2024]
Finished job 13.
33 of 153 steps (22%) done
[Mon Jan 15 16:20:25 2024]
Finished job 111.
34 of 153 steps (22%) done
Select jobs to execute...

[Mon Jan 15 16:20:25 2024]
Job 39: 
        Scans reference genome for matches againts input motif.
        Output compressed.
        
Reason: Missing output files: results/tfbs-scan/hg38/scan/ENCSR000AHD.MCF7_Invasive_ductal_breast_carcinoma.CTCF.MA0139.1.damo.pwm/ENCSR000AHD.MCF7_Invasive_ductal_breast_carcinoma.CTCF.MA0139.1.damo.pwm-sites.masked.chr6.bed; Input files updated by another job: results/tfbs-scan/hg38/mask/chr6.fa

Activating conda environment: ../../../../../../../../../../../../../home/tubbsca/snakemake_condas/15eac168b67d44f04e70744dacff5721_

[Mon Jan 15 16:20:25 2024]
Job 97: 
        Scans reference genome for matches againts input motif.
        Output compressed.
        
Reason: Missing output files: results/tfbs-scan/hg38/scan/ENCSR000ALJ.keratinocytes.CTCF.MA0139.1.damo.pwm/ENCSR000ALJ.keratinocytes.CTCF.MA0139.1.damo.pwm-sites.masked.chr6.bed; Input files updated by another job: results/tfbs-scan/hg38/mask/chr6.fa

Activating conda environment: ../../../../../../../../../../../../../home/tubbsca/snakemake_condas/15eac168b67d44f04e70744dacff5721_
[Mon Jan 15 16:20:25 2024]
Finished job 10.
35 of 153 steps (23%) done
[Mon Jan 15 16:20:25 2024]
Finished job 109.
36 of 153 steps (24%) done
Select jobs to execute...

[Mon Jan 15 16:20:25 2024]
Job 127: 
        Scans reference genome for matches againts input motif.
        Output compressed.
        
Reason: Missing output files: results/tfbs-scan/hg38/scan/ENCSR000ANO.normal_lung_fibroblasts.CTCF.MA0139.1.damo.pwm/ENCSR000ANO.normal_lung_fibroblasts.CTCF.MA0139.1.damo.pwm-sites.masked.chr7.bed; Input files updated by another job: results/tfbs-scan/hg38/mask/chr7.fa


Activating conda environment: ../../../../../../../../../../../../../home/tubbsca/snakemake_condas/15eac168b67d44f04e70744dacff5721_
[Mon Jan 15 16:20:25 2024]
Job 69: 
        Scans reference genome for matches againts input motif.
        Output compressed.
        
Reason: Missing output files: results/tfbs-scan/hg38/scan/ENCSR000ATM.K562_myelogenous_leukemia.REST.MA0138.2.damo.pwm/ENCSR000ATM.K562_myelogenous_leukemia.REST.MA0138.2.damo.pwm-sites.masked.chr7.bed; Input files updated by another job: results/tfbs-scan/hg38/mask/chr7.fa

Activating conda environment: ../../../../../../../../../../../../../home/tubbsca/snakemake_condas/15eac168b67d44f04e70744dacff5721_
[Mon Jan 15 16:20:25 2024]
Finished job 7.
37 of 153 steps (24%) done
Select jobs to execute...

[Mon Jan 15 16:20:25 2024]
Job 66: 
        Scans reference genome for matches againts input motif.
        Output compressed.
        
Reason: Missing output files: results/tfbs-scan/hg38/scan/ENCSR000ATM.K562_myelogenous_leukemia.REST.MA0138.2.damo.pwm/ENCSR000ATM.K562_myelogenous_leukemia.REST.MA0138.2.damo.pwm-sites.masked.chr4.bed; Input files updated by another job: results/tfbs-scan/hg38/mask/chr4.fa

Activating conda environment: ../../../../../../../../../../../../../home/tubbsca/snakemake_condas/15eac168b67d44f04e70744dacff5721_
[Mon Jan 15 16:20:25 2024]
Finished job 26.
38 of 153 steps (25%) done
Select jobs to execute...

[Mon Jan 15 16:20:25 2024]
Job 124: 
        Scans reference genome for matches againts input motif.
        Output compressed.
        
Reason: Missing output files: results/tfbs-scan/hg38/scan/ENCSR000ANO.normal_lung_fibroblasts.CTCF.MA0139.1.damo.pwm/ENCSR000ANO.normal_lung_fibroblasts.CTCF.MA0139.1.damo.pwm-sites.masked.chr4.bed; Input files updated by another job: results/tfbs-scan/hg38/mask/chr4.fa

Select jobs to execute...
Activating conda environment: ../../../../../../../../../../../../../home/tubbsca/snakemake_condas/15eac168b67d44f04e70744dacff5721_
[Mon Jan 15 16:20:25 2024]
Finished job 136.
39 of 153 steps (25%) done

[Mon Jan 15 16:20:25 2024]
Job 153: 
        Scans reference genome for matches againts input motif.
        Output compressed.
        
Reason: Missing output files: results/tfbs-scan/hg38/scan/ENCSR000AOO.astrocytes.CTCF.MA0139.1.damo.pwm/ENCSR000AOO.astrocytes.CTCF.MA0139.1.damo.pwm-sites.masked.chr4.bed; Input files updated by another job: results/tfbs-scan/hg38/mask/chr4.fa

Activating conda environment: ../../../../../../../../../../../../../home/tubbsca/snakemake_condas/15eac168b67d44f04e70744dacff5721_
[Mon Jan 15 16:20:26 2024]
Finished job 78.
40 of 153 steps (26%) done
Select jobs to execute...

[Mon Jan 15 16:20:26 2024]
Job 37: 
        Scans reference genome for matches againts input motif.
        Output compressed.
        
Reason: Missing output files: results/tfbs-scan/hg38/scan/ENCSR000AHD.MCF7_Invasive_ductal_breast_carcinoma.CTCF.MA0139.1.damo.pwm/ENCSR000AHD.MCF7_Invasive_ductal_breast_carcinoma.CTCF.MA0139.1.damo.pwm-sites.masked.chr4.bed; Input files updated by another job: results/tfbs-scan/hg38/mask/chr4.fa

Activating conda environment: ../../../../../../../../../../../../../home/tubbsca/snakemake_condas/15eac168b67d44f04e70744dacff5721_
[Mon Jan 15 16:20:26 2024]
Finished job 8.
41 of 153 steps (27%) done
Select jobs to execute...

[Mon Jan 15 16:20:26 2024]
Job 95: 
        Scans reference genome for matches againts input motif.
        Output compressed.
        
Reason: Missing output files: results/tfbs-scan/hg38/scan/ENCSR000ALJ.keratinocytes.CTCF.MA0139.1.damo.pwm/ENCSR000ALJ.keratinocytes.CTCF.MA0139.1.damo.pwm-sites.masked.chr4.bed; Input files updated by another job: results/tfbs-scan/hg38/mask/chr4.fa

Activating conda environment: ../../../../../../../../../../../../../home/tubbsca/snakemake_condas/15eac168b67d44f04e70744dacff5721_
[Mon Jan 15 16:20:26 2024]
Finished job 165.
42 of 153 steps (27%) done
Select jobs to execute...

[Mon Jan 15 16:20:26 2024]
Job 67: 
        Scans reference genome for matches againts input motif.
        Output compressed.
        
Reason: Missing output files: results/tfbs-scan/hg38/scan/ENCSR000ATM.K562_myelogenous_leukemia.REST.MA0138.2.damo.pwm/ENCSR000ATM.K562_myelogenous_leukemia.REST.MA0138.2.damo.pwm-sites.masked.chr5.bed; Input files updated by another job: results/tfbs-scan/hg38/mask/chr5.fa

Activating conda environment: ../../../../../../../../../../../../../home/tubbsca/snakemake_condas/15eac168b67d44f04e70744dacff5721_
[Mon Jan 15 16:20:28 2024]
Finished job 73.
43 of 153 steps (28%) done
Select jobs to execute...

[Mon Jan 15 16:20:28 2024]
Job 125: 
        Scans reference genome for matches againts input motif.
        Output compressed.
        
Reason: Missing output files: results/tfbs-scan/hg38/scan/ENCSR000ANO.normal_lung_fibroblasts.CTCF.MA0139.1.damo.pwm/ENCSR000ANO.normal_lung_fibroblasts.CTCF.MA0139.1.damo.pwm-sites.masked.chr5.bed; Input files updated by another job: results/tfbs-scan/hg38/mask/chr5.fa

Activating conda environment: ../../../../../../../../../../../../../home/tubbsca/snakemake_condas/15eac168b67d44f04e70744dacff5721_
[Mon Jan 15 16:20:28 2024]
Finished job 44.
44 of 153 steps (29%) done
Select jobs to execute...

[Mon Jan 15 16:20:28 2024]
Job 154: 
        Scans reference genome for matches againts input motif.
        Output compressed.
        
Reason: Missing output files: results/tfbs-scan/hg38/scan/ENCSR000AOO.astrocytes.CTCF.MA0139.1.damo.pwm/ENCSR000AOO.astrocytes.CTCF.MA0139.1.damo.pwm-sites.masked.chr5.bed; Input files updated by another job: results/tfbs-scan/hg38/mask/chr5.fa

Activating conda environment: ../../../../../../../../../../../../../home/tubbsca/snakemake_condas/15eac168b67d44f04e70744dacff5721_
[Mon Jan 15 16:20:28 2024]
Finished job 131.
45 of 153 steps (29%) done
Select jobs to execute...

[Mon Jan 15 16:20:28 2024]
Job 38: 
        Scans reference genome for matches againts input motif.
        Output compressed.
        
Reason: Missing output files: results/tfbs-scan/hg38/scan/ENCSR000AHD.MCF7_Invasive_ductal_breast_carcinoma.CTCF.MA0139.1.damo.pwm/ENCSR000AHD.MCF7_Invasive_ductal_breast_carcinoma.CTCF.MA0139.1.damo.pwm-sites.masked.chr5.bed; Input files updated by another job: results/tfbs-scan/hg38/mask/chr5.fa

Activating conda environment: ../../../../../../../../../../../../../home/tubbsca/snakemake_condas/15eac168b67d44f04e70744dacff5721_
[Mon Jan 15 16:20:29 2024]
Finished job 160.
46 of 153 steps (30%) done
Select jobs to execute...

[Mon Jan 15 16:20:29 2024]
Job 96: 
        Scans reference genome for matches againts input motif.
        Output compressed.
        
Reason: Missing output files: results/tfbs-scan/hg38/scan/ENCSR000ALJ.keratinocytes.CTCF.MA0139.1.damo.pwm/ENCSR000ALJ.keratinocytes.CTCF.MA0139.1.damo.pwm-sites.masked.chr5.bed; Input files updated by another job: results/tfbs-scan/hg38/mask/chr5.fa

Activating conda environment: ../../../../../../../../../../../../../home/tubbsca/snakemake_condas/15eac168b67d44f04e70744dacff5721_
[Mon Jan 15 16:20:31 2024]
Finished job 127.
47 of 153 steps (31%) done
Select jobs to execute...

[Mon Jan 15 16:20:31 2024]
Job 156: 
        Scans reference genome for matches againts input motif.
        Output compressed.
        
Reason: Missing output files: results/tfbs-scan/hg38/scan/ENCSR000AOO.astrocytes.CTCF.MA0139.1.damo.pwm/ENCSR000AOO.astrocytes.CTCF.MA0139.1.damo.pwm-sites.masked.chr7.bed; Input files updated by another job: results/tfbs-scan/hg38/mask/chr7.fa

Activating conda environment: ../../../../../../../../../../../../../home/tubbsca/snakemake_condas/15eac168b67d44f04e70744dacff5721_
[Mon Jan 15 16:20:31 2024]
Finished job 68.
48 of 153 steps (31%) done
[Mon Jan 15 16:20:31 2024]
Finished job 69.
49 of 153 steps (32%) done
Select jobs to execute...

[Mon Jan 15 16:20:31 2024]
Job 40: 
        Scans reference genome for matches againts input motif.
        Output compressed.
        
Reason: Missing output files: results/tfbs-scan/hg38/scan/ENCSR000AHD.MCF7_Invasive_ductal_breast_carcinoma.CTCF.MA0139.1.damo.pwm/ENCSR000AHD.MCF7_Invasive_ductal_breast_carcinoma.CTCF.MA0139.1.damo.pwm-sites.masked.chr7.bed; Input files updated by another job: results/tfbs-scan/hg38/mask/chr7.fa


Activating conda environment: ../../../../../../../../../../../../../home/tubbsca/snakemake_condas/15eac168b67d44f04e70744dacff5721_
[Mon Jan 15 16:20:31 2024]
Job 98: 
        Scans reference genome for matches againts input motif.
        Output compressed.
        
Reason: Missing output files: results/tfbs-scan/hg38/scan/ENCSR000ALJ.keratinocytes.CTCF.MA0139.1.damo.pwm/ENCSR000ALJ.keratinocytes.CTCF.MA0139.1.damo.pwm-sites.masked.chr7.bed; Input files updated by another job: results/tfbs-scan/hg38/mask/chr7.fa

Activating conda environment: ../../../../../../../../../../../../../home/tubbsca/snakemake_condas/15eac168b67d44f04e70744dacff5721_
[Mon Jan 15 16:20:31 2024]
Finished job 155.
50 of 153 steps (33%) done
[Mon Jan 15 16:20:31 2024]
Finished job 65.
51 of 153 steps (33%) done
Select jobs to execute...

[Mon Jan 15 16:20:31 2024]
Job 85: 
        Scans reference genome for matches againts input motif.
        Output compressed.
        
Reason: Missing output files: results/tfbs-scan/hg38/scan/ENCSR000ATM.K562_myelogenous_leukemia.REST.MA0138.2.damo.pwm/ENCSR000ATM.K562_myelogenous_leukemia.REST.MA0138.2.damo.pwm-sites.masked.chrX.bed; Input files updated by another job: results/tfbs-scan/hg38/mask/chrX.fa


Activating conda environment: ../../../../../../../../../../../../../home/tubbsca/snakemake_condas/15eac168b67d44f04e70744dacff5721_
[Mon Jan 15 16:20:31 2024]
Job 143: 
        Scans reference genome for matches againts input motif.
        Output compressed.
        
Reason: Missing output files: results/tfbs-scan/hg38/scan/ENCSR000ANO.normal_lung_fibroblasts.CTCF.MA0139.1.damo.pwm/ENCSR000ANO.normal_lung_fibroblasts.CTCF.MA0139.1.damo.pwm-sites.masked.chrX.bed; Input files updated by another job: results/tfbs-scan/hg38/mask/chrX.fa

Activating conda environment: ../../../../../../../../../../../../../home/tubbsca/snakemake_condas/15eac168b67d44f04e70744dacff5721_
[Mon Jan 15 16:20:31 2024]
Finished job 126.
52 of 153 steps (34%) done
[Mon Jan 15 16:20:31 2024]
Finished job 123.
53 of 153 steps (35%) done
[Mon Jan 15 16:20:32 2024]
Finished job 39.
54 of 153 steps (35%) done
[Mon Jan 15 16:20:32 2024]
Finished job 94.
55 of 153 steps (36%) done
Select jobs to execute...

[Mon Jan 15 16:20:32 2024]
Job 71: 
        Scans reference genome for matches againts input motif.
        Output compressed.
        
Reason: Missing output files: results/tfbs-scan/hg38/scan/ENCSR000ATM.K562_myelogenous_leukemia.REST.MA0138.2.damo.pwm/ENCSR000ATM.K562_myelogenous_leukemia.REST.MA0138.2.damo.pwm-sites.masked.chr9.bed; Input files updated by another job: results/tfbs-scan/hg38/mask/chr9.fa


Activating conda environment: ../../../../../../../../../../../../../home/tubbsca/snakemake_condas/15eac168b67d44f04e70744dacff5721_
[Mon Jan 15 16:20:32 2024]
Job 114: 
        Scans reference genome for matches againts input motif.
        Output compressed.
        
Reason: Missing output files: results/tfbs-scan/hg38/scan/ENCSR000ALJ.keratinocytes.CTCF.MA0139.1.damo.pwm/ENCSR000ALJ.keratinocytes.CTCF.MA0139.1.damo.pwm-sites.masked.chrX.bed; Input files updated by another job: results/tfbs-scan/hg38/mask/chrX.fa


Activating conda environment: ../../../../../../../../../../../../../home/tubbsca/snakemake_condas/15eac168b67d44f04e70744dacff5721_
[Mon Jan 15 16:20:32 2024]
Job 172: 
        Scans reference genome for matches againts input motif.
        Output compressed.
        
Reason: Missing output files: results/tfbs-scan/hg38/scan/ENCSR000AOO.astrocytes.CTCF.MA0139.1.damo.pwm/ENCSR000AOO.astrocytes.CTCF.MA0139.1.damo.pwm-sites.masked.chrX.bed; Input files updated by another job: results/tfbs-scan/hg38/mask/chrX.fa

Activating conda environment: ../../../../../../../../../../../../../home/tubbsca/snakemake_condas/15eac168b67d44f04e70744dacff5721_

[Mon Jan 15 16:20:32 2024]
Job 56: 
        Scans reference genome for matches againts input motif.
        Output compressed.
        
Reason: Missing output files: results/tfbs-scan/hg38/scan/ENCSR000AHD.MCF7_Invasive_ductal_breast_carcinoma.CTCF.MA0139.1.damo.pwm/ENCSR000AHD.MCF7_Invasive_ductal_breast_carcinoma.CTCF.MA0139.1.damo.pwm-sites.masked.chrX.bed; Input files updated by another job: results/tfbs-scan/hg38/mask/chrX.fa

Activating conda environment: ../../../../../../../../../../../../../home/tubbsca/snakemake_condas/15eac168b67d44f04e70744dacff5721_
[Mon Jan 15 16:20:32 2024]
Finished job 97.
56 of 153 steps (37%) done
[Mon Jan 15 16:20:32 2024]
Finished job 152.
57 of 153 steps (37%) done
[Mon Jan 15 16:20:32 2024]
Finished job 36.
58 of 153 steps (38%) done
Select jobs to execute...

[Mon Jan 15 16:20:32 2024]
Job 129: 
        Scans reference genome for matches againts input motif.
        Output compressed.
        
Reason: Missing output files: results/tfbs-scan/hg38/scan/ENCSR000ANO.normal_lung_fibroblasts.CTCF.MA0139.1.damo.pwm/ENCSR000ANO.normal_lung_fibroblasts.CTCF.MA0139.1.damo.pwm-sites.masked.chr9.bed; Input files updated by another job: results/tfbs-scan/hg38/mask/chr9.fa


Activating conda environment: ../../../../../../../../../../../../../home/tubbsca/snakemake_condas/15eac168b67d44f04e70744dacff5721_
[Mon Jan 15 16:20:32 2024]
Job 158: 
        Scans reference genome for matches againts input motif.
        Output compressed.
        
Reason: Missing output files: results/tfbs-scan/hg38/scan/ENCSR000AOO.astrocytes.CTCF.MA0139.1.damo.pwm/ENCSR000AOO.astrocytes.CTCF.MA0139.1.damo.pwm-sites.masked.chr9.bed; Input files updated by another job: results/tfbs-scan/hg38/mask/chr9.fa

Activating conda environment: ../../../../../../../../../../../../../home/tubbsca/snakemake_condas/15eac168b67d44f04e70744dacff5721_

[Mon Jan 15 16:20:32 2024]
Job 42: 
        Scans reference genome for matches againts input motif.
        Output compressed.
        
Reason: Missing output files: results/tfbs-scan/hg38/scan/ENCSR000AHD.MCF7_Invasive_ductal_breast_carcinoma.CTCF.MA0139.1.damo.pwm/ENCSR000AHD.MCF7_Invasive_ductal_breast_carcinoma.CTCF.MA0139.1.damo.pwm-sites.masked.chr9.bed; Input files updated by another job: results/tfbs-scan/hg38/mask/chr9.fa

Activating conda environment: ../../../../../../../../../../../../../home/tubbsca/snakemake_condas/15eac168b67d44f04e70744dacff5721_
[Mon Jan 15 16:20:32 2024]
Finished job 66.
59 of 153 steps (39%) done
[Mon Jan 15 16:20:32 2024]
Finished job 153.
60 of 153 steps (39%) done
Select jobs to execute...

[Mon Jan 15 16:20:32 2024]
Job 100: 
        Scans reference genome for matches againts input motif.
        Output compressed.
        
Reason: Missing output files: results/tfbs-scan/hg38/scan/ENCSR000ALJ.keratinocytes.CTCF.MA0139.1.damo.pwm/ENCSR000ALJ.keratinocytes.CTCF.MA0139.1.damo.pwm-sites.masked.chr9.bed; Input files updated by another job: results/tfbs-scan/hg38/mask/chr9.fa

Activating conda environment: ../../../../../../../../../../../../../home/tubbsca/snakemake_condas/15eac168b67d44f04e70744dacff5721_

[Mon Jan 15 16:20:32 2024]
Job 102: 
        Scans reference genome for matches againts input motif.
        Output compressed.
        
Reason: Missing output files: results/tfbs-scan/hg38/scan/ENCSR000ALJ.keratinocytes.CTCF.MA0139.1.damo.pwm/ENCSR000ALJ.keratinocytes.CTCF.MA0139.1.damo.pwm-sites.masked.chr11.bed; Input files updated by another job: results/tfbs-scan/hg38/mask/chr11.fa

Activating conda environment: ../../../../../../../../../../../../../home/tubbsca/snakemake_condas/15eac168b67d44f04e70744dacff5721_
[Mon Jan 15 16:20:32 2024]
Finished job 5.
61 of 153 steps (40%) done
[Mon Jan 15 16:20:32 2024]
Finished job 124.
62 of 153 steps (41%) done
Select jobs to execute...

[Mon Jan 15 16:20:32 2024]
Job 122: 
        Scans reference genome for matches againts input motif.
        Output compressed.
        
Reason: Missing output files: results/tfbs-scan/hg38/scan/ENCSR000ANO.normal_lung_fibroblasts.CTCF.MA0139.1.damo.pwm/ENCSR000ANO.normal_lung_fibroblasts.CTCF.MA0139.1.damo.pwm-sites.masked.chr2.bed; Input files updated by another job: results/tfbs-scan/hg38/mask/chr2.fa

Activating conda environment: ../../../../../../../../../../../../../home/tubbsca/snakemake_condas/15eac168b67d44f04e70744dacff5721_

[Mon Jan 15 16:20:32 2024]
Job 64: 
        Scans reference genome for matches againts input motif.
        Output compressed.
        
Reason: Missing output files: results/tfbs-scan/hg38/scan/ENCSR000ATM.K562_myelogenous_leukemia.REST.MA0138.2.damo.pwm/ENCSR000ATM.K562_myelogenous_leukemia.REST.MA0138.2.damo.pwm-sites.masked.chr2.bed; Input files updated by another job: results/tfbs-scan/hg38/mask/chr2.fa

Select jobs to execute...
Activating conda environment: ../../../../../../../../../../../../../home/tubbsca/snakemake_condas/15eac168b67d44f04e70744dacff5721_
[Mon Jan 15 16:20:33 2024]
Finished job 95.
63 of 153 steps (41%) done

[Mon Jan 15 16:20:33 2024]
Job 151: 
        Scans reference genome for matches againts input motif.
        Output compressed.
        
Reason: Missing output files: results/tfbs-scan/hg38/scan/ENCSR000AOO.astrocytes.CTCF.MA0139.1.damo.pwm/ENCSR000AOO.astrocytes.CTCF.MA0139.1.damo.pwm-sites.masked.chr2.bed; Input files updated by another job: results/tfbs-scan/hg38/mask/chr2.fa

Activating conda environment: ../../../../../../../../../../../../../home/tubbsca/snakemake_condas/15eac168b67d44f04e70744dacff5721_
[Mon Jan 15 16:20:33 2024]
Finished job 67.
64 of 153 steps (42%) done
[Mon Jan 15 16:20:33 2024]
Finished job 37.
65 of 153 steps (42%) done
Select jobs to execute...

[Mon Jan 15 16:20:33 2024]
Job 93: 
        Scans reference genome for matches againts input motif.
        Output compressed.
        
Reason: Missing output files: results/tfbs-scan/hg38/scan/ENCSR000ALJ.keratinocytes.CTCF.MA0139.1.damo.pwm/ENCSR000ALJ.keratinocytes.CTCF.MA0139.1.damo.pwm-sites.masked.chr2.bed; Input files updated by another job: results/tfbs-scan/hg38/mask/chr2.fa


Activating conda environment: ../../../../../../../../../../../../../home/tubbsca/snakemake_condas/15eac168b67d44f04e70744dacff5721_
[Mon Jan 15 16:20:33 2024]
Job 35: 
        Scans reference genome for matches againts input motif.
        Output compressed.
        
Reason: Missing output files: results/tfbs-scan/hg38/scan/ENCSR000AHD.MCF7_Invasive_ductal_breast_carcinoma.CTCF.MA0139.1.damo.pwm/ENCSR000AHD.MCF7_Invasive_ductal_breast_carcinoma.CTCF.MA0139.1.damo.pwm-sites.masked.chr2.bed; Input files updated by another job: results/tfbs-scan/hg38/mask/chr2.fa

Select jobs to execute...
Activating conda environment: ../../../../../../../../../../../../../home/tubbsca/snakemake_condas/15eac168b67d44f04e70744dacff5721_
[Mon Jan 15 16:20:34 2024]
Finished job 125.
66 of 153 steps (43%) done

[Mon Jan 15 16:20:34 2024]
Job 72: 
        Scans reference genome for matches againts input motif.
        Output compressed.
        
Reason: Missing output files: results/tfbs-scan/hg38/scan/ENCSR000ATM.K562_myelogenous_leukemia.REST.MA0138.2.damo.pwm/ENCSR000ATM.K562_myelogenous_leukemia.REST.MA0138.2.damo.pwm-sites.masked.chr10.bed; Input files updated by another job: results/tfbs-scan/hg38/mask/chr10.fa

Activating conda environment: ../../../../../../../../../../../../../home/tubbsca/snakemake_condas/15eac168b67d44f04e70744dacff5721_
[Mon Jan 15 16:20:34 2024]
Finished job 154.
67 of 153 steps (44%) done
Select jobs to execute...

[Mon Jan 15 16:20:34 2024]
Job 130: 
        Scans reference genome for matches againts input motif.
        Output compressed.
        
Reason: Missing output files: results/tfbs-scan/hg38/scan/ENCSR000ANO.normal_lung_fibroblasts.CTCF.MA0139.1.damo.pwm/ENCSR000ANO.normal_lung_fibroblasts.CTCF.MA0139.1.damo.pwm-sites.masked.chr10.bed; Input files updated by another job: results/tfbs-scan/hg38/mask/chr10.fa

Activating conda environment: ../../../../../../../../../../../../../home/tubbsca/snakemake_condas/15eac168b67d44f04e70744dacff5721_
[Mon Jan 15 16:20:35 2024]
Finished job 38.
68 of 153 steps (44%) done
Select jobs to execute...

[Mon Jan 15 16:20:35 2024]
Job 159: 
        Scans reference genome for matches againts input motif.
        Output compressed.
        
Reason: Missing output files: results/tfbs-scan/hg38/scan/ENCSR000AOO.astrocytes.CTCF.MA0139.1.damo.pwm/ENCSR000AOO.astrocytes.CTCF.MA0139.1.damo.pwm-sites.masked.chr10.bed; Input files updated by another job: results/tfbs-scan/hg38/mask/chr10.fa

Activating conda environment: ../../../../../../../../../../../../../home/tubbsca/snakemake_condas/15eac168b67d44f04e70744dacff5721_
[Mon Jan 15 16:20:36 2024]
Finished job 96.
69 of 153 steps (45%) done
Select jobs to execute...

[Mon Jan 15 16:20:36 2024]
Job 43: 
        Scans reference genome for matches againts input motif.
        Output compressed.
        
Reason: Missing output files: results/tfbs-scan/hg38/scan/ENCSR000AHD.MCF7_Invasive_ductal_breast_carcinoma.CTCF.MA0139.1.damo.pwm/ENCSR000AHD.MCF7_Invasive_ductal_breast_carcinoma.CTCF.MA0139.1.damo.pwm-sites.masked.chr10.bed; Input files updated by another job: results/tfbs-scan/hg38/mask/chr10.fa

Activating conda environment: ../../../../../../../../../../../../../home/tubbsca/snakemake_condas/15eac168b67d44f04e70744dacff5721_
[Mon Jan 15 16:20:36 2024]
Finished job 71.
70 of 153 steps (46%) done
Select jobs to execute...

[Mon Jan 15 16:20:36 2024]
Job 101: 
        Scans reference genome for matches againts input motif.
        Output compressed.
        
Reason: Missing output files: results/tfbs-scan/hg38/scan/ENCSR000ALJ.keratinocytes.CTCF.MA0139.1.damo.pwm/ENCSR000ALJ.keratinocytes.CTCF.MA0139.1.damo.pwm-sites.masked.chr10.bed; Input files updated by another job: results/tfbs-scan/hg38/mask/chr10.fa

Activating conda environment: ../../../../../../../../../../../../../home/tubbsca/snakemake_condas/15eac168b67d44f04e70744dacff5721_
[Mon Jan 15 16:20:37 2024]
Finished job 156.
71 of 153 steps (46%) done
Select jobs to execute...

[Mon Jan 15 16:20:37 2024]
Job 74: 
        Scans reference genome for matches againts input motif.
        Output compressed.
        
Reason: Missing output files: results/tfbs-scan/hg38/scan/ENCSR000ATM.K562_myelogenous_leukemia.REST.MA0138.2.damo.pwm/ENCSR000ATM.K562_myelogenous_leukemia.REST.MA0138.2.damo.pwm-sites.masked.chr12.bed; Input files updated by another job: results/tfbs-scan/hg38/mask/chr12.fa

Activating conda environment: ../../../../../../../../../../../../../home/tubbsca/snakemake_condas/15eac168b67d44f04e70744dacff5721_
[Mon Jan 15 16:20:37 2024]
Finished job 158.
72 of 153 steps (47%) done
Select jobs to execute...

[Mon Jan 15 16:20:37 2024]
Job 132: 
        Scans reference genome for matches againts input motif.
        Output compressed.
        
Reason: Missing output files: results/tfbs-scan/hg38/scan/ENCSR000ANO.normal_lung_fibroblasts.CTCF.MA0139.1.damo.pwm/ENCSR000ANO.normal_lung_fibroblasts.CTCF.MA0139.1.damo.pwm-sites.masked.chr12.bed; Input files updated by another job: results/tfbs-scan/hg38/mask/chr12.fa

Activating conda environment: ../../../../../../../../../../../../../home/tubbsca/snakemake_condas/15eac168b67d44f04e70744dacff5721_
[Mon Jan 15 16:20:37 2024]
Finished job 85.
73 of 153 steps (48%) done
[Mon Jan 15 16:20:37 2024]
Finished job 40.
74 of 153 steps (48%) done
Select jobs to execute...

[Mon Jan 15 16:20:37 2024]
Job 45: 
        Scans reference genome for matches againts input motif.
        Output compressed.
        
Reason: Missing output files: results/tfbs-scan/hg38/scan/ENCSR000AHD.MCF7_Invasive_ductal_breast_carcinoma.CTCF.MA0139.1.damo.pwm/ENCSR000AHD.MCF7_Invasive_ductal_breast_carcinoma.CTCF.MA0139.1.damo.pwm-sites.masked.chr12.bed; Input files updated by another job: results/tfbs-scan/hg38/mask/chr12.fa


Activating conda environment: ../../../../../../../../../../../../../home/tubbsca/snakemake_condas/15eac168b67d44f04e70744dacff5721_
[Mon Jan 15 16:20:37 2024]
Job 161: 
        Scans reference genome for matches againts input motif.
        Output compressed.
        
Reason: Missing output files: results/tfbs-scan/hg38/scan/ENCSR000AOO.astrocytes.CTCF.MA0139.1.damo.pwm/ENCSR000AOO.astrocytes.CTCF.MA0139.1.damo.pwm-sites.masked.chr12.bed; Input files updated by another job: results/tfbs-scan/hg38/mask/chr12.fa

Activating conda environment: ../../../../../../../../../../../../../home/tubbsca/snakemake_condas/15eac168b67d44f04e70744dacff5721_
[Mon Jan 15 16:20:37 2024]
Finished job 98.
75 of 153 steps (49%) done
Select jobs to execute...

[Mon Jan 15 16:20:37 2024]
Job 103: 
        Scans reference genome for matches againts input motif.
        Output compressed.
        
Reason: Missing output files: results/tfbs-scan/hg38/scan/ENCSR000ALJ.keratinocytes.CTCF.MA0139.1.damo.pwm/ENCSR000ALJ.keratinocytes.CTCF.MA0139.1.damo.pwm-sites.masked.chr12.bed; Input files updated by another job: results/tfbs-scan/hg38/mask/chr12.fa

Activating conda environment: ../../../../../../../../../../../../../home/tubbsca/snakemake_condas/15eac168b67d44f04e70744dacff5721_
[Mon Jan 15 16:20:37 2024]
Finished job 129.
76 of 153 steps (50%) done
[Mon Jan 15 16:20:37 2024]
Finished job 42.
77 of 153 steps (50%) done
[Mon Jan 15 16:20:37 2024]
Finished job 143.
78 of 153 steps (51%) done
Select jobs to execute...

[Mon Jan 15 16:20:37 2024]
Job 75: 
        Scans reference genome for matches againts input motif.
        Output compressed.
        
Reason: Missing output files: results/tfbs-scan/hg38/scan/ENCSR000ATM.K562_myelogenous_leukemia.REST.MA0138.2.damo.pwm/ENCSR000ATM.K562_myelogenous_leukemia.REST.MA0138.2.damo.pwm-sites.masked.chr13.bed; Input files updated by another job: results/tfbs-scan/hg38/mask/chr13.fa


Activating conda environment: ../../../../../../../../../../../../../home/tubbsca/snakemake_condas/15eac168b67d44f04e70744dacff5721_
[Mon Jan 15 16:20:37 2024]
Job 133: 
        Scans reference genome for matches againts input motif.
        Output compressed.
        
Reason: Missing output files: results/tfbs-scan/hg38/scan/ENCSR000ANO.normal_lung_fibroblasts.CTCF.MA0139.1.damo.pwm/ENCSR000ANO.normal_lung_fibroblasts.CTCF.MA0139.1.damo.pwm-sites.masked.chr13.bed; Input files updated by another job: results/tfbs-scan/hg38/mask/chr13.fa

Activating conda environment: ../../../../../../../../../../../../../home/tubbsca/snakemake_condas/15eac168b67d44f04e70744dacff5721_

[Mon Jan 15 16:20:37 2024]
Job 162: 
        Scans reference genome for matches againts input motif.
        Output compressed.
        
Reason: Missing output files: results/tfbs-scan/hg38/scan/ENCSR000AOO.astrocytes.CTCF.MA0139.1.damo.pwm/ENCSR000AOO.astrocytes.CTCF.MA0139.1.damo.pwm-sites.masked.chr13.bed; Input files updated by another job: results/tfbs-scan/hg38/mask/chr13.fa

Activating conda environment: ../../../../../../../../../../../../../home/tubbsca/snakemake_condas/15eac168b67d44f04e70744dacff5721_
[Mon Jan 15 16:20:37 2024]
Finished job 114.
79 of 153 steps (52%) done
Select jobs to execute...

[Mon Jan 15 16:20:37 2024]
Job 46: 
        Scans reference genome for matches againts input motif.
        Output compressed.
        
Reason: Missing output files: results/tfbs-scan/hg38/scan/ENCSR000AHD.MCF7_Invasive_ductal_breast_carcinoma.CTCF.MA0139.1.damo.pwm/ENCSR000AHD.MCF7_Invasive_ductal_breast_carcinoma.CTCF.MA0139.1.damo.pwm-sites.masked.chr13.bed; Input files updated by another job: results/tfbs-scan/hg38/mask/chr13.fa

Select jobs to execute...
Activating conda environment: ../../../../../../../../../../../../../home/tubbsca/snakemake_condas/15eac168b67d44f04e70744dacff5721_
[Mon Jan 15 16:20:37 2024]
Finished job 56.
80 of 153 steps (52%) done

[Mon Jan 15 16:20:37 2024]
Job 104: 
        Scans reference genome for matches againts input motif.
        Output compressed.
        
Reason: Missing output files: results/tfbs-scan/hg38/scan/ENCSR000ALJ.keratinocytes.CTCF.MA0139.1.damo.pwm/ENCSR000ALJ.keratinocytes.CTCF.MA0139.1.damo.pwm-sites.masked.chr13.bed; Input files updated by another job: results/tfbs-scan/hg38/mask/chr13.fa

Activating conda environment: ../../../../../../../../../../../../../home/tubbsca/snakemake_condas/15eac168b67d44f04e70744dacff5721_
[Mon Jan 15 16:20:38 2024]
Finished job 100.
81 of 153 steps (53%) done
Select jobs to execute...

[Mon Jan 15 16:20:38 2024]
Job 77: 
        Scans reference genome for matches againts input motif.
        Output compressed.
        
Reason: Missing output files: results/tfbs-scan/hg38/scan/ENCSR000ATM.K562_myelogenous_leukemia.REST.MA0138.2.damo.pwm/ENCSR000ATM.K562_myelogenous_leukemia.REST.MA0138.2.damo.pwm-sites.masked.chr15.bed; Input files updated by another job: results/tfbs-scan/hg38/mask/chr15.fa

Activating conda environment: ../../../../../../../../../../../../../home/tubbsca/snakemake_condas/15eac168b67d44f04e70744dacff5721_
[Mon Jan 15 16:20:38 2024]
Finished job 102.
82 of 153 steps (54%) done
Select jobs to execute...

[Mon Jan 15 16:20:38 2024]
Job 135: 
        Scans reference genome for matches againts input motif.
        Output compressed.
        
Reason: Missing output files: results/tfbs-scan/hg38/scan/ENCSR000ANO.normal_lung_fibroblasts.CTCF.MA0139.1.damo.pwm/ENCSR000ANO.normal_lung_fibroblasts.CTCF.MA0139.1.damo.pwm-sites.masked.chr15.bed; Input files updated by another job: results/tfbs-scan/hg38/mask/chr15.fa

Activating conda environment: ../../../../../../../../../../../../../home/tubbsca/snakemake_condas/15eac168b67d44f04e70744dacff5721_
[Mon Jan 15 16:20:38 2024]
Finished job 172.
83 of 153 steps (54%) done
Select jobs to execute...

[Mon Jan 15 16:20:38 2024]
Job 164: 
        Scans reference genome for matches againts input motif.
        Output compressed.
        
Reason: Missing output files: results/tfbs-scan/hg38/scan/ENCSR000AOO.astrocytes.CTCF.MA0139.1.damo.pwm/ENCSR000AOO.astrocytes.CTCF.MA0139.1.damo.pwm-sites.masked.chr15.bed; Input files updated by another job: results/tfbs-scan/hg38/mask/chr15.fa

Activating conda environment: ../../../../../../../../../../../../../home/tubbsca/snakemake_condas/15eac168b67d44f04e70744dacff5721_
[Mon Jan 15 16:20:39 2024]
Finished job 72.
84 of 153 steps (55%) done
Select jobs to execute...

[Mon Jan 15 16:20:39 2024]
Job 48: 
        Scans reference genome for matches againts input motif.
        Output compressed.
        
Reason: Missing output files: results/tfbs-scan/hg38/scan/ENCSR000AHD.MCF7_Invasive_ductal_breast_carcinoma.CTCF.MA0139.1.damo.pwm/ENCSR000AHD.MCF7_Invasive_ductal_breast_carcinoma.CTCF.MA0139.1.damo.pwm-sites.masked.chr15.bed; Input files updated by another job: results/tfbs-scan/hg38/mask/chr15.fa

Activating conda environment: ../../../../../../../../../../../../../home/tubbsca/snakemake_condas/15eac168b67d44f04e70744dacff5721_
[Mon Jan 15 16:20:39 2024]
Finished job 130.
85 of 153 steps (56%) done
Select jobs to execute...

[Mon Jan 15 16:20:39 2024]
Job 106: 
        Scans reference genome for matches againts input motif.
        Output compressed.
        
Reason: Missing output files: results/tfbs-scan/hg38/scan/ENCSR000ALJ.keratinocytes.CTCF.MA0139.1.damo.pwm/ENCSR000ALJ.keratinocytes.CTCF.MA0139.1.damo.pwm-sites.masked.chr15.bed; Input files updated by another job: results/tfbs-scan/hg38/mask/chr15.fa

Activating conda environment: ../../../../../../../../../../../../../home/tubbsca/snakemake_condas/15eac168b67d44f04e70744dacff5721_
[Mon Jan 15 16:20:40 2024]
Finished job 159.
86 of 153 steps (56%) done
Select jobs to execute...

[Mon Jan 15 16:20:40 2024]
Job 49: 
        Scans reference genome for matches againts input motif.
        Output compressed.
        
Reason: Missing output files: results/tfbs-scan/hg38/scan/ENCSR000AHD.MCF7_Invasive_ductal_breast_carcinoma.CTCF.MA0139.1.damo.pwm/ENCSR000AHD.MCF7_Invasive_ductal_breast_carcinoma.CTCF.MA0139.1.damo.pwm-sites.masked.chr16.bed; Input files updated by another job: results/tfbs-scan/hg38/mask/chr16.fa

Activating conda environment: ../../../../../../../../../../../../../home/tubbsca/snakemake_condas/15eac168b67d44f04e70744dacff5721_
[Mon Jan 15 16:20:41 2024]
Finished job 43.
87 of 153 steps (57%) done
Select jobs to execute...

[Mon Jan 15 16:20:41 2024]
Job 107: 
        Scans reference genome for matches againts input motif.
        Output compressed.
        
Reason: Missing output files: results/tfbs-scan/hg38/scan/ENCSR000ALJ.keratinocytes.CTCF.MA0139.1.damo.pwm/ENCSR000ALJ.keratinocytes.CTCF.MA0139.1.damo.pwm-sites.masked.chr16.bed; Input files updated by another job: results/tfbs-scan/hg38/mask/chr16.fa

Activating conda environment: ../../../../../../../../../../../../../home/tubbsca/snakemake_condas/15eac168b67d44f04e70744dacff5721_
[Mon Jan 15 16:20:41 2024]
Finished job 77.
88 of 153 steps (58%) done
Select jobs to execute...

[Mon Jan 15 16:20:41 2024]
Job 79: 
        Scans reference genome for matches againts input motif.
        Output compressed.
        
Reason: Missing output files: results/tfbs-scan/hg38/scan/ENCSR000ATM.K562_myelogenous_leukemia.REST.MA0138.2.damo.pwm/ENCSR000ATM.K562_myelogenous_leukemia.REST.MA0138.2.damo.pwm-sites.masked.chr17.bed; Input files updated by another job: results/tfbs-scan/hg38/mask/chr17.fa

Activating conda environment: ../../../../../../../../../../../../../home/tubbsca/snakemake_condas/15eac168b67d44f04e70744dacff5721_
[Mon Jan 15 16:20:41 2024]
Finished job 101.
89 of 153 steps (58%) done
Select jobs to execute...

[Mon Jan 15 16:20:41 2024]
Job 137: 
        Scans reference genome for matches againts input motif.
        Output compressed.
        
Reason: Missing output files: results/tfbs-scan/hg38/scan/ENCSR000ANO.normal_lung_fibroblasts.CTCF.MA0139.1.damo.pwm/ENCSR000ANO.normal_lung_fibroblasts.CTCF.MA0139.1.damo.pwm-sites.masked.chr17.bed; Input files updated by another job: results/tfbs-scan/hg38/mask/chr17.fa

Activating conda environment: ../../../../../../../../../../../../../home/tubbsca/snakemake_condas/15eac168b67d44f04e70744dacff5721_
[Mon Jan 15 16:20:41 2024]
Finished job 75.
90 of 153 steps (59%) done
Select jobs to execute...

[Mon Jan 15 16:20:41 2024]
Job 166: 
        Scans reference genome for matches againts input motif.
        Output compressed.
        
Reason: Missing output files: results/tfbs-scan/hg38/scan/ENCSR000AOO.astrocytes.CTCF.MA0139.1.damo.pwm/ENCSR000AOO.astrocytes.CTCF.MA0139.1.damo.pwm-sites.masked.chr17.bed; Input files updated by another job: results/tfbs-scan/hg38/mask/chr17.fa

Activating conda environment: ../../../../../../../../../../../../../home/tubbsca/snakemake_condas/15eac168b67d44f04e70744dacff5721_
[Mon Jan 15 16:20:41 2024]
Finished job 164.
91 of 153 steps (59%) done
Select jobs to execute...

[Mon Jan 15 16:20:41 2024]
Job 50: 
        Scans reference genome for matches againts input motif.
        Output compressed.
        
Reason: Missing output files: results/tfbs-scan/hg38/scan/ENCSR000AHD.MCF7_Invasive_ductal_breast_carcinoma.CTCF.MA0139.1.damo.pwm/ENCSR000AHD.MCF7_Invasive_ductal_breast_carcinoma.CTCF.MA0139.1.damo.pwm-sites.masked.chr17.bed; Input files updated by another job: results/tfbs-scan/hg38/mask/chr17.fa

Activating conda environment: ../../../../../../../../../../../../../home/tubbsca/snakemake_condas/15eac168b67d44f04e70744dacff5721_
[Mon Jan 15 16:20:41 2024]
Finished job 135.
92 of 153 steps (60%) done
Select jobs to execute...

[Mon Jan 15 16:20:41 2024]
Job 108: 
        Scans reference genome for matches againts input motif.
        Output compressed.
        
Reason: Missing output files: results/tfbs-scan/hg38/scan/ENCSR000ALJ.keratinocytes.CTCF.MA0139.1.damo.pwm/ENCSR000ALJ.keratinocytes.CTCF.MA0139.1.damo.pwm-sites.masked.chr17.bed; Input files updated by another job: results/tfbs-scan/hg38/mask/chr17.fa

Activating conda environment: ../../../../../../../../../../../../../home/tubbsca/snakemake_condas/15eac168b67d44f04e70744dacff5721_
[Mon Jan 15 16:20:41 2024]
Finished job 162.
93 of 153 steps (61%) done
[Mon Jan 15 16:20:41 2024]
Finished job 133.
94 of 153 steps (61%) done
Select jobs to execute...

[Mon Jan 15 16:20:41 2024]
Job 139: 
        Scans reference genome for matches againts input motif.
        Output compressed.
        
Reason: Missing output files: results/tfbs-scan/hg38/scan/ENCSR000ANO.normal_lung_fibroblasts.CTCF.MA0139.1.damo.pwm/ENCSR000ANO.normal_lung_fibroblasts.CTCF.MA0139.1.damo.pwm-sites.masked.chr19.bed; Input files updated by another job: results/tfbs-scan/hg38/mask/chr19.fa

Activating conda environment: ../../../../../../../../../../../../../home/tubbsca/snakemake_condas/15eac168b67d44f04e70744dacff5721_

[Mon Jan 15 16:20:48 2024]
Job 168: 
        Scans reference genome for matches againts input motif.
        Output compressed.
        
Reason: Missing output files: results/tfbs-scan/hg38/scan/ENCSR000AOO.astrocytes.CTCF.MA0139.1.damo.pwm/ENCSR000AOO.astrocytes.CTCF.MA0139.1.damo.pwm-sites.masked.chr19.bed; Input files updated by another job: results/tfbs-scan/hg38/mask/chr19.fa

Activating conda environment: ../../../../../../../../../../../../../home/tubbsca/snakemake_condas/15eac168b67d44f04e70744dacff5721_
[Mon Jan 15 16:20:48 2024]
Finished job 46.
95 of 153 steps (62%) done
[Mon Jan 15 16:20:48 2024]
Finished job 74.
96 of 153 steps (63%) done
[Mon Jan 15 16:20:48 2024]
Finished job 104.
97 of 153 steps (63%) done
[Mon Jan 15 16:20:48 2024]
Finished job 132.
98 of 153 steps (64%) done
[Mon Jan 15 16:20:48 2024]
Finished job 45.
99 of 153 steps (65%) done
[Mon Jan 15 16:20:48 2024]
Finished job 161.
100 of 153 steps (65%) done
[Mon Jan 15 16:20:48 2024]
Finished job 103.
101 of 153 steps (66%) done
[Mon Jan 15 16:20:48 2024]
Finished job 48.
102 of 153 steps (67%) done
[Mon Jan 15 16:20:48 2024]
Finished job 106.
103 of 153 steps (67%) done
[Mon Jan 15 16:20:48 2024]
Finished job 49.
104 of 153 steps (68%) done
[Mon Jan 15 16:20:49 2024]
Finished job 107.
105 of 153 steps (69%) done
[Mon Jan 15 16:20:49 2024]
Finished job 64.
106 of 153 steps (69%) done
[Mon Jan 15 16:20:49 2024]
Finished job 122.
107 of 153 steps (70%) done
[Mon Jan 15 16:20:49 2024]
Finished job 151.
108 of 153 steps (71%) done
[Mon Jan 15 16:20:49 2024]
Finished job 93.
109 of 153 steps (71%) done
[Mon Jan 15 16:20:49 2024]
Finished job 35.
110 of 153 steps (72%) done
Select jobs to execute...

[Mon Jan 15 16:20:49 2024]
Job 52: 
        Scans reference genome for matches againts input motif.
        Output compressed.
        
Reason: Missing output files: results/tfbs-scan/hg38/scan/ENCSR000AHD.MCF7_Invasive_ductal_breast_carcinoma.CTCF.MA0139.1.damo.pwm/ENCSR000AHD.MCF7_Invasive_ductal_breast_carcinoma.CTCF.MA0139.1.damo.pwm-sites.masked.chr19.bed; Input files updated by another job: results/tfbs-scan/hg38/mask/chr19.fa


Activating conda environment: ../../../../../../../../../../../../../home/tubbsca/snakemake_condas/15eac168b67d44f04e70744dacff5721_
[Mon Jan 15 16:20:49 2024]
Job 70: 
        Scans reference genome for matches againts input motif.
        Output compressed.
        
Reason: Missing output files: results/tfbs-scan/hg38/scan/ENCSR000ATM.K562_myelogenous_leukemia.REST.MA0138.2.damo.pwm/ENCSR000ATM.K562_myelogenous_leukemia.REST.MA0138.2.damo.pwm-sites.masked.chr8.bed; Input files updated by another job: results/tfbs-scan/hg38/mask/chr8.fa


Activating conda environment: ../../../../../../../../../../../../../home/tubbsca/snakemake_condas/15eac168b67d44f04e70744dacff5721_
[Mon Jan 15 16:20:49 2024]
Job 55: 
        Scans reference genome for matches againts input motif.
        Output compressed.
        
Reason: Missing output files: results/tfbs-scan/hg38/scan/ENCSR000AHD.MCF7_Invasive_ductal_breast_carcinoma.CTCF.MA0139.1.damo.pwm/ENCSR000AHD.MCF7_Invasive_ductal_breast_carcinoma.CTCF.MA0139.1.damo.pwm-sites.masked.chr22.bed; Input files updated by another job: results/tfbs-scan/hg38/mask/chr22.fa


Activating conda environment: ../../../../../../../../../../../../../home/tubbsca/snakemake_condas/15eac168b67d44f04e70744dacff5721_
[Mon Jan 15 16:20:49 2024]
Job 57: 
        Scans reference genome for matches againts input motif.
        Output compressed.
        
Reason: Missing output files: results/tfbs-scan/hg38/scan/ENCSR000AHD.MCF7_Invasive_ductal_breast_carcinoma.CTCF.MA0139.1.damo.pwm/ENCSR000AHD.MCF7_Invasive_ductal_breast_carcinoma.CTCF.MA0139.1.damo.pwm-sites.masked.chrY.bed; Input files updated by another job: results/tfbs-scan/hg38/mask/chrY.fa

Activating conda environment: ../../../../../../../../../../../../../home/tubbsca/snakemake_condas/15eac168b67d44f04e70744dacff5721_

[Mon Jan 15 16:20:49 2024]
Job 113: 
        Scans reference genome for matches againts input motif.
        Output compressed.
        
Reason: Missing output files: results/tfbs-scan/hg38/scan/ENCSR000ALJ.keratinocytes.CTCF.MA0139.1.damo.pwm/ENCSR000ALJ.keratinocytes.CTCF.MA0139.1.damo.pwm-sites.masked.chr22.bed; Input files updated by another job: results/tfbs-scan/hg38/mask/chr22.fa


Activating conda environment: ../../../../../../../../../../../../../home/tubbsca/snakemake_condas/15eac168b67d44f04e70744dacff5721_
[Mon Jan 15 16:20:49 2024]
Job 115: 
        Scans reference genome for matches againts input motif.
        Output compressed.
        
Reason: Missing output files: results/tfbs-scan/hg38/scan/ENCSR000ALJ.keratinocytes.CTCF.MA0139.1.damo.pwm/ENCSR000ALJ.keratinocytes.CTCF.MA0139.1.damo.pwm-sites.masked.chrY.bed; Input files updated by another job: results/tfbs-scan/hg38/mask/chrY.fa

Activating conda environment: ../../../../../../../../../../../../../home/tubbsca/snakemake_condas/15eac168b67d44f04e70744dacff5721_

[Mon Jan 15 16:20:49 2024]
Job 171: 
        Scans reference genome for matches againts input motif.
        Output compressed.
        
Reason: Missing output files: results/tfbs-scan/hg38/scan/ENCSR000AOO.astrocytes.CTCF.MA0139.1.damo.pwm/ENCSR000AOO.astrocytes.CTCF.MA0139.1.damo.pwm-sites.masked.chr22.bed; Input files updated by another job: results/tfbs-scan/hg38/mask/chr22.fa

Activating conda environment: ../../../../../../../../../../../../../home/tubbsca/snakemake_condas/15eac168b67d44f04e70744dacff5721_

[Mon Jan 15 16:20:49 2024]
Job 173: 
        Scans reference genome for matches againts input motif.
        Output compressed.
        
Reason: Missing output files: results/tfbs-scan/hg38/scan/ENCSR000AOO.astrocytes.CTCF.MA0139.1.damo.pwm/ENCSR000AOO.astrocytes.CTCF.MA0139.1.damo.pwm-sites.masked.chrY.bed; Input files updated by another job: results/tfbs-scan/hg38/mask/chrY.fa

Activating conda environment: ../../../../../../../../../../../../../home/tubbsca/snakemake_condas/15eac168b67d44f04e70744dacff5721_

[Mon Jan 15 16:20:49 2024]
Job 112: 
        Scans reference genome for matches againts input motif.
        Output compressed.
        
Reason: Missing output files: results/tfbs-scan/hg38/scan/ENCSR000ALJ.keratinocytes.CTCF.MA0139.1.damo.pwm/ENCSR000ALJ.keratinocytes.CTCF.MA0139.1.damo.pwm-sites.masked.chr21.bed; Input files updated by another job: results/tfbs-scan/hg38/mask/chr21.fa


Activating conda environment: ../../../../../../../../../../../../../home/tubbsca/snakemake_condas/15eac168b67d44f04e70744dacff5721_
[Mon Jan 15 16:20:49 2024]
Job 86: 
        Scans reference genome for matches againts input motif.
        Output compressed.
        
Reason: Missing output files: results/tfbs-scan/hg38/scan/ENCSR000ATM.K562_myelogenous_leukemia.REST.MA0138.2.damo.pwm/ENCSR000ATM.K562_myelogenous_leukemia.REST.MA0138.2.damo.pwm-sites.masked.chrY.bed; Input files updated by another job: results/tfbs-scan/hg38/mask/chrY.fa

Activating conda environment: ../../../../../../../../../../../../../home/tubbsca/snakemake_condas/15eac168b67d44f04e70744dacff5721_

[Mon Jan 15 16:20:49 2024]
Job 54: 
        Scans reference genome for matches againts input motif.
        Output compressed.
        
Reason: Missing output files: results/tfbs-scan/hg38/scan/ENCSR000AHD.MCF7_Invasive_ductal_breast_carcinoma.CTCF.MA0139.1.damo.pwm/ENCSR000AHD.MCF7_Invasive_ductal_breast_carcinoma.CTCF.MA0139.1.damo.pwm-sites.masked.chr21.bed; Input files updated by another job: results/tfbs-scan/hg38/mask/chr21.fa

Activating conda environment: ../../../../../../../../../../../../../home/tubbsca/snakemake_condas/15eac168b67d44f04e70744dacff5721_

[Mon Jan 15 16:20:49 2024]
Job 110: 
        Scans reference genome for matches againts input motif.
        Output compressed.
        
Reason: Missing output files: results/tfbs-scan/hg38/scan/ENCSR000ALJ.keratinocytes.CTCF.MA0139.1.damo.pwm/ENCSR000ALJ.keratinocytes.CTCF.MA0139.1.damo.pwm-sites.masked.chr19.bed; Input files updated by another job: results/tfbs-scan/hg38/mask/chr19.fa


Activating conda environment: ../../../../../../../../../../../../../home/tubbsca/snakemake_condas/15eac168b67d44f04e70744dacff5721_
[Mon Jan 15 16:20:49 2024]
Job 84: 
        Scans reference genome for matches againts input motif.
        Output compressed.
        
Reason: Missing output files: results/tfbs-scan/hg38/scan/ENCSR000ATM.K562_myelogenous_leukemia.REST.MA0138.2.damo.pwm/ENCSR000ATM.K562_myelogenous_leukemia.REST.MA0138.2.damo.pwm-sites.masked.chr22.bed; Input files updated by another job: results/tfbs-scan/hg38/mask/chr22.fa

Activating conda environment: ../../../../../../../../../../../../../home/tubbsca/snakemake_condas/15eac168b67d44f04e70744dacff5721_

[Mon Jan 15 16:20:49 2024]
Job 142: 
        Scans reference genome for matches againts input motif.
        Output compressed.
        
Reason: Missing output files: results/tfbs-scan/hg38/scan/ENCSR000ANO.normal_lung_fibroblasts.CTCF.MA0139.1.damo.pwm/ENCSR000ANO.normal_lung_fibroblasts.CTCF.MA0139.1.damo.pwm-sites.masked.chr22.bed; Input files updated by another job: results/tfbs-scan/hg38/mask/chr22.fa

Activating conda environment: ../../../../../../../../../../../../../home/tubbsca/snakemake_condas/15eac168b67d44f04e70744dacff5721_

[Mon Jan 15 16:20:49 2024]
Job 144: 
        Scans reference genome for matches againts input motif.
        Output compressed.
        
Reason: Missing output files: results/tfbs-scan/hg38/scan/ENCSR000ANO.normal_lung_fibroblasts.CTCF.MA0139.1.damo.pwm/ENCSR000ANO.normal_lung_fibroblasts.CTCF.MA0139.1.damo.pwm-sites.masked.chrY.bed; Input files updated by another job: results/tfbs-scan/hg38/mask/chrY.fa

Activating conda environment: ../../../../../../../../../../../../../home/tubbsca/snakemake_condas/15eac168b67d44f04e70744dacff5721_

[Mon Jan 15 16:20:49 2024]
Job 76: 
        Scans reference genome for matches againts input motif.
        Output compressed.
        
Reason: Missing output files: results/tfbs-scan/hg38/scan/ENCSR000ATM.K562_myelogenous_leukemia.REST.MA0138.2.damo.pwm/ENCSR000ATM.K562_myelogenous_leukemia.REST.MA0138.2.damo.pwm-sites.masked.chr14.bed; Input files updated by another job: results/tfbs-scan/hg38/mask/chr14.fa

Select jobs to execute...
Activating conda environment: ../../../../../../../../../../../../../home/tubbsca/snakemake_condas/15eac168b67d44f04e70744dacff5721_
[Mon Jan 15 16:20:49 2024]
Error in rule scan_scan_chromosome:
    jobid: 70
    input: results/tfbs-scan/hg38/scan/ENCSR000ATM.K562_myelogenous_leukemia.REST.MA0138.2.damo.pwm/ENCSR000ATM.K562_myelogenous_leukemia.REST.MA0138.2.damo.pwm.IntLogOdds, results/tfbs-scan/hg38/scan/ENCSR000ATM.K562_myelogenous_leukemia.REST.MA0138.2.damo.pwm/ENCSR000ATM.K562_myelogenous_leukemia.REST.MA0138.2.damo.pwm-coeff.txt, results/tfbs-scan/hg38/mask/chr8.fa, resources/software/PWMScan/matrix_scan
    output: results/tfbs-scan/hg38/scan/ENCSR000ATM.K562_myelogenous_leukemia.REST.MA0138.2.damo.pwm/ENCSR000ATM.K562_myelogenous_leukemia.REST.MA0138.2.damo.pwm-sites.masked.chr8.bed
    log: workflow/logs/scan_chromosome_ENCSR000ATM.K562_myelogenous_leukemia.REST.MA0138.2.damo.pwm_hg38_chr8.stdout, workflow/logs/scan_chromosome_ENCSR000ATM.K562_myelogenous_leukemia.REST.MA0138.2.damo.pwm_hg38_chr8.stderr (check log file(s) for error details)
    conda-env: /home/tubbsca/snakemake_condas/15eac168b67d44f04e70744dacff5721_
    shell:
        
        resources/software/PWMScan/matrix_scan -m results/tfbs-scan/hg38/scan/ENCSR000ATM.K562_myelogenous_leukemia.REST.MA0138.2.damo.pwm/ENCSR000ATM.K562_myelogenous_leukemia.REST.MA0138.2.damo.pwm.IntLogOdds -c $(cat results/tfbs-scan/hg38/scan/ENCSR000ATM.K562_myelogenous_leukemia.REST.MA0138.2.damo.pwm/ENCSR000ATM.K562_myelogenous_leukemia.REST.MA0138.2.damo.pwm-coeff.txt) results/tfbs-scan/hg38/mask/chr8.fa > results/tfbs-scan/hg38/scan/ENCSR000ATM.K562_myelogenous_leukemia.REST.MA0138.2.damo.pwm/ENCSR000ATM.K562_myelogenous_leukemia.REST.MA0138.2.damo.pwm-sites.masked.chr8.bed
        
        (one of the commands exited with non-zero exit code; note that snakemake uses bash strict mode!)

Removing output files of failed job scan_scan_chromosome since they might be corrupted:
results/tfbs-scan/hg38/scan/ENCSR000ATM.K562_myelogenous_leukemia.REST.MA0138.2.damo.pwm/ENCSR000ATM.K562_myelogenous_leukemia.REST.MA0138.2.damo.pwm-sites.masked.chr8.bed
[Mon Jan 15 16:20:50 2024]
Error in rule scan_scan_chromosome:
    jobid: 76
    input: results/tfbs-scan/hg38/scan/ENCSR000ATM.K562_myelogenous_leukemia.REST.MA0138.2.damo.pwm/ENCSR000ATM.K562_myelogenous_leukemia.REST.MA0138.2.damo.pwm.IntLogOdds, results/tfbs-scan/hg38/scan/ENCSR000ATM.K562_myelogenous_leukemia.REST.MA0138.2.damo.pwm/ENCSR000ATM.K562_myelogenous_leukemia.REST.MA0138.2.damo.pwm-coeff.txt, results/tfbs-scan/hg38/mask/chr14.fa, resources/software/PWMScan/matrix_scan
    output: results/tfbs-scan/hg38/scan/ENCSR000ATM.K562_myelogenous_leukemia.REST.MA0138.2.damo.pwm/ENCSR000ATM.K562_myelogenous_leukemia.REST.MA0138.2.damo.pwm-sites.masked.chr14.bed
    log: workflow/logs/scan_chromosome_ENCSR000ATM.K562_myelogenous_leukemia.REST.MA0138.2.damo.pwm_hg38_chr14.stdout, workflow/logs/scan_chromosome_ENCSR000ATM.K562_myelogenous_leukemia.REST.MA0138.2.damo.pwm_hg38_chr14.stderr (check log file(s) for error details)
    conda-env: /home/tubbsca/snakemake_condas/15eac168b67d44f04e70744dacff5721_
    shell:
        
        resources/software/PWMScan/matrix_scan -m results/tfbs-scan/hg38/scan/ENCSR000ATM.K562_myelogenous_leukemia.REST.MA0138.2.damo.pwm/ENCSR000ATM.K562_myelogenous_leukemia.REST.MA0138.2.damo.pwm.IntLogOdds -c $(cat results/tfbs-scan/hg38/scan/ENCSR000ATM.K562_myelogenous_leukemia.REST.MA0138.2.damo.pwm/ENCSR000ATM.K562_myelogenous_leukemia.REST.MA0138.2.damo.pwm-coeff.txt) results/tfbs-scan/hg38/mask/chr14.fa > results/tfbs-scan/hg38/scan/ENCSR000ATM.K562_myelogenous_leukemia.REST.MA0138.2.damo.pwm/ENCSR000ATM.K562_myelogenous_leukemia.REST.MA0138.2.damo.pwm-sites.masked.chr14.bed
        
        (one of the commands exited with non-zero exit code; note that snakemake uses bash strict mode!)

Removing output files of failed job scan_scan_chromosome since they might be corrupted:
results/tfbs-scan/hg38/scan/ENCSR000ATM.K562_myelogenous_leukemia.REST.MA0138.2.damo.pwm/ENCSR000ATM.K562_myelogenous_leukemia.REST.MA0138.2.damo.pwm-sites.masked.chr14.bed
[Mon Jan 15 16:20:51 2024]
Finished job 139.
111 of 153 steps (73%) done
[Mon Jan 15 16:20:51 2024]
Finished job 168.
112 of 153 steps (73%) done
[Mon Jan 15 16:20:51 2024]
Finished job 57.
113 of 153 steps (74%) done
[Mon Jan 15 16:20:51 2024]
Finished job 79.
114 of 153 steps (75%) done
[Mon Jan 15 16:20:51 2024]
Finished job 55.
115 of 153 steps (75%) done
[Mon Jan 15 16:20:51 2024]
Finished job 115.
116 of 153 steps (76%) done
[Mon Jan 15 16:20:51 2024]
Finished job 86.
117 of 153 steps (76%) done
[Mon Jan 15 16:20:51 2024]
Finished job 50.
118 of 153 steps (77%) done
[Mon Jan 15 16:20:52 2024]
Finished job 112.
119 of 153 steps (78%) done
[Mon Jan 15 16:20:52 2024]
Finished job 84.
120 of 153 steps (78%) done
[Mon Jan 15 16:20:52 2024]
Finished job 113.
121 of 153 steps (79%) done
[Mon Jan 15 16:20:52 2024]
Finished job 173.
122 of 153 steps (80%) done
[Mon Jan 15 16:20:52 2024]
Finished job 54.
123 of 153 steps (80%) done
[Mon Jan 15 16:20:52 2024]
Finished job 144.
124 of 153 steps (81%) done
[Mon Jan 15 16:20:52 2024]
Finished job 137.
125 of 153 steps (82%) done
[Mon Jan 15 16:20:52 2024]
Finished job 166.
126 of 153 steps (82%) done
[Mon Jan 15 16:20:52 2024]
Finished job 108.
127 of 153 steps (83%) done
[Mon Jan 15 16:20:52 2024]
Finished job 52.
128 of 153 steps (84%) done
[Mon Jan 15 16:20:52 2024]
Finished job 171.
129 of 153 steps (84%) done
[Mon Jan 15 16:20:52 2024]
Finished job 110.
130 of 153 steps (85%) done
[Mon Jan 15 16:20:52 2024]
Finished job 142.
131 of 153 steps (86%) done
[Mon Jan 15 16:20:56 2024]
Finished job 1.
132 of 153 steps (86%) done
Shutting down, this might take some time.
Exiting because a job execution failed. Look above for error message
Complete log: .snakemake/log/2024-01-15T161741.950857.snakemake.log
