Building DAG of jobs...
Your conda installation is not configured to use strict channel priorities. This is however crucial for having robust and correct environments (for details, see https://conda-forge.org/docs/user/tipsandtricks.html). Please consider to configure strict priorities by executing 'conda config --set channel_priority strict'.
Using shell: /usr/bin/bash
Provided cores: 24
Rules claiming more threads will be scaled down.
Job stats:
job                             count
----------------------------  -------
all                                 1
scan_assemble_scan                  5
scan_calculate_IntLogOdds           5
scan_calculate_cutoff               5
scan_calculate_probabilities        5
scan_process_probabilities          5
scan_scan_chromosome              120
sequence_decompress_genome          1
sequence_mask_genome                1
sequence_mask_regions               1
sequence_split_genome              24
total                             173

Select jobs to execute...

[Mon Jan 15 15:12:15 2024]
Job 3: 
        Makes exclude regions in BED format for genome masking.
        
Reason: Missing output files: results/tfbs-scan/hg38/mask/hg38.masked_regions.bed

Activating conda environment: ../../../../../../../../../../../../../home/tubbsca/snakemake_condas/15eac168b67d44f04e70744dacff5721_

[Mon Jan 15 15:12:15 2024]
Job 89: 
        Converts intput motif models to the IntLogOdds PWM format.
        
Reason: Missing output files: results/tfbs-scan/hg38/scan/ENCSR000ALJ.keratinocytes.CTCF.MA0139.1.damo.pwm/ENCSR000ALJ.keratinocytes.CTCF.MA0139.1.damo.pwm.IntLogOdds

[Mon Jan 15 15:12:15 2024]
Job 147: 
        Converts intput motif models to the IntLogOdds PWM format.
        
Reason: Missing output files: results/tfbs-scan/hg38/scan/ENCSR000AOO.astrocytes.CTCF.MA0139.1.damo.pwm/ENCSR000AOO.astrocytes.CTCF.MA0139.1.damo.pwm.IntLogOdds

[Mon Jan 15 15:12:15 2024]
Job 30: 
        Converts intput motif models to the IntLogOdds PWM format.
        
Reason: Missing output files: results/tfbs-scan/hg38/scan/ENCSR000AHD.MCF7_Invasive_ductal_breast_carcinoma.CTCF.MA0139.1.damo.pwm/ENCSR000AHD.MCF7_Invasive_ductal_breast_carcinoma.CTCF.MA0139.1.damo.pwm.IntLogOdds

[Mon Jan 15 15:12:15 2024]
Job 4: 
        Necessary to scan genome.
        
Reason: Missing output files: results/tfbs-scan/hg38/hg38.fa

Activating conda environment: ../../../../../../../../../../../../../home/tubbsca/snakemake_condas/15eac168b67d44f04e70744dacff5721_

[Mon Jan 15 15:12:15 2024]
Job 60: 
        Converts intput motif models to the IntLogOdds PWM format.
        
Reason: Missing output files: results/tfbs-scan/hg38/scan/ENCSR000ATM.K562_myelogenous_leukemia.REST.MA0138.2.damo.pwm/ENCSR000ATM.K562_myelogenous_leukemia.REST.MA0138.2.damo.pwm.IntLogOdds

Activating conda environment: ../../../../../../../../../../../../../home/tubbsca/snakemake_condas/15eac168b67d44f04e70744dacff5721_
Activating conda environment: ../../../../../../../../../../../../../home/tubbsca/snakemake_condas/15eac168b67d44f04e70744dacff5721_
Activating conda environment: ../../../../../../../../../../../../../home/tubbsca/snakemake_condas/15eac168b67d44f04e70744dacff5721_

[Mon Jan 15 15:12:15 2024]
Job 118: 
        Converts intput motif models to the IntLogOdds PWM format.
        
Reason: Missing output files: results/tfbs-scan/hg38/scan/ENCSR000ANO.normal_lung_fibroblasts.CTCF.MA0139.1.damo.pwm/ENCSR000ANO.normal_lung_fibroblasts.CTCF.MA0139.1.damo.pwm.IntLogOdds

Activating conda environment: ../../../../../../../../../../../../../home/tubbsca/snakemake_condas/15eac168b67d44f04e70744dacff5721_
Activating conda environment: ../../../../../../../../../../../../../home/tubbsca/snakemake_condas/15eac168b67d44f04e70744dacff5721_
Activating conda environment: ../../../../../../../../../../../../../home/tubbsca/snakemake_condas/15eac168b67d44f04e70744dacff5721_
Activating conda environment: ../../../../../../../../../../../../../home/tubbsca/snakemake_condas/15eac168b67d44f04e70744dacff5721_
Activating conda environment: ../../../../../../../../../../../../../home/tubbsca/snakemake_condas/15eac168b67d44f04e70744dacff5721_
Activating conda environment: ../../../../../../../../../../../../../home/tubbsca/snakemake_condas/15eac168b67d44f04e70744dacff5721_
Activating conda environment: ../../../../../../../../../../../../../home/tubbsca/snakemake_condas/15eac168b67d44f04e70744dacff5721_
[Mon Jan 15 15:12:19 2024]
Finished job 3.
1 of 173 steps (1%) done
[Mon Jan 15 15:12:20 2024]
Finished job 147.
2 of 173 steps (1%) done
Select jobs to execute...

[Mon Jan 15 15:12:20 2024]
Job 150: 
        Generates pval distribution for given PWM.
        
Reason: Missing output files: results/tfbs-scan/hg38/scan/ENCSR000AOO.astrocytes.CTCF.MA0139.1.damo.pwm/ENCSR000AOO.astrocytes.CTCF.MA0139.1.damo.pwm-pvals.raw; Input files updated by another job: results/tfbs-scan/hg38/scan/ENCSR000AOO.astrocytes.CTCF.MA0139.1.damo.pwm/ENCSR000AOO.astrocytes.CTCF.MA0139.1.damo.pwm.IntLogOdds

Activating conda environment: ../../../../../../../../../../../../../home/tubbsca/snakemake_condas/15eac168b67d44f04e70744dacff5721_
[Mon Jan 15 15:12:20 2024]
Finished job 30.
3 of 173 steps (2%) done
[Mon Jan 15 15:12:20 2024]
Finished job 118.
4 of 173 steps (2%) done
[Mon Jan 15 15:12:20 2024]
Finished job 60.
5 of 173 steps (3%) done
[Mon Jan 15 15:12:20 2024]
Finished job 89.
6 of 173 steps (3%) done
Select jobs to execute...

[Mon Jan 15 15:12:20 2024]
Job 33: 
        Generates pval distribution for given PWM.
        
Reason: Missing output files: results/tfbs-scan/hg38/scan/ENCSR000AHD.MCF7_Invasive_ductal_breast_carcinoma.CTCF.MA0139.1.damo.pwm/ENCSR000AHD.MCF7_Invasive_ductal_breast_carcinoma.CTCF.MA0139.1.damo.pwm-pvals.raw; Input files updated by another job: results/tfbs-scan/hg38/scan/ENCSR000AHD.MCF7_Invasive_ductal_breast_carcinoma.CTCF.MA0139.1.damo.pwm/ENCSR000AHD.MCF7_Invasive_ductal_breast_carcinoma.CTCF.MA0139.1.damo.pwm.IntLogOdds


Activating conda environment: ../../../../../../../../../../../../../home/tubbsca/snakemake_condas/15eac168b67d44f04e70744dacff5721_
[Mon Jan 15 15:12:20 2024]
Job 92: 
        Generates pval distribution for given PWM.
        
Reason: Missing output files: results/tfbs-scan/hg38/scan/ENCSR000ALJ.keratinocytes.CTCF.MA0139.1.damo.pwm/ENCSR000ALJ.keratinocytes.CTCF.MA0139.1.damo.pwm-pvals.raw; Input files updated by another job: results/tfbs-scan/hg38/scan/ENCSR000ALJ.keratinocytes.CTCF.MA0139.1.damo.pwm/ENCSR000ALJ.keratinocytes.CTCF.MA0139.1.damo.pwm.IntLogOdds

Activating conda environment: ../../../../../../../../../../../../../home/tubbsca/snakemake_condas/15eac168b67d44f04e70744dacff5721_

[Mon Jan 15 15:12:20 2024]
Job 63: 
        Generates pval distribution for given PWM.
        
Reason: Missing output files: results/tfbs-scan/hg38/scan/ENCSR000ATM.K562_myelogenous_leukemia.REST.MA0138.2.damo.pwm/ENCSR000ATM.K562_myelogenous_leukemia.REST.MA0138.2.damo.pwm-pvals.raw; Input files updated by another job: results/tfbs-scan/hg38/scan/ENCSR000ATM.K562_myelogenous_leukemia.REST.MA0138.2.damo.pwm/ENCSR000ATM.K562_myelogenous_leukemia.REST.MA0138.2.damo.pwm.IntLogOdds

Activating conda environment: ../../../../../../../../../../../../../home/tubbsca/snakemake_condas/15eac168b67d44f04e70744dacff5721_

[Mon Jan 15 15:12:20 2024]
Job 121: 
        Generates pval distribution for given PWM.
        
Reason: Missing output files: results/tfbs-scan/hg38/scan/ENCSR000ANO.normal_lung_fibroblasts.CTCF.MA0139.1.damo.pwm/ENCSR000ANO.normal_lung_fibroblasts.CTCF.MA0139.1.damo.pwm-pvals.raw; Input files updated by another job: results/tfbs-scan/hg38/scan/ENCSR000ANO.normal_lung_fibroblasts.CTCF.MA0139.1.damo.pwm/ENCSR000ANO.normal_lung_fibroblasts.CTCF.MA0139.1.damo.pwm.IntLogOdds

Activating conda environment: ../../../../../../../../../../../../../home/tubbsca/snakemake_condas/15eac168b67d44f04e70744dacff5721_
[Mon Jan 15 15:12:21 2024]
Finished job 150.
7 of 173 steps (4%) done
Select jobs to execute...

[Mon Jan 15 15:12:21 2024]
Job 149: 
        Relative threshold is percentage of best PWM.
        For 80%, format as interger 80. Makes life easier.
        
Reason: Missing output files: results/tfbs-scan/hg38/scan/ENCSR000AOO.astrocytes.CTCF.MA0139.1.damo.pwm/ENCSR000AOO.astrocytes.CTCF.MA0139.1.damo.pwm-pvals.txt; Input files updated by another job: results/tfbs-scan/hg38/scan/ENCSR000AOO.astrocytes.CTCF.MA0139.1.damo.pwm/ENCSR000AOO.astrocytes.CTCF.MA0139.1.damo.pwm-pvals.raw

Activating conda environment: ../../../../../../../../../../../../../home/tubbsca/snakemake_condas/15eac168b67d44f04e70744dacff5721_
[Mon Jan 15 15:12:21 2024]
Finished job 33.
8 of 173 steps (5%) done
Select jobs to execute...

[Mon Jan 15 15:12:21 2024]
Job 32: 
        Relative threshold is percentage of best PWM.
        For 80%, format as interger 80. Makes life easier.
        
Reason: Missing output files: results/tfbs-scan/hg38/scan/ENCSR000AHD.MCF7_Invasive_ductal_breast_carcinoma.CTCF.MA0139.1.damo.pwm/ENCSR000AHD.MCF7_Invasive_ductal_breast_carcinoma.CTCF.MA0139.1.damo.pwm-pvals.txt; Input files updated by another job: results/tfbs-scan/hg38/scan/ENCSR000AHD.MCF7_Invasive_ductal_breast_carcinoma.CTCF.MA0139.1.damo.pwm/ENCSR000AHD.MCF7_Invasive_ductal_breast_carcinoma.CTCF.MA0139.1.damo.pwm-pvals.raw

Activating conda environment: ../../../../../../../../../../../../../home/tubbsca/snakemake_condas/15eac168b67d44f04e70744dacff5721_
[Mon Jan 15 15:12:21 2024]
Finished job 92.
9 of 173 steps (5%) done
Select jobs to execute...

[Mon Jan 15 15:12:21 2024]
Job 91: 
        Relative threshold is percentage of best PWM.
        For 80%, format as interger 80. Makes life easier.
        
Reason: Missing output files: results/tfbs-scan/hg38/scan/ENCSR000ALJ.keratinocytes.CTCF.MA0139.1.damo.pwm/ENCSR000ALJ.keratinocytes.CTCF.MA0139.1.damo.pwm-pvals.txt; Input files updated by another job: results/tfbs-scan/hg38/scan/ENCSR000ALJ.keratinocytes.CTCF.MA0139.1.damo.pwm/ENCSR000ALJ.keratinocytes.CTCF.MA0139.1.damo.pwm-pvals.raw

Activating conda environment: ../../../../../../../../../../../../../home/tubbsca/snakemake_condas/15eac168b67d44f04e70744dacff5721_
[Mon Jan 15 15:12:21 2024]
Finished job 121.
10 of 173 steps (6%) done
[Mon Jan 15 15:12:21 2024]
Finished job 63.
11 of 173 steps (6%) done
Select jobs to execute...

[Mon Jan 15 15:12:21 2024]
Job 62: 
        Relative threshold is percentage of best PWM.
        For 80%, format as interger 80. Makes life easier.
        
Reason: Missing output files: results/tfbs-scan/hg38/scan/ENCSR000ATM.K562_myelogenous_leukemia.REST.MA0138.2.damo.pwm/ENCSR000ATM.K562_myelogenous_leukemia.REST.MA0138.2.damo.pwm-pvals.txt; Input files updated by another job: results/tfbs-scan/hg38/scan/ENCSR000ATM.K562_myelogenous_leukemia.REST.MA0138.2.damo.pwm/ENCSR000ATM.K562_myelogenous_leukemia.REST.MA0138.2.damo.pwm-pvals.raw

Activating conda environment: ../../../../../../../../../../../../../home/tubbsca/snakemake_condas/15eac168b67d44f04e70744dacff5721_

[Mon Jan 15 15:12:21 2024]
Job 120: 
        Relative threshold is percentage of best PWM.
        For 80%, format as interger 80. Makes life easier.
        
Reason: Missing output files: results/tfbs-scan/hg38/scan/ENCSR000ANO.normal_lung_fibroblasts.CTCF.MA0139.1.damo.pwm/ENCSR000ANO.normal_lung_fibroblasts.CTCF.MA0139.1.damo.pwm-pvals.txt; Input files updated by another job: results/tfbs-scan/hg38/scan/ENCSR000ANO.normal_lung_fibroblasts.CTCF.MA0139.1.damo.pwm/ENCSR000ANO.normal_lung_fibroblasts.CTCF.MA0139.1.damo.pwm-pvals.raw

Activating conda environment: ../../../../../../../../../../../../../home/tubbsca/snakemake_condas/15eac168b67d44f04e70744dacff5721_
[Mon Jan 15 15:12:21 2024]
Finished job 149.
12 of 173 steps (7%) done
Removing temporary output results/tfbs-scan/hg38/scan/ENCSR000AOO.astrocytes.CTCF.MA0139.1.damo.pwm/ENCSR000AOO.astrocytes.CTCF.MA0139.1.damo.pwm-pvals.raw.
Select jobs to execute...

[Mon Jan 15 15:12:21 2024]
Job 148: 
        Relative threshold is percentage of best PWM.
        For 80%, format as interger 80. Makes life easier.
        
Reason: Missing output files: results/tfbs-scan/hg38/scan/ENCSR000AOO.astrocytes.CTCF.MA0139.1.damo.pwm/ENCSR000AOO.astrocytes.CTCF.MA0139.1.damo.pwm-coeff.txt; Input files updated by another job: results/tfbs-scan/hg38/scan/ENCSR000AOO.astrocytes.CTCF.MA0139.1.damo.pwm/ENCSR000AOO.astrocytes.CTCF.MA0139.1.damo.pwm-pvals.txt

Activating conda environment: ../../../../../../../../../../../../../home/tubbsca/snakemake_condas/15eac168b67d44f04e70744dacff5721_
[Mon Jan 15 15:12:21 2024]
Finished job 32.
13 of 173 steps (8%) done
Removing temporary output results/tfbs-scan/hg38/scan/ENCSR000AHD.MCF7_Invasive_ductal_breast_carcinoma.CTCF.MA0139.1.damo.pwm/ENCSR000AHD.MCF7_Invasive_ductal_breast_carcinoma.CTCF.MA0139.1.damo.pwm-pvals.raw.
Select jobs to execute...

[Mon Jan 15 15:12:21 2024]
Job 31: 
        Relative threshold is percentage of best PWM.
        For 80%, format as interger 80. Makes life easier.
        
Reason: Missing output files: results/tfbs-scan/hg38/scan/ENCSR000AHD.MCF7_Invasive_ductal_breast_carcinoma.CTCF.MA0139.1.damo.pwm/ENCSR000AHD.MCF7_Invasive_ductal_breast_carcinoma.CTCF.MA0139.1.damo.pwm-coeff.txt; Input files updated by another job: results/tfbs-scan/hg38/scan/ENCSR000AHD.MCF7_Invasive_ductal_breast_carcinoma.CTCF.MA0139.1.damo.pwm/ENCSR000AHD.MCF7_Invasive_ductal_breast_carcinoma.CTCF.MA0139.1.damo.pwm-pvals.txt

Activating conda environment: ../../../../../../../../../../../../../home/tubbsca/snakemake_condas/15eac168b67d44f04e70744dacff5721_
[Mon Jan 15 15:12:22 2024]
Finished job 62.
14 of 173 steps (8%) done
Removing temporary output results/tfbs-scan/hg38/scan/ENCSR000ATM.K562_myelogenous_leukemia.REST.MA0138.2.damo.pwm/ENCSR000ATM.K562_myelogenous_leukemia.REST.MA0138.2.damo.pwm-pvals.raw.
Select jobs to execute...

[Mon Jan 15 15:12:22 2024]
Job 61: 
        Relative threshold is percentage of best PWM.
        For 80%, format as interger 80. Makes life easier.
        
Reason: Missing output files: results/tfbs-scan/hg38/scan/ENCSR000ATM.K562_myelogenous_leukemia.REST.MA0138.2.damo.pwm/ENCSR000ATM.K562_myelogenous_leukemia.REST.MA0138.2.damo.pwm-coeff.txt; Input files updated by another job: results/tfbs-scan/hg38/scan/ENCSR000ATM.K562_myelogenous_leukemia.REST.MA0138.2.damo.pwm/ENCSR000ATM.K562_myelogenous_leukemia.REST.MA0138.2.damo.pwm-pvals.txt

Activating conda environment: ../../../../../../../../../../../../../home/tubbsca/snakemake_condas/15eac168b67d44f04e70744dacff5721_
[Mon Jan 15 15:12:22 2024]
Finished job 91.
15 of 173 steps (9%) done
Removing temporary output results/tfbs-scan/hg38/scan/ENCSR000ALJ.keratinocytes.CTCF.MA0139.1.damo.pwm/ENCSR000ALJ.keratinocytes.CTCF.MA0139.1.damo.pwm-pvals.raw.
Select jobs to execute...

[Mon Jan 15 15:12:22 2024]
Job 90: 
        Relative threshold is percentage of best PWM.
        For 80%, format as interger 80. Makes life easier.
        
Reason: Missing output files: results/tfbs-scan/hg38/scan/ENCSR000ALJ.keratinocytes.CTCF.MA0139.1.damo.pwm/ENCSR000ALJ.keratinocytes.CTCF.MA0139.1.damo.pwm-coeff.txt; Input files updated by another job: results/tfbs-scan/hg38/scan/ENCSR000ALJ.keratinocytes.CTCF.MA0139.1.damo.pwm/ENCSR000ALJ.keratinocytes.CTCF.MA0139.1.damo.pwm-pvals.txt

Activating conda environment: ../../../../../../../../../../../../../home/tubbsca/snakemake_condas/15eac168b67d44f04e70744dacff5721_
[Mon Jan 15 15:12:22 2024]
Finished job 120.
16 of 173 steps (9%) done
Removing temporary output results/tfbs-scan/hg38/scan/ENCSR000ANO.normal_lung_fibroblasts.CTCF.MA0139.1.damo.pwm/ENCSR000ANO.normal_lung_fibroblasts.CTCF.MA0139.1.damo.pwm-pvals.raw.
Select jobs to execute...

[Mon Jan 15 15:12:22 2024]
Job 119: 
        Relative threshold is percentage of best PWM.
        For 80%, format as interger 80. Makes life easier.
        
Reason: Missing output files: results/tfbs-scan/hg38/scan/ENCSR000ANO.normal_lung_fibroblasts.CTCF.MA0139.1.damo.pwm/ENCSR000ANO.normal_lung_fibroblasts.CTCF.MA0139.1.damo.pwm-coeff.txt; Input files updated by another job: results/tfbs-scan/hg38/scan/ENCSR000ANO.normal_lung_fibroblasts.CTCF.MA0139.1.damo.pwm/ENCSR000ANO.normal_lung_fibroblasts.CTCF.MA0139.1.damo.pwm-pvals.txt

Activating conda environment: ../../../../../../../../../../../../../home/tubbsca/snakemake_condas/15eac168b67d44f04e70744dacff5721_
[Mon Jan 15 15:12:22 2024]
Finished job 31.
17 of 173 steps (10%) done
[Mon Jan 15 15:12:22 2024]
Finished job 148.
18 of 173 steps (10%) done
[Mon Jan 15 15:12:22 2024]
Finished job 61.
19 of 173 steps (11%) done
[Mon Jan 15 15:12:22 2024]
Finished job 90.
20 of 173 steps (12%) done
[Mon Jan 15 15:12:22 2024]
Finished job 119.
21 of 173 steps (12%) done
[Mon Jan 15 15:13:06 2024]
Finished job 4.
22 of 173 steps (13%) done
Select jobs to execute...

[Mon Jan 15 15:13:06 2024]
Job 2: 
        Creates custom-masked genome for scanning against.
        
Reason: Missing output files: results/tfbs-scan/hg38/mask/hg38.custom-mask.fa; Input files updated by another job: results/tfbs-scan/hg38/mask/hg38.masked_regions.bed, results/tfbs-scan/hg38/hg38.fa

Activating conda environment: ../../../../../../../../../../../../../home/tubbsca/snakemake_condas/15eac168b67d44f04e70744dacff5721_
[Mon Jan 15 15:13:57 2024]
Finished job 2.
23 of 173 steps (13%) done
Removing temporary output results/tfbs-scan/hg38/mask/hg38.masked_regions.bed.
Removing temporary output results/tfbs-scan/hg38/hg38.fa.
Select jobs to execute...

[Mon Jan 15 15:13:57 2024]
Job 1: 
        Splits masked genome by chromsome from parallel scanning.
        
Reason: Missing output files: results/tfbs-scan/hg38/mask/chr1.fa; Input files updated by another job: results/tfbs-scan/hg38/mask/hg38.custom-mask.fa; Code has changed since last execution


Activating conda environment: ../../../../../../../../../../../../../home/tubbsca/snakemake_condas/15eac168b67d44f04e70744dacff5721_
[Mon Jan 15 15:13:57 2024]
Job 15: 
        Splits masked genome by chromsome from parallel scanning.
        
Reason: Missing output files: results/tfbs-scan/hg38/mask/chr12.fa; Input files updated by another job: results/tfbs-scan/hg38/mask/hg38.custom-mask.fa; Code has changed since last execution


Activating conda environment: ../../../../../../../../../../../../../home/tubbsca/snakemake_condas/15eac168b67d44f04e70744dacff5721_
[Mon Jan 15 15:13:57 2024]
Job 9: 
        Splits masked genome by chromsome from parallel scanning.
        
Reason: Missing output files: results/tfbs-scan/hg38/mask/chr6.fa; Input files updated by another job: results/tfbs-scan/hg38/mask/hg38.custom-mask.fa; Code has changed since last execution


Activating conda environment: ../../../../../../../../../../../../../home/tubbsca/snakemake_condas/15eac168b67d44f04e70744dacff5721_
[Mon Jan 15 15:13:57 2024]
Job 23: 
        Splits masked genome by chromsome from parallel scanning.
        
Reason: Missing output files: results/tfbs-scan/hg38/mask/chr20.fa; Input files updated by another job: results/tfbs-scan/hg38/mask/hg38.custom-mask.fa; Code has changed since last execution

Activating conda environment: ../../../../../../../../../../../../../home/tubbsca/snakemake_condas/15eac168b67d44f04e70744dacff5721_

[Mon Jan 15 15:13:57 2024]
Job 8: 
        Splits masked genome by chromsome from parallel scanning.
        
Reason: Missing output files: results/tfbs-scan/hg38/mask/chr5.fa; Input files updated by another job: results/tfbs-scan/hg38/mask/hg38.custom-mask.fa; Code has changed since last execution

Activating conda environment: ../../../../../../../../../../../../../home/tubbsca/snakemake_condas/15eac168b67d44f04e70744dacff5721_

[Mon Jan 15 15:13:57 2024]
Job 16: 
        Splits masked genome by chromsome from parallel scanning.
        
Reason: Missing output files: results/tfbs-scan/hg38/mask/chr13.fa; Input files updated by another job: results/tfbs-scan/hg38/mask/hg38.custom-mask.fa; Code has changed since last execution

Activating conda environment: ../../../../../../../../../../../../../home/tubbsca/snakemake_condas/15eac168b67d44f04e70744dacff5721_

[Mon Jan 15 15:13:57 2024]
Job 10: 
        Splits masked genome by chromsome from parallel scanning.
        
Reason: Missing output files: results/tfbs-scan/hg38/mask/chr7.fa; Input files updated by another job: results/tfbs-scan/hg38/mask/hg38.custom-mask.fa; Code has changed since last execution


Activating conda environment: ../../../../../../../../../../../../../home/tubbsca/snakemake_condas/15eac168b67d44f04e70744dacff5721_
[Mon Jan 15 15:13:57 2024]
Job 24: 
        Splits masked genome by chromsome from parallel scanning.
        
Reason: Missing output files: results/tfbs-scan/hg38/mask/chr21.fa; Input files updated by another job: results/tfbs-scan/hg38/mask/hg38.custom-mask.fa; Code has changed since last execution

Activating conda environment: ../../../../../../../../../../../../../home/tubbsca/snakemake_condas/15eac168b67d44f04e70744dacff5721_

[Mon Jan 15 15:13:57 2024]
Job 17: 
        Splits masked genome by chromsome from parallel scanning.
        
Reason: Missing output files: results/tfbs-scan/hg38/mask/chr14.fa; Input files updated by another job: results/tfbs-scan/hg38/mask/hg38.custom-mask.fa; Code has changed since last execution

Activating conda environment: ../../../../../../../../../../../../../home/tubbsca/snakemake_condas/15eac168b67d44f04e70744dacff5721_

[Mon Jan 15 15:13:57 2024]
Job 11: 
        Splits masked genome by chromsome from parallel scanning.
        
Reason: Missing output files: results/tfbs-scan/hg38/mask/chr8.fa; Input files updated by another job: results/tfbs-scan/hg38/mask/hg38.custom-mask.fa; Code has changed since last execution

Activating conda environment: ../../../../../../../../../../../../../home/tubbsca/snakemake_condas/15eac168b67d44f04e70744dacff5721_

[Mon Jan 15 15:13:57 2024]
Job 25: 
        Splits masked genome by chromsome from parallel scanning.
        
Reason: Missing output files: results/tfbs-scan/hg38/mask/chr22.fa; Input files updated by another job: results/tfbs-scan/hg38/mask/hg38.custom-mask.fa; Code has changed since last execution

Activating conda environment: ../../../../../../../../../../../../../home/tubbsca/snakemake_condas/15eac168b67d44f04e70744dacff5721_

[Mon Jan 15 15:13:57 2024]
Job 18: 
        Splits masked genome by chromsome from parallel scanning.
        
Reason: Missing output files: results/tfbs-scan/hg38/mask/chr15.fa; Input files updated by another job: results/tfbs-scan/hg38/mask/hg38.custom-mask.fa; Code has changed since last execution

Activating conda environment: ../../../../../../../../../../../../../home/tubbsca/snakemake_condas/15eac168b67d44f04e70744dacff5721_

[Mon Jan 15 15:13:57 2024]
Job 12: 
        Splits masked genome by chromsome from parallel scanning.
        
Reason: Missing output files: results/tfbs-scan/hg38/mask/chr9.fa; Input files updated by another job: results/tfbs-scan/hg38/mask/hg38.custom-mask.fa; Code has changed since last execution

Activating conda environment: ../../../../../../../../../../../../../home/tubbsca/snakemake_condas/15eac168b67d44f04e70744dacff5721_

[Mon Jan 15 15:13:57 2024]
Job 26: 
        Splits masked genome by chromsome from parallel scanning.
        
Reason: Missing output files: results/tfbs-scan/hg38/mask/chrX.fa; Input files updated by another job: results/tfbs-scan/hg38/mask/hg38.custom-mask.fa; Code has changed since last execution

Activating conda environment: ../../../../../../../../../../../../../home/tubbsca/snakemake_condas/15eac168b67d44f04e70744dacff5721_

[Mon Jan 15 15:13:57 2024]
Job 5: 
        Splits masked genome by chromsome from parallel scanning.
        
Reason: Missing output files: results/tfbs-scan/hg38/mask/chr2.fa; Input files updated by another job: results/tfbs-scan/hg38/mask/hg38.custom-mask.fa; Code has changed since last execution

Activating conda environment: ../../../../../../../../../../../../../home/tubbsca/snakemake_condas/15eac168b67d44f04e70744dacff5721_

[Mon Jan 15 15:13:57 2024]
Job 19: 
        Splits masked genome by chromsome from parallel scanning.
        
Reason: Missing output files: results/tfbs-scan/hg38/mask/chr16.fa; Input files updated by another job: results/tfbs-scan/hg38/mask/hg38.custom-mask.fa; Code has changed since last execution

Activating conda environment: ../../../../../../../../../../../../../home/tubbsca/snakemake_condas/15eac168b67d44f04e70744dacff5721_

[Mon Jan 15 15:13:57 2024]
Job 13: 
        Splits masked genome by chromsome from parallel scanning.
        
Reason: Missing output files: results/tfbs-scan/hg38/mask/chr10.fa; Input files updated by another job: results/tfbs-scan/hg38/mask/hg38.custom-mask.fa; Code has changed since last execution

Activating conda environment: ../../../../../../../../../../../../../home/tubbsca/snakemake_condas/15eac168b67d44f04e70744dacff5721_

[Mon Jan 15 15:13:57 2024]
Job 27: 
        Splits masked genome by chromsome from parallel scanning.
        
Reason: Missing output files: results/tfbs-scan/hg38/mask/chrY.fa; Input files updated by another job: results/tfbs-scan/hg38/mask/hg38.custom-mask.fa; Code has changed since last execution

Activating conda environment: ../../../../../../../../../../../../../home/tubbsca/snakemake_condas/15eac168b67d44f04e70744dacff5721_

[Mon Jan 15 15:13:57 2024]
Job 6: 
        Splits masked genome by chromsome from parallel scanning.
        
Reason: Missing output files: results/tfbs-scan/hg38/mask/chr3.fa; Input files updated by another job: results/tfbs-scan/hg38/mask/hg38.custom-mask.fa; Code has changed since last execution

Activating conda environment: ../../../../../../../../../../../../../home/tubbsca/snakemake_condas/15eac168b67d44f04e70744dacff5721_

[Mon Jan 15 15:13:57 2024]
Job 20: 
        Splits masked genome by chromsome from parallel scanning.
        
Reason: Missing output files: results/tfbs-scan/hg38/mask/chr17.fa; Input files updated by another job: results/tfbs-scan/hg38/mask/hg38.custom-mask.fa; Code has changed since last execution

Activating conda environment: ../../../../../../../../../../../../../home/tubbsca/snakemake_condas/15eac168b67d44f04e70744dacff5721_

[Mon Jan 15 15:13:57 2024]
Job 14: 
        Splits masked genome by chromsome from parallel scanning.
        
Reason: Missing output files: results/tfbs-scan/hg38/mask/chr11.fa; Input files updated by another job: results/tfbs-scan/hg38/mask/hg38.custom-mask.fa; Code has changed since last execution

Activating conda environment: ../../../../../../../../../../../../../home/tubbsca/snakemake_condas/15eac168b67d44f04e70744dacff5721_

[Mon Jan 15 15:13:57 2024]
Job 7: 
        Splits masked genome by chromsome from parallel scanning.
        
Reason: Missing output files: results/tfbs-scan/hg38/mask/chr4.fa; Input files updated by another job: results/tfbs-scan/hg38/mask/hg38.custom-mask.fa; Code has changed since last execution

Activating conda environment: ../../../../../../../../../../../../../home/tubbsca/snakemake_condas/15eac168b67d44f04e70744dacff5721_

[Mon Jan 15 15:13:57 2024]
Job 21: 
        Splits masked genome by chromsome from parallel scanning.
        
Reason: Missing output files: results/tfbs-scan/hg38/mask/chr18.fa; Input files updated by another job: results/tfbs-scan/hg38/mask/hg38.custom-mask.fa; Code has changed since last execution

Activating conda environment: ../../../../../../../../../../../../../home/tubbsca/snakemake_condas/15eac168b67d44f04e70744dacff5721_

[Mon Jan 15 15:13:57 2024]
Job 22: 
        Splits masked genome by chromsome from parallel scanning.
        
Reason: Missing output files: results/tfbs-scan/hg38/mask/chr19.fa; Input files updated by another job: results/tfbs-scan/hg38/mask/hg38.custom-mask.fa; Code has changed since last execution

Activating conda environment: ../../../../../../../../../../../../../home/tubbsca/snakemake_condas/15eac168b67d44f04e70744dacff5721_
[Mon Jan 15 15:14:46 2024]
Finished job 18.
24 of 173 steps (14%) done
Select jobs to execute...

[Mon Jan 15 15:14:46 2024]
Job 77: 
        Scans reference genome for matches againts input motif.
        Output compressed.
        
Reason: Missing output files: results/tfbs-scan/hg38/scan/ENCSR000ATM.K562_myelogenous_leukemia.REST.MA0138.2.damo.pwm/ENCSR000ATM.K562_myelogenous_leukemia.REST.MA0138.2.damo.pwm-sites.masked.chr15.bed; Input files updated by another job: results/tfbs-scan/hg38/mask/chr15.fa, results/tfbs-scan/hg38/scan/ENCSR000ATM.K562_myelogenous_leukemia.REST.MA0138.2.damo.pwm/ENCSR000ATM.K562_myelogenous_leukemia.REST.MA0138.2.damo.pwm.IntLogOdds, results/tfbs-scan/hg38/scan/ENCSR000ATM.K562_myelogenous_leukemia.REST.MA0138.2.damo.pwm/ENCSR000ATM.K562_myelogenous_leukemia.REST.MA0138.2.damo.pwm-coeff.txt

Activating conda environment: ../../../../../../../../../../../../../home/tubbsca/snakemake_condas/15eac168b67d44f04e70744dacff5721_
[Mon Jan 15 15:14:48 2024]
Finished job 27.
25 of 173 steps (14%) done
Select jobs to execute...

[Mon Jan 15 15:14:48 2024]
Job 86: 
        Scans reference genome for matches againts input motif.
        Output compressed.
        
Reason: Missing output files: results/tfbs-scan/hg38/scan/ENCSR000ATM.K562_myelogenous_leukemia.REST.MA0138.2.damo.pwm/ENCSR000ATM.K562_myelogenous_leukemia.REST.MA0138.2.damo.pwm-sites.masked.chrY.bed; Input files updated by another job: results/tfbs-scan/hg38/scan/ENCSR000ATM.K562_myelogenous_leukemia.REST.MA0138.2.damo.pwm/ENCSR000ATM.K562_myelogenous_leukemia.REST.MA0138.2.damo.pwm-coeff.txt, results/tfbs-scan/hg38/scan/ENCSR000ATM.K562_myelogenous_leukemia.REST.MA0138.2.damo.pwm/ENCSR000ATM.K562_myelogenous_leukemia.REST.MA0138.2.damo.pwm.IntLogOdds, results/tfbs-scan/hg38/mask/chrY.fa

Activating conda environment: ../../../../../../../../../../../../../home/tubbsca/snakemake_condas/15eac168b67d44f04e70744dacff5721_
[Mon Jan 15 15:14:48 2024]
Finished job 17.
26 of 173 steps (15%) done
[Mon Jan 15 15:14:48 2024]
Error in rule scan_scan_chromosome:
    jobid: 77
    input: results/tfbs-scan/hg38/scan/ENCSR000ATM.K562_myelogenous_leukemia.REST.MA0138.2.damo.pwm/ENCSR000ATM.K562_myelogenous_leukemia.REST.MA0138.2.damo.pwm.IntLogOdds, results/tfbs-scan/hg38/scan/ENCSR000ATM.K562_myelogenous_leukemia.REST.MA0138.2.damo.pwm/ENCSR000ATM.K562_myelogenous_leukemia.REST.MA0138.2.damo.pwm-coeff.txt, results/tfbs-scan/hg38/mask/chr15.fa, resources/software/PWMScan/matrix_scan
    output: results/tfbs-scan/hg38/scan/ENCSR000ATM.K562_myelogenous_leukemia.REST.MA0138.2.damo.pwm/ENCSR000ATM.K562_myelogenous_leukemia.REST.MA0138.2.damo.pwm-sites.masked.chr15.bed
    log: workflow/logs/scan_chromosome_ENCSR000ATM.K562_myelogenous_leukemia.REST.MA0138.2.damo.pwm_hg38_chr15.stdout, workflow/logs/scan_chromosome_ENCSR000ATM.K562_myelogenous_leukemia.REST.MA0138.2.damo.pwm_hg38_chr15.stderr (check log file(s) for error details)
    conda-env: /home/tubbsca/snakemake_condas/15eac168b67d44f04e70744dacff5721_
    shell:
        
        resources/software/PWMScan/matrix_scan -m results/tfbs-scan/hg38/scan/ENCSR000ATM.K562_myelogenous_leukemia.REST.MA0138.2.damo.pwm/ENCSR000ATM.K562_myelogenous_leukemia.REST.MA0138.2.damo.pwm.IntLogOdds -c $(cat results/tfbs-scan/hg38/scan/ENCSR000ATM.K562_myelogenous_leukemia.REST.MA0138.2.damo.pwm/ENCSR000ATM.K562_myelogenous_leukemia.REST.MA0138.2.damo.pwm-coeff.txt) results/tfbs-scan/hg38/mask/chr15.fa > results/tfbs-scan/hg38/scan/ENCSR000ATM.K562_myelogenous_leukemia.REST.MA0138.2.damo.pwm/ENCSR000ATM.K562_myelogenous_leukemia.REST.MA0138.2.damo.pwm-sites.masked.chr15.bed
        
        (one of the commands exited with non-zero exit code; note that snakemake uses bash strict mode!)

[Mon Jan 15 15:14:48 2024]
Finished job 6.
27 of 173 steps (16%) done
[Mon Jan 15 15:14:48 2024]
Finished job 20.
28 of 173 steps (16%) done
[Mon Jan 15 15:14:48 2024]
Finished job 1.
29 of 173 steps (17%) done
[Mon Jan 15 15:14:48 2024]
Finished job 22.
30 of 173 steps (17%) done
[Mon Jan 15 15:14:48 2024]
Finished job 26.
31 of 173 steps (18%) done
[Mon Jan 15 15:14:48 2024]
Finished job 10.
32 of 173 steps (18%) done
Select jobs to execute...

[Mon Jan 15 15:14:48 2024]
Job 81: 
        Scans reference genome for matches againts input motif.
        Output compressed.
        
Reason: Missing output files: results/tfbs-scan/hg38/scan/ENCSR000ATM.K562_myelogenous_leukemia.REST.MA0138.2.damo.pwm/ENCSR000ATM.K562_myelogenous_leukemia.REST.MA0138.2.damo.pwm-sites.masked.chr19.bed; Input files updated by another job: results/tfbs-scan/hg38/scan/ENCSR000ATM.K562_myelogenous_leukemia.REST.MA0138.2.damo.pwm/ENCSR000ATM.K562_myelogenous_leukemia.REST.MA0138.2.damo.pwm.IntLogOdds, results/tfbs-scan/hg38/scan/ENCSR000ATM.K562_myelogenous_leukemia.REST.MA0138.2.damo.pwm/ENCSR000ATM.K562_myelogenous_leukemia.REST.MA0138.2.damo.pwm-coeff.txt, results/tfbs-scan/hg38/mask/chr19.fa


Activating conda environment: ../../../../../../../../../../../../../home/tubbsca/snakemake_condas/15eac168b67d44f04e70744dacff5721_
[Mon Jan 15 15:14:48 2024]
Job 69: 
        Scans reference genome for matches againts input motif.
        Output compressed.
        
Reason: Missing output files: results/tfbs-scan/hg38/scan/ENCSR000ATM.K562_myelogenous_leukemia.REST.MA0138.2.damo.pwm/ENCSR000ATM.K562_myelogenous_leukemia.REST.MA0138.2.damo.pwm-sites.masked.chr7.bed; Input files updated by another job: results/tfbs-scan/hg38/mask/chr7.fa, results/tfbs-scan/hg38/scan/ENCSR000ATM.K562_myelogenous_leukemia.REST.MA0138.2.damo.pwm/ENCSR000ATM.K562_myelogenous_leukemia.REST.MA0138.2.damo.pwm.IntLogOdds, results/tfbs-scan/hg38/scan/ENCSR000ATM.K562_myelogenous_leukemia.REST.MA0138.2.damo.pwm/ENCSR000ATM.K562_myelogenous_leukemia.REST.MA0138.2.damo.pwm-coeff.txt

Activating conda environment: ../../../../../../../../../../../../../home/tubbsca/snakemake_condas/15eac168b67d44f04e70744dacff5721_

[Mon Jan 15 15:14:48 2024]
Job 85: 
        Scans reference genome for matches againts input motif.
        Output compressed.
        
Reason: Missing output files: results/tfbs-scan/hg38/scan/ENCSR000ATM.K562_myelogenous_leukemia.REST.MA0138.2.damo.pwm/ENCSR000ATM.K562_myelogenous_leukemia.REST.MA0138.2.damo.pwm-sites.masked.chrX.bed; Input files updated by another job: results/tfbs-scan/hg38/mask/chrX.fa, results/tfbs-scan/hg38/scan/ENCSR000ATM.K562_myelogenous_leukemia.REST.MA0138.2.damo.pwm/ENCSR000ATM.K562_myelogenous_leukemia.REST.MA0138.2.damo.pwm.IntLogOdds, results/tfbs-scan/hg38/scan/ENCSR000ATM.K562_myelogenous_leukemia.REST.MA0138.2.damo.pwm/ENCSR000ATM.K562_myelogenous_leukemia.REST.MA0138.2.damo.pwm-coeff.txt

Activating conda environment: ../../../../../../../../../../../../../home/tubbsca/snakemake_condas/15eac168b67d44f04e70744dacff5721_

[Mon Jan 15 15:14:48 2024]
Job 59: 
        Scans reference genome for matches againts input motif.
        Output compressed.
        
Reason: Missing output files: results/tfbs-scan/hg38/scan/ENCSR000ATM.K562_myelogenous_leukemia.REST.MA0138.2.damo.pwm/ENCSR000ATM.K562_myelogenous_leukemia.REST.MA0138.2.damo.pwm-sites.masked.chr1.bed; Input files updated by another job: results/tfbs-scan/hg38/mask/chr1.fa, results/tfbs-scan/hg38/scan/ENCSR000ATM.K562_myelogenous_leukemia.REST.MA0138.2.damo.pwm/ENCSR000ATM.K562_myelogenous_leukemia.REST.MA0138.2.damo.pwm-coeff.txt, results/tfbs-scan/hg38/scan/ENCSR000ATM.K562_myelogenous_leukemia.REST.MA0138.2.damo.pwm/ENCSR000ATM.K562_myelogenous_leukemia.REST.MA0138.2.damo.pwm.IntLogOdds

[Mon Jan 15 15:14:49 2024]
Error in rule scan_scan_chromosome:
    jobid: 86
    input: results/tfbs-scan/hg38/scan/ENCSR000ATM.K562_myelogenous_leukemia.REST.MA0138.2.damo.pwm/ENCSR000ATM.K562_myelogenous_leukemia.REST.MA0138.2.damo.pwm.IntLogOdds, results/tfbs-scan/hg38/scan/ENCSR000ATM.K562_myelogenous_leukemia.REST.MA0138.2.damo.pwm/ENCSR000ATM.K562_myelogenous_leukemia.REST.MA0138.2.damo.pwm-coeff.txt, results/tfbs-scan/hg38/mask/chrY.fa, resources/software/PWMScan/matrix_scan
    output: results/tfbs-scan/hg38/scan/ENCSR000ATM.K562_myelogenous_leukemia.REST.MA0138.2.damo.pwm/ENCSR000ATM.K562_myelogenous_leukemia.REST.MA0138.2.damo.pwm-sites.masked.chrY.bed
    log: workflow/logs/scan_chromosome_ENCSR000ATM.K562_myelogenous_leukemia.REST.MA0138.2.damo.pwm_hg38_chrY.stdout, workflow/logs/scan_chromosome_ENCSR000ATM.K562_myelogenous_leukemia.REST.MA0138.2.damo.pwm_hg38_chrY.stderr (check log file(s) for error details)
    conda-env: /home/tubbsca/snakemake_condas/15eac168b67d44f04e70744dacff5721_
    shell:
        
        resources/software/PWMScan/matrix_scan -m results/tfbs-scan/hg38/scan/ENCSR000ATM.K562_myelogenous_leukemia.REST.MA0138.2.damo.pwm/ENCSR000ATM.K562_myelogenous_leukemia.REST.MA0138.2.damo.pwm.IntLogOdds -c $(cat results/tfbs-scan/hg38/scan/ENCSR000ATM.K562_myelogenous_leukemia.REST.MA0138.2.damo.pwm/ENCSR000ATM.K562_myelogenous_leukemia.REST.MA0138.2.damo.pwm-coeff.txt) results/tfbs-scan/hg38/mask/chrY.fa > results/tfbs-scan/hg38/scan/ENCSR000ATM.K562_myelogenous_leukemia.REST.MA0138.2.damo.pwm/ENCSR000ATM.K562_myelogenous_leukemia.REST.MA0138.2.damo.pwm-sites.masked.chrY.bed
        
        (one of the commands exited with non-zero exit code; note that snakemake uses bash strict mode!)


Activating conda environment: ../../../../../../../../../../../../../home/tubbsca/snakemake_condas/15eac168b67d44f04e70744dacff5721_
[Mon Jan 15 15:14:49 2024]
Job 65: 
        Scans reference genome for matches againts input motif.
        Output compressed.
        
Reason: Missing output files: results/tfbs-scan/hg38/scan/ENCSR000ATM.K562_myelogenous_leukemia.REST.MA0138.2.damo.pwm/ENCSR000ATM.K562_myelogenous_leukemia.REST.MA0138.2.damo.pwm-sites.masked.chr3.bed; Input files updated by another job: results/tfbs-scan/hg38/mask/chr3.fa, results/tfbs-scan/hg38/scan/ENCSR000ATM.K562_myelogenous_leukemia.REST.MA0138.2.damo.pwm/ENCSR000ATM.K562_myelogenous_leukemia.REST.MA0138.2.damo.pwm-coeff.txt, results/tfbs-scan/hg38/scan/ENCSR000ATM.K562_myelogenous_leukemia.REST.MA0138.2.damo.pwm/ENCSR000ATM.K562_myelogenous_leukemia.REST.MA0138.2.damo.pwm.IntLogOdds

[Mon Jan 15 15:14:50 2024]
Error in rule scan_scan_chromosome:
    jobid: 81
    input: results/tfbs-scan/hg38/scan/ENCSR000ATM.K562_myelogenous_leukemia.REST.MA0138.2.damo.pwm/ENCSR000ATM.K562_myelogenous_leukemia.REST.MA0138.2.damo.pwm.IntLogOdds, results/tfbs-scan/hg38/scan/ENCSR000ATM.K562_myelogenous_leukemia.REST.MA0138.2.damo.pwm/ENCSR000ATM.K562_myelogenous_leukemia.REST.MA0138.2.damo.pwm-coeff.txt, results/tfbs-scan/hg38/mask/chr19.fa, resources/software/PWMScan/matrix_scan
    output: results/tfbs-scan/hg38/scan/ENCSR000ATM.K562_myelogenous_leukemia.REST.MA0138.2.damo.pwm/ENCSR000ATM.K562_myelogenous_leukemia.REST.MA0138.2.damo.pwm-sites.masked.chr19.bed
    log: workflow/logs/scan_chromosome_ENCSR000ATM.K562_myelogenous_leukemia.REST.MA0138.2.damo.pwm_hg38_chr19.stdout, workflow/logs/scan_chromosome_ENCSR000ATM.K562_myelogenous_leukemia.REST.MA0138.2.damo.pwm_hg38_chr19.stderr (check log file(s) for error details)
    conda-env: /home/tubbsca/snakemake_condas/15eac168b67d44f04e70744dacff5721_
    shell:
        
        resources/software/PWMScan/matrix_scan -m results/tfbs-scan/hg38/scan/ENCSR000ATM.K562_myelogenous_leukemia.REST.MA0138.2.damo.pwm/ENCSR000ATM.K562_myelogenous_leukemia.REST.MA0138.2.damo.pwm.IntLogOdds -c $(cat results/tfbs-scan/hg38/scan/ENCSR000ATM.K562_myelogenous_leukemia.REST.MA0138.2.damo.pwm/ENCSR000ATM.K562_myelogenous_leukemia.REST.MA0138.2.damo.pwm-coeff.txt) results/tfbs-scan/hg38/mask/chr19.fa > results/tfbs-scan/hg38/scan/ENCSR000ATM.K562_myelogenous_leukemia.REST.MA0138.2.damo.pwm/ENCSR000ATM.K562_myelogenous_leukemia.REST.MA0138.2.damo.pwm-sites.masked.chr19.bed
        
        (one of the commands exited with non-zero exit code; note that snakemake uses bash strict mode!)

Activating conda environment: ../../../../../../../../../../../../../home/tubbsca/snakemake_condas/15eac168b67d44f04e70744dacff5721_

[Mon Jan 15 15:14:50 2024]
Job 79: 
        Scans reference genome for matches againts input motif.
        Output compressed.
        
Reason: Missing output files: results/tfbs-scan/hg38/scan/ENCSR000ATM.K562_myelogenous_leukemia.REST.MA0138.2.damo.pwm/ENCSR000ATM.K562_myelogenous_leukemia.REST.MA0138.2.damo.pwm-sites.masked.chr17.bed; Input files updated by another job: results/tfbs-scan/hg38/scan/ENCSR000ATM.K562_myelogenous_leukemia.REST.MA0138.2.damo.pwm/ENCSR000ATM.K562_myelogenous_leukemia.REST.MA0138.2.damo.pwm.IntLogOdds, results/tfbs-scan/hg38/mask/chr17.fa, results/tfbs-scan/hg38/scan/ENCSR000ATM.K562_myelogenous_leukemia.REST.MA0138.2.damo.pwm/ENCSR000ATM.K562_myelogenous_leukemia.REST.MA0138.2.damo.pwm-coeff.txt

[Mon Jan 15 15:14:50 2024]
Error in rule scan_scan_chromosome:
    jobid: 85
    input: results/tfbs-scan/hg38/scan/ENCSR000ATM.K562_myelogenous_leukemia.REST.MA0138.2.damo.pwm/ENCSR000ATM.K562_myelogenous_leukemia.REST.MA0138.2.damo.pwm.IntLogOdds, results/tfbs-scan/hg38/scan/ENCSR000ATM.K562_myelogenous_leukemia.REST.MA0138.2.damo.pwm/ENCSR000ATM.K562_myelogenous_leukemia.REST.MA0138.2.damo.pwm-coeff.txt, results/tfbs-scan/hg38/mask/chrX.fa, resources/software/PWMScan/matrix_scan
    output: results/tfbs-scan/hg38/scan/ENCSR000ATM.K562_myelogenous_leukemia.REST.MA0138.2.damo.pwm/ENCSR000ATM.K562_myelogenous_leukemia.REST.MA0138.2.damo.pwm-sites.masked.chrX.bed
    log: workflow/logs/scan_chromosome_ENCSR000ATM.K562_myelogenous_leukemia.REST.MA0138.2.damo.pwm_hg38_chrX.stdout, workflow/logs/scan_chromosome_ENCSR000ATM.K562_myelogenous_leukemia.REST.MA0138.2.damo.pwm_hg38_chrX.stderr (check log file(s) for error details)
    conda-env: /home/tubbsca/snakemake_condas/15eac168b67d44f04e70744dacff5721_
    shell:
        
        resources/software/PWMScan/matrix_scan -m results/tfbs-scan/hg38/scan/ENCSR000ATM.K562_myelogenous_leukemia.REST.MA0138.2.damo.pwm/ENCSR000ATM.K562_myelogenous_leukemia.REST.MA0138.2.damo.pwm.IntLogOdds -c $(cat results/tfbs-scan/hg38/scan/ENCSR000ATM.K562_myelogenous_leukemia.REST.MA0138.2.damo.pwm/ENCSR000ATM.K562_myelogenous_leukemia.REST.MA0138.2.damo.pwm-coeff.txt) results/tfbs-scan/hg38/mask/chrX.fa > results/tfbs-scan/hg38/scan/ENCSR000ATM.K562_myelogenous_leukemia.REST.MA0138.2.damo.pwm/ENCSR000ATM.K562_myelogenous_leukemia.REST.MA0138.2.damo.pwm-sites.masked.chrX.bed
        
        (one of the commands exited with non-zero exit code; note that snakemake uses bash strict mode!)

[Mon Jan 15 15:14:50 2024]
Error in rule scan_scan_chromosome:
    jobid: 69
    input: results/tfbs-scan/hg38/scan/ENCSR000ATM.K562_myelogenous_leukemia.REST.MA0138.2.damo.pwm/ENCSR000ATM.K562_myelogenous_leukemia.REST.MA0138.2.damo.pwm.IntLogOdds, results/tfbs-scan/hg38/scan/ENCSR000ATM.K562_myelogenous_leukemia.REST.MA0138.2.damo.pwm/ENCSR000ATM.K562_myelogenous_leukemia.REST.MA0138.2.damo.pwm-coeff.txt, results/tfbs-scan/hg38/mask/chr7.fa, resources/software/PWMScan/matrix_scan
    output: results/tfbs-scan/hg38/scan/ENCSR000ATM.K562_myelogenous_leukemia.REST.MA0138.2.damo.pwm/ENCSR000ATM.K562_myelogenous_leukemia.REST.MA0138.2.damo.pwm-sites.masked.chr7.bed
    log: workflow/logs/scan_chromosome_ENCSR000ATM.K562_myelogenous_leukemia.REST.MA0138.2.damo.pwm_hg38_chr7.stdout, workflow/logs/scan_chromosome_ENCSR000ATM.K562_myelogenous_leukemia.REST.MA0138.2.damo.pwm_hg38_chr7.stderr (check log file(s) for error details)
    conda-env: /home/tubbsca/snakemake_condas/15eac168b67d44f04e70744dacff5721_
    shell:
        
        resources/software/PWMScan/matrix_scan -m results/tfbs-scan/hg38/scan/ENCSR000ATM.K562_myelogenous_leukemia.REST.MA0138.2.damo.pwm/ENCSR000ATM.K562_myelogenous_leukemia.REST.MA0138.2.damo.pwm.IntLogOdds -c $(cat results/tfbs-scan/hg38/scan/ENCSR000ATM.K562_myelogenous_leukemia.REST.MA0138.2.damo.pwm/ENCSR000ATM.K562_myelogenous_leukemia.REST.MA0138.2.damo.pwm-coeff.txt) results/tfbs-scan/hg38/mask/chr7.fa > results/tfbs-scan/hg38/scan/ENCSR000ATM.K562_myelogenous_leukemia.REST.MA0138.2.damo.pwm/ENCSR000ATM.K562_myelogenous_leukemia.REST.MA0138.2.damo.pwm-sites.masked.chr7.bed
        
        (one of the commands exited with non-zero exit code; note that snakemake uses bash strict mode!)


Activating conda environment: ../../../../../../../../../../../../../home/tubbsca/snakemake_condas/15eac168b67d44f04e70744dacff5721_
[Mon Jan 15 15:14:51 2024]
Job 76: 
        Scans reference genome for matches againts input motif.
        Output compressed.
        
Reason: Missing output files: results/tfbs-scan/hg38/scan/ENCSR000ATM.K562_myelogenous_leukemia.REST.MA0138.2.damo.pwm/ENCSR000ATM.K562_myelogenous_leukemia.REST.MA0138.2.damo.pwm-sites.masked.chr14.bed; Input files updated by another job: results/tfbs-scan/hg38/scan/ENCSR000ATM.K562_myelogenous_leukemia.REST.MA0138.2.damo.pwm/ENCSR000ATM.K562_myelogenous_leukemia.REST.MA0138.2.damo.pwm.IntLogOdds, results/tfbs-scan/hg38/mask/chr14.fa, results/tfbs-scan/hg38/scan/ENCSR000ATM.K562_myelogenous_leukemia.REST.MA0138.2.damo.pwm/ENCSR000ATM.K562_myelogenous_leukemia.REST.MA0138.2.damo.pwm-coeff.txt

Activating conda environment: ../../../../../../../../../../../../../home/tubbsca/snakemake_condas/15eac168b67d44f04e70744dacff5721_
[Mon Jan 15 15:14:56 2024]
Finished job 23.
33 of 173 steps (19%) done
[Mon Jan 15 15:14:56 2024]
Error in rule scan_scan_chromosome:
    jobid: 59
    input: results/tfbs-scan/hg38/scan/ENCSR000ATM.K562_myelogenous_leukemia.REST.MA0138.2.damo.pwm/ENCSR000ATM.K562_myelogenous_leukemia.REST.MA0138.2.damo.pwm.IntLogOdds, results/tfbs-scan/hg38/scan/ENCSR000ATM.K562_myelogenous_leukemia.REST.MA0138.2.damo.pwm/ENCSR000ATM.K562_myelogenous_leukemia.REST.MA0138.2.damo.pwm-coeff.txt, results/tfbs-scan/hg38/mask/chr1.fa, resources/software/PWMScan/matrix_scan
    output: results/tfbs-scan/hg38/scan/ENCSR000ATM.K562_myelogenous_leukemia.REST.MA0138.2.damo.pwm/ENCSR000ATM.K562_myelogenous_leukemia.REST.MA0138.2.damo.pwm-sites.masked.chr1.bed
    log: workflow/logs/scan_chromosome_ENCSR000ATM.K562_myelogenous_leukemia.REST.MA0138.2.damo.pwm_hg38_chr1.stdout, workflow/logs/scan_chromosome_ENCSR000ATM.K562_myelogenous_leukemia.REST.MA0138.2.damo.pwm_hg38_chr1.stderr (check log file(s) for error details)
    conda-env: /home/tubbsca/snakemake_condas/15eac168b67d44f04e70744dacff5721_
    shell:
        
        resources/software/PWMScan/matrix_scan -m results/tfbs-scan/hg38/scan/ENCSR000ATM.K562_myelogenous_leukemia.REST.MA0138.2.damo.pwm/ENCSR000ATM.K562_myelogenous_leukemia.REST.MA0138.2.damo.pwm.IntLogOdds -c $(cat results/tfbs-scan/hg38/scan/ENCSR000ATM.K562_myelogenous_leukemia.REST.MA0138.2.damo.pwm/ENCSR000ATM.K562_myelogenous_leukemia.REST.MA0138.2.damo.pwm-coeff.txt) results/tfbs-scan/hg38/mask/chr1.fa > results/tfbs-scan/hg38/scan/ENCSR000ATM.K562_myelogenous_leukemia.REST.MA0138.2.damo.pwm/ENCSR000ATM.K562_myelogenous_leukemia.REST.MA0138.2.damo.pwm-sites.masked.chr1.bed
        
        (one of the commands exited with non-zero exit code; note that snakemake uses bash strict mode!)

Removing output files of failed job scan_scan_chromosome since they might be corrupted:
results/tfbs-scan/hg38/scan/ENCSR000ATM.K562_myelogenous_leukemia.REST.MA0138.2.damo.pwm/ENCSR000ATM.K562_myelogenous_leukemia.REST.MA0138.2.damo.pwm-sites.masked.chr15.bed
Removing output files of failed job scan_scan_chromosome since they might be corrupted:
results/tfbs-scan/hg38/scan/ENCSR000ATM.K562_myelogenous_leukemia.REST.MA0138.2.damo.pwm/ENCSR000ATM.K562_myelogenous_leukemia.REST.MA0138.2.damo.pwm-sites.masked.chrY.bed
Removing output files of failed job scan_scan_chromosome since they might be corrupted:
results/tfbs-scan/hg38/scan/ENCSR000ATM.K562_myelogenous_leukemia.REST.MA0138.2.damo.pwm/ENCSR000ATM.K562_myelogenous_leukemia.REST.MA0138.2.damo.pwm-sites.masked.chr19.bed
Removing output files of failed job scan_scan_chromosome since they might be corrupted:
results/tfbs-scan/hg38/scan/ENCSR000ATM.K562_myelogenous_leukemia.REST.MA0138.2.damo.pwm/ENCSR000ATM.K562_myelogenous_leukemia.REST.MA0138.2.damo.pwm-sites.masked.chrX.bed
Removing output files of failed job scan_scan_chromosome since they might be corrupted:
results/tfbs-scan/hg38/scan/ENCSR000ATM.K562_myelogenous_leukemia.REST.MA0138.2.damo.pwm/ENCSR000ATM.K562_myelogenous_leukemia.REST.MA0138.2.damo.pwm-sites.masked.chr7.bed
[Mon Jan 15 15:14:58 2024]
Finished job 24.
34 of 173 steps (20%) done
[Mon Jan 15 15:14:58 2024]
Finished job 14.
35 of 173 steps (20%) done
[Mon Jan 15 15:14:58 2024]
Finished job 25.
36 of 173 steps (21%) done
[Mon Jan 15 15:14:58 2024]
Error in rule scan_scan_chromosome:
    jobid: 65
    input: results/tfbs-scan/hg38/scan/ENCSR000ATM.K562_myelogenous_leukemia.REST.MA0138.2.damo.pwm/ENCSR000ATM.K562_myelogenous_leukemia.REST.MA0138.2.damo.pwm.IntLogOdds, results/tfbs-scan/hg38/scan/ENCSR000ATM.K562_myelogenous_leukemia.REST.MA0138.2.damo.pwm/ENCSR000ATM.K562_myelogenous_leukemia.REST.MA0138.2.damo.pwm-coeff.txt, results/tfbs-scan/hg38/mask/chr3.fa, resources/software/PWMScan/matrix_scan
    output: results/tfbs-scan/hg38/scan/ENCSR000ATM.K562_myelogenous_leukemia.REST.MA0138.2.damo.pwm/ENCSR000ATM.K562_myelogenous_leukemia.REST.MA0138.2.damo.pwm-sites.masked.chr3.bed
    log: workflow/logs/scan_chromosome_ENCSR000ATM.K562_myelogenous_leukemia.REST.MA0138.2.damo.pwm_hg38_chr3.stdout, workflow/logs/scan_chromosome_ENCSR000ATM.K562_myelogenous_leukemia.REST.MA0138.2.damo.pwm_hg38_chr3.stderr (check log file(s) for error details)
    conda-env: /home/tubbsca/snakemake_condas/15eac168b67d44f04e70744dacff5721_
    shell:
        
        resources/software/PWMScan/matrix_scan -m results/tfbs-scan/hg38/scan/ENCSR000ATM.K562_myelogenous_leukemia.REST.MA0138.2.damo.pwm/ENCSR000ATM.K562_myelogenous_leukemia.REST.MA0138.2.damo.pwm.IntLogOdds -c $(cat results/tfbs-scan/hg38/scan/ENCSR000ATM.K562_myelogenous_leukemia.REST.MA0138.2.damo.pwm/ENCSR000ATM.K562_myelogenous_leukemia.REST.MA0138.2.damo.pwm-coeff.txt) results/tfbs-scan/hg38/mask/chr3.fa > results/tfbs-scan/hg38/scan/ENCSR000ATM.K562_myelogenous_leukemia.REST.MA0138.2.damo.pwm/ENCSR000ATM.K562_myelogenous_leukemia.REST.MA0138.2.damo.pwm-sites.masked.chr3.bed
        
        (one of the commands exited with non-zero exit code; note that snakemake uses bash strict mode!)

[Mon Jan 15 15:14:58 2024]
Finished job 15.
37 of 173 steps (21%) done
[Mon Jan 15 15:14:58 2024]
Error in rule scan_scan_chromosome:
    jobid: 79
    input: results/tfbs-scan/hg38/scan/ENCSR000ATM.K562_myelogenous_leukemia.REST.MA0138.2.damo.pwm/ENCSR000ATM.K562_myelogenous_leukemia.REST.MA0138.2.damo.pwm.IntLogOdds, results/tfbs-scan/hg38/scan/ENCSR000ATM.K562_myelogenous_leukemia.REST.MA0138.2.damo.pwm/ENCSR000ATM.K562_myelogenous_leukemia.REST.MA0138.2.damo.pwm-coeff.txt, results/tfbs-scan/hg38/mask/chr17.fa, resources/software/PWMScan/matrix_scan
    output: results/tfbs-scan/hg38/scan/ENCSR000ATM.K562_myelogenous_leukemia.REST.MA0138.2.damo.pwm/ENCSR000ATM.K562_myelogenous_leukemia.REST.MA0138.2.damo.pwm-sites.masked.chr17.bed
    log: workflow/logs/scan_chromosome_ENCSR000ATM.K562_myelogenous_leukemia.REST.MA0138.2.damo.pwm_hg38_chr17.stdout, workflow/logs/scan_chromosome_ENCSR000ATM.K562_myelogenous_leukemia.REST.MA0138.2.damo.pwm_hg38_chr17.stderr (check log file(s) for error details)
    conda-env: /home/tubbsca/snakemake_condas/15eac168b67d44f04e70744dacff5721_
    shell:
        
        resources/software/PWMScan/matrix_scan -m results/tfbs-scan/hg38/scan/ENCSR000ATM.K562_myelogenous_leukemia.REST.MA0138.2.damo.pwm/ENCSR000ATM.K562_myelogenous_leukemia.REST.MA0138.2.damo.pwm.IntLogOdds -c $(cat results/tfbs-scan/hg38/scan/ENCSR000ATM.K562_myelogenous_leukemia.REST.MA0138.2.damo.pwm/ENCSR000ATM.K562_myelogenous_leukemia.REST.MA0138.2.damo.pwm-coeff.txt) results/tfbs-scan/hg38/mask/chr17.fa > results/tfbs-scan/hg38/scan/ENCSR000ATM.K562_myelogenous_leukemia.REST.MA0138.2.damo.pwm/ENCSR000ATM.K562_myelogenous_leukemia.REST.MA0138.2.damo.pwm-sites.masked.chr17.bed
        
        (one of the commands exited with non-zero exit code; note that snakemake uses bash strict mode!)

[Mon Jan 15 15:14:58 2024]
Finished job 21.
38 of 173 steps (22%) done
Removing output files of failed job scan_scan_chromosome since they might be corrupted:
results/tfbs-scan/hg38/scan/ENCSR000ATM.K562_myelogenous_leukemia.REST.MA0138.2.damo.pwm/ENCSR000ATM.K562_myelogenous_leukemia.REST.MA0138.2.damo.pwm-sites.masked.chr1.bed
[Mon Jan 15 15:14:58 2024]
Error in rule scan_scan_chromosome:
    jobid: 76
    input: results/tfbs-scan/hg38/scan/ENCSR000ATM.K562_myelogenous_leukemia.REST.MA0138.2.damo.pwm/ENCSR000ATM.K562_myelogenous_leukemia.REST.MA0138.2.damo.pwm.IntLogOdds, results/tfbs-scan/hg38/scan/ENCSR000ATM.K562_myelogenous_leukemia.REST.MA0138.2.damo.pwm/ENCSR000ATM.K562_myelogenous_leukemia.REST.MA0138.2.damo.pwm-coeff.txt, results/tfbs-scan/hg38/mask/chr14.fa, resources/software/PWMScan/matrix_scan
    output: results/tfbs-scan/hg38/scan/ENCSR000ATM.K562_myelogenous_leukemia.REST.MA0138.2.damo.pwm/ENCSR000ATM.K562_myelogenous_leukemia.REST.MA0138.2.damo.pwm-sites.masked.chr14.bed
    log: workflow/logs/scan_chromosome_ENCSR000ATM.K562_myelogenous_leukemia.REST.MA0138.2.damo.pwm_hg38_chr14.stdout, workflow/logs/scan_chromosome_ENCSR000ATM.K562_myelogenous_leukemia.REST.MA0138.2.damo.pwm_hg38_chr14.stderr (check log file(s) for error details)
    conda-env: /home/tubbsca/snakemake_condas/15eac168b67d44f04e70744dacff5721_
    shell:
        
        resources/software/PWMScan/matrix_scan -m results/tfbs-scan/hg38/scan/ENCSR000ATM.K562_myelogenous_leukemia.REST.MA0138.2.damo.pwm/ENCSR000ATM.K562_myelogenous_leukemia.REST.MA0138.2.damo.pwm.IntLogOdds -c $(cat results/tfbs-scan/hg38/scan/ENCSR000ATM.K562_myelogenous_leukemia.REST.MA0138.2.damo.pwm/ENCSR000ATM.K562_myelogenous_leukemia.REST.MA0138.2.damo.pwm-coeff.txt) results/tfbs-scan/hg38/mask/chr14.fa > results/tfbs-scan/hg38/scan/ENCSR000ATM.K562_myelogenous_leukemia.REST.MA0138.2.damo.pwm/ENCSR000ATM.K562_myelogenous_leukemia.REST.MA0138.2.damo.pwm-sites.masked.chr14.bed
        
        (one of the commands exited with non-zero exit code; note that snakemake uses bash strict mode!)

[Mon Jan 15 15:14:59 2024]
Finished job 19.
39 of 173 steps (23%) done
Removing output files of failed job scan_scan_chromosome since they might be corrupted:
results/tfbs-scan/hg38/scan/ENCSR000ATM.K562_myelogenous_leukemia.REST.MA0138.2.damo.pwm/ENCSR000ATM.K562_myelogenous_leukemia.REST.MA0138.2.damo.pwm-sites.masked.chr3.bed
Removing output files of failed job scan_scan_chromosome since they might be corrupted:
results/tfbs-scan/hg38/scan/ENCSR000ATM.K562_myelogenous_leukemia.REST.MA0138.2.damo.pwm/ENCSR000ATM.K562_myelogenous_leukemia.REST.MA0138.2.damo.pwm-sites.masked.chr17.bed
[Mon Jan 15 15:14:59 2024]
Finished job 12.
40 of 173 steps (23%) done
[Mon Jan 15 15:15:00 2024]
Finished job 9.
41 of 173 steps (24%) done
[Mon Jan 15 15:15:00 2024]
Finished job 11.
42 of 173 steps (24%) done
Removing output files of failed job scan_scan_chromosome since they might be corrupted:
results/tfbs-scan/hg38/scan/ENCSR000ATM.K562_myelogenous_leukemia.REST.MA0138.2.damo.pwm/ENCSR000ATM.K562_myelogenous_leukemia.REST.MA0138.2.damo.pwm-sites.masked.chr14.bed
[Mon Jan 15 15:15:00 2024]
Finished job 8.
43 of 173 steps (25%) done
[Mon Jan 15 15:15:00 2024]
Finished job 16.
44 of 173 steps (25%) done
[Mon Jan 15 15:15:00 2024]
Finished job 13.
45 of 173 steps (26%) done
[Mon Jan 15 15:15:04 2024]
Finished job 7.
46 of 173 steps (27%) done
[Mon Jan 15 15:15:14 2024]
Finished job 5.
47 of 173 steps (27%) done
Removing temporary output results/tfbs-scan/hg38/mask/hg38.custom-mask.fa.
Shutting down, this might take some time.
Exiting because a job execution failed. Look above for error message
Complete log: .snakemake/log/2024-01-15T151209.388433.snakemake.log
