Building DAG of jobs...
Your conda installation is not configured to use strict channel priorities. This is however crucial for having robust and correct environments (for details, see https://conda-forge.org/docs/user/tipsandtricks.html). Please consider to configure strict priorities by executing 'conda config --set channel_priority strict'.
Using shell: /usr/bin/bash
Provided cores: 24
Rules claiming more threads will be scaled down.
Job stats:
job                             count
----------------------------  -------
all                                 1
scan_assemble_scan                  2
scan_calculate_IntLogOdds           1
scan_calculate_cutoff               2
scan_calculate_probabilities        2
scan_process_probabilities          2
scan_scan_chromosome               48
total                              58

Select jobs to execute...

[Mon Jan 15 10:43:32 2024]
Job 118: 
        Converts intput motif models to the IntLogOdds PWM format.
        
Reason: Missing output files: results/tfbs-scan/IntLogOdds/ENCSR000ANO.normal_lung_fibroblasts.CTCF.MA0139.1.damo.pwm.IntLogOdds

[Mon Jan 15 10:43:32 2024]
Job 63: 
        Generates pval distribution for given PWM.
        
Reason: Missing output files: results/tfbs-scan/hg38/scan/ENCSR000ATM.K562_myelogenous_leukemia.REST.MA0138.2.damo.pwm/ENCSR000ATM.K562_myelogenous_leukemia.REST.MA0138.2.damo.pwm-pvals.raw

Activating conda environment: ../../../../../../../../../../../../../home/tubbsca/snakemake_condas/15eac168b67d44f04e70744dacff5721_
Activating conda environment: ../../../../../../../../../../../../../home/tubbsca/snakemake_condas/15eac168b67d44f04e70744dacff5721_
[Mon Jan 15 10:43:33 2024]
Finished job 63.
1 of 58 steps (2%) done
Select jobs to execute...

[Mon Jan 15 10:43:33 2024]
Job 62: 
        Relative threshold is percentage of best PWM.
        For 80%, format as interger 80. Makes life easier.
        
Reason: Missing output files: results/tfbs-scan/hg38/scan/ENCSR000ATM.K562_myelogenous_leukemia.REST.MA0138.2.damo.pwm/ENCSR000ATM.K562_myelogenous_leukemia.REST.MA0138.2.damo.pwm-pvals.txt; Input files updated by another job: results/tfbs-scan/hg38/scan/ENCSR000ATM.K562_myelogenous_leukemia.REST.MA0138.2.damo.pwm/ENCSR000ATM.K562_myelogenous_leukemia.REST.MA0138.2.damo.pwm-pvals.raw

Activating conda environment: ../../../../../../../../../../../../../home/tubbsca/snakemake_condas/15eac168b67d44f04e70744dacff5721_
Activating conda environment: ../../../../../../../../../../../../../home/tubbsca/snakemake_condas/15eac168b67d44f04e70744dacff5721_
[Mon Jan 15 10:43:34 2024]
Finished job 62.
2 of 58 steps (3%) done
Removing temporary output results/tfbs-scan/hg38/scan/ENCSR000ATM.K562_myelogenous_leukemia.REST.MA0138.2.damo.pwm/ENCSR000ATM.K562_myelogenous_leukemia.REST.MA0138.2.damo.pwm-pvals.raw.
Select jobs to execute...

[Mon Jan 15 10:43:34 2024]
Job 61: 
        Relative threshold is percentage of best PWM.
        For 80%, format as interger 80. Makes life easier.
        
Reason: Missing output files: results/tfbs-scan/hg38/scan/ENCSR000ATM.K562_myelogenous_leukemia.REST.MA0138.2.damo.pwm/ENCSR000ATM.K562_myelogenous_leukemia.REST.MA0138.2.damo.pwm-coeff.txt; Input files updated by another job: results/tfbs-scan/hg38/scan/ENCSR000ATM.K562_myelogenous_leukemia.REST.MA0138.2.damo.pwm/ENCSR000ATM.K562_myelogenous_leukemia.REST.MA0138.2.damo.pwm-pvals.txt

Activating conda environment: ../../../../../../../../../../../../../home/tubbsca/snakemake_condas/15eac168b67d44f04e70744dacff5721_
[Mon Jan 15 10:43:36 2024]
Finished job 61.
3 of 58 steps (5%) done
Select jobs to execute...

[Mon Jan 15 10:43:36 2024]
Job 67: 
        Scans reference genome for matches againts input motif.
        Output compressed.
        
Reason: Missing output files: results/tfbs-scan/hg38/scan/ENCSR000ATM.K562_myelogenous_leukemia.REST.MA0138.2.damo.pwm/ENCSR000ATM.K562_myelogenous_leukemia.REST.MA0138.2.damo.pwm-sites.masked.chr5.bed; Input files updated by another job: results/tfbs-scan/hg38/scan/ENCSR000ATM.K562_myelogenous_leukemia.REST.MA0138.2.damo.pwm/ENCSR000ATM.K562_myelogenous_leukemia.REST.MA0138.2.damo.pwm-coeff.txt

Activating conda environment: ../../../../../../../../../../../../../home/tubbsca/snakemake_condas/15eac168b67d44f04e70744dacff5721_

[Mon Jan 15 10:43:36 2024]
Job 81: 
        Scans reference genome for matches againts input motif.
        Output compressed.
        
Reason: Missing output files: results/tfbs-scan/hg38/scan/ENCSR000ATM.K562_myelogenous_leukemia.REST.MA0138.2.damo.pwm/ENCSR000ATM.K562_myelogenous_leukemia.REST.MA0138.2.damo.pwm-sites.masked.chr19.bed; Input files updated by another job: results/tfbs-scan/hg38/scan/ENCSR000ATM.K562_myelogenous_leukemia.REST.MA0138.2.damo.pwm/ENCSR000ATM.K562_myelogenous_leukemia.REST.MA0138.2.damo.pwm-coeff.txt

Activating conda environment: ../../../../../../../../../../../../../home/tubbsca/snakemake_condas/15eac168b67d44f04e70744dacff5721_

[Mon Jan 15 10:43:36 2024]
Job 75: 
        Scans reference genome for matches againts input motif.
        Output compressed.
        
Reason: Missing output files: results/tfbs-scan/hg38/scan/ENCSR000ATM.K562_myelogenous_leukemia.REST.MA0138.2.damo.pwm/ENCSR000ATM.K562_myelogenous_leukemia.REST.MA0138.2.damo.pwm-sites.masked.chr13.bed; Input files updated by another job: results/tfbs-scan/hg38/scan/ENCSR000ATM.K562_myelogenous_leukemia.REST.MA0138.2.damo.pwm/ENCSR000ATM.K562_myelogenous_leukemia.REST.MA0138.2.damo.pwm-coeff.txt

Activating conda environment: ../../../../../../../../../../../../../home/tubbsca/snakemake_condas/15eac168b67d44f04e70744dacff5721_

[Mon Jan 15 10:43:36 2024]
Job 68: 
        Scans reference genome for matches againts input motif.
        Output compressed.
        
Reason: Missing output files: results/tfbs-scan/hg38/scan/ENCSR000ATM.K562_myelogenous_leukemia.REST.MA0138.2.damo.pwm/ENCSR000ATM.K562_myelogenous_leukemia.REST.MA0138.2.damo.pwm-sites.masked.chr6.bed; Input files updated by another job: results/tfbs-scan/hg38/scan/ENCSR000ATM.K562_myelogenous_leukemia.REST.MA0138.2.damo.pwm/ENCSR000ATM.K562_myelogenous_leukemia.REST.MA0138.2.damo.pwm-coeff.txt

Activating conda environment: ../../../../../../../../../../../../../home/tubbsca/snakemake_condas/15eac168b67d44f04e70744dacff5721_

[Mon Jan 15 10:43:36 2024]
Job 82: 
        Scans reference genome for matches againts input motif.
        Output compressed.
        
Reason: Missing output files: results/tfbs-scan/hg38/scan/ENCSR000ATM.K562_myelogenous_leukemia.REST.MA0138.2.damo.pwm/ENCSR000ATM.K562_myelogenous_leukemia.REST.MA0138.2.damo.pwm-sites.masked.chr20.bed; Input files updated by another job: results/tfbs-scan/hg38/scan/ENCSR000ATM.K562_myelogenous_leukemia.REST.MA0138.2.damo.pwm/ENCSR000ATM.K562_myelogenous_leukemia.REST.MA0138.2.damo.pwm-coeff.txt

Activating conda environment: ../../../../../../../../../../../../../home/tubbsca/snakemake_condas/15eac168b67d44f04e70744dacff5721_

[Mon Jan 15 10:43:36 2024]
Job 76: 
        Scans reference genome for matches againts input motif.
        Output compressed.
        
Reason: Missing output files: results/tfbs-scan/hg38/scan/ENCSR000ATM.K562_myelogenous_leukemia.REST.MA0138.2.damo.pwm/ENCSR000ATM.K562_myelogenous_leukemia.REST.MA0138.2.damo.pwm-sites.masked.chr14.bed; Input files updated by another job: results/tfbs-scan/hg38/scan/ENCSR000ATM.K562_myelogenous_leukemia.REST.MA0138.2.damo.pwm/ENCSR000ATM.K562_myelogenous_leukemia.REST.MA0138.2.damo.pwm-coeff.txt

Activating conda environment: ../../../../../../../../../../../../../home/tubbsca/snakemake_condas/15eac168b67d44f04e70744dacff5721_

[Mon Jan 15 10:43:36 2024]
Job 69: 
        Scans reference genome for matches againts input motif.
        Output compressed.
        
Reason: Missing output files: results/tfbs-scan/hg38/scan/ENCSR000ATM.K562_myelogenous_leukemia.REST.MA0138.2.damo.pwm/ENCSR000ATM.K562_myelogenous_leukemia.REST.MA0138.2.damo.pwm-sites.masked.chr7.bed; Input files updated by another job: results/tfbs-scan/hg38/scan/ENCSR000ATM.K562_myelogenous_leukemia.REST.MA0138.2.damo.pwm/ENCSR000ATM.K562_myelogenous_leukemia.REST.MA0138.2.damo.pwm-coeff.txt

Activating conda environment: ../../../../../../../../../../../../../home/tubbsca/snakemake_condas/15eac168b67d44f04e70744dacff5721_

[Mon Jan 15 10:43:36 2024]
Job 77: 
        Scans reference genome for matches againts input motif.
        Output compressed.
        
Reason: Missing output files: results/tfbs-scan/hg38/scan/ENCSR000ATM.K562_myelogenous_leukemia.REST.MA0138.2.damo.pwm/ENCSR000ATM.K562_myelogenous_leukemia.REST.MA0138.2.damo.pwm-sites.masked.chr15.bed; Input files updated by another job: results/tfbs-scan/hg38/scan/ENCSR000ATM.K562_myelogenous_leukemia.REST.MA0138.2.damo.pwm/ENCSR000ATM.K562_myelogenous_leukemia.REST.MA0138.2.damo.pwm-coeff.txt

Activating conda environment: ../../../../../../../../../../../../../home/tubbsca/snakemake_condas/15eac168b67d44f04e70744dacff5721_

[Mon Jan 15 10:43:36 2024]
Job 70: 
        Scans reference genome for matches againts input motif.
        Output compressed.
        
Reason: Missing output files: results/tfbs-scan/hg38/scan/ENCSR000ATM.K562_myelogenous_leukemia.REST.MA0138.2.damo.pwm/ENCSR000ATM.K562_myelogenous_leukemia.REST.MA0138.2.damo.pwm-sites.masked.chr8.bed; Input files updated by another job: results/tfbs-scan/hg38/scan/ENCSR000ATM.K562_myelogenous_leukemia.REST.MA0138.2.damo.pwm/ENCSR000ATM.K562_myelogenous_leukemia.REST.MA0138.2.damo.pwm-coeff.txt

Activating conda environment: ../../../../../../../../../../../../../home/tubbsca/snakemake_condas/15eac168b67d44f04e70744dacff5721_

[Mon Jan 15 10:43:36 2024]
Job 84: 
        Scans reference genome for matches againts input motif.
        Output compressed.
        
Reason: Missing output files: results/tfbs-scan/hg38/scan/ENCSR000ATM.K562_myelogenous_leukemia.REST.MA0138.2.damo.pwm/ENCSR000ATM.K562_myelogenous_leukemia.REST.MA0138.2.damo.pwm-sites.masked.chr22.bed; Input files updated by another job: results/tfbs-scan/hg38/scan/ENCSR000ATM.K562_myelogenous_leukemia.REST.MA0138.2.damo.pwm/ENCSR000ATM.K562_myelogenous_leukemia.REST.MA0138.2.damo.pwm-coeff.txt

Activating conda environment: ../../../../../../../../../../../../../home/tubbsca/snakemake_condas/15eac168b67d44f04e70744dacff5721_

[Mon Jan 15 10:43:36 2024]
Job 78: 
        Scans reference genome for matches againts input motif.
        Output compressed.
        
Reason: Missing output files: results/tfbs-scan/hg38/scan/ENCSR000ATM.K562_myelogenous_leukemia.REST.MA0138.2.damo.pwm/ENCSR000ATM.K562_myelogenous_leukemia.REST.MA0138.2.damo.pwm-sites.masked.chr16.bed; Input files updated by another job: results/tfbs-scan/hg38/scan/ENCSR000ATM.K562_myelogenous_leukemia.REST.MA0138.2.damo.pwm/ENCSR000ATM.K562_myelogenous_leukemia.REST.MA0138.2.damo.pwm-coeff.txt

Activating conda environment: ../../../../../../../../../../../../../home/tubbsca/snakemake_condas/15eac168b67d44f04e70744dacff5721_

[Mon Jan 15 10:43:36 2024]
Job 64: 
        Scans reference genome for matches againts input motif.
        Output compressed.
        
Reason: Missing output files: results/tfbs-scan/hg38/scan/ENCSR000ATM.K562_myelogenous_leukemia.REST.MA0138.2.damo.pwm/ENCSR000ATM.K562_myelogenous_leukemia.REST.MA0138.2.damo.pwm-sites.masked.chr2.bed; Input files updated by another job: results/tfbs-scan/hg38/scan/ENCSR000ATM.K562_myelogenous_leukemia.REST.MA0138.2.damo.pwm/ENCSR000ATM.K562_myelogenous_leukemia.REST.MA0138.2.damo.pwm-coeff.txt

Activating conda environment: ../../../../../../../../../../../../../home/tubbsca/snakemake_condas/15eac168b67d44f04e70744dacff5721_

[Mon Jan 15 10:43:36 2024]
Job 71: 
        Scans reference genome for matches againts input motif.
        Output compressed.
        
Reason: Missing output files: results/tfbs-scan/hg38/scan/ENCSR000ATM.K562_myelogenous_leukemia.REST.MA0138.2.damo.pwm/ENCSR000ATM.K562_myelogenous_leukemia.REST.MA0138.2.damo.pwm-sites.masked.chr9.bed; Input files updated by another job: results/tfbs-scan/hg38/scan/ENCSR000ATM.K562_myelogenous_leukemia.REST.MA0138.2.damo.pwm/ENCSR000ATM.K562_myelogenous_leukemia.REST.MA0138.2.damo.pwm-coeff.txt

Activating conda environment: ../../../../../../../../../../../../../home/tubbsca/snakemake_condas/15eac168b67d44f04e70744dacff5721_

[Mon Jan 15 10:43:37 2024]
Job 85: 
        Scans reference genome for matches againts input motif.
        Output compressed.
        
Reason: Missing output files: results/tfbs-scan/hg38/scan/ENCSR000ATM.K562_myelogenous_leukemia.REST.MA0138.2.damo.pwm/ENCSR000ATM.K562_myelogenous_leukemia.REST.MA0138.2.damo.pwm-sites.masked.chrX.bed; Input files updated by another job: results/tfbs-scan/hg38/scan/ENCSR000ATM.K562_myelogenous_leukemia.REST.MA0138.2.damo.pwm/ENCSR000ATM.K562_myelogenous_leukemia.REST.MA0138.2.damo.pwm-coeff.txt

Activating conda environment: ../../../../../../../../../../../../../home/tubbsca/snakemake_condas/15eac168b67d44f04e70744dacff5721_

[Mon Jan 15 10:43:37 2024]
Job 65: 
        Scans reference genome for matches againts input motif.
        Output compressed.
        
Reason: Missing output files: results/tfbs-scan/hg38/scan/ENCSR000ATM.K562_myelogenous_leukemia.REST.MA0138.2.damo.pwm/ENCSR000ATM.K562_myelogenous_leukemia.REST.MA0138.2.damo.pwm-sites.masked.chr3.bed; Input files updated by another job: results/tfbs-scan/hg38/scan/ENCSR000ATM.K562_myelogenous_leukemia.REST.MA0138.2.damo.pwm/ENCSR000ATM.K562_myelogenous_leukemia.REST.MA0138.2.damo.pwm-coeff.txt

Activating conda environment: ../../../../../../../../../../../../../home/tubbsca/snakemake_condas/15eac168b67d44f04e70744dacff5721_

[Mon Jan 15 10:43:37 2024]
Job 79: 
        Scans reference genome for matches againts input motif.
        Output compressed.
        
Reason: Missing output files: results/tfbs-scan/hg38/scan/ENCSR000ATM.K562_myelogenous_leukemia.REST.MA0138.2.damo.pwm/ENCSR000ATM.K562_myelogenous_leukemia.REST.MA0138.2.damo.pwm-sites.masked.chr17.bed; Input files updated by another job: results/tfbs-scan/hg38/scan/ENCSR000ATM.K562_myelogenous_leukemia.REST.MA0138.2.damo.pwm/ENCSR000ATM.K562_myelogenous_leukemia.REST.MA0138.2.damo.pwm-coeff.txt

Activating conda environment: ../../../../../../../../../../../../../home/tubbsca/snakemake_condas/15eac168b67d44f04e70744dacff5721_

[Mon Jan 15 10:43:37 2024]
Job 72: 
        Scans reference genome for matches againts input motif.
        Output compressed.
        
Reason: Missing output files: results/tfbs-scan/hg38/scan/ENCSR000ATM.K562_myelogenous_leukemia.REST.MA0138.2.damo.pwm/ENCSR000ATM.K562_myelogenous_leukemia.REST.MA0138.2.damo.pwm-sites.masked.chr10.bed; Input files updated by another job: results/tfbs-scan/hg38/scan/ENCSR000ATM.K562_myelogenous_leukemia.REST.MA0138.2.damo.pwm/ENCSR000ATM.K562_myelogenous_leukemia.REST.MA0138.2.damo.pwm-coeff.txt

Activating conda environment: ../../../../../../../../../../../../../home/tubbsca/snakemake_condas/15eac168b67d44f04e70744dacff5721_

[Mon Jan 15 10:43:37 2024]
Job 86: 
        Scans reference genome for matches againts input motif.
        Output compressed.
        
Reason: Missing output files: results/tfbs-scan/hg38/scan/ENCSR000ATM.K562_myelogenous_leukemia.REST.MA0138.2.damo.pwm/ENCSR000ATM.K562_myelogenous_leukemia.REST.MA0138.2.damo.pwm-sites.masked.chrY.bed; Input files updated by another job: results/tfbs-scan/hg38/scan/ENCSR000ATM.K562_myelogenous_leukemia.REST.MA0138.2.damo.pwm/ENCSR000ATM.K562_myelogenous_leukemia.REST.MA0138.2.damo.pwm-coeff.txt

Activating conda environment: ../../../../../../../../../../../../../home/tubbsca/snakemake_condas/15eac168b67d44f04e70744dacff5721_

[Mon Jan 15 10:43:37 2024]
Job 66: 
        Scans reference genome for matches againts input motif.
        Output compressed.
        
Reason: Missing output files: results/tfbs-scan/hg38/scan/ENCSR000ATM.K562_myelogenous_leukemia.REST.MA0138.2.damo.pwm/ENCSR000ATM.K562_myelogenous_leukemia.REST.MA0138.2.damo.pwm-sites.masked.chr4.bed; Input files updated by another job: results/tfbs-scan/hg38/scan/ENCSR000ATM.K562_myelogenous_leukemia.REST.MA0138.2.damo.pwm/ENCSR000ATM.K562_myelogenous_leukemia.REST.MA0138.2.damo.pwm-coeff.txt

Activating conda environment: ../../../../../../../../../../../../../home/tubbsca/snakemake_condas/15eac168b67d44f04e70744dacff5721_

[Mon Jan 15 10:43:37 2024]
Job 80: 
        Scans reference genome for matches againts input motif.
        Output compressed.
        
Reason: Missing output files: results/tfbs-scan/hg38/scan/ENCSR000ATM.K562_myelogenous_leukemia.REST.MA0138.2.damo.pwm/ENCSR000ATM.K562_myelogenous_leukemia.REST.MA0138.2.damo.pwm-sites.masked.chr18.bed; Input files updated by another job: results/tfbs-scan/hg38/scan/ENCSR000ATM.K562_myelogenous_leukemia.REST.MA0138.2.damo.pwm/ENCSR000ATM.K562_myelogenous_leukemia.REST.MA0138.2.damo.pwm-coeff.txt

Activating conda environment: ../../../../../../../../../../../../../home/tubbsca/snakemake_condas/15eac168b67d44f04e70744dacff5721_

[Mon Jan 15 10:43:37 2024]
Job 59: 
        Scans reference genome for matches againts input motif.
        Output compressed.
        
Reason: Missing output files: results/tfbs-scan/hg38/scan/ENCSR000ATM.K562_myelogenous_leukemia.REST.MA0138.2.damo.pwm/ENCSR000ATM.K562_myelogenous_leukemia.REST.MA0138.2.damo.pwm-sites.masked.chr1.bed; Input files updated by another job: results/tfbs-scan/hg38/scan/ENCSR000ATM.K562_myelogenous_leukemia.REST.MA0138.2.damo.pwm/ENCSR000ATM.K562_myelogenous_leukemia.REST.MA0138.2.damo.pwm-coeff.txt

Activating conda environment: ../../../../../../../../../../../../../home/tubbsca/snakemake_condas/15eac168b67d44f04e70744dacff5721_

[Mon Jan 15 10:43:37 2024]
Job 73: 
        Scans reference genome for matches againts input motif.
        Output compressed.
        
Reason: Missing output files: results/tfbs-scan/hg38/scan/ENCSR000ATM.K562_myelogenous_leukemia.REST.MA0138.2.damo.pwm/ENCSR000ATM.K562_myelogenous_leukemia.REST.MA0138.2.damo.pwm-sites.masked.chr11.bed; Input files updated by another job: results/tfbs-scan/hg38/scan/ENCSR000ATM.K562_myelogenous_leukemia.REST.MA0138.2.damo.pwm/ENCSR000ATM.K562_myelogenous_leukemia.REST.MA0138.2.damo.pwm-coeff.txt

Activating conda environment: ../../../../../../../../../../../../../home/tubbsca/snakemake_condas/15eac168b67d44f04e70744dacff5721_

[Mon Jan 15 10:43:38 2024]
Job 74: 
        Scans reference genome for matches againts input motif.
        Output compressed.
        
Reason: Missing output files: results/tfbs-scan/hg38/scan/ENCSR000ATM.K562_myelogenous_leukemia.REST.MA0138.2.damo.pwm/ENCSR000ATM.K562_myelogenous_leukemia.REST.MA0138.2.damo.pwm-sites.masked.chr12.bed; Input files updated by another job: results/tfbs-scan/hg38/scan/ENCSR000ATM.K562_myelogenous_leukemia.REST.MA0138.2.damo.pwm/ENCSR000ATM.K562_myelogenous_leukemia.REST.MA0138.2.damo.pwm-coeff.txt

Activating conda environment: ../../../../../../../../../../../../../home/tubbsca/snakemake_condas/15eac168b67d44f04e70744dacff5721_
[Mon Jan 15 10:43:42 2024]
Finished job 81.
4 of 58 steps (7%) done
Select jobs to execute...

[Mon Jan 15 10:43:42 2024]
Job 83: 
        Scans reference genome for matches againts input motif.
        Output compressed.
        
Reason: Missing output files: results/tfbs-scan/hg38/scan/ENCSR000ATM.K562_myelogenous_leukemia.REST.MA0138.2.damo.pwm/ENCSR000ATM.K562_myelogenous_leukemia.REST.MA0138.2.damo.pwm-sites.masked.chr21.bed; Input files updated by another job: results/tfbs-scan/hg38/scan/ENCSR000ATM.K562_myelogenous_leukemia.REST.MA0138.2.damo.pwm/ENCSR000ATM.K562_myelogenous_leukemia.REST.MA0138.2.damo.pwm-coeff.txt

Activating conda environment: ../../../../../../../../../../../../../home/tubbsca/snakemake_condas/15eac168b67d44f04e70744dacff5721_
[Mon Jan 15 10:43:46 2024]
Finished job 75.
5 of 58 steps (9%) done
[Mon Jan 15 10:43:47 2024]
Finished job 82.
6 of 58 steps (10%) done
[Mon Jan 15 10:43:51 2024]
Finished job 76.
7 of 58 steps (12%) done
[Mon Jan 15 10:43:52 2024]
Finished job 67.
8 of 58 steps (14%) done
[Mon Jan 15 10:43:53 2024]
Finished job 84.
9 of 58 steps (16%) done
[Mon Jan 15 10:43:54 2024]
Finished job 77.
10 of 58 steps (17%) done
[Mon Jan 15 10:43:56 2024]
Finished job 86.
11 of 58 steps (19%) done
[Mon Jan 15 10:43:56 2024]
Finished job 68.
12 of 58 steps (21%) done
[Mon Jan 15 10:43:58 2024]
Finished job 78.
13 of 58 steps (22%) done
[Mon Jan 15 10:43:59 2024]
Finished job 70.
14 of 58 steps (24%) done
[Mon Jan 15 10:44:01 2024]
Finished job 69.
15 of 58 steps (26%) done
[Mon Jan 15 10:44:02 2024]
Finished job 72.
16 of 58 steps (28%) done
[Mon Jan 15 10:44:05 2024]
Finished job 80.
17 of 58 steps (29%) done
[Mon Jan 15 10:44:05 2024]
Finished job 85.
18 of 58 steps (31%) done
[Mon Jan 15 10:44:06 2024]
Finished job 79.
19 of 58 steps (33%) done
[Mon Jan 15 10:44:08 2024]
Finished job 66.
20 of 58 steps (34%) done
[Mon Jan 15 10:44:08 2024]
Finished job 74.
21 of 58 steps (36%) done
[Mon Jan 15 10:44:09 2024]
Finished job 118.
22 of 58 steps (38%) done
Select jobs to execute...

[Mon Jan 15 10:44:09 2024]
Job 121: 
        Generates pval distribution for given PWM.
        
Reason: Missing output files: results/tfbs-scan/hg38/scan/ENCSR000ANO.normal_lung_fibroblasts.CTCF.MA0139.1.damo.pwm/ENCSR000ANO.normal_lung_fibroblasts.CTCF.MA0139.1.damo.pwm-pvals.raw; Input files updated by another job: results/tfbs-scan/IntLogOdds/ENCSR000ANO.normal_lung_fibroblasts.CTCF.MA0139.1.damo.pwm.IntLogOdds

Activating conda environment: ../../../../../../../../../../../../../home/tubbsca/snakemake_condas/15eac168b67d44f04e70744dacff5721_
[Mon Jan 15 10:44:09 2024]
Finished job 71.
23 of 58 steps (40%) done
[Mon Jan 15 10:44:09 2024]
Finished job 83.
24 of 58 steps (41%) done
[Mon Jan 15 10:44:10 2024]
Finished job 73.
25 of 58 steps (43%) done
[Mon Jan 15 10:44:11 2024]
Finished job 121.
26 of 58 steps (45%) done
Select jobs to execute...

[Mon Jan 15 10:44:11 2024]
Job 120: 
        Relative threshold is percentage of best PWM.
        For 80%, format as interger 80. Makes life easier.
        
Reason: Missing output files: results/tfbs-scan/hg38/scan/ENCSR000ANO.normal_lung_fibroblasts.CTCF.MA0139.1.damo.pwm/ENCSR000ANO.normal_lung_fibroblasts.CTCF.MA0139.1.damo.pwm-pvals.txt; Input files updated by another job: results/tfbs-scan/hg38/scan/ENCSR000ANO.normal_lung_fibroblasts.CTCF.MA0139.1.damo.pwm/ENCSR000ANO.normal_lung_fibroblasts.CTCF.MA0139.1.damo.pwm-pvals.raw

Activating conda environment: ../../../../../../../../../../../../../home/tubbsca/snakemake_condas/15eac168b67d44f04e70744dacff5721_
[Mon Jan 15 10:44:12 2024]
Finished job 120.
27 of 58 steps (47%) done
Removing temporary output results/tfbs-scan/hg38/scan/ENCSR000ANO.normal_lung_fibroblasts.CTCF.MA0139.1.damo.pwm/ENCSR000ANO.normal_lung_fibroblasts.CTCF.MA0139.1.damo.pwm-pvals.raw.
Select jobs to execute...

[Mon Jan 15 10:44:12 2024]
Job 119: 
        Relative threshold is percentage of best PWM.
        For 80%, format as interger 80. Makes life easier.
        
Reason: Missing output files: results/tfbs-scan/hg38/scan/ENCSR000ANO.normal_lung_fibroblasts.CTCF.MA0139.1.damo.pwm/ENCSR000ANO.normal_lung_fibroblasts.CTCF.MA0139.1.damo.pwm-coeff.txt; Input files updated by another job: results/tfbs-scan/hg38/scan/ENCSR000ANO.normal_lung_fibroblasts.CTCF.MA0139.1.damo.pwm/ENCSR000ANO.normal_lung_fibroblasts.CTCF.MA0139.1.damo.pwm-pvals.txt

Activating conda environment: ../../../../../../../../../../../../../home/tubbsca/snakemake_condas/15eac168b67d44f04e70744dacff5721_
[Mon Jan 15 10:44:14 2024]
Finished job 65.
28 of 58 steps (48%) done
[Mon Jan 15 10:44:14 2024]
Finished job 119.
29 of 58 steps (50%) done
Select jobs to execute...

[Mon Jan 15 10:44:14 2024]
Job 123: 
        Scans reference genome for matches againts input motif.
        Output compressed.
        
Reason: Missing output files: results/tfbs-scan/hg38/scan/ENCSR000ANO.normal_lung_fibroblasts.CTCF.MA0139.1.damo.pwm/ENCSR000ANO.normal_lung_fibroblasts.CTCF.MA0139.1.damo.pwm-sites.masked.chr3.bed; Input files updated by another job: results/tfbs-scan/IntLogOdds/ENCSR000ANO.normal_lung_fibroblasts.CTCF.MA0139.1.damo.pwm.IntLogOdds, results/tfbs-scan/hg38/scan/ENCSR000ANO.normal_lung_fibroblasts.CTCF.MA0139.1.damo.pwm/ENCSR000ANO.normal_lung_fibroblasts.CTCF.MA0139.1.damo.pwm-coeff.txt

Activating conda environment: ../../../../../../../../../../../../../home/tubbsca/snakemake_condas/15eac168b67d44f04e70744dacff5721_

[Mon Jan 15 10:44:14 2024]
Job 137: 
        Scans reference genome for matches againts input motif.
        Output compressed.
        
Reason: Missing output files: results/tfbs-scan/hg38/scan/ENCSR000ANO.normal_lung_fibroblasts.CTCF.MA0139.1.damo.pwm/ENCSR000ANO.normal_lung_fibroblasts.CTCF.MA0139.1.damo.pwm-sites.masked.chr17.bed; Input files updated by another job: results/tfbs-scan/IntLogOdds/ENCSR000ANO.normal_lung_fibroblasts.CTCF.MA0139.1.damo.pwm.IntLogOdds, results/tfbs-scan/hg38/scan/ENCSR000ANO.normal_lung_fibroblasts.CTCF.MA0139.1.damo.pwm/ENCSR000ANO.normal_lung_fibroblasts.CTCF.MA0139.1.damo.pwm-coeff.txt

Activating conda environment: ../../../../../../../../../../../../../home/tubbsca/snakemake_condas/15eac168b67d44f04e70744dacff5721_

[Mon Jan 15 10:44:14 2024]
Job 117: 
        Scans reference genome for matches againts input motif.
        Output compressed.
        
Reason: Missing output files: results/tfbs-scan/hg38/scan/ENCSR000ANO.normal_lung_fibroblasts.CTCF.MA0139.1.damo.pwm/ENCSR000ANO.normal_lung_fibroblasts.CTCF.MA0139.1.damo.pwm-sites.masked.chr1.bed; Input files updated by another job: results/tfbs-scan/IntLogOdds/ENCSR000ANO.normal_lung_fibroblasts.CTCF.MA0139.1.damo.pwm.IntLogOdds, results/tfbs-scan/hg38/scan/ENCSR000ANO.normal_lung_fibroblasts.CTCF.MA0139.1.damo.pwm/ENCSR000ANO.normal_lung_fibroblasts.CTCF.MA0139.1.damo.pwm-coeff.txt

Activating conda environment: ../../../../../../../../../../../../../home/tubbsca/snakemake_condas/15eac168b67d44f04e70744dacff5721_

[Mon Jan 15 10:44:14 2024]
Job 131: 
        Scans reference genome for matches againts input motif.
        Output compressed.
        
Reason: Missing output files: results/tfbs-scan/hg38/scan/ENCSR000ANO.normal_lung_fibroblasts.CTCF.MA0139.1.damo.pwm/ENCSR000ANO.normal_lung_fibroblasts.CTCF.MA0139.1.damo.pwm-sites.masked.chr11.bed; Input files updated by another job: results/tfbs-scan/IntLogOdds/ENCSR000ANO.normal_lung_fibroblasts.CTCF.MA0139.1.damo.pwm.IntLogOdds, results/tfbs-scan/hg38/scan/ENCSR000ANO.normal_lung_fibroblasts.CTCF.MA0139.1.damo.pwm/ENCSR000ANO.normal_lung_fibroblasts.CTCF.MA0139.1.damo.pwm-coeff.txt

Activating conda environment: ../../../../../../../../../../../../../home/tubbsca/snakemake_condas/15eac168b67d44f04e70744dacff5721_

[Mon Jan 15 10:44:14 2024]
Job 124: 
        Scans reference genome for matches againts input motif.
        Output compressed.
        
Reason: Missing output files: results/tfbs-scan/hg38/scan/ENCSR000ANO.normal_lung_fibroblasts.CTCF.MA0139.1.damo.pwm/ENCSR000ANO.normal_lung_fibroblasts.CTCF.MA0139.1.damo.pwm-sites.masked.chr4.bed; Input files updated by another job: results/tfbs-scan/IntLogOdds/ENCSR000ANO.normal_lung_fibroblasts.CTCF.MA0139.1.damo.pwm.IntLogOdds, results/tfbs-scan/hg38/scan/ENCSR000ANO.normal_lung_fibroblasts.CTCF.MA0139.1.damo.pwm/ENCSR000ANO.normal_lung_fibroblasts.CTCF.MA0139.1.damo.pwm-coeff.txt


Activating conda environment: ../../../../../../../../../../../../../home/tubbsca/snakemake_condas/15eac168b67d44f04e70744dacff5721_
[Mon Jan 15 10:44:14 2024]
Job 138: 
        Scans reference genome for matches againts input motif.
        Output compressed.
        
Reason: Missing output files: results/tfbs-scan/hg38/scan/ENCSR000ANO.normal_lung_fibroblasts.CTCF.MA0139.1.damo.pwm/ENCSR000ANO.normal_lung_fibroblasts.CTCF.MA0139.1.damo.pwm-sites.masked.chr18.bed; Input files updated by another job: results/tfbs-scan/IntLogOdds/ENCSR000ANO.normal_lung_fibroblasts.CTCF.MA0139.1.damo.pwm.IntLogOdds, results/tfbs-scan/hg38/scan/ENCSR000ANO.normal_lung_fibroblasts.CTCF.MA0139.1.damo.pwm/ENCSR000ANO.normal_lung_fibroblasts.CTCF.MA0139.1.damo.pwm-coeff.txt

Activating conda environment: ../../../../../../../../../../../../../home/tubbsca/snakemake_condas/15eac168b67d44f04e70744dacff5721_

[Mon Jan 15 10:44:14 2024]
Job 132: 
        Scans reference genome for matches againts input motif.
        Output compressed.
        
Reason: Missing output files: results/tfbs-scan/hg38/scan/ENCSR000ANO.normal_lung_fibroblasts.CTCF.MA0139.1.damo.pwm/ENCSR000ANO.normal_lung_fibroblasts.CTCF.MA0139.1.damo.pwm-sites.masked.chr12.bed; Input files updated by another job: results/tfbs-scan/IntLogOdds/ENCSR000ANO.normal_lung_fibroblasts.CTCF.MA0139.1.damo.pwm.IntLogOdds, results/tfbs-scan/hg38/scan/ENCSR000ANO.normal_lung_fibroblasts.CTCF.MA0139.1.damo.pwm/ENCSR000ANO.normal_lung_fibroblasts.CTCF.MA0139.1.damo.pwm-coeff.txt

Activating conda environment: ../../../../../../../../../../../../../home/tubbsca/snakemake_condas/15eac168b67d44f04e70744dacff5721_

[Mon Jan 15 10:44:14 2024]
Job 125: 
        Scans reference genome for matches againts input motif.
        Output compressed.
        
Reason: Missing output files: results/tfbs-scan/hg38/scan/ENCSR000ANO.normal_lung_fibroblasts.CTCF.MA0139.1.damo.pwm/ENCSR000ANO.normal_lung_fibroblasts.CTCF.MA0139.1.damo.pwm-sites.masked.chr5.bed; Input files updated by another job: results/tfbs-scan/IntLogOdds/ENCSR000ANO.normal_lung_fibroblasts.CTCF.MA0139.1.damo.pwm.IntLogOdds, results/tfbs-scan/hg38/scan/ENCSR000ANO.normal_lung_fibroblasts.CTCF.MA0139.1.damo.pwm/ENCSR000ANO.normal_lung_fibroblasts.CTCF.MA0139.1.damo.pwm-coeff.txt

Activating conda environment: ../../../../../../../../../../../../../home/tubbsca/snakemake_condas/15eac168b67d44f04e70744dacff5721_

[Mon Jan 15 10:44:14 2024]
Job 139: 
        Scans reference genome for matches againts input motif.
        Output compressed.
        
Reason: Missing output files: results/tfbs-scan/hg38/scan/ENCSR000ANO.normal_lung_fibroblasts.CTCF.MA0139.1.damo.pwm/ENCSR000ANO.normal_lung_fibroblasts.CTCF.MA0139.1.damo.pwm-sites.masked.chr19.bed; Input files updated by another job: results/tfbs-scan/IntLogOdds/ENCSR000ANO.normal_lung_fibroblasts.CTCF.MA0139.1.damo.pwm.IntLogOdds, results/tfbs-scan/hg38/scan/ENCSR000ANO.normal_lung_fibroblasts.CTCF.MA0139.1.damo.pwm/ENCSR000ANO.normal_lung_fibroblasts.CTCF.MA0139.1.damo.pwm-coeff.txt

Activating conda environment: ../../../../../../../../../../../../../home/tubbsca/snakemake_condas/15eac168b67d44f04e70744dacff5721_

[Mon Jan 15 10:44:15 2024]
Job 133: 
        Scans reference genome for matches againts input motif.
        Output compressed.
        
Reason: Missing output files: results/tfbs-scan/hg38/scan/ENCSR000ANO.normal_lung_fibroblasts.CTCF.MA0139.1.damo.pwm/ENCSR000ANO.normal_lung_fibroblasts.CTCF.MA0139.1.damo.pwm-sites.masked.chr13.bed; Input files updated by another job: results/tfbs-scan/IntLogOdds/ENCSR000ANO.normal_lung_fibroblasts.CTCF.MA0139.1.damo.pwm.IntLogOdds, results/tfbs-scan/hg38/scan/ENCSR000ANO.normal_lung_fibroblasts.CTCF.MA0139.1.damo.pwm/ENCSR000ANO.normal_lung_fibroblasts.CTCF.MA0139.1.damo.pwm-coeff.txt


Activating conda environment: ../../../../../../../../../../../../../home/tubbsca/snakemake_condas/15eac168b67d44f04e70744dacff5721_
[Mon Jan 15 10:44:15 2024]
Job 126: 
        Scans reference genome for matches againts input motif.
        Output compressed.
        
Reason: Missing output files: results/tfbs-scan/hg38/scan/ENCSR000ANO.normal_lung_fibroblasts.CTCF.MA0139.1.damo.pwm/ENCSR000ANO.normal_lung_fibroblasts.CTCF.MA0139.1.damo.pwm-sites.masked.chr6.bed; Input files updated by another job: results/tfbs-scan/IntLogOdds/ENCSR000ANO.normal_lung_fibroblasts.CTCF.MA0139.1.damo.pwm.IntLogOdds, results/tfbs-scan/hg38/scan/ENCSR000ANO.normal_lung_fibroblasts.CTCF.MA0139.1.damo.pwm/ENCSR000ANO.normal_lung_fibroblasts.CTCF.MA0139.1.damo.pwm-coeff.txt

Activating conda environment: ../../../../../../../../../../../../../home/tubbsca/snakemake_condas/15eac168b67d44f04e70744dacff5721_

[Mon Jan 15 10:44:15 2024]
Job 140: 
        Scans reference genome for matches againts input motif.
        Output compressed.
        
Reason: Missing output files: results/tfbs-scan/hg38/scan/ENCSR000ANO.normal_lung_fibroblasts.CTCF.MA0139.1.damo.pwm/ENCSR000ANO.normal_lung_fibroblasts.CTCF.MA0139.1.damo.pwm-sites.masked.chr20.bed; Input files updated by another job: results/tfbs-scan/IntLogOdds/ENCSR000ANO.normal_lung_fibroblasts.CTCF.MA0139.1.damo.pwm.IntLogOdds, results/tfbs-scan/hg38/scan/ENCSR000ANO.normal_lung_fibroblasts.CTCF.MA0139.1.damo.pwm/ENCSR000ANO.normal_lung_fibroblasts.CTCF.MA0139.1.damo.pwm-coeff.txt

Activating conda environment: ../../../../../../../../../../../../../home/tubbsca/snakemake_condas/15eac168b67d44f04e70744dacff5721_

[Mon Jan 15 10:44:15 2024]
Job 134: 
        Scans reference genome for matches againts input motif.
        Output compressed.
        
Reason: Missing output files: results/tfbs-scan/hg38/scan/ENCSR000ANO.normal_lung_fibroblasts.CTCF.MA0139.1.damo.pwm/ENCSR000ANO.normal_lung_fibroblasts.CTCF.MA0139.1.damo.pwm-sites.masked.chr14.bed; Input files updated by another job: results/tfbs-scan/IntLogOdds/ENCSR000ANO.normal_lung_fibroblasts.CTCF.MA0139.1.damo.pwm.IntLogOdds, results/tfbs-scan/hg38/scan/ENCSR000ANO.normal_lung_fibroblasts.CTCF.MA0139.1.damo.pwm/ENCSR000ANO.normal_lung_fibroblasts.CTCF.MA0139.1.damo.pwm-coeff.txt

Activating conda environment: ../../../../../../../../../../../../../home/tubbsca/snakemake_condas/15eac168b67d44f04e70744dacff5721_

[Mon Jan 15 10:44:15 2024]
Job 130: 
        Scans reference genome for matches againts input motif.
        Output compressed.
        
Reason: Missing output files: results/tfbs-scan/hg38/scan/ENCSR000ANO.normal_lung_fibroblasts.CTCF.MA0139.1.damo.pwm/ENCSR000ANO.normal_lung_fibroblasts.CTCF.MA0139.1.damo.pwm-sites.masked.chr10.bed; Input files updated by another job: results/tfbs-scan/IntLogOdds/ENCSR000ANO.normal_lung_fibroblasts.CTCF.MA0139.1.damo.pwm.IntLogOdds, results/tfbs-scan/hg38/scan/ENCSR000ANO.normal_lung_fibroblasts.CTCF.MA0139.1.damo.pwm/ENCSR000ANO.normal_lung_fibroblasts.CTCF.MA0139.1.damo.pwm-coeff.txt

Activating conda environment: ../../../../../../../../../../../../../home/tubbsca/snakemake_condas/15eac168b67d44f04e70744dacff5721_

[Mon Jan 15 10:44:15 2024]
Job 127: 
        Scans reference genome for matches againts input motif.
        Output compressed.
        
Reason: Missing output files: results/tfbs-scan/hg38/scan/ENCSR000ANO.normal_lung_fibroblasts.CTCF.MA0139.1.damo.pwm/ENCSR000ANO.normal_lung_fibroblasts.CTCF.MA0139.1.damo.pwm-sites.masked.chr7.bed; Input files updated by another job: results/tfbs-scan/IntLogOdds/ENCSR000ANO.normal_lung_fibroblasts.CTCF.MA0139.1.damo.pwm.IntLogOdds, results/tfbs-scan/hg38/scan/ENCSR000ANO.normal_lung_fibroblasts.CTCF.MA0139.1.damo.pwm/ENCSR000ANO.normal_lung_fibroblasts.CTCF.MA0139.1.damo.pwm-coeff.txt

Activating conda environment: ../../../../../../../../../../../../../home/tubbsca/snakemake_condas/15eac168b67d44f04e70744dacff5721_

[Mon Jan 15 10:44:15 2024]
Job 135: 
        Scans reference genome for matches againts input motif.
        Output compressed.
        
Reason: Missing output files: results/tfbs-scan/hg38/scan/ENCSR000ANO.normal_lung_fibroblasts.CTCF.MA0139.1.damo.pwm/ENCSR000ANO.normal_lung_fibroblasts.CTCF.MA0139.1.damo.pwm-sites.masked.chr15.bed; Input files updated by another job: results/tfbs-scan/IntLogOdds/ENCSR000ANO.normal_lung_fibroblasts.CTCF.MA0139.1.damo.pwm.IntLogOdds, results/tfbs-scan/hg38/scan/ENCSR000ANO.normal_lung_fibroblasts.CTCF.MA0139.1.damo.pwm/ENCSR000ANO.normal_lung_fibroblasts.CTCF.MA0139.1.damo.pwm-coeff.txt

Activating conda environment: ../../../../../../../../../../../../../home/tubbsca/snakemake_condas/15eac168b67d44f04e70744dacff5721_

[Mon Jan 15 10:44:15 2024]
Job 128: 
        Scans reference genome for matches againts input motif.
        Output compressed.
        
Reason: Missing output files: results/tfbs-scan/hg38/scan/ENCSR000ANO.normal_lung_fibroblasts.CTCF.MA0139.1.damo.pwm/ENCSR000ANO.normal_lung_fibroblasts.CTCF.MA0139.1.damo.pwm-sites.masked.chr8.bed; Input files updated by another job: results/tfbs-scan/IntLogOdds/ENCSR000ANO.normal_lung_fibroblasts.CTCF.MA0139.1.damo.pwm.IntLogOdds, results/tfbs-scan/hg38/scan/ENCSR000ANO.normal_lung_fibroblasts.CTCF.MA0139.1.damo.pwm/ENCSR000ANO.normal_lung_fibroblasts.CTCF.MA0139.1.damo.pwm-coeff.txt


Activating conda environment: ../../../../../../../../../../../../../home/tubbsca/snakemake_condas/15eac168b67d44f04e70744dacff5721_
[Mon Jan 15 10:44:15 2024]
Job 122: 
        Scans reference genome for matches againts input motif.
        Output compressed.
        
Reason: Missing output files: results/tfbs-scan/hg38/scan/ENCSR000ANO.normal_lung_fibroblasts.CTCF.MA0139.1.damo.pwm/ENCSR000ANO.normal_lung_fibroblasts.CTCF.MA0139.1.damo.pwm-sites.masked.chr2.bed; Input files updated by another job: results/tfbs-scan/IntLogOdds/ENCSR000ANO.normal_lung_fibroblasts.CTCF.MA0139.1.damo.pwm.IntLogOdds, results/tfbs-scan/hg38/scan/ENCSR000ANO.normal_lung_fibroblasts.CTCF.MA0139.1.damo.pwm/ENCSR000ANO.normal_lung_fibroblasts.CTCF.MA0139.1.damo.pwm-coeff.txt

Activating conda environment: ../../../../../../../../../../../../../home/tubbsca/snakemake_condas/15eac168b67d44f04e70744dacff5721_

[Mon Jan 15 10:44:15 2024]
Job 136: 
        Scans reference genome for matches againts input motif.
        Output compressed.
        
Reason: Missing output files: results/tfbs-scan/hg38/scan/ENCSR000ANO.normal_lung_fibroblasts.CTCF.MA0139.1.damo.pwm/ENCSR000ANO.normal_lung_fibroblasts.CTCF.MA0139.1.damo.pwm-sites.masked.chr16.bed; Input files updated by another job: results/tfbs-scan/IntLogOdds/ENCSR000ANO.normal_lung_fibroblasts.CTCF.MA0139.1.damo.pwm.IntLogOdds, results/tfbs-scan/hg38/scan/ENCSR000ANO.normal_lung_fibroblasts.CTCF.MA0139.1.damo.pwm/ENCSR000ANO.normal_lung_fibroblasts.CTCF.MA0139.1.damo.pwm-coeff.txt

Activating conda environment: ../../../../../../../../../../../../../home/tubbsca/snakemake_condas/15eac168b67d44f04e70744dacff5721_

[Mon Jan 15 10:44:15 2024]
Job 129: 
        Scans reference genome for matches againts input motif.
        Output compressed.
        
Reason: Missing output files: results/tfbs-scan/hg38/scan/ENCSR000ANO.normal_lung_fibroblasts.CTCF.MA0139.1.damo.pwm/ENCSR000ANO.normal_lung_fibroblasts.CTCF.MA0139.1.damo.pwm-sites.masked.chr9.bed; Input files updated by another job: results/tfbs-scan/IntLogOdds/ENCSR000ANO.normal_lung_fibroblasts.CTCF.MA0139.1.damo.pwm.IntLogOdds, results/tfbs-scan/hg38/scan/ENCSR000ANO.normal_lung_fibroblasts.CTCF.MA0139.1.damo.pwm/ENCSR000ANO.normal_lung_fibroblasts.CTCF.MA0139.1.damo.pwm-coeff.txt

Activating conda environment: ../../../../../../../../../../../../../home/tubbsca/snakemake_condas/15eac168b67d44f04e70744dacff5721_

[Mon Jan 15 10:44:15 2024]
Job 143: 
        Scans reference genome for matches againts input motif.
        Output compressed.
        
Reason: Missing output files: results/tfbs-scan/hg38/scan/ENCSR000ANO.normal_lung_fibroblasts.CTCF.MA0139.1.damo.pwm/ENCSR000ANO.normal_lung_fibroblasts.CTCF.MA0139.1.damo.pwm-sites.masked.chrX.bed; Input files updated by another job: results/tfbs-scan/IntLogOdds/ENCSR000ANO.normal_lung_fibroblasts.CTCF.MA0139.1.damo.pwm.IntLogOdds, results/tfbs-scan/hg38/scan/ENCSR000ANO.normal_lung_fibroblasts.CTCF.MA0139.1.damo.pwm/ENCSR000ANO.normal_lung_fibroblasts.CTCF.MA0139.1.damo.pwm-coeff.txt

Activating conda environment: ../../../../../../../../../../../../../home/tubbsca/snakemake_condas/15eac168b67d44f04e70744dacff5721_

[Mon Jan 15 10:44:15 2024]
Job 144: 
        Scans reference genome for matches againts input motif.
        Output compressed.
        
Reason: Missing output files: results/tfbs-scan/hg38/scan/ENCSR000ANO.normal_lung_fibroblasts.CTCF.MA0139.1.damo.pwm/ENCSR000ANO.normal_lung_fibroblasts.CTCF.MA0139.1.damo.pwm-sites.masked.chrY.bed; Input files updated by another job: results/tfbs-scan/IntLogOdds/ENCSR000ANO.normal_lung_fibroblasts.CTCF.MA0139.1.damo.pwm.IntLogOdds, results/tfbs-scan/hg38/scan/ENCSR000ANO.normal_lung_fibroblasts.CTCF.MA0139.1.damo.pwm/ENCSR000ANO.normal_lung_fibroblasts.CTCF.MA0139.1.damo.pwm-coeff.txt

Activating conda environment: ../../../../../../../../../../../../../home/tubbsca/snakemake_condas/15eac168b67d44f04e70744dacff5721_
[Mon Jan 15 10:44:22 2024]
Finished job 64.
30 of 58 steps (52%) done
Select jobs to execute...

[Mon Jan 15 10:44:22 2024]
Job 142: 
        Scans reference genome for matches againts input motif.
        Output compressed.
        
Reason: Missing output files: results/tfbs-scan/hg38/scan/ENCSR000ANO.normal_lung_fibroblasts.CTCF.MA0139.1.damo.pwm/ENCSR000ANO.normal_lung_fibroblasts.CTCF.MA0139.1.damo.pwm-sites.masked.chr22.bed; Input files updated by another job: results/tfbs-scan/IntLogOdds/ENCSR000ANO.normal_lung_fibroblasts.CTCF.MA0139.1.damo.pwm.IntLogOdds, results/tfbs-scan/hg38/scan/ENCSR000ANO.normal_lung_fibroblasts.CTCF.MA0139.1.damo.pwm/ENCSR000ANO.normal_lung_fibroblasts.CTCF.MA0139.1.damo.pwm-coeff.txt

Activating conda environment: ../../../../../../../../../../../../../home/tubbsca/snakemake_condas/15eac168b67d44f04e70744dacff5721_
[Mon Jan 15 10:44:24 2024]
Finished job 137.
31 of 58 steps (53%) done
Select jobs to execute...

[Mon Jan 15 10:44:24 2024]
Job 141: 
        Scans reference genome for matches againts input motif.
        Output compressed.
        
Reason: Missing output files: results/tfbs-scan/hg38/scan/ENCSR000ANO.normal_lung_fibroblasts.CTCF.MA0139.1.damo.pwm/ENCSR000ANO.normal_lung_fibroblasts.CTCF.MA0139.1.damo.pwm-sites.masked.chr21.bed; Input files updated by another job: results/tfbs-scan/IntLogOdds/ENCSR000ANO.normal_lung_fibroblasts.CTCF.MA0139.1.damo.pwm.IntLogOdds, results/tfbs-scan/hg38/scan/ENCSR000ANO.normal_lung_fibroblasts.CTCF.MA0139.1.damo.pwm/ENCSR000ANO.normal_lung_fibroblasts.CTCF.MA0139.1.damo.pwm-coeff.txt

Activating conda environment: ../../../../../../../../../../../../../home/tubbsca/snakemake_condas/15eac168b67d44f04e70744dacff5721_
[Mon Jan 15 10:44:25 2024]
Finished job 139.
32 of 58 steps (55%) done
[Mon Jan 15 10:44:25 2024]
Finished job 138.
33 of 58 steps (57%) done
[Mon Jan 15 10:44:25 2024]
Finished job 144.
34 of 58 steps (59%) done
[Mon Jan 15 10:44:26 2024]
Finished job 140.
35 of 58 steps (60%) done
[Mon Jan 15 10:44:29 2024]
Finished job 142.
36 of 58 steps (62%) done
[Mon Jan 15 10:44:30 2024]
Finished job 134.
37 of 58 steps (64%) done
[Mon Jan 15 10:44:30 2024]
Finished job 136.
38 of 58 steps (66%) done
[Mon Jan 15 10:44:30 2024]
Finished job 135.
39 of 58 steps (67%) done
[Mon Jan 15 10:44:31 2024]
Finished job 131.
40 of 58 steps (69%) done
[Mon Jan 15 10:44:31 2024]
Finished job 133.
41 of 58 steps (71%) done
[Mon Jan 15 10:44:31 2024]
Finished job 141.
42 of 58 steps (72%) done
[Mon Jan 15 10:44:31 2024]
Finished job 132.
43 of 58 steps (74%) done
[Mon Jan 15 10:44:33 2024]
Finished job 129.
44 of 58 steps (76%) done
[Mon Jan 15 10:44:34 2024]
Finished job 130.
45 of 58 steps (78%) done
[Mon Jan 15 10:44:34 2024]
Finished job 128.
46 of 58 steps (79%) done
[Mon Jan 15 10:44:35 2024]
Finished job 127.
47 of 58 steps (81%) done
[Mon Jan 15 10:44:35 2024]
Finished job 123.
48 of 58 steps (83%) done
[Mon Jan 15 10:44:36 2024]
Finished job 124.
49 of 58 steps (84%) done
[Mon Jan 15 10:44:36 2024]
Finished job 126.
50 of 58 steps (86%) done
[Mon Jan 15 10:44:36 2024]
Finished job 143.
51 of 58 steps (88%) done
[Mon Jan 15 10:44:36 2024]
Finished job 125.
52 of 58 steps (90%) done
[Mon Jan 15 10:44:49 2024]
Finished job 122.
53 of 58 steps (91%) done
[Mon Jan 15 10:45:23 2024]
Finished job 59.
54 of 58 steps (93%) done
Select jobs to execute...

[Mon Jan 15 10:45:23 2024]
Job 58: 
        d
        
Reason: Missing output files: results/tfbs-scan/hg38/scan/ENCSR000ATM.K562_myelogenous_leukemia.REST.MA0138.2.damo.pwm/ENCSR000ATM.K562_myelogenous_leukemia.REST.MA0138.2.damo.pwm-sites.masked.genome.sorted.bed.gz; Input files updated by another job: results/tfbs-scan/hg38/scan/ENCSR000ATM.K562_myelogenous_leukemia.REST.MA0138.2.damo.pwm/ENCSR000ATM.K562_myelogenous_leukemia.REST.MA0138.2.damo.pwm-sites.masked.chrY.bed, results/tfbs-scan/hg38/scan/ENCSR000ATM.K562_myelogenous_leukemia.REST.MA0138.2.damo.pwm/ENCSR000ATM.K562_myelogenous_leukemia.REST.MA0138.2.damo.pwm-sites.masked.chr22.bed, results/tfbs-scan/hg38/scan/ENCSR000ATM.K562_myelogenous_leukemia.REST.MA0138.2.damo.pwm/ENCSR000ATM.K562_myelogenous_leukemia.REST.MA0138.2.damo.pwm-sites.masked.chr14.bed, results/tfbs-scan/hg38/scan/ENCSR000ATM.K562_myelogenous_leukemia.REST.MA0138.2.damo.pwm/ENCSR000ATM.K562_myelogenous_leukemia.REST.MA0138.2.damo.pwm-sites.masked.chr8.bed, results/tfbs-scan/hg38/scan/ENCSR000ATM.K562_myelogenous_leukemia.REST.MA0138.2.damo.pwm/ENCSR000ATM.K562_myelogenous_leukemia.REST.MA0138.2.damo.pwm-sites.masked.chr17.bed, results/tfbs-scan/hg38/scan/ENCSR000ATM.K562_myelogenous_leukemia.REST.MA0138.2.damo.pwm/ENCSR000ATM.K562_myelogenous_leukemia.REST.MA0138.2.damo.pwm-sites.masked.chr15.bed, results/tfbs-scan/hg38/scan/ENCSR000ATM.K562_myelogenous_leukemia.REST.MA0138.2.damo.pwm/ENCSR000ATM.K562_myelogenous_leukemia.REST.MA0138.2.damo.pwm-sites.masked.chr2.bed, results/tfbs-scan/hg38/scan/ENCSR000ATM.K562_myelogenous_leukemia.REST.MA0138.2.damo.pwm/ENCSR000ATM.K562_myelogenous_leukemia.REST.MA0138.2.damo.pwm-sites.masked.chr20.bed, results/tfbs-scan/hg38/scan/ENCSR000ATM.K562_myelogenous_leukemia.REST.MA0138.2.damo.pwm/ENCSR000ATM.K562_myelogenous_leukemia.REST.MA0138.2.damo.pwm-sites.masked.chr9.bed, results/tfbs-scan/hg38/scan/ENCSR000ATM.K562_myelogenous_leukemia.REST.MA0138.2.damo.pwm/ENCSR000ATM.K562_myelogenous_leukemia.REST.MA0138.2.damo.pwm-sites.masked.chr10.bed, results/tfbs-scan/hg38/scan/ENCSR000ATM.K562_myelogenous_leukemia.REST.MA0138.2.damo.pwm/ENCSR000ATM.K562_myelogenous_leukemia.REST.MA0138.2.damo.pwm-sites.masked.chr19.bed, results/tfbs-scan/hg38/scan/ENCSR000ATM.K562_myelogenous_leukemia.REST.MA0138.2.damo.pwm/ENCSR000ATM.K562_myelogenous_leukemia.REST.MA0138.2.damo.pwm-sites.masked.chr11.bed, results/tfbs-scan/hg38/scan/ENCSR000ATM.K562_myelogenous_leukemia.REST.MA0138.2.damo.pwm/ENCSR000ATM.K562_myelogenous_leukemia.REST.MA0138.2.damo.pwm-sites.masked.chr5.bed, results/tfbs-scan/hg38/scan/ENCSR000ATM.K562_myelogenous_leukemia.REST.MA0138.2.damo.pwm/ENCSR000ATM.K562_myelogenous_leukemia.REST.MA0138.2.damo.pwm-sites.masked.chr16.bed, results/tfbs-scan/hg38/scan/ENCSR000ATM.K562_myelogenous_leukemia.REST.MA0138.2.damo.pwm/ENCSR000ATM.K562_myelogenous_leukemia.REST.MA0138.2.damo.pwm-sites.masked.chr4.bed, results/tfbs-scan/hg38/scan/ENCSR000ATM.K562_myelogenous_leukemia.REST.MA0138.2.damo.pwm/ENCSR000ATM.K562_myelogenous_leukemia.REST.MA0138.2.damo.pwm-sites.masked.chr3.bed, results/tfbs-scan/hg38/scan/ENCSR000ATM.K562_myelogenous_leukemia.REST.MA0138.2.damo.pwm/ENCSR000ATM.K562_myelogenous_leukemia.REST.MA0138.2.damo.pwm-sites.masked.chrX.bed, results/tfbs-scan/hg38/scan/ENCSR000ATM.K562_myelogenous_leukemia.REST.MA0138.2.damo.pwm/ENCSR000ATM.K562_myelogenous_leukemia.REST.MA0138.2.damo.pwm-sites.masked.chr21.bed, results/tfbs-scan/hg38/scan/ENCSR000ATM.K562_myelogenous_leukemia.REST.MA0138.2.damo.pwm/ENCSR000ATM.K562_myelogenous_leukemia.REST.MA0138.2.damo.pwm-sites.masked.chr18.bed, results/tfbs-scan/hg38/scan/ENCSR000ATM.K562_myelogenous_leukemia.REST.MA0138.2.damo.pwm/ENCSR000ATM.K562_myelogenous_leukemia.REST.MA0138.2.damo.pwm-sites.masked.chr6.bed, results/tfbs-scan/hg38/scan/ENCSR000ATM.K562_myelogenous_leukemia.REST.MA0138.2.damo.pwm/ENCSR000ATM.K562_myelogenous_leukemia.REST.MA0138.2.damo.pwm-sites.masked.chr12.bed, results/tfbs-scan/hg38/scan/ENCSR000ATM.K562_myelogenous_leukemia.REST.MA0138.2.damo.pwm/ENCSR000ATM.K562_myelogenous_leukemia.REST.MA0138.2.damo.pwm-sites.masked.chr13.bed, results/tfbs-scan/hg38/scan/ENCSR000ATM.K562_myelogenous_leukemia.REST.MA0138.2.damo.pwm/ENCSR000ATM.K562_myelogenous_leukemia.REST.MA0138.2.damo.pwm-sites.masked.chr7.bed, results/tfbs-scan/hg38/scan/ENCSR000ATM.K562_myelogenous_leukemia.REST.MA0138.2.damo.pwm/ENCSR000ATM.K562_myelogenous_leukemia.REST.MA0138.2.damo.pwm-sites.masked.chr1.bed

Activating conda environment: ../../../../../../../../../../../../../home/tubbsca/snakemake_condas/15eac168b67d44f04e70744dacff5721_
[Mon Jan 15 10:45:29 2024]
Finished job 58.
55 of 58 steps (95%) done
Removing temporary output results/tfbs-scan/hg38/scan/ENCSR000ATM.K562_myelogenous_leukemia.REST.MA0138.2.damo.pwm/ENCSR000ATM.K562_myelogenous_leukemia.REST.MA0138.2.damo.pwm-sites.masked.chr1.bed.
Removing temporary output results/tfbs-scan/hg38/scan/ENCSR000ATM.K562_myelogenous_leukemia.REST.MA0138.2.damo.pwm/ENCSR000ATM.K562_myelogenous_leukemia.REST.MA0138.2.damo.pwm-sites.masked.chr2.bed.
Removing temporary output results/tfbs-scan/hg38/scan/ENCSR000ATM.K562_myelogenous_leukemia.REST.MA0138.2.damo.pwm/ENCSR000ATM.K562_myelogenous_leukemia.REST.MA0138.2.damo.pwm-sites.masked.chr3.bed.
Removing temporary output results/tfbs-scan/hg38/scan/ENCSR000ATM.K562_myelogenous_leukemia.REST.MA0138.2.damo.pwm/ENCSR000ATM.K562_myelogenous_leukemia.REST.MA0138.2.damo.pwm-sites.masked.chr4.bed.
Removing temporary output results/tfbs-scan/hg38/scan/ENCSR000ATM.K562_myelogenous_leukemia.REST.MA0138.2.damo.pwm/ENCSR000ATM.K562_myelogenous_leukemia.REST.MA0138.2.damo.pwm-sites.masked.chr5.bed.
Removing temporary output results/tfbs-scan/hg38/scan/ENCSR000ATM.K562_myelogenous_leukemia.REST.MA0138.2.damo.pwm/ENCSR000ATM.K562_myelogenous_leukemia.REST.MA0138.2.damo.pwm-sites.masked.chr6.bed.
Removing temporary output results/tfbs-scan/hg38/scan/ENCSR000ATM.K562_myelogenous_leukemia.REST.MA0138.2.damo.pwm/ENCSR000ATM.K562_myelogenous_leukemia.REST.MA0138.2.damo.pwm-sites.masked.chr7.bed.
Removing temporary output results/tfbs-scan/hg38/scan/ENCSR000ATM.K562_myelogenous_leukemia.REST.MA0138.2.damo.pwm/ENCSR000ATM.K562_myelogenous_leukemia.REST.MA0138.2.damo.pwm-sites.masked.chr8.bed.
Removing temporary output results/tfbs-scan/hg38/scan/ENCSR000ATM.K562_myelogenous_leukemia.REST.MA0138.2.damo.pwm/ENCSR000ATM.K562_myelogenous_leukemia.REST.MA0138.2.damo.pwm-sites.masked.chr9.bed.
Removing temporary output results/tfbs-scan/hg38/scan/ENCSR000ATM.K562_myelogenous_leukemia.REST.MA0138.2.damo.pwm/ENCSR000ATM.K562_myelogenous_leukemia.REST.MA0138.2.damo.pwm-sites.masked.chr10.bed.
Removing temporary output results/tfbs-scan/hg38/scan/ENCSR000ATM.K562_myelogenous_leukemia.REST.MA0138.2.damo.pwm/ENCSR000ATM.K562_myelogenous_leukemia.REST.MA0138.2.damo.pwm-sites.masked.chr11.bed.
Removing temporary output results/tfbs-scan/hg38/scan/ENCSR000ATM.K562_myelogenous_leukemia.REST.MA0138.2.damo.pwm/ENCSR000ATM.K562_myelogenous_leukemia.REST.MA0138.2.damo.pwm-sites.masked.chr12.bed.
Removing temporary output results/tfbs-scan/hg38/scan/ENCSR000ATM.K562_myelogenous_leukemia.REST.MA0138.2.damo.pwm/ENCSR000ATM.K562_myelogenous_leukemia.REST.MA0138.2.damo.pwm-sites.masked.chr13.bed.
Removing temporary output results/tfbs-scan/hg38/scan/ENCSR000ATM.K562_myelogenous_leukemia.REST.MA0138.2.damo.pwm/ENCSR000ATM.K562_myelogenous_leukemia.REST.MA0138.2.damo.pwm-sites.masked.chr14.bed.
Removing temporary output results/tfbs-scan/hg38/scan/ENCSR000ATM.K562_myelogenous_leukemia.REST.MA0138.2.damo.pwm/ENCSR000ATM.K562_myelogenous_leukemia.REST.MA0138.2.damo.pwm-sites.masked.chr15.bed.
Removing temporary output results/tfbs-scan/hg38/scan/ENCSR000ATM.K562_myelogenous_leukemia.REST.MA0138.2.damo.pwm/ENCSR000ATM.K562_myelogenous_leukemia.REST.MA0138.2.damo.pwm-sites.masked.chr16.bed.
Removing temporary output results/tfbs-scan/hg38/scan/ENCSR000ATM.K562_myelogenous_leukemia.REST.MA0138.2.damo.pwm/ENCSR000ATM.K562_myelogenous_leukemia.REST.MA0138.2.damo.pwm-sites.masked.chr17.bed.
Removing temporary output results/tfbs-scan/hg38/scan/ENCSR000ATM.K562_myelogenous_leukemia.REST.MA0138.2.damo.pwm/ENCSR000ATM.K562_myelogenous_leukemia.REST.MA0138.2.damo.pwm-sites.masked.chr18.bed.
Removing temporary output results/tfbs-scan/hg38/scan/ENCSR000ATM.K562_myelogenous_leukemia.REST.MA0138.2.damo.pwm/ENCSR000ATM.K562_myelogenous_leukemia.REST.MA0138.2.damo.pwm-sites.masked.chr19.bed.
Removing temporary output results/tfbs-scan/hg38/scan/ENCSR000ATM.K562_myelogenous_leukemia.REST.MA0138.2.damo.pwm/ENCSR000ATM.K562_myelogenous_leukemia.REST.MA0138.2.damo.pwm-sites.masked.chr20.bed.
Removing temporary output results/tfbs-scan/hg38/scan/ENCSR000ATM.K562_myelogenous_leukemia.REST.MA0138.2.damo.pwm/ENCSR000ATM.K562_myelogenous_leukemia.REST.MA0138.2.damo.pwm-sites.masked.chr21.bed.
Removing temporary output results/tfbs-scan/hg38/scan/ENCSR000ATM.K562_myelogenous_leukemia.REST.MA0138.2.damo.pwm/ENCSR000ATM.K562_myelogenous_leukemia.REST.MA0138.2.damo.pwm-sites.masked.chr22.bed.
Removing temporary output results/tfbs-scan/hg38/scan/ENCSR000ATM.K562_myelogenous_leukemia.REST.MA0138.2.damo.pwm/ENCSR000ATM.K562_myelogenous_leukemia.REST.MA0138.2.damo.pwm-sites.masked.chrX.bed.
Removing temporary output results/tfbs-scan/hg38/scan/ENCSR000ATM.K562_myelogenous_leukemia.REST.MA0138.2.damo.pwm/ENCSR000ATM.K562_myelogenous_leukemia.REST.MA0138.2.damo.pwm-sites.masked.chrY.bed.
[Mon Jan 15 10:45:40 2024]
Finished job 117.
56 of 58 steps (97%) done
Select jobs to execute...

[Mon Jan 15 10:45:40 2024]
Job 116: 
        d
        
Reason: Missing output files: results/tfbs-scan/hg38/scan/ENCSR000ANO.normal_lung_fibroblasts.CTCF.MA0139.1.damo.pwm/ENCSR000ANO.normal_lung_fibroblasts.CTCF.MA0139.1.damo.pwm-sites.masked.genome.sorted.bed.gz; Input files updated by another job: results/tfbs-scan/hg38/scan/ENCSR000ANO.normal_lung_fibroblasts.CTCF.MA0139.1.damo.pwm/ENCSR000ANO.normal_lung_fibroblasts.CTCF.MA0139.1.damo.pwm-sites.masked.chr10.bed, results/tfbs-scan/hg38/scan/ENCSR000ANO.normal_lung_fibroblasts.CTCF.MA0139.1.damo.pwm/ENCSR000ANO.normal_lung_fibroblasts.CTCF.MA0139.1.damo.pwm-sites.masked.chr7.bed, results/tfbs-scan/hg38/scan/ENCSR000ANO.normal_lung_fibroblasts.CTCF.MA0139.1.damo.pwm/ENCSR000ANO.normal_lung_fibroblasts.CTCF.MA0139.1.damo.pwm-sites.masked.chr6.bed, results/tfbs-scan/hg38/scan/ENCSR000ANO.normal_lung_fibroblasts.CTCF.MA0139.1.damo.pwm/ENCSR000ANO.normal_lung_fibroblasts.CTCF.MA0139.1.damo.pwm-sites.masked.chr21.bed, results/tfbs-scan/hg38/scan/ENCSR000ANO.normal_lung_fibroblasts.CTCF.MA0139.1.damo.pwm/ENCSR000ANO.normal_lung_fibroblasts.CTCF.MA0139.1.damo.pwm-sites.masked.chr11.bed, results/tfbs-scan/hg38/scan/ENCSR000ANO.normal_lung_fibroblasts.CTCF.MA0139.1.damo.pwm/ENCSR000ANO.normal_lung_fibroblasts.CTCF.MA0139.1.damo.pwm-sites.masked.chr22.bed, results/tfbs-scan/hg38/scan/ENCSR000ANO.normal_lung_fibroblasts.CTCF.MA0139.1.damo.pwm/ENCSR000ANO.normal_lung_fibroblasts.CTCF.MA0139.1.damo.pwm-sites.masked.chr1.bed, results/tfbs-scan/hg38/scan/ENCSR000ANO.normal_lung_fibroblasts.CTCF.MA0139.1.damo.pwm/ENCSR000ANO.normal_lung_fibroblasts.CTCF.MA0139.1.damo.pwm-sites.masked.chr17.bed, results/tfbs-scan/hg38/scan/ENCSR000ANO.normal_lung_fibroblasts.CTCF.MA0139.1.damo.pwm/ENCSR000ANO.normal_lung_fibroblasts.CTCF.MA0139.1.damo.pwm-sites.masked.chr18.bed, results/tfbs-scan/hg38/scan/ENCSR000ANO.normal_lung_fibroblasts.CTCF.MA0139.1.damo.pwm/ENCSR000ANO.normal_lung_fibroblasts.CTCF.MA0139.1.damo.pwm-sites.masked.chrX.bed, results/tfbs-scan/hg38/scan/ENCSR000ANO.normal_lung_fibroblasts.CTCF.MA0139.1.damo.pwm/ENCSR000ANO.normal_lung_fibroblasts.CTCF.MA0139.1.damo.pwm-sites.masked.chr8.bed, results/tfbs-scan/hg38/scan/ENCSR000ANO.normal_lung_fibroblasts.CTCF.MA0139.1.damo.pwm/ENCSR000ANO.normal_lung_fibroblasts.CTCF.MA0139.1.damo.pwm-sites.masked.chr14.bed, results/tfbs-scan/hg38/scan/ENCSR000ANO.normal_lung_fibroblasts.CTCF.MA0139.1.damo.pwm/ENCSR000ANO.normal_lung_fibroblasts.CTCF.MA0139.1.damo.pwm-sites.masked.chr5.bed, results/tfbs-scan/hg38/scan/ENCSR000ANO.normal_lung_fibroblasts.CTCF.MA0139.1.damo.pwm/ENCSR000ANO.normal_lung_fibroblasts.CTCF.MA0139.1.damo.pwm-sites.masked.chr4.bed, results/tfbs-scan/hg38/scan/ENCSR000ANO.normal_lung_fibroblasts.CTCF.MA0139.1.damo.pwm/ENCSR000ANO.normal_lung_fibroblasts.CTCF.MA0139.1.damo.pwm-sites.masked.chr3.bed, results/tfbs-scan/hg38/scan/ENCSR000ANO.normal_lung_fibroblasts.CTCF.MA0139.1.damo.pwm/ENCSR000ANO.normal_lung_fibroblasts.CTCF.MA0139.1.damo.pwm-sites.masked.chrY.bed, results/tfbs-scan/hg38/scan/ENCSR000ANO.normal_lung_fibroblasts.CTCF.MA0139.1.damo.pwm/ENCSR000ANO.normal_lung_fibroblasts.CTCF.MA0139.1.damo.pwm-sites.masked.chr2.bed, results/tfbs-scan/hg38/scan/ENCSR000ANO.normal_lung_fibroblasts.CTCF.MA0139.1.damo.pwm/ENCSR000ANO.normal_lung_fibroblasts.CTCF.MA0139.1.damo.pwm-sites.masked.chr16.bed, results/tfbs-scan/hg38/scan/ENCSR000ANO.normal_lung_fibroblasts.CTCF.MA0139.1.damo.pwm/ENCSR000ANO.normal_lung_fibroblasts.CTCF.MA0139.1.damo.pwm-sites.masked.chr12.bed, results/tfbs-scan/hg38/scan/ENCSR000ANO.normal_lung_fibroblasts.CTCF.MA0139.1.damo.pwm/ENCSR000ANO.normal_lung_fibroblasts.CTCF.MA0139.1.damo.pwm-sites.masked.chr9.bed, results/tfbs-scan/hg38/scan/ENCSR000ANO.normal_lung_fibroblasts.CTCF.MA0139.1.damo.pwm/ENCSR000ANO.normal_lung_fibroblasts.CTCF.MA0139.1.damo.pwm-sites.masked.chr20.bed, results/tfbs-scan/hg38/scan/ENCSR000ANO.normal_lung_fibroblasts.CTCF.MA0139.1.damo.pwm/ENCSR000ANO.normal_lung_fibroblasts.CTCF.MA0139.1.damo.pwm-sites.masked.chr15.bed, results/tfbs-scan/hg38/scan/ENCSR000ANO.normal_lung_fibroblasts.CTCF.MA0139.1.damo.pwm/ENCSR000ANO.normal_lung_fibroblasts.CTCF.MA0139.1.damo.pwm-sites.masked.chr19.bed, results/tfbs-scan/hg38/scan/ENCSR000ANO.normal_lung_fibroblasts.CTCF.MA0139.1.damo.pwm/ENCSR000ANO.normal_lung_fibroblasts.CTCF.MA0139.1.damo.pwm-sites.masked.chr13.bed

Activating conda environment: ../../../../../../../../../../../../../home/tubbsca/snakemake_condas/15eac168b67d44f04e70744dacff5721_
[Mon Jan 15 10:45:58 2024]
Finished job 116.
57 of 58 steps (98%) done
Removing temporary output results/tfbs-scan/hg38/scan/ENCSR000ANO.normal_lung_fibroblasts.CTCF.MA0139.1.damo.pwm/ENCSR000ANO.normal_lung_fibroblasts.CTCF.MA0139.1.damo.pwm-sites.masked.chr1.bed.
Removing temporary output results/tfbs-scan/hg38/scan/ENCSR000ANO.normal_lung_fibroblasts.CTCF.MA0139.1.damo.pwm/ENCSR000ANO.normal_lung_fibroblasts.CTCF.MA0139.1.damo.pwm-sites.masked.chr2.bed.
Removing temporary output results/tfbs-scan/hg38/scan/ENCSR000ANO.normal_lung_fibroblasts.CTCF.MA0139.1.damo.pwm/ENCSR000ANO.normal_lung_fibroblasts.CTCF.MA0139.1.damo.pwm-sites.masked.chr3.bed.
Removing temporary output results/tfbs-scan/hg38/scan/ENCSR000ANO.normal_lung_fibroblasts.CTCF.MA0139.1.damo.pwm/ENCSR000ANO.normal_lung_fibroblasts.CTCF.MA0139.1.damo.pwm-sites.masked.chr4.bed.
Removing temporary output results/tfbs-scan/hg38/scan/ENCSR000ANO.normal_lung_fibroblasts.CTCF.MA0139.1.damo.pwm/ENCSR000ANO.normal_lung_fibroblasts.CTCF.MA0139.1.damo.pwm-sites.masked.chr5.bed.
Removing temporary output results/tfbs-scan/hg38/scan/ENCSR000ANO.normal_lung_fibroblasts.CTCF.MA0139.1.damo.pwm/ENCSR000ANO.normal_lung_fibroblasts.CTCF.MA0139.1.damo.pwm-sites.masked.chr6.bed.
Removing temporary output results/tfbs-scan/hg38/scan/ENCSR000ANO.normal_lung_fibroblasts.CTCF.MA0139.1.damo.pwm/ENCSR000ANO.normal_lung_fibroblasts.CTCF.MA0139.1.damo.pwm-sites.masked.chr7.bed.
Removing temporary output results/tfbs-scan/hg38/scan/ENCSR000ANO.normal_lung_fibroblasts.CTCF.MA0139.1.damo.pwm/ENCSR000ANO.normal_lung_fibroblasts.CTCF.MA0139.1.damo.pwm-sites.masked.chr8.bed.
Removing temporary output results/tfbs-scan/hg38/scan/ENCSR000ANO.normal_lung_fibroblasts.CTCF.MA0139.1.damo.pwm/ENCSR000ANO.normal_lung_fibroblasts.CTCF.MA0139.1.damo.pwm-sites.masked.chr9.bed.
Removing temporary output results/tfbs-scan/hg38/scan/ENCSR000ANO.normal_lung_fibroblasts.CTCF.MA0139.1.damo.pwm/ENCSR000ANO.normal_lung_fibroblasts.CTCF.MA0139.1.damo.pwm-sites.masked.chr10.bed.
Removing temporary output results/tfbs-scan/hg38/scan/ENCSR000ANO.normal_lung_fibroblasts.CTCF.MA0139.1.damo.pwm/ENCSR000ANO.normal_lung_fibroblasts.CTCF.MA0139.1.damo.pwm-sites.masked.chr11.bed.
Removing temporary output results/tfbs-scan/hg38/scan/ENCSR000ANO.normal_lung_fibroblasts.CTCF.MA0139.1.damo.pwm/ENCSR000ANO.normal_lung_fibroblasts.CTCF.MA0139.1.damo.pwm-sites.masked.chr12.bed.
Removing temporary output results/tfbs-scan/hg38/scan/ENCSR000ANO.normal_lung_fibroblasts.CTCF.MA0139.1.damo.pwm/ENCSR000ANO.normal_lung_fibroblasts.CTCF.MA0139.1.damo.pwm-sites.masked.chr13.bed.
Removing temporary output results/tfbs-scan/hg38/scan/ENCSR000ANO.normal_lung_fibroblasts.CTCF.MA0139.1.damo.pwm/ENCSR000ANO.normal_lung_fibroblasts.CTCF.MA0139.1.damo.pwm-sites.masked.chr14.bed.
Removing temporary output results/tfbs-scan/hg38/scan/ENCSR000ANO.normal_lung_fibroblasts.CTCF.MA0139.1.damo.pwm/ENCSR000ANO.normal_lung_fibroblasts.CTCF.MA0139.1.damo.pwm-sites.masked.chr15.bed.
Removing temporary output results/tfbs-scan/hg38/scan/ENCSR000ANO.normal_lung_fibroblasts.CTCF.MA0139.1.damo.pwm/ENCSR000ANO.normal_lung_fibroblasts.CTCF.MA0139.1.damo.pwm-sites.masked.chr16.bed.
Removing temporary output results/tfbs-scan/hg38/scan/ENCSR000ANO.normal_lung_fibroblasts.CTCF.MA0139.1.damo.pwm/ENCSR000ANO.normal_lung_fibroblasts.CTCF.MA0139.1.damo.pwm-sites.masked.chr17.bed.
Removing temporary output results/tfbs-scan/hg38/scan/ENCSR000ANO.normal_lung_fibroblasts.CTCF.MA0139.1.damo.pwm/ENCSR000ANO.normal_lung_fibroblasts.CTCF.MA0139.1.damo.pwm-sites.masked.chr18.bed.
Removing temporary output results/tfbs-scan/hg38/scan/ENCSR000ANO.normal_lung_fibroblasts.CTCF.MA0139.1.damo.pwm/ENCSR000ANO.normal_lung_fibroblasts.CTCF.MA0139.1.damo.pwm-sites.masked.chr19.bed.
Removing temporary output results/tfbs-scan/hg38/scan/ENCSR000ANO.normal_lung_fibroblasts.CTCF.MA0139.1.damo.pwm/ENCSR000ANO.normal_lung_fibroblasts.CTCF.MA0139.1.damo.pwm-sites.masked.chr20.bed.
Removing temporary output results/tfbs-scan/hg38/scan/ENCSR000ANO.normal_lung_fibroblasts.CTCF.MA0139.1.damo.pwm/ENCSR000ANO.normal_lung_fibroblasts.CTCF.MA0139.1.damo.pwm-sites.masked.chr21.bed.
Removing temporary output results/tfbs-scan/hg38/scan/ENCSR000ANO.normal_lung_fibroblasts.CTCF.MA0139.1.damo.pwm/ENCSR000ANO.normal_lung_fibroblasts.CTCF.MA0139.1.damo.pwm-sites.masked.chr22.bed.
Removing temporary output results/tfbs-scan/hg38/scan/ENCSR000ANO.normal_lung_fibroblasts.CTCF.MA0139.1.damo.pwm/ENCSR000ANO.normal_lung_fibroblasts.CTCF.MA0139.1.damo.pwm-sites.masked.chrX.bed.
Removing temporary output results/tfbs-scan/hg38/scan/ENCSR000ANO.normal_lung_fibroblasts.CTCF.MA0139.1.damo.pwm/ENCSR000ANO.normal_lung_fibroblasts.CTCF.MA0139.1.damo.pwm-sites.masked.chrY.bed.
Select jobs to execute...

[Mon Jan 15 10:45:58 2024]
Job 0: 
        DEPLOYING TFBS-SCAN...
        
Reason: Input files updated by another job: results/tfbs-scan/hg38/scan/ENCSR000ANO.normal_lung_fibroblasts.CTCF.MA0139.1.damo.pwm/ENCSR000ANO.normal_lung_fibroblasts.CTCF.MA0139.1.damo.pwm-sites.masked.genome.sorted.bed.gz, results/tfbs-scan/hg38/scan/ENCSR000ATM.K562_myelogenous_leukemia.REST.MA0138.2.damo.pwm/ENCSR000ATM.K562_myelogenous_leukemia.REST.MA0138.2.damo.pwm-sites.masked.genome.sorted.bed.gz

[Mon Jan 15 10:45:58 2024]
Finished job 0.
58 of 58 steps (100%) done
Complete log: .snakemake/log/2024-01-15T104317.760831.snakemake.log
