Building DAG of jobs...
Your conda installation is not configured to use strict channel priorities. This is however crucial for having robust and correct environments (for details, see https://conda-forge.org/docs/user/tipsandtricks.html). Please consider to configure strict priorities by executing 'conda config --set channel_priority strict'.
Using shell: /usr/bin/bash
Provided cores: 24
Rules claiming more threads will be scaled down.
Job stats:
job                      count
---------------------  -------
all                          1
scan_assemble_scan           5
scan_scan_chromosome       117
sequence_split_genome        2
total                      125

Select jobs to execute...

[Mon Jan 15 12:01:56 2024]
Job 67: 
        Scans reference genome for matches againts input motif.
        Output compressed.
        
Reason: Missing output files: results/tfbs-scan/hg38/scan/ENCSR000ATM.K562_myelogenous_leukemia.REST.MA0138.2.damo.pwm/ENCSR000ATM.K562_myelogenous_leukemia.REST.MA0138.2.damo.pwm-sites.masked.chr5.bed

Activating conda environment: ../../../../../../../../../../../../../home/tubbsca/snakemake_condas/15eac168b67d44f04e70744dacff5721_

[Mon Jan 15 12:01:56 2024]
Job 39: 
        Scans reference genome for matches againts input motif.
        Output compressed.
        
Reason: Missing output files: results/tfbs-scan/hg38/scan/ENCSR000AHD.MCF7_Invasive_ductal_breast_carcinoma.CTCF.MA0139.1.damo.pwm/ENCSR000AHD.MCF7_Invasive_ductal_breast_carcinoma.CTCF.MA0139.1.damo.pwm-sites.masked.chr6.bed

Activating conda environment: ../../../../../../../../../../../../../home/tubbsca/snakemake_condas/15eac168b67d44f04e70744dacff5721_

[Mon Jan 15 12:01:56 2024]
Job 123: 
        Scans reference genome for matches againts input motif.
        Output compressed.
        
Reason: Missing output files: results/tfbs-scan/hg38/scan/ENCSR000ANO.normal_lung_fibroblasts.CTCF.MA0139.1.damo.pwm/ENCSR000ANO.normal_lung_fibroblasts.CTCF.MA0139.1.damo.pwm-sites.masked.chr3.bed

Activating conda environment: ../../../../../../../../../../../../../home/tubbsca/snakemake_condas/15eac168b67d44f04e70744dacff5721_

[Mon Jan 15 12:01:56 2024]
Job 1: 
        Splits masked genome by chromsome from parallel scanning.
        
Reason: Forced execution

Activating conda environment: ../../../../../../../../../../../../../home/tubbsca/snakemake_condas/15eac168b67d44f04e70744dacff5721_

[Mon Jan 15 12:01:56 2024]
Job 95: 
        Scans reference genome for matches againts input motif.
        Output compressed.
        
Reason: Missing output files: results/tfbs-scan/hg38/scan/ENCSR000ALJ.keratinocytes.CTCF.MA0139.1.damo.pwm/ENCSR000ALJ.keratinocytes.CTCF.MA0139.1.damo.pwm-sites.masked.chr4.bed

Activating conda environment: ../../../../../../../../../../../../../home/tubbsca/snakemake_condas/15eac168b67d44f04e70744dacff5721_

[Mon Jan 15 12:01:56 2024]
Job 68: 
        Scans reference genome for matches againts input motif.
        Output compressed.
        
Reason: Missing output files: results/tfbs-scan/hg38/scan/ENCSR000ATM.K562_myelogenous_leukemia.REST.MA0138.2.damo.pwm/ENCSR000ATM.K562_myelogenous_leukemia.REST.MA0138.2.damo.pwm-sites.masked.chr6.bed

Activating conda environment: ../../../../../../../../../../../../../home/tubbsca/snakemake_condas/15eac168b67d44f04e70744dacff5721_

[Mon Jan 15 12:01:56 2024]
Job 124: 
        Scans reference genome for matches againts input motif.
        Output compressed.
        
Reason: Missing output files: results/tfbs-scan/hg38/scan/ENCSR000ANO.normal_lung_fibroblasts.CTCF.MA0139.1.damo.pwm/ENCSR000ANO.normal_lung_fibroblasts.CTCF.MA0139.1.damo.pwm-sites.masked.chr4.bed

Activating conda environment: ../../../../../../../../../../../../../home/tubbsca/snakemake_condas/15eac168b67d44f04e70744dacff5721_

[Mon Jan 15 12:01:56 2024]
Job 96: 
        Scans reference genome for matches againts input motif.
        Output compressed.
        
Reason: Missing output files: results/tfbs-scan/hg38/scan/ENCSR000ALJ.keratinocytes.CTCF.MA0139.1.damo.pwm/ENCSR000ALJ.keratinocytes.CTCF.MA0139.1.damo.pwm-sites.masked.chr5.bed

Activating conda environment: ../../../../../../../../../../../../../home/tubbsca/snakemake_condas/15eac168b67d44f04e70744dacff5721_

[Mon Jan 15 12:01:56 2024]
Job 152: 
        Scans reference genome for matches againts input motif.
        Output compressed.
        
Reason: Missing output files: results/tfbs-scan/hg38/scan/ENCSR000AOO.astrocytes.CTCF.MA0139.1.damo.pwm/ENCSR000AOO.astrocytes.CTCF.MA0139.1.damo.pwm-sites.masked.chr3.bed

Activating conda environment: ../../../../../../../../../../../../../home/tubbsca/snakemake_condas/15eac168b67d44f04e70744dacff5721_

[Mon Jan 15 12:01:56 2024]
Job 125: 
        Scans reference genome for matches againts input motif.
        Output compressed.
        
Reason: Missing output files: results/tfbs-scan/hg38/scan/ENCSR000ANO.normal_lung_fibroblasts.CTCF.MA0139.1.damo.pwm/ENCSR000ANO.normal_lung_fibroblasts.CTCF.MA0139.1.damo.pwm-sites.masked.chr5.bed

Activating conda environment: ../../../../../../../../../../../../../home/tubbsca/snakemake_condas/15eac168b67d44f04e70744dacff5721_

[Mon Jan 15 12:01:56 2024]
Job 97: 
        Scans reference genome for matches againts input motif.
        Output compressed.
        
Reason: Missing output files: results/tfbs-scan/hg38/scan/ENCSR000ALJ.keratinocytes.CTCF.MA0139.1.damo.pwm/ENCSR000ALJ.keratinocytes.CTCF.MA0139.1.damo.pwm-sites.masked.chr6.bed

Activating conda environment: ../../../../../../../../../../../../../home/tubbsca/snakemake_condas/15eac168b67d44f04e70744dacff5721_

[Mon Jan 15 12:01:56 2024]
Job 153: 
        Scans reference genome for matches againts input motif.
        Output compressed.
        
Reason: Missing output files: results/tfbs-scan/hg38/scan/ENCSR000AOO.astrocytes.CTCF.MA0139.1.damo.pwm/ENCSR000AOO.astrocytes.CTCF.MA0139.1.damo.pwm-sites.masked.chr4.bed

Activating conda environment: ../../../../../../../../../../../../../home/tubbsca/snakemake_condas/15eac168b67d44f04e70744dacff5721_

[Mon Jan 15 12:01:56 2024]
Job 154: 
        Scans reference genome for matches againts input motif.
        Output compressed.
        
Reason: Missing output files: results/tfbs-scan/hg38/scan/ENCSR000AOO.astrocytes.CTCF.MA0139.1.damo.pwm/ENCSR000AOO.astrocytes.CTCF.MA0139.1.damo.pwm-sites.masked.chr5.bed

Activating conda environment: ../../../../../../../../../../../../../home/tubbsca/snakemake_condas/15eac168b67d44f04e70744dacff5721_

[Mon Jan 15 12:01:57 2024]
Job 126: 
        Scans reference genome for matches againts input motif.
        Output compressed.
        
Reason: Missing output files: results/tfbs-scan/hg38/scan/ENCSR000ANO.normal_lung_fibroblasts.CTCF.MA0139.1.damo.pwm/ENCSR000ANO.normal_lung_fibroblasts.CTCF.MA0139.1.damo.pwm-sites.masked.chr6.bed

Activating conda environment: ../../../../../../../../../../../../../home/tubbsca/snakemake_condas/15eac168b67d44f04e70744dacff5721_

[Mon Jan 15 12:01:57 2024]
Job 36: 
        Scans reference genome for matches againts input motif.
        Output compressed.
        
Reason: Missing output files: results/tfbs-scan/hg38/scan/ENCSR000AHD.MCF7_Invasive_ductal_breast_carcinoma.CTCF.MA0139.1.damo.pwm/ENCSR000AHD.MCF7_Invasive_ductal_breast_carcinoma.CTCF.MA0139.1.damo.pwm-sites.masked.chr3.bed

Activating conda environment: ../../../../../../../../../../../../../home/tubbsca/snakemake_condas/15eac168b67d44f04e70744dacff5721_

[Mon Jan 15 12:01:57 2024]
Job 5: 
        Splits masked genome by chromsome from parallel scanning.
        
Reason: Forced execution

Activating conda environment: ../../../../../../../../../../../../../home/tubbsca/snakemake_condas/15eac168b67d44f04e70744dacff5721_

[Mon Jan 15 12:01:57 2024]
Job 85: 
        Scans reference genome for matches againts input motif.
        Output compressed.
        
Reason: Missing output files: results/tfbs-scan/hg38/scan/ENCSR000ATM.K562_myelogenous_leukemia.REST.MA0138.2.damo.pwm/ENCSR000ATM.K562_myelogenous_leukemia.REST.MA0138.2.damo.pwm-sites.masked.chrX.bed

Activating conda environment: ../../../../../../../../../../../../../home/tubbsca/snakemake_condas/15eac168b67d44f04e70744dacff5721_

[Mon Jan 15 12:01:57 2024]
Job 155: 
        Scans reference genome for matches againts input motif.
        Output compressed.
        
Reason: Missing output files: results/tfbs-scan/hg38/scan/ENCSR000AOO.astrocytes.CTCF.MA0139.1.damo.pwm/ENCSR000AOO.astrocytes.CTCF.MA0139.1.damo.pwm-sites.masked.chr6.bed

Activating conda environment: ../../../../../../../../../../../../../home/tubbsca/snakemake_condas/15eac168b67d44f04e70744dacff5721_

[Mon Jan 15 12:01:57 2024]
Job 65: 
        Scans reference genome for matches againts input motif.
        Output compressed.
        
Reason: Missing output files: results/tfbs-scan/hg38/scan/ENCSR000ATM.K562_myelogenous_leukemia.REST.MA0138.2.damo.pwm/ENCSR000ATM.K562_myelogenous_leukemia.REST.MA0138.2.damo.pwm-sites.masked.chr3.bed

Activating conda environment: ../../../../../../../../../../../../../home/tubbsca/snakemake_condas/15eac168b67d44f04e70744dacff5721_

[Mon Jan 15 12:01:57 2024]
Job 37: 
        Scans reference genome for matches againts input motif.
        Output compressed.
        
Reason: Missing output files: results/tfbs-scan/hg38/scan/ENCSR000AHD.MCF7_Invasive_ductal_breast_carcinoma.CTCF.MA0139.1.damo.pwm/ENCSR000AHD.MCF7_Invasive_ductal_breast_carcinoma.CTCF.MA0139.1.damo.pwm-sites.masked.chr4.bed

Activating conda environment: ../../../../../../../../../../../../../home/tubbsca/snakemake_condas/15eac168b67d44f04e70744dacff5721_

[Mon Jan 15 12:01:57 2024]
Job 66: 
        Scans reference genome for matches againts input motif.
        Output compressed.
        
Reason: Missing output files: results/tfbs-scan/hg38/scan/ENCSR000ATM.K562_myelogenous_leukemia.REST.MA0138.2.damo.pwm/ENCSR000ATM.K562_myelogenous_leukemia.REST.MA0138.2.damo.pwm-sites.masked.chr4.bed

Activating conda environment: ../../../../../../../../../../../../../home/tubbsca/snakemake_condas/15eac168b67d44f04e70744dacff5721_

[Mon Jan 15 12:01:57 2024]
Job 38: 
        Scans reference genome for matches againts input motif.
        Output compressed.
        
Reason: Missing output files: results/tfbs-scan/hg38/scan/ENCSR000AHD.MCF7_Invasive_ductal_breast_carcinoma.CTCF.MA0139.1.damo.pwm/ENCSR000AHD.MCF7_Invasive_ductal_breast_carcinoma.CTCF.MA0139.1.damo.pwm-sites.masked.chr5.bed

Activating conda environment: ../../../../../../../../../../../../../home/tubbsca/snakemake_condas/15eac168b67d44f04e70744dacff5721_

[Mon Jan 15 12:01:57 2024]
Job 94: 
        Scans reference genome for matches againts input motif.
        Output compressed.
        
Reason: Missing output files: results/tfbs-scan/hg38/scan/ENCSR000ALJ.keratinocytes.CTCF.MA0139.1.damo.pwm/ENCSR000ALJ.keratinocytes.CTCF.MA0139.1.damo.pwm-sites.masked.chr3.bed

Activating conda environment: ../../../../../../../../../../../../../home/tubbsca/snakemake_condas/15eac168b67d44f04e70744dacff5721_

[Mon Jan 15 12:01:57 2024]
Job 143: 
        Scans reference genome for matches againts input motif.
        Output compressed.
        
Reason: Missing output files: results/tfbs-scan/hg38/scan/ENCSR000ANO.normal_lung_fibroblasts.CTCF.MA0139.1.damo.pwm/ENCSR000ANO.normal_lung_fibroblasts.CTCF.MA0139.1.damo.pwm-sites.masked.chrX.bed

Activating conda environment: ../../../../../../../../../../../../../home/tubbsca/snakemake_condas/15eac168b67d44f04e70744dacff5721_
[Mon Jan 15 12:02:03 2024]
Finished job 68.
1 of 125 steps (1%) done
Select jobs to execute...

[Mon Jan 15 12:02:03 2024]
Job 172: 
        Scans reference genome for matches againts input motif.
        Output compressed.
        
Reason: Missing output files: results/tfbs-scan/hg38/scan/ENCSR000AOO.astrocytes.CTCF.MA0139.1.damo.pwm/ENCSR000AOO.astrocytes.CTCF.MA0139.1.damo.pwm-sites.masked.chrX.bed

Activating conda environment: ../../../../../../../../../../../../../home/tubbsca/snakemake_condas/15eac168b67d44f04e70744dacff5721_
[Mon Jan 15 12:02:04 2024]
Finished job 39.
2 of 125 steps (2%) done
Select jobs to execute...

[Mon Jan 15 12:02:04 2024]
Job 56: 
        Scans reference genome for matches againts input motif.
        Output compressed.
        
Reason: Missing output files: results/tfbs-scan/hg38/scan/ENCSR000AHD.MCF7_Invasive_ductal_breast_carcinoma.CTCF.MA0139.1.damo.pwm/ENCSR000AHD.MCF7_Invasive_ductal_breast_carcinoma.CTCF.MA0139.1.damo.pwm-sites.masked.chrX.bed

Activating conda environment: ../../../../../../../../../../../../../home/tubbsca/snakemake_condas/15eac168b67d44f04e70744dacff5721_
[Mon Jan 15 12:02:04 2024]
Finished job 97.
3 of 125 steps (2%) done
[Mon Jan 15 12:02:04 2024]
Finished job 126.
4 of 125 steps (3%) done
[Mon Jan 15 12:02:04 2024]
Finished job 155.
5 of 125 steps (4%) done
Select jobs to execute...

[Mon Jan 15 12:02:04 2024]
Job 128: 
        Scans reference genome for matches againts input motif.
        Output compressed.
        
Reason: Missing output files: results/tfbs-scan/hg38/scan/ENCSR000ANO.normal_lung_fibroblasts.CTCF.MA0139.1.damo.pwm/ENCSR000ANO.normal_lung_fibroblasts.CTCF.MA0139.1.damo.pwm-sites.masked.chr8.bed


Activating conda environment: ../../../../../../../../../../../../../home/tubbsca/snakemake_condas/15eac168b67d44f04e70744dacff5721_
[Mon Jan 15 12:02:04 2024]
Job 114: 
        Scans reference genome for matches againts input motif.
        Output compressed.
        
Reason: Missing output files: results/tfbs-scan/hg38/scan/ENCSR000ALJ.keratinocytes.CTCF.MA0139.1.damo.pwm/ENCSR000ALJ.keratinocytes.CTCF.MA0139.1.damo.pwm-sites.masked.chrX.bed


Activating conda environment: ../../../../../../../../../../../../../home/tubbsca/snakemake_condas/15eac168b67d44f04e70744dacff5721_
[Mon Jan 15 12:02:04 2024]
Job 70: 
        Scans reference genome for matches againts input motif.
        Output compressed.
        
Reason: Missing output files: results/tfbs-scan/hg38/scan/ENCSR000ATM.K562_myelogenous_leukemia.REST.MA0138.2.damo.pwm/ENCSR000ATM.K562_myelogenous_leukemia.REST.MA0138.2.damo.pwm-sites.masked.chr8.bed

Select jobs to execute...
Activating conda environment: ../../../../../../../../../../../../../home/tubbsca/snakemake_condas/15eac168b67d44f04e70744dacff5721_
[Mon Jan 15 12:02:06 2024]
Finished job 85.
6 of 125 steps (5%) done

[Mon Jan 15 12:02:06 2024]
Job 157: 
        Scans reference genome for matches againts input motif.
        Output compressed.
        
Reason: Missing output files: results/tfbs-scan/hg38/scan/ENCSR000AOO.astrocytes.CTCF.MA0139.1.damo.pwm/ENCSR000AOO.astrocytes.CTCF.MA0139.1.damo.pwm-sites.masked.chr8.bed

Activating conda environment: ../../../../../../../../../../../../../home/tubbsca/snakemake_condas/15eac168b67d44f04e70744dacff5721_
[Mon Jan 15 12:02:07 2024]
Finished job 143.
7 of 125 steps (6%) done
Select jobs to execute...

[Mon Jan 15 12:02:07 2024]
Job 41: 
        Scans reference genome for matches againts input motif.
        Output compressed.
        
Reason: Missing output files: results/tfbs-scan/hg38/scan/ENCSR000AHD.MCF7_Invasive_ductal_breast_carcinoma.CTCF.MA0139.1.damo.pwm/ENCSR000AHD.MCF7_Invasive_ductal_breast_carcinoma.CTCF.MA0139.1.damo.pwm-sites.masked.chr8.bed

Activating conda environment: ../../../../../../../../../../../../../home/tubbsca/snakemake_condas/15eac168b67d44f04e70744dacff5721_
[Mon Jan 15 12:02:07 2024]
Finished job 123.
8 of 125 steps (6%) done
Select jobs to execute...

[Mon Jan 15 12:02:07 2024]
Job 99: 
        Scans reference genome for matches againts input motif.
        Output compressed.
        
Reason: Missing output files: results/tfbs-scan/hg38/scan/ENCSR000ALJ.keratinocytes.CTCF.MA0139.1.damo.pwm/ENCSR000ALJ.keratinocytes.CTCF.MA0139.1.damo.pwm-sites.masked.chr8.bed

Activating conda environment: ../../../../../../../../../../../../../home/tubbsca/snakemake_condas/15eac168b67d44f04e70744dacff5721_
[Mon Jan 15 12:02:07 2024]
Finished job 152.
9 of 125 steps (7%) done
[Mon Jan 15 12:02:07 2024]
Finished job 94.
10 of 125 steps (8%) done
[Mon Jan 15 12:02:07 2024]
Finished job 65.
11 of 125 steps (9%) done
Select jobs to execute...

[Mon Jan 15 12:02:07 2024]
Job 73: 
        Scans reference genome for matches againts input motif.
        Output compressed.
        
Reason: Missing output files: results/tfbs-scan/hg38/scan/ENCSR000ATM.K562_myelogenous_leukemia.REST.MA0138.2.damo.pwm/ENCSR000ATM.K562_myelogenous_leukemia.REST.MA0138.2.damo.pwm-sites.masked.chr11.bed

Activating conda environment: ../../../../../../../../../../../../../home/tubbsca/snakemake_condas/15eac168b67d44f04e70744dacff5721_

[Mon Jan 15 12:02:08 2024]
Job 131: 
        Scans reference genome for matches againts input motif.
        Output compressed.
        
Reason: Missing output files: results/tfbs-scan/hg38/scan/ENCSR000ANO.normal_lung_fibroblasts.CTCF.MA0139.1.damo.pwm/ENCSR000ANO.normal_lung_fibroblasts.CTCF.MA0139.1.damo.pwm-sites.masked.chr11.bed


Activating conda environment: ../../../../../../../../../../../../../home/tubbsca/snakemake_condas/15eac168b67d44f04e70744dacff5721_
[Mon Jan 15 12:02:08 2024]
Job 160: 
        Scans reference genome for matches againts input motif.
        Output compressed.
        
Reason: Missing output files: results/tfbs-scan/hg38/scan/ENCSR000AOO.astrocytes.CTCF.MA0139.1.damo.pwm/ENCSR000AOO.astrocytes.CTCF.MA0139.1.damo.pwm-sites.masked.chr11.bed

Activating conda environment: ../../../../../../../../../../../../../home/tubbsca/snakemake_condas/15eac168b67d44f04e70744dacff5721_
[Mon Jan 15 12:02:08 2024]
Finished job 36.
12 of 125 steps (10%) done
Select jobs to execute...

[Mon Jan 15 12:02:08 2024]
Job 44: 
        Scans reference genome for matches againts input motif.
        Output compressed.
        
Reason: Missing output files: results/tfbs-scan/hg38/scan/ENCSR000AHD.MCF7_Invasive_ductal_breast_carcinoma.CTCF.MA0139.1.damo.pwm/ENCSR000AHD.MCF7_Invasive_ductal_breast_carcinoma.CTCF.MA0139.1.damo.pwm-sites.masked.chr11.bed

Select jobs to execute...
Activating conda environment: ../../../../../../../../../../../../../home/tubbsca/snakemake_condas/15eac168b67d44f04e70744dacff5721_
[Mon Jan 15 12:02:10 2024]
Finished job 172.
13 of 125 steps (10%) done

[Mon Jan 15 12:02:10 2024]
Job 102: 
        Scans reference genome for matches againts input motif.
        Output compressed.
        
Reason: Missing output files: results/tfbs-scan/hg38/scan/ENCSR000ALJ.keratinocytes.CTCF.MA0139.1.damo.pwm/ENCSR000ALJ.keratinocytes.CTCF.MA0139.1.damo.pwm-sites.masked.chr11.bed

Activating conda environment: ../../../../../../../../../../../../../home/tubbsca/snakemake_condas/15eac168b67d44f04e70744dacff5721_
[Mon Jan 15 12:02:10 2024]
Finished job 38.
14 of 125 steps (11%) done
Select jobs to execute...

[Mon Jan 15 12:02:10 2024]
Job 72: 
        Scans reference genome for matches againts input motif.
        Output compressed.
        
Reason: Missing output files: results/tfbs-scan/hg38/scan/ENCSR000ATM.K562_myelogenous_leukemia.REST.MA0138.2.damo.pwm/ENCSR000ATM.K562_myelogenous_leukemia.REST.MA0138.2.damo.pwm-sites.masked.chr10.bed

Activating conda environment: ../../../../../../../../../../../../../home/tubbsca/snakemake_condas/15eac168b67d44f04e70744dacff5721_
[Mon Jan 15 12:02:10 2024]
Finished job 67.
15 of 125 steps (12%) done
Select jobs to execute...

[Mon Jan 15 12:02:10 2024]
Job 130: 
        Scans reference genome for matches againts input motif.
        Output compressed.
        
Reason: Missing output files: results/tfbs-scan/hg38/scan/ENCSR000ANO.normal_lung_fibroblasts.CTCF.MA0139.1.damo.pwm/ENCSR000ANO.normal_lung_fibroblasts.CTCF.MA0139.1.damo.pwm-sites.masked.chr10.bed

Activating conda environment: ../../../../../../../../../../../../../home/tubbsca/snakemake_condas/15eac168b67d44f04e70744dacff5721_
[Mon Jan 15 12:02:10 2024]
Finished job 125.
16 of 125 steps (13%) done
Select jobs to execute...

[Mon Jan 15 12:02:10 2024]
Job 159: 
        Scans reference genome for matches againts input motif.
        Output compressed.
        
Reason: Missing output files: results/tfbs-scan/hg38/scan/ENCSR000AOO.astrocytes.CTCF.MA0139.1.damo.pwm/ENCSR000AOO.astrocytes.CTCF.MA0139.1.damo.pwm-sites.masked.chr10.bed

Activating conda environment: ../../../../../../../../../../../../../home/tubbsca/snakemake_condas/15eac168b67d44f04e70744dacff5721_
[Mon Jan 15 12:02:10 2024]
Finished job 154.
17 of 125 steps (14%) done
[Mon Jan 15 12:02:10 2024]
Finished job 96.
18 of 125 steps (14%) done
Select jobs to execute...

[Mon Jan 15 12:02:10 2024]
Job 43: 
        Scans reference genome for matches againts input motif.
        Output compressed.
        
Reason: Missing output files: results/tfbs-scan/hg38/scan/ENCSR000AHD.MCF7_Invasive_ductal_breast_carcinoma.CTCF.MA0139.1.damo.pwm/ENCSR000AHD.MCF7_Invasive_ductal_breast_carcinoma.CTCF.MA0139.1.damo.pwm-sites.masked.chr10.bed

Activating conda environment: ../../../../../../../../../../../../../home/tubbsca/snakemake_condas/15eac168b67d44f04e70744dacff5721_

[Mon Jan 15 12:02:10 2024]
Job 101: 
        Scans reference genome for matches againts input motif.
        Output compressed.
        
Reason: Missing output files: results/tfbs-scan/hg38/scan/ENCSR000ALJ.keratinocytes.CTCF.MA0139.1.damo.pwm/ENCSR000ALJ.keratinocytes.CTCF.MA0139.1.damo.pwm-sites.masked.chr10.bed

Activating conda environment: ../../../../../../../../../../../../../home/tubbsca/snakemake_condas/15eac168b67d44f04e70744dacff5721_
[Mon Jan 15 12:02:10 2024]
Finished job 56.
19 of 125 steps (15%) done
[Mon Jan 15 12:02:11 2024]
Finished job 114.
20 of 125 steps (16%) done
Select jobs to execute...

[Mon Jan 15 12:02:11 2024]
Job 74: 
        Scans reference genome for matches againts input motif.
        Output compressed.
        
Reason: Missing output files: results/tfbs-scan/hg38/scan/ENCSR000ATM.K562_myelogenous_leukemia.REST.MA0138.2.damo.pwm/ENCSR000ATM.K562_myelogenous_leukemia.REST.MA0138.2.damo.pwm-sites.masked.chr12.bed

Activating conda environment: ../../../../../../../../../../../../../home/tubbsca/snakemake_condas/15eac168b67d44f04e70744dacff5721_

[Mon Jan 15 12:02:11 2024]
Job 132: 
        Scans reference genome for matches againts input motif.
        Output compressed.
        
Reason: Missing output files: results/tfbs-scan/hg38/scan/ENCSR000ANO.normal_lung_fibroblasts.CTCF.MA0139.1.damo.pwm/ENCSR000ANO.normal_lung_fibroblasts.CTCF.MA0139.1.damo.pwm-sites.masked.chr12.bed

Select jobs to execute...
Activating conda environment: ../../../../../../../../../../../../../home/tubbsca/snakemake_condas/15eac168b67d44f04e70744dacff5721_
[Mon Jan 15 12:02:11 2024]
Finished job 66.
21 of 125 steps (17%) done

[Mon Jan 15 12:02:11 2024]
Job 161: 
        Scans reference genome for matches againts input motif.
        Output compressed.
        
Reason: Missing output files: results/tfbs-scan/hg38/scan/ENCSR000AOO.astrocytes.CTCF.MA0139.1.damo.pwm/ENCSR000AOO.astrocytes.CTCF.MA0139.1.damo.pwm-sites.masked.chr12.bed

Activating conda environment: ../../../../../../../../../../../../../home/tubbsca/snakemake_condas/15eac168b67d44f04e70744dacff5721_
[Mon Jan 15 12:02:12 2024]
Finished job 70.
22 of 125 steps (18%) done
[Mon Jan 15 12:02:12 2024]
Finished job 153.
23 of 125 steps (18%) done
[Mon Jan 15 12:02:12 2024]
Finished job 128.
24 of 125 steps (19%) done
[Mon Jan 15 12:02:12 2024]
Finished job 124.
25 of 125 steps (20%) done
[Mon Jan 15 12:02:12 2024]
Finished job 95.
26 of 125 steps (21%) done
[Mon Jan 15 12:02:12 2024]
Finished job 37.
27 of 125 steps (22%) done
Select jobs to execute...

[Mon Jan 15 12:02:12 2024]
Job 45: 
        Scans reference genome for matches againts input motif.
        Output compressed.
        
Reason: Missing output files: results/tfbs-scan/hg38/scan/ENCSR000AHD.MCF7_Invasive_ductal_breast_carcinoma.CTCF.MA0139.1.damo.pwm/ENCSR000AHD.MCF7_Invasive_ductal_breast_carcinoma.CTCF.MA0139.1.damo.pwm-sites.masked.chr12.bed


Activating conda environment: ../../../../../../../../../../../../../home/tubbsca/snakemake_condas/15eac168b67d44f04e70744dacff5721_
[Mon Jan 15 12:02:12 2024]
Job 103: 
        Scans reference genome for matches againts input motif.
        Output compressed.
        
Reason: Missing output files: results/tfbs-scan/hg38/scan/ENCSR000ALJ.keratinocytes.CTCF.MA0139.1.damo.pwm/ENCSR000ALJ.keratinocytes.CTCF.MA0139.1.damo.pwm-sites.masked.chr12.bed

Activating conda environment: ../../../../../../../../../../../../../home/tubbsca/snakemake_condas/15eac168b67d44f04e70744dacff5721_

[Mon Jan 15 12:02:12 2024]
Job 75: 
        Scans reference genome for matches againts input motif.
        Output compressed.
        
Reason: Missing output files: results/tfbs-scan/hg38/scan/ENCSR000ATM.K562_myelogenous_leukemia.REST.MA0138.2.damo.pwm/ENCSR000ATM.K562_myelogenous_leukemia.REST.MA0138.2.damo.pwm-sites.masked.chr13.bed

Activating conda environment: ../../../../../../../../../../../../../home/tubbsca/snakemake_condas/15eac168b67d44f04e70744dacff5721_

[Mon Jan 15 12:02:14 2024]
Job 133: 
        Scans reference genome for matches againts input motif.
        Output compressed.
        
Reason: Missing output files: results/tfbs-scan/hg38/scan/ENCSR000ANO.normal_lung_fibroblasts.CTCF.MA0139.1.damo.pwm/ENCSR000ANO.normal_lung_fibroblasts.CTCF.MA0139.1.damo.pwm-sites.masked.chr13.bed


Activating conda environment: ../../../../../../../../../../../../../home/tubbsca/snakemake_condas/15eac168b67d44f04e70744dacff5721_
[Mon Jan 15 12:02:14 2024]
Job 46: 
        Scans reference genome for matches againts input motif.
        Output compressed.
        
Reason: Missing output files: results/tfbs-scan/hg38/scan/ENCSR000AHD.MCF7_Invasive_ductal_breast_carcinoma.CTCF.MA0139.1.damo.pwm/ENCSR000AHD.MCF7_Invasive_ductal_breast_carcinoma.CTCF.MA0139.1.damo.pwm-sites.masked.chr13.bed


Activating conda environment: ../../../../../../../../../../../../../home/tubbsca/snakemake_condas/15eac168b67d44f04e70744dacff5721_
[Mon Jan 15 12:02:14 2024]
Job 162: 
        Scans reference genome for matches againts input motif.
        Output compressed.
        
Reason: Missing output files: results/tfbs-scan/hg38/scan/ENCSR000AOO.astrocytes.CTCF.MA0139.1.damo.pwm/ENCSR000AOO.astrocytes.CTCF.MA0139.1.damo.pwm-sites.masked.chr13.bed

Activating conda environment: ../../../../../../../../../../../../../home/tubbsca/snakemake_condas/15eac168b67d44f04e70744dacff5721_
[Mon Jan 15 12:02:14 2024]
Finished job 41.
28 of 125 steps (22%) done
Select jobs to execute...

[Mon Jan 15 12:02:14 2024]
Job 104: 
        Scans reference genome for matches againts input motif.
        Output compressed.
        
Reason: Missing output files: results/tfbs-scan/hg38/scan/ENCSR000ALJ.keratinocytes.CTCF.MA0139.1.damo.pwm/ENCSR000ALJ.keratinocytes.CTCF.MA0139.1.damo.pwm-sites.masked.chr13.bed

Activating conda environment: ../../../../../../../../../../../../../home/tubbsca/snakemake_condas/15eac168b67d44f04e70744dacff5721_
[Mon Jan 15 12:02:14 2024]
Finished job 157.
29 of 125 steps (23%) done
Select jobs to execute...

[Mon Jan 15 12:02:14 2024]
Job 76: 
        Scans reference genome for matches againts input motif.
        Output compressed.
        
Reason: Missing output files: results/tfbs-scan/hg38/scan/ENCSR000ATM.K562_myelogenous_leukemia.REST.MA0138.2.damo.pwm/ENCSR000ATM.K562_myelogenous_leukemia.REST.MA0138.2.damo.pwm-sites.masked.chr14.bed

Activating conda environment: ../../../../../../../../../../../../../home/tubbsca/snakemake_condas/15eac168b67d44f04e70744dacff5721_
[Mon Jan 15 12:02:14 2024]
Finished job 73.
30 of 125 steps (24%) done
[Mon Jan 15 12:02:15 2024]
Finished job 99.
31 of 125 steps (25%) done
Select jobs to execute...

[Mon Jan 15 12:02:15 2024]
Job 163: 
        Scans reference genome for matches againts input motif.
        Output compressed.
        
Reason: Missing output files: results/tfbs-scan/hg38/scan/ENCSR000AOO.astrocytes.CTCF.MA0139.1.damo.pwm/ENCSR000AOO.astrocytes.CTCF.MA0139.1.damo.pwm-sites.masked.chr14.bed


Activating conda environment: ../../../../../../../../../../../../../home/tubbsca/snakemake_condas/15eac168b67d44f04e70744dacff5721_
[Mon Jan 15 12:02:15 2024]
Job 134: 
        Scans reference genome for matches againts input motif.
        Output compressed.
        
Reason: Missing output files: results/tfbs-scan/hg38/scan/ENCSR000ANO.normal_lung_fibroblasts.CTCF.MA0139.1.damo.pwm/ENCSR000ANO.normal_lung_fibroblasts.CTCF.MA0139.1.damo.pwm-sites.masked.chr14.bed

Select jobs to execute...
Activating conda environment: ../../../../../../../../../../../../../home/tubbsca/snakemake_condas/15eac168b67d44f04e70744dacff5721_
[Mon Jan 15 12:02:16 2024]
Finished job 102.
32 of 125 steps (26%) done

[Mon Jan 15 12:02:16 2024]
Job 47: 
        Scans reference genome for matches againts input motif.
        Output compressed.
        
Reason: Missing output files: results/tfbs-scan/hg38/scan/ENCSR000AHD.MCF7_Invasive_ductal_breast_carcinoma.CTCF.MA0139.1.damo.pwm/ENCSR000AHD.MCF7_Invasive_ductal_breast_carcinoma.CTCF.MA0139.1.damo.pwm-sites.masked.chr14.bed

Activating conda environment: ../../../../../../../../../../../../../home/tubbsca/snakemake_condas/15eac168b67d44f04e70744dacff5721_
[Mon Jan 15 12:02:16 2024]
Finished job 160.
33 of 125 steps (26%) done
[Mon Jan 15 12:02:16 2024]
Finished job 131.
34 of 125 steps (27%) done
[Mon Jan 15 12:02:16 2024]
Finished job 44.
35 of 125 steps (28%) done
Select jobs to execute...

[Mon Jan 15 12:02:16 2024]
Job 135: 
        Scans reference genome for matches againts input motif.
        Output compressed.
        
Reason: Missing output files: results/tfbs-scan/hg38/scan/ENCSR000ANO.normal_lung_fibroblasts.CTCF.MA0139.1.damo.pwm/ENCSR000ANO.normal_lung_fibroblasts.CTCF.MA0139.1.damo.pwm-sites.masked.chr15.bed


Activating conda environment: ../../../../../../../../../../../../../home/tubbsca/snakemake_condas/15eac168b67d44f04e70744dacff5721_
[Mon Jan 15 12:02:16 2024]
Job 105: 
        Scans reference genome for matches againts input motif.
        Output compressed.
        
Reason: Missing output files: results/tfbs-scan/hg38/scan/ENCSR000ALJ.keratinocytes.CTCF.MA0139.1.damo.pwm/ENCSR000ALJ.keratinocytes.CTCF.MA0139.1.damo.pwm-sites.masked.chr14.bed


Activating conda environment: ../../../../../../../../../../../../../home/tubbsca/snakemake_condas/15eac168b67d44f04e70744dacff5721_
[Mon Jan 15 12:02:16 2024]
Job 77: 
        Scans reference genome for matches againts input motif.
        Output compressed.
        
Reason: Missing output files: results/tfbs-scan/hg38/scan/ENCSR000ATM.K562_myelogenous_leukemia.REST.MA0138.2.damo.pwm/ENCSR000ATM.K562_myelogenous_leukemia.REST.MA0138.2.damo.pwm-sites.masked.chr15.bed

Select jobs to execute...
Activating conda environment: ../../../../../../../../../../../../../home/tubbsca/snakemake_condas/15eac168b67d44f04e70744dacff5721_
[Mon Jan 15 12:02:18 2024]
Finished job 74.
36 of 125 steps (29%) done

[Mon Jan 15 12:02:18 2024]
Job 164: 
        Scans reference genome for matches againts input motif.
        Output compressed.
        
Reason: Missing output files: results/tfbs-scan/hg38/scan/ENCSR000AOO.astrocytes.CTCF.MA0139.1.damo.pwm/ENCSR000AOO.astrocytes.CTCF.MA0139.1.damo.pwm-sites.masked.chr15.bed

Activating conda environment: ../../../../../../../../../../../../../home/tubbsca/snakemake_condas/15eac168b67d44f04e70744dacff5721_
[Mon Jan 15 12:02:18 2024]
Finished job 132.
37 of 125 steps (30%) done
Select jobs to execute...

[Mon Jan 15 12:02:18 2024]
Job 48: 
        Scans reference genome for matches againts input motif.
        Output compressed.
        
Reason: Missing output files: results/tfbs-scan/hg38/scan/ENCSR000AHD.MCF7_Invasive_ductal_breast_carcinoma.CTCF.MA0139.1.damo.pwm/ENCSR000AHD.MCF7_Invasive_ductal_breast_carcinoma.CTCF.MA0139.1.damo.pwm-sites.masked.chr15.bed

Activating conda environment: ../../../../../../../../../../../../../home/tubbsca/snakemake_condas/15eac168b67d44f04e70744dacff5721_
[Mon Jan 15 12:02:18 2024]
Finished job 161.
38 of 125 steps (30%) done
Select jobs to execute...

[Mon Jan 15 12:02:18 2024]
Job 106: 
        Scans reference genome for matches againts input motif.
        Output compressed.
        
Reason: Missing output files: results/tfbs-scan/hg38/scan/ENCSR000ALJ.keratinocytes.CTCF.MA0139.1.damo.pwm/ENCSR000ALJ.keratinocytes.CTCF.MA0139.1.damo.pwm-sites.masked.chr15.bed

Activating conda environment: ../../../../../../../../../../../../../home/tubbsca/snakemake_condas/15eac168b67d44f04e70744dacff5721_
[Mon Jan 15 12:02:19 2024]
Finished job 72.
39 of 125 steps (31%) done
Select jobs to execute...

[Mon Jan 15 12:02:19 2024]
Job 78: 
        Scans reference genome for matches againts input motif.
        Output compressed.
        
Reason: Missing output files: results/tfbs-scan/hg38/scan/ENCSR000ATM.K562_myelogenous_leukemia.REST.MA0138.2.damo.pwm/ENCSR000ATM.K562_myelogenous_leukemia.REST.MA0138.2.damo.pwm-sites.masked.chr16.bed

Activating conda environment: ../../../../../../../../../../../../../home/tubbsca/snakemake_condas/15eac168b67d44f04e70744dacff5721_
[Mon Jan 15 12:02:19 2024]
Finished job 75.
40 of 125 steps (32%) done
[Mon Jan 15 12:02:19 2024]
Finished job 130.
41 of 125 steps (33%) done
[Mon Jan 15 12:02:20 2024]
Finished job 159.
42 of 125 steps (34%) done
[Mon Jan 15 12:02:20 2024]
Finished job 103.
43 of 125 steps (34%) done
[Mon Jan 15 12:02:20 2024]
Finished job 43.
44 of 125 steps (35%) done
[Mon Jan 15 12:02:20 2024]
Finished job 101.
45 of 125 steps (36%) done
[Mon Jan 15 12:02:20 2024]
Finished job 76.
46 of 125 steps (37%) done
[Mon Jan 15 12:02:20 2024]
Finished job 46.
47 of 125 steps (38%) done
Select jobs to execute...

[Mon Jan 15 12:02:20 2024]
Job 136: 
        Scans reference genome for matches againts input motif.
        Output compressed.
        
Reason: Missing output files: results/tfbs-scan/hg38/scan/ENCSR000ANO.normal_lung_fibroblasts.CTCF.MA0139.1.damo.pwm/ENCSR000ANO.normal_lung_fibroblasts.CTCF.MA0139.1.damo.pwm-sites.masked.chr16.bed


Activating conda environment: ../../../../../../../../../../../../../home/tubbsca/snakemake_condas/15eac168b67d44f04e70744dacff5721_
[Mon Jan 15 12:02:20 2024]
Job 137: 
        Scans reference genome for matches againts input motif.
        Output compressed.
        
Reason: Missing output files: results/tfbs-scan/hg38/scan/ENCSR000ANO.normal_lung_fibroblasts.CTCF.MA0139.1.damo.pwm/ENCSR000ANO.normal_lung_fibroblasts.CTCF.MA0139.1.damo.pwm-sites.masked.chr17.bed

Activating conda environment: ../../../../../../../../../../../../../home/tubbsca/snakemake_condas/15eac168b67d44f04e70744dacff5721_

[Mon Jan 15 12:02:20 2024]
Job 165: 
        Scans reference genome for matches againts input motif.
        Output compressed.
        
Reason: Missing output files: results/tfbs-scan/hg38/scan/ENCSR000AOO.astrocytes.CTCF.MA0139.1.damo.pwm/ENCSR000AOO.astrocytes.CTCF.MA0139.1.damo.pwm-sites.masked.chr16.bed


Activating conda environment: ../../../../../../../../../../../../../home/tubbsca/snakemake_condas/15eac168b67d44f04e70744dacff5721_
[Mon Jan 15 12:02:20 2024]
Job 49: 
        Scans reference genome for matches againts input motif.
        Output compressed.
        
Reason: Missing output files: results/tfbs-scan/hg38/scan/ENCSR000AHD.MCF7_Invasive_ductal_breast_carcinoma.CTCF.MA0139.1.damo.pwm/ENCSR000AHD.MCF7_Invasive_ductal_breast_carcinoma.CTCF.MA0139.1.damo.pwm-sites.masked.chr16.bed

Activating conda environment: ../../../../../../../../../../../../../home/tubbsca/snakemake_condas/15eac168b67d44f04e70744dacff5721_

[Mon Jan 15 12:02:20 2024]
Job 79: 
        Scans reference genome for matches againts input motif.
        Output compressed.
        
Reason: Missing output files: results/tfbs-scan/hg38/scan/ENCSR000ATM.K562_myelogenous_leukemia.REST.MA0138.2.damo.pwm/ENCSR000ATM.K562_myelogenous_leukemia.REST.MA0138.2.damo.pwm-sites.masked.chr17.bed


Activating conda environment: ../../../../../../../../../../../../../home/tubbsca/snakemake_condas/15eac168b67d44f04e70744dacff5721_
[Mon Jan 15 12:02:20 2024]
Job 107: 
        Scans reference genome for matches againts input motif.
        Output compressed.
        
Reason: Missing output files: results/tfbs-scan/hg38/scan/ENCSR000ALJ.keratinocytes.CTCF.MA0139.1.damo.pwm/ENCSR000ALJ.keratinocytes.CTCF.MA0139.1.damo.pwm-sites.masked.chr16.bed


Activating conda environment: ../../../../../../../../../../../../../home/tubbsca/snakemake_condas/15eac168b67d44f04e70744dacff5721_
[Mon Jan 15 12:02:20 2024]
Job 166: 
        Scans reference genome for matches againts input motif.
        Output compressed.
        
Reason: Missing output files: results/tfbs-scan/hg38/scan/ENCSR000AOO.astrocytes.CTCF.MA0139.1.damo.pwm/ENCSR000AOO.astrocytes.CTCF.MA0139.1.damo.pwm-sites.masked.chr17.bed


Activating conda environment: ../../../../../../../../../../../../../home/tubbsca/snakemake_condas/15eac168b67d44f04e70744dacff5721_
[Mon Jan 15 12:02:20 2024]
Job 50: 
        Scans reference genome for matches againts input motif.
        Output compressed.
        
Reason: Missing output files: results/tfbs-scan/hg38/scan/ENCSR000AHD.MCF7_Invasive_ductal_breast_carcinoma.CTCF.MA0139.1.damo.pwm/ENCSR000AHD.MCF7_Invasive_ductal_breast_carcinoma.CTCF.MA0139.1.damo.pwm-sites.masked.chr17.bed

Activating conda environment: ../../../../../../../../../../../../../home/tubbsca/snakemake_condas/15eac168b67d44f04e70744dacff5721_
[Mon Jan 15 12:02:21 2024]
Finished job 45.
48 of 125 steps (38%) done
[Mon Jan 15 12:02:21 2024]
Finished job 104.
49 of 125 steps (39%) done
[Mon Jan 15 12:02:21 2024]
Finished job 133.
50 of 125 steps (40%) done
[Mon Jan 15 12:02:21 2024]
Finished job 162.
51 of 125 steps (41%) done
[Mon Jan 15 12:02:21 2024]
Finished job 134.
52 of 125 steps (42%) done
[Mon Jan 15 12:02:21 2024]
Finished job 163.
53 of 125 steps (42%) done
Select jobs to execute...

[Mon Jan 15 12:02:21 2024]
Job 80: 
        Scans reference genome for matches againts input motif.
        Output compressed.
        
Reason: Missing output files: results/tfbs-scan/hg38/scan/ENCSR000ATM.K562_myelogenous_leukemia.REST.MA0138.2.damo.pwm/ENCSR000ATM.K562_myelogenous_leukemia.REST.MA0138.2.damo.pwm-sites.masked.chr18.bed

Activating conda environment: ../../../../../../../../../../../../../home/tubbsca/snakemake_condas/15eac168b67d44f04e70744dacff5721_

[Mon Jan 15 12:02:21 2024]
Job 108: 
        Scans reference genome for matches againts input motif.
        Output compressed.
        
Reason: Missing output files: results/tfbs-scan/hg38/scan/ENCSR000ALJ.keratinocytes.CTCF.MA0139.1.damo.pwm/ENCSR000ALJ.keratinocytes.CTCF.MA0139.1.damo.pwm-sites.masked.chr17.bed


Activating conda environment: ../../../../../../../../../../../../../home/tubbsca/snakemake_condas/15eac168b67d44f04e70744dacff5721_
[Mon Jan 15 12:02:21 2024]
Job 109: 
        Scans reference genome for matches againts input motif.
        Output compressed.
        
Reason: Missing output files: results/tfbs-scan/hg38/scan/ENCSR000ALJ.keratinocytes.CTCF.MA0139.1.damo.pwm/ENCSR000ALJ.keratinocytes.CTCF.MA0139.1.damo.pwm-sites.masked.chr18.bed


Activating conda environment: ../../../../../../../../../../../../../home/tubbsca/snakemake_condas/15eac168b67d44f04e70744dacff5721_
[Mon Jan 15 12:02:21 2024]
Job 167: 
        Scans reference genome for matches againts input motif.
        Output compressed.
        
Reason: Missing output files: results/tfbs-scan/hg38/scan/ENCSR000AOO.astrocytes.CTCF.MA0139.1.damo.pwm/ENCSR000AOO.astrocytes.CTCF.MA0139.1.damo.pwm-sites.masked.chr18.bed

Activating conda environment: ../../../../../../../../../../../../../home/tubbsca/snakemake_condas/15eac168b67d44f04e70744dacff5721_

[Mon Jan 15 12:02:21 2024]
Job 51: 
        Scans reference genome for matches againts input motif.
        Output compressed.
        
Reason: Missing output files: results/tfbs-scan/hg38/scan/ENCSR000AHD.MCF7_Invasive_ductal_breast_carcinoma.CTCF.MA0139.1.damo.pwm/ENCSR000AHD.MCF7_Invasive_ductal_breast_carcinoma.CTCF.MA0139.1.damo.pwm-sites.masked.chr18.bed

Activating conda environment: ../../../../../../../../../../../../../home/tubbsca/snakemake_condas/15eac168b67d44f04e70744dacff5721_

[Mon Jan 15 12:02:21 2024]
Job 138: 
        Scans reference genome for matches againts input motif.
        Output compressed.
        
Reason: Missing output files: results/tfbs-scan/hg38/scan/ENCSR000ANO.normal_lung_fibroblasts.CTCF.MA0139.1.damo.pwm/ENCSR000ANO.normal_lung_fibroblasts.CTCF.MA0139.1.damo.pwm-sites.masked.chr18.bed

Activating conda environment: ../../../../../../../../../../../../../home/tubbsca/snakemake_condas/15eac168b67d44f04e70744dacff5721_
[Mon Jan 15 12:02:21 2024]
Finished job 47.
54 of 125 steps (43%) done
[Mon Jan 15 12:02:21 2024]
Finished job 105.
55 of 125 steps (44%) done
[Mon Jan 15 12:02:21 2024]
Finished job 77.
56 of 125 steps (45%) done
Select jobs to execute...

[Mon Jan 15 12:02:21 2024]
Job 81: 
        Scans reference genome for matches againts input motif.
        Output compressed.
        
Reason: Missing output files: results/tfbs-scan/hg38/scan/ENCSR000ATM.K562_myelogenous_leukemia.REST.MA0138.2.damo.pwm/ENCSR000ATM.K562_myelogenous_leukemia.REST.MA0138.2.damo.pwm-sites.masked.chr19.bed


Activating conda environment: ../../../../../../../../../../../../../home/tubbsca/snakemake_condas/15eac168b67d44f04e70744dacff5721_
[Mon Jan 15 12:02:21 2024]
Job 139: 
        Scans reference genome for matches againts input motif.
        Output compressed.
        
Reason: Missing output files: results/tfbs-scan/hg38/scan/ENCSR000ANO.normal_lung_fibroblasts.CTCF.MA0139.1.damo.pwm/ENCSR000ANO.normal_lung_fibroblasts.CTCF.MA0139.1.damo.pwm-sites.masked.chr19.bed


Activating conda environment: ../../../../../../../../../../../../../home/tubbsca/snakemake_condas/15eac168b67d44f04e70744dacff5721_
[Mon Jan 15 12:02:22 2024]
Job 168: 
        Scans reference genome for matches againts input motif.
        Output compressed.
        
Reason: Missing output files: results/tfbs-scan/hg38/scan/ENCSR000AOO.astrocytes.CTCF.MA0139.1.damo.pwm/ENCSR000AOO.astrocytes.CTCF.MA0139.1.damo.pwm-sites.masked.chr19.bed

Activating conda environment: ../../../../../../../../../../../../../home/tubbsca/snakemake_condas/15eac168b67d44f04e70744dacff5721_
[Mon Jan 15 12:02:22 2024]
Finished job 135.
57 of 125 steps (46%) done
[Mon Jan 15 12:02:22 2024]
Finished job 48.
58 of 125 steps (46%) done
[Mon Jan 15 12:02:22 2024]
Finished job 164.
59 of 125 steps (47%) done
Select jobs to execute...

[Mon Jan 15 12:02:22 2024]
Job 86: 
        Scans reference genome for matches againts input motif.
        Output compressed.
        
Reason: Missing output files: results/tfbs-scan/hg38/scan/ENCSR000ATM.K562_myelogenous_leukemia.REST.MA0138.2.damo.pwm/ENCSR000ATM.K562_myelogenous_leukemia.REST.MA0138.2.damo.pwm-sites.masked.chrY.bed

Activating conda environment: ../../../../../../../../../../../../../home/tubbsca/snakemake_condas/15eac168b67d44f04e70744dacff5721_

[Mon Jan 15 12:02:22 2024]
Job 110: 
        Scans reference genome for matches againts input motif.
        Output compressed.
        
Reason: Missing output files: results/tfbs-scan/hg38/scan/ENCSR000ALJ.keratinocytes.CTCF.MA0139.1.damo.pwm/ENCSR000ALJ.keratinocytes.CTCF.MA0139.1.damo.pwm-sites.masked.chr19.bed

Activating conda environment: ../../../../../../../../../../../../../home/tubbsca/snakemake_condas/15eac168b67d44f04e70744dacff5721_

[Mon Jan 15 12:02:22 2024]
Job 52: 
        Scans reference genome for matches againts input motif.
        Output compressed.
        
Reason: Missing output files: results/tfbs-scan/hg38/scan/ENCSR000AHD.MCF7_Invasive_ductal_breast_carcinoma.CTCF.MA0139.1.damo.pwm/ENCSR000AHD.MCF7_Invasive_ductal_breast_carcinoma.CTCF.MA0139.1.damo.pwm-sites.masked.chr19.bed

Select jobs to execute...
Activating conda environment: ../../../../../../../../../../../../../home/tubbsca/snakemake_condas/15eac168b67d44f04e70744dacff5721_
[Mon Jan 15 12:02:23 2024]
Finished job 106.
60 of 125 steps (48%) done

[Mon Jan 15 12:02:23 2024]
Job 144: 
        Scans reference genome for matches againts input motif.
        Output compressed.
        
Reason: Missing output files: results/tfbs-scan/hg38/scan/ENCSR000ANO.normal_lung_fibroblasts.CTCF.MA0139.1.damo.pwm/ENCSR000ANO.normal_lung_fibroblasts.CTCF.MA0139.1.damo.pwm-sites.masked.chrY.bed

Activating conda environment: ../../../../../../../../../../../../../home/tubbsca/snakemake_condas/15eac168b67d44f04e70744dacff5721_
[Mon Jan 15 12:02:23 2024]
Finished job 78.
61 of 125 steps (49%) done
Select jobs to execute...

[Mon Jan 15 12:02:23 2024]
Job 173: 
        Scans reference genome for matches againts input motif.
        Output compressed.
        
Reason: Missing output files: results/tfbs-scan/hg38/scan/ENCSR000AOO.astrocytes.CTCF.MA0139.1.damo.pwm/ENCSR000AOO.astrocytes.CTCF.MA0139.1.damo.pwm-sites.masked.chrY.bed

Activating conda environment: ../../../../../../../../../../../../../home/tubbsca/snakemake_condas/15eac168b67d44f04e70744dacff5721_
[Mon Jan 15 12:02:24 2024]
Finished job 136.
62 of 125 steps (50%) done
Select jobs to execute...

[Mon Jan 15 12:02:24 2024]
Job 57: 
        Scans reference genome for matches againts input motif.
        Output compressed.
        
Reason: Missing output files: results/tfbs-scan/hg38/scan/ENCSR000AHD.MCF7_Invasive_ductal_breast_carcinoma.CTCF.MA0139.1.damo.pwm/ENCSR000AHD.MCF7_Invasive_ductal_breast_carcinoma.CTCF.MA0139.1.damo.pwm-sites.masked.chrY.bed

Activating conda environment: ../../../../../../../../../../../../../home/tubbsca/snakemake_condas/15eac168b67d44f04e70744dacff5721_
[Mon Jan 15 12:02:24 2024]
Finished job 107.
63 of 125 steps (50%) done
Select jobs to execute...

[Mon Jan 15 12:02:24 2024]
Job 115: 
        Scans reference genome for matches againts input motif.
        Output compressed.
        
Reason: Missing output files: results/tfbs-scan/hg38/scan/ENCSR000ALJ.keratinocytes.CTCF.MA0139.1.damo.pwm/ENCSR000ALJ.keratinocytes.CTCF.MA0139.1.damo.pwm-sites.masked.chrY.bed

Activating conda environment: ../../../../../../../../../../../../../home/tubbsca/snakemake_condas/15eac168b67d44f04e70744dacff5721_
[Mon Jan 15 12:02:24 2024]
Finished job 49.
64 of 125 steps (51%) done
[Mon Jan 15 12:02:24 2024]
Finished job 165.
65 of 125 steps (52%) done
Select jobs to execute...

[Mon Jan 15 12:02:24 2024]
Job 142: 
        Scans reference genome for matches againts input motif.
        Output compressed.
        
Reason: Missing output files: results/tfbs-scan/hg38/scan/ENCSR000ANO.normal_lung_fibroblasts.CTCF.MA0139.1.damo.pwm/ENCSR000ANO.normal_lung_fibroblasts.CTCF.MA0139.1.damo.pwm-sites.masked.chr22.bed


Activating conda environment: ../../../../../../../../../../../../../home/tubbsca/snakemake_condas/15eac168b67d44f04e70744dacff5721_
[Mon Jan 15 12:02:24 2024]
Job 84: 
        Scans reference genome for matches againts input motif.
        Output compressed.
        
Reason: Missing output files: results/tfbs-scan/hg38/scan/ENCSR000ATM.K562_myelogenous_leukemia.REST.MA0138.2.damo.pwm/ENCSR000ATM.K562_myelogenous_leukemia.REST.MA0138.2.damo.pwm-sites.masked.chr22.bed

Select jobs to execute...
Activating conda environment: ../../../../../../../../../../../../../home/tubbsca/snakemake_condas/15eac168b67d44f04e70744dacff5721_
[Mon Jan 15 12:02:25 2024]
Finished job 86.
66 of 125 steps (53%) done

[Mon Jan 15 12:02:25 2024]
Job 171: 
        Scans reference genome for matches againts input motif.
        Output compressed.
        
Reason: Missing output files: results/tfbs-scan/hg38/scan/ENCSR000AOO.astrocytes.CTCF.MA0139.1.damo.pwm/ENCSR000AOO.astrocytes.CTCF.MA0139.1.damo.pwm-sites.masked.chr22.bed

Activating conda environment: ../../../../../../../../../../../../../home/tubbsca/snakemake_condas/15eac168b67d44f04e70744dacff5721_
[Mon Jan 15 12:02:25 2024]
Finished job 79.
67 of 125 steps (54%) done
[Mon Jan 15 12:02:25 2024]
Finished job 81.
68 of 125 steps (54%) done
Select jobs to execute...

[Mon Jan 15 12:02:25 2024]
Job 113: 
        Scans reference genome for matches againts input motif.
        Output compressed.
        
Reason: Missing output files: results/tfbs-scan/hg38/scan/ENCSR000ALJ.keratinocytes.CTCF.MA0139.1.damo.pwm/ENCSR000ALJ.keratinocytes.CTCF.MA0139.1.damo.pwm-sites.masked.chr22.bed; Set of input files has changed since last execution

Activating conda environment: ../../../../../../../../../../../../../home/tubbsca/snakemake_condas/15eac168b67d44f04e70744dacff5721_

[Mon Jan 15 12:02:25 2024]
Job 55: 
        Scans reference genome for matches againts input motif.
        Output compressed.
        
Reason: Missing output files: results/tfbs-scan/hg38/scan/ENCSR000AHD.MCF7_Invasive_ductal_breast_carcinoma.CTCF.MA0139.1.damo.pwm/ENCSR000AHD.MCF7_Invasive_ductal_breast_carcinoma.CTCF.MA0139.1.damo.pwm-sites.masked.chr22.bed; Set of input files has changed since last execution

Select jobs to execute...
Activating conda environment: ../../../../../../../../../../../../../home/tubbsca/snakemake_condas/15eac168b67d44f04e70744dacff5721_
[Mon Jan 15 12:02:25 2024]
Finished job 50.
69 of 125 steps (55%) done

[Mon Jan 15 12:02:25 2024]
Job 54: 
        Scans reference genome for matches againts input motif.
        Output compressed.
        
Reason: Missing output files: results/tfbs-scan/hg38/scan/ENCSR000AHD.MCF7_Invasive_ductal_breast_carcinoma.CTCF.MA0139.1.damo.pwm/ENCSR000AHD.MCF7_Invasive_ductal_breast_carcinoma.CTCF.MA0139.1.damo.pwm-sites.masked.chr21.bed

Activating conda environment: ../../../../../../../../../../../../../home/tubbsca/snakemake_condas/15eac168b67d44f04e70744dacff5721_
[Mon Jan 15 12:02:25 2024]
Finished job 166.
70 of 125 steps (56%) done
[Mon Jan 15 12:02:25 2024]
Finished job 137.
71 of 125 steps (57%) done
[Mon Jan 15 12:02:25 2024]
Finished job 168.
72 of 125 steps (58%) done
[Mon Jan 15 12:02:26 2024]
Finished job 139.
73 of 125 steps (58%) done
[Mon Jan 15 12:02:26 2024]
Finished job 144.
74 of 125 steps (59%) done
[Mon Jan 15 12:02:26 2024]
Finished job 80.
75 of 125 steps (60%) done
Select jobs to execute...

[Mon Jan 15 12:02:26 2024]
Job 69: 
        Scans reference genome for matches againts input motif.
        Output compressed.
        
Reason: Missing output files: results/tfbs-scan/hg38/scan/ENCSR000ATM.K562_myelogenous_leukemia.REST.MA0138.2.damo.pwm/ENCSR000ATM.K562_myelogenous_leukemia.REST.MA0138.2.damo.pwm-sites.masked.chr7.bed


Activating conda environment: ../../../../../../../../../../../../../home/tubbsca/snakemake_condas/15eac168b67d44f04e70744dacff5721_
[Mon Jan 15 12:02:26 2024]
Job 71: 
        Scans reference genome for matches againts input motif.
        Output compressed.
        
Reason: Missing output files: results/tfbs-scan/hg38/scan/ENCSR000ATM.K562_myelogenous_leukemia.REST.MA0138.2.damo.pwm/ENCSR000ATM.K562_myelogenous_leukemia.REST.MA0138.2.damo.pwm-sites.masked.chr9.bed


Activating conda environment: ../../../../../../../../../../../../../home/tubbsca/snakemake_condas/15eac168b67d44f04e70744dacff5721_
[Mon Jan 15 12:02:26 2024]
Job 127: 
        Scans reference genome for matches againts input motif.
        Output compressed.
        
Reason: Missing output files: results/tfbs-scan/hg38/scan/ENCSR000ANO.normal_lung_fibroblasts.CTCF.MA0139.1.damo.pwm/ENCSR000ANO.normal_lung_fibroblasts.CTCF.MA0139.1.damo.pwm-sites.masked.chr7.bed


Activating conda environment: ../../../../../../../../../../../../../home/tubbsca/snakemake_condas/15eac168b67d44f04e70744dacff5721_
[Mon Jan 15 12:02:26 2024]
Job 129: 
        Scans reference genome for matches againts input motif.
        Output compressed.
        
Reason: Missing output files: results/tfbs-scan/hg38/scan/ENCSR000ANO.normal_lung_fibroblasts.CTCF.MA0139.1.damo.pwm/ENCSR000ANO.normal_lung_fibroblasts.CTCF.MA0139.1.damo.pwm-sites.masked.chr9.bed

Activating conda environment: ../../../../../../../../../../../../../home/tubbsca/snakemake_condas/15eac168b67d44f04e70744dacff5721_

[Mon Jan 15 12:02:26 2024]
Job 82: 
        Scans reference genome for matches againts input motif.
        Output compressed.
        
Reason: Missing output files: results/tfbs-scan/hg38/scan/ENCSR000ATM.K562_myelogenous_leukemia.REST.MA0138.2.damo.pwm/ENCSR000ATM.K562_myelogenous_leukemia.REST.MA0138.2.damo.pwm-sites.masked.chr20.bed

Activating conda environment: ../../../../../../../../../../../../../home/tubbsca/snakemake_condas/15eac168b67d44f04e70744dacff5721_

[Mon Jan 15 12:02:26 2024]
Job 112: 
        Scans reference genome for matches againts input motif.
        Output compressed.
        
Reason: Missing output files: results/tfbs-scan/hg38/scan/ENCSR000ALJ.keratinocytes.CTCF.MA0139.1.damo.pwm/ENCSR000ALJ.keratinocytes.CTCF.MA0139.1.damo.pwm-sites.masked.chr21.bed

Activating conda environment: ../../../../../../../../../../../../../home/tubbsca/snakemake_condas/15eac168b67d44f04e70744dacff5721_
[Mon Jan 15 12:02:26 2024]
Finished job 167.
76 of 125 steps (61%) done
[Mon Jan 15 12:02:26 2024]
Finished job 173.
77 of 125 steps (62%) done
[Mon Jan 15 12:02:26 2024]
Finished job 108.
78 of 125 steps (62%) done
[Mon Jan 15 12:02:26 2024]
Finished job 110.
79 of 125 steps (63%) done
[Mon Jan 15 12:02:26 2024]
Finished job 52.
80 of 125 steps (64%) done
[Mon Jan 15 12:02:26 2024]
Error in rule scan_scan_chromosome:
    jobid: 69
    input: results/tfbs-scan/hg38/scan/ENCSR000ATM.K562_myelogenous_leukemia.REST.MA0138.2.damo.pwm/ENCSR000ATM.K562_myelogenous_leukemia.REST.MA0138.2.damo.pwm.IntLogOdds, results/tfbs-scan/hg38/scan/ENCSR000ATM.K562_myelogenous_leukemia.REST.MA0138.2.damo.pwm/ENCSR000ATM.K562_myelogenous_leukemia.REST.MA0138.2.damo.pwm-coeff.txt, results/tfbs-scan/hg38/mask/chr7.fa, resources/software/PWMScan/matrix_scan
    output: results/tfbs-scan/hg38/scan/ENCSR000ATM.K562_myelogenous_leukemia.REST.MA0138.2.damo.pwm/ENCSR000ATM.K562_myelogenous_leukemia.REST.MA0138.2.damo.pwm-sites.masked.chr7.bed
    log: workflow/logs/scan_chromosome_ENCSR000ATM.K562_myelogenous_leukemia.REST.MA0138.2.damo.pwm_hg38_chr7.stdout, workflow/logs/scan_chromosome_ENCSR000ATM.K562_myelogenous_leukemia.REST.MA0138.2.damo.pwm_hg38_chr7.stderr (check log file(s) for error details)
    conda-env: /home/tubbsca/snakemake_condas/15eac168b67d44f04e70744dacff5721_
    shell:
        
        resources/software/PWMScan/matrix_scan -m results/tfbs-scan/hg38/scan/ENCSR000ATM.K562_myelogenous_leukemia.REST.MA0138.2.damo.pwm/ENCSR000ATM.K562_myelogenous_leukemia.REST.MA0138.2.damo.pwm.IntLogOdds -c $(cat results/tfbs-scan/hg38/scan/ENCSR000ATM.K562_myelogenous_leukemia.REST.MA0138.2.damo.pwm/ENCSR000ATM.K562_myelogenous_leukemia.REST.MA0138.2.damo.pwm-coeff.txt) results/tfbs-scan/hg38/mask/chr7.fa > results/tfbs-scan/hg38/scan/ENCSR000ATM.K562_myelogenous_leukemia.REST.MA0138.2.damo.pwm/ENCSR000ATM.K562_myelogenous_leukemia.REST.MA0138.2.damo.pwm-sites.masked.chr7.bed
        
        (one of the commands exited with non-zero exit code; note that snakemake uses bash strict mode!)

[Mon Jan 15 12:02:26 2024]
Finished job 109.
81 of 125 steps (65%) done
[Mon Jan 15 12:02:27 2024]
Finished job 57.
82 of 125 steps (66%) done
[Mon Jan 15 12:02:27 2024]
Error in rule scan_scan_chromosome:
    jobid: 71
    input: results/tfbs-scan/hg38/scan/ENCSR000ATM.K562_myelogenous_leukemia.REST.MA0138.2.damo.pwm/ENCSR000ATM.K562_myelogenous_leukemia.REST.MA0138.2.damo.pwm.IntLogOdds, results/tfbs-scan/hg38/scan/ENCSR000ATM.K562_myelogenous_leukemia.REST.MA0138.2.damo.pwm/ENCSR000ATM.K562_myelogenous_leukemia.REST.MA0138.2.damo.pwm-coeff.txt, results/tfbs-scan/hg38/mask/chr9.fa, resources/software/PWMScan/matrix_scan
    output: results/tfbs-scan/hg38/scan/ENCSR000ATM.K562_myelogenous_leukemia.REST.MA0138.2.damo.pwm/ENCSR000ATM.K562_myelogenous_leukemia.REST.MA0138.2.damo.pwm-sites.masked.chr9.bed
    log: workflow/logs/scan_chromosome_ENCSR000ATM.K562_myelogenous_leukemia.REST.MA0138.2.damo.pwm_hg38_chr9.stdout, workflow/logs/scan_chromosome_ENCSR000ATM.K562_myelogenous_leukemia.REST.MA0138.2.damo.pwm_hg38_chr9.stderr (check log file(s) for error details)
    conda-env: /home/tubbsca/snakemake_condas/15eac168b67d44f04e70744dacff5721_
    shell:
        
        resources/software/PWMScan/matrix_scan -m results/tfbs-scan/hg38/scan/ENCSR000ATM.K562_myelogenous_leukemia.REST.MA0138.2.damo.pwm/ENCSR000ATM.K562_myelogenous_leukemia.REST.MA0138.2.damo.pwm.IntLogOdds -c $(cat results/tfbs-scan/hg38/scan/ENCSR000ATM.K562_myelogenous_leukemia.REST.MA0138.2.damo.pwm/ENCSR000ATM.K562_myelogenous_leukemia.REST.MA0138.2.damo.pwm-coeff.txt) results/tfbs-scan/hg38/mask/chr9.fa > results/tfbs-scan/hg38/scan/ENCSR000ATM.K562_myelogenous_leukemia.REST.MA0138.2.damo.pwm/ENCSR000ATM.K562_myelogenous_leukemia.REST.MA0138.2.damo.pwm-sites.masked.chr9.bed
        
        (one of the commands exited with non-zero exit code; note that snakemake uses bash strict mode!)

[Mon Jan 15 12:02:27 2024]
Finished job 51.
83 of 125 steps (66%) done
[Mon Jan 15 12:02:27 2024]
Error in rule scan_scan_chromosome:
    jobid: 127
    input: results/tfbs-scan/hg38/scan/ENCSR000ANO.normal_lung_fibroblasts.CTCF.MA0139.1.damo.pwm/ENCSR000ANO.normal_lung_fibroblasts.CTCF.MA0139.1.damo.pwm.IntLogOdds, results/tfbs-scan/hg38/scan/ENCSR000ANO.normal_lung_fibroblasts.CTCF.MA0139.1.damo.pwm/ENCSR000ANO.normal_lung_fibroblasts.CTCF.MA0139.1.damo.pwm-coeff.txt, results/tfbs-scan/hg38/mask/chr7.fa, resources/software/PWMScan/matrix_scan
    output: results/tfbs-scan/hg38/scan/ENCSR000ANO.normal_lung_fibroblasts.CTCF.MA0139.1.damo.pwm/ENCSR000ANO.normal_lung_fibroblasts.CTCF.MA0139.1.damo.pwm-sites.masked.chr7.bed
    log: workflow/logs/scan_chromosome_ENCSR000ANO.normal_lung_fibroblasts.CTCF.MA0139.1.damo.pwm_hg38_chr7.stdout, workflow/logs/scan_chromosome_ENCSR000ANO.normal_lung_fibroblasts.CTCF.MA0139.1.damo.pwm_hg38_chr7.stderr (check log file(s) for error details)
    conda-env: /home/tubbsca/snakemake_condas/15eac168b67d44f04e70744dacff5721_
    shell:
        
        resources/software/PWMScan/matrix_scan -m results/tfbs-scan/hg38/scan/ENCSR000ANO.normal_lung_fibroblasts.CTCF.MA0139.1.damo.pwm/ENCSR000ANO.normal_lung_fibroblasts.CTCF.MA0139.1.damo.pwm.IntLogOdds -c $(cat results/tfbs-scan/hg38/scan/ENCSR000ANO.normal_lung_fibroblasts.CTCF.MA0139.1.damo.pwm/ENCSR000ANO.normal_lung_fibroblasts.CTCF.MA0139.1.damo.pwm-coeff.txt) results/tfbs-scan/hg38/mask/chr7.fa > results/tfbs-scan/hg38/scan/ENCSR000ANO.normal_lung_fibroblasts.CTCF.MA0139.1.damo.pwm/ENCSR000ANO.normal_lung_fibroblasts.CTCF.MA0139.1.damo.pwm-sites.masked.chr7.bed
        
        (one of the commands exited with non-zero exit code; note that snakemake uses bash strict mode!)

[Mon Jan 15 12:02:27 2024]
Error in rule scan_scan_chromosome:
    jobid: 129
    input: results/tfbs-scan/hg38/scan/ENCSR000ANO.normal_lung_fibroblasts.CTCF.MA0139.1.damo.pwm/ENCSR000ANO.normal_lung_fibroblasts.CTCF.MA0139.1.damo.pwm.IntLogOdds, results/tfbs-scan/hg38/scan/ENCSR000ANO.normal_lung_fibroblasts.CTCF.MA0139.1.damo.pwm/ENCSR000ANO.normal_lung_fibroblasts.CTCF.MA0139.1.damo.pwm-coeff.txt, results/tfbs-scan/hg38/mask/chr9.fa, resources/software/PWMScan/matrix_scan
    output: results/tfbs-scan/hg38/scan/ENCSR000ANO.normal_lung_fibroblasts.CTCF.MA0139.1.damo.pwm/ENCSR000ANO.normal_lung_fibroblasts.CTCF.MA0139.1.damo.pwm-sites.masked.chr9.bed
    log: workflow/logs/scan_chromosome_ENCSR000ANO.normal_lung_fibroblasts.CTCF.MA0139.1.damo.pwm_hg38_chr9.stdout, workflow/logs/scan_chromosome_ENCSR000ANO.normal_lung_fibroblasts.CTCF.MA0139.1.damo.pwm_hg38_chr9.stderr (check log file(s) for error details)
    conda-env: /home/tubbsca/snakemake_condas/15eac168b67d44f04e70744dacff5721_
    shell:
        
        resources/software/PWMScan/matrix_scan -m results/tfbs-scan/hg38/scan/ENCSR000ANO.normal_lung_fibroblasts.CTCF.MA0139.1.damo.pwm/ENCSR000ANO.normal_lung_fibroblasts.CTCF.MA0139.1.damo.pwm.IntLogOdds -c $(cat results/tfbs-scan/hg38/scan/ENCSR000ANO.normal_lung_fibroblasts.CTCF.MA0139.1.damo.pwm/ENCSR000ANO.normal_lung_fibroblasts.CTCF.MA0139.1.damo.pwm-coeff.txt) results/tfbs-scan/hg38/mask/chr9.fa > results/tfbs-scan/hg38/scan/ENCSR000ANO.normal_lung_fibroblasts.CTCF.MA0139.1.damo.pwm/ENCSR000ANO.normal_lung_fibroblasts.CTCF.MA0139.1.damo.pwm-sites.masked.chr9.bed
        
        (one of the commands exited with non-zero exit code; note that snakemake uses bash strict mode!)

[Mon Jan 15 12:02:27 2024]
Error in rule scan_scan_chromosome:
    jobid: 82
    input: results/tfbs-scan/hg38/scan/ENCSR000ATM.K562_myelogenous_leukemia.REST.MA0138.2.damo.pwm/ENCSR000ATM.K562_myelogenous_leukemia.REST.MA0138.2.damo.pwm.IntLogOdds, results/tfbs-scan/hg38/scan/ENCSR000ATM.K562_myelogenous_leukemia.REST.MA0138.2.damo.pwm/ENCSR000ATM.K562_myelogenous_leukemia.REST.MA0138.2.damo.pwm-coeff.txt, results/tfbs-scan/hg38/mask/chr20.fa, resources/software/PWMScan/matrix_scan
    output: results/tfbs-scan/hg38/scan/ENCSR000ATM.K562_myelogenous_leukemia.REST.MA0138.2.damo.pwm/ENCSR000ATM.K562_myelogenous_leukemia.REST.MA0138.2.damo.pwm-sites.masked.chr20.bed
    log: workflow/logs/scan_chromosome_ENCSR000ATM.K562_myelogenous_leukemia.REST.MA0138.2.damo.pwm_hg38_chr20.stdout, workflow/logs/scan_chromosome_ENCSR000ATM.K562_myelogenous_leukemia.REST.MA0138.2.damo.pwm_hg38_chr20.stderr (check log file(s) for error details)
    conda-env: /home/tubbsca/snakemake_condas/15eac168b67d44f04e70744dacff5721_
    shell:
        
        resources/software/PWMScan/matrix_scan -m results/tfbs-scan/hg38/scan/ENCSR000ATM.K562_myelogenous_leukemia.REST.MA0138.2.damo.pwm/ENCSR000ATM.K562_myelogenous_leukemia.REST.MA0138.2.damo.pwm.IntLogOdds -c $(cat results/tfbs-scan/hg38/scan/ENCSR000ATM.K562_myelogenous_leukemia.REST.MA0138.2.damo.pwm/ENCSR000ATM.K562_myelogenous_leukemia.REST.MA0138.2.damo.pwm-coeff.txt) results/tfbs-scan/hg38/mask/chr20.fa > results/tfbs-scan/hg38/scan/ENCSR000ATM.K562_myelogenous_leukemia.REST.MA0138.2.damo.pwm/ENCSR000ATM.K562_myelogenous_leukemia.REST.MA0138.2.damo.pwm-sites.masked.chr20.bed
        
        (one of the commands exited with non-zero exit code; note that snakemake uses bash strict mode!)

[Mon Jan 15 12:02:27 2024]
Finished job 5.
84 of 125 steps (67%) done
[Mon Jan 15 12:02:27 2024]
Finished job 138.
85 of 125 steps (68%) done
Select jobs to execute...

[Mon Jan 15 12:02:27 2024]
Job 122: 
        Scans reference genome for matches againts input motif.
        Output compressed.
        
Reason: Missing output files: results/tfbs-scan/hg38/scan/ENCSR000ANO.normal_lung_fibroblasts.CTCF.MA0139.1.damo.pwm/ENCSR000ANO.normal_lung_fibroblasts.CTCF.MA0139.1.damo.pwm-sites.masked.chr2.bed; Input files updated by another job: results/tfbs-scan/hg38/mask/chr2.fa

Activating conda environment: ../../../../../../../../../../../../../home/tubbsca/snakemake_condas/15eac168b67d44f04e70744dacff5721_

[Mon Jan 15 12:02:27 2024]
Job 53: 
        Scans reference genome for matches againts input motif.
        Output compressed.
        
Reason: Missing output files: results/tfbs-scan/hg38/scan/ENCSR000AHD.MCF7_Invasive_ductal_breast_carcinoma.CTCF.MA0139.1.damo.pwm/ENCSR000AHD.MCF7_Invasive_ductal_breast_carcinoma.CTCF.MA0139.1.damo.pwm-sites.masked.chr20.bed


Activating conda environment: ../../../../../../../../../../../../../home/tubbsca/snakemake_condas/15eac168b67d44f04e70744dacff5721_
[Mon Jan 15 12:02:27 2024]
Job 151: 
        Scans reference genome for matches againts input motif.
        Output compressed.
        
Reason: Missing output files: results/tfbs-scan/hg38/scan/ENCSR000AOO.astrocytes.CTCF.MA0139.1.damo.pwm/ENCSR000AOO.astrocytes.CTCF.MA0139.1.damo.pwm-sites.masked.chr2.bed; Input files updated by another job: results/tfbs-scan/hg38/mask/chr2.fa


Activating conda environment: ../../../../../../../../../../../../../home/tubbsca/snakemake_condas/15eac168b67d44f04e70744dacff5721_
[Mon Jan 15 12:02:27 2024]
Job 169: 
        Scans reference genome for matches againts input motif.
        Output compressed.
        
Reason: Missing output files: results/tfbs-scan/hg38/scan/ENCSR000AOO.astrocytes.CTCF.MA0139.1.damo.pwm/ENCSR000AOO.astrocytes.CTCF.MA0139.1.damo.pwm-sites.masked.chr20.bed


Activating conda environment: ../../../../../../../../../../../../../home/tubbsca/snakemake_condas/15eac168b67d44f04e70744dacff5721_
[Mon Jan 15 12:02:27 2024]
Job 35: 
        Scans reference genome for matches againts input motif.
        Output compressed.
        
Reason: Missing output files: results/tfbs-scan/hg38/scan/ENCSR000AHD.MCF7_Invasive_ductal_breast_carcinoma.CTCF.MA0139.1.damo.pwm/ENCSR000AHD.MCF7_Invasive_ductal_breast_carcinoma.CTCF.MA0139.1.damo.pwm-sites.masked.chr2.bed; Input files updated by another job: results/tfbs-scan/hg38/mask/chr2.fa

Activating conda environment: ../../../../../../../../../../../../../home/tubbsca/snakemake_condas/15eac168b67d44f04e70744dacff5721_

[Mon Jan 15 12:02:27 2024]
Job 93: 
        Scans reference genome for matches againts input motif.
        Output compressed.
        
Reason: Missing output files: results/tfbs-scan/hg38/scan/ENCSR000ALJ.keratinocytes.CTCF.MA0139.1.damo.pwm/ENCSR000ALJ.keratinocytes.CTCF.MA0139.1.damo.pwm-sites.masked.chr2.bed; Input files updated by another job: results/tfbs-scan/hg38/mask/chr2.fa


Activating conda environment: ../../../../../../../../../../../../../home/tubbsca/snakemake_condas/15eac168b67d44f04e70744dacff5721_
[Mon Jan 15 12:02:27 2024]
Job 140: 
        Scans reference genome for matches againts input motif.
        Output compressed.
        
Reason: Missing output files: results/tfbs-scan/hg38/scan/ENCSR000ANO.normal_lung_fibroblasts.CTCF.MA0139.1.damo.pwm/ENCSR000ANO.normal_lung_fibroblasts.CTCF.MA0139.1.damo.pwm-sites.masked.chr20.bed

Activating conda environment: ../../../../../../../../../../../../../home/tubbsca/snakemake_condas/15eac168b67d44f04e70744dacff5721_

[Mon Jan 15 12:02:27 2024]
Job 156: 
        Scans reference genome for matches againts input motif.
        Output compressed.
        
Reason: Missing output files: results/tfbs-scan/hg38/scan/ENCSR000AOO.astrocytes.CTCF.MA0139.1.damo.pwm/ENCSR000AOO.astrocytes.CTCF.MA0139.1.damo.pwm-sites.masked.chr7.bed

Activating conda environment: ../../../../../../../../../../../../../home/tubbsca/snakemake_condas/15eac168b67d44f04e70744dacff5721_

[Mon Jan 15 12:02:27 2024]
Job 158: 
        Scans reference genome for matches againts input motif.
        Output compressed.
        
Reason: Missing output files: results/tfbs-scan/hg38/scan/ENCSR000AOO.astrocytes.CTCF.MA0139.1.damo.pwm/ENCSR000AOO.astrocytes.CTCF.MA0139.1.damo.pwm-sites.masked.chr9.bed

Activating conda environment: ../../../../../../../../../../../../../home/tubbsca/snakemake_condas/15eac168b67d44f04e70744dacff5721_

[Mon Jan 15 12:02:27 2024]
Job 64: 
        Scans reference genome for matches againts input motif.
        Output compressed.
        
Reason: Missing output files: results/tfbs-scan/hg38/scan/ENCSR000ATM.K562_myelogenous_leukemia.REST.MA0138.2.damo.pwm/ENCSR000ATM.K562_myelogenous_leukemia.REST.MA0138.2.damo.pwm-sites.masked.chr2.bed; Input files updated by another job: results/tfbs-scan/hg38/mask/chr2.fa

Activating conda environment: ../../../../../../../../../../../../../home/tubbsca/snakemake_condas/15eac168b67d44f04e70744dacff5721_
[Mon Jan 15 12:02:27 2024]
Finished job 115.
86 of 125 steps (69%) done
[Mon Jan 15 12:02:27 2024]
Error in rule scan_scan_chromosome:
    jobid: 53
    input: results/tfbs-scan/hg38/scan/ENCSR000AHD.MCF7_Invasive_ductal_breast_carcinoma.CTCF.MA0139.1.damo.pwm/ENCSR000AHD.MCF7_Invasive_ductal_breast_carcinoma.CTCF.MA0139.1.damo.pwm.IntLogOdds, results/tfbs-scan/hg38/scan/ENCSR000AHD.MCF7_Invasive_ductal_breast_carcinoma.CTCF.MA0139.1.damo.pwm/ENCSR000AHD.MCF7_Invasive_ductal_breast_carcinoma.CTCF.MA0139.1.damo.pwm-coeff.txt, results/tfbs-scan/hg38/mask/chr20.fa, resources/software/PWMScan/matrix_scan
    output: results/tfbs-scan/hg38/scan/ENCSR000AHD.MCF7_Invasive_ductal_breast_carcinoma.CTCF.MA0139.1.damo.pwm/ENCSR000AHD.MCF7_Invasive_ductal_breast_carcinoma.CTCF.MA0139.1.damo.pwm-sites.masked.chr20.bed
    log: workflow/logs/scan_chromosome_ENCSR000AHD.MCF7_Invasive_ductal_breast_carcinoma.CTCF.MA0139.1.damo.pwm_hg38_chr20.stdout, workflow/logs/scan_chromosome_ENCSR000AHD.MCF7_Invasive_ductal_breast_carcinoma.CTCF.MA0139.1.damo.pwm_hg38_chr20.stderr (check log file(s) for error details)
    conda-env: /home/tubbsca/snakemake_condas/15eac168b67d44f04e70744dacff5721_
    shell:
        
        resources/software/PWMScan/matrix_scan -m results/tfbs-scan/hg38/scan/ENCSR000AHD.MCF7_Invasive_ductal_breast_carcinoma.CTCF.MA0139.1.damo.pwm/ENCSR000AHD.MCF7_Invasive_ductal_breast_carcinoma.CTCF.MA0139.1.damo.pwm.IntLogOdds -c $(cat results/tfbs-scan/hg38/scan/ENCSR000AHD.MCF7_Invasive_ductal_breast_carcinoma.CTCF.MA0139.1.damo.pwm/ENCSR000AHD.MCF7_Invasive_ductal_breast_carcinoma.CTCF.MA0139.1.damo.pwm-coeff.txt) results/tfbs-scan/hg38/mask/chr20.fa > results/tfbs-scan/hg38/scan/ENCSR000AHD.MCF7_Invasive_ductal_breast_carcinoma.CTCF.MA0139.1.damo.pwm/ENCSR000AHD.MCF7_Invasive_ductal_breast_carcinoma.CTCF.MA0139.1.damo.pwm-sites.masked.chr20.bed
        
        (one of the commands exited with non-zero exit code; note that snakemake uses bash strict mode!)

[Mon Jan 15 12:02:27 2024]
Error in rule scan_scan_chromosome:
    jobid: 169
    input: results/tfbs-scan/hg38/scan/ENCSR000AOO.astrocytes.CTCF.MA0139.1.damo.pwm/ENCSR000AOO.astrocytes.CTCF.MA0139.1.damo.pwm.IntLogOdds, results/tfbs-scan/hg38/scan/ENCSR000AOO.astrocytes.CTCF.MA0139.1.damo.pwm/ENCSR000AOO.astrocytes.CTCF.MA0139.1.damo.pwm-coeff.txt, results/tfbs-scan/hg38/mask/chr20.fa, resources/software/PWMScan/matrix_scan
    output: results/tfbs-scan/hg38/scan/ENCSR000AOO.astrocytes.CTCF.MA0139.1.damo.pwm/ENCSR000AOO.astrocytes.CTCF.MA0139.1.damo.pwm-sites.masked.chr20.bed
    log: workflow/logs/scan_chromosome_ENCSR000AOO.astrocytes.CTCF.MA0139.1.damo.pwm_hg38_chr20.stdout, workflow/logs/scan_chromosome_ENCSR000AOO.astrocytes.CTCF.MA0139.1.damo.pwm_hg38_chr20.stderr (check log file(s) for error details)
    conda-env: /home/tubbsca/snakemake_condas/15eac168b67d44f04e70744dacff5721_
    shell:
        
        resources/software/PWMScan/matrix_scan -m results/tfbs-scan/hg38/scan/ENCSR000AOO.astrocytes.CTCF.MA0139.1.damo.pwm/ENCSR000AOO.astrocytes.CTCF.MA0139.1.damo.pwm.IntLogOdds -c $(cat results/tfbs-scan/hg38/scan/ENCSR000AOO.astrocytes.CTCF.MA0139.1.damo.pwm/ENCSR000AOO.astrocytes.CTCF.MA0139.1.damo.pwm-coeff.txt) results/tfbs-scan/hg38/mask/chr20.fa > results/tfbs-scan/hg38/scan/ENCSR000AOO.astrocytes.CTCF.MA0139.1.damo.pwm/ENCSR000AOO.astrocytes.CTCF.MA0139.1.damo.pwm-sites.masked.chr20.bed
        
        (one of the commands exited with non-zero exit code; note that snakemake uses bash strict mode!)

[Mon Jan 15 12:02:28 2024]
Finished job 84.
87 of 125 steps (70%) done
[Mon Jan 15 12:02:28 2024]
Finished job 142.
88 of 125 steps (70%) done
[Mon Jan 15 12:02:28 2024]
Finished job 171.
89 of 125 steps (71%) done
[Mon Jan 15 12:02:28 2024]
Finished job 113.
90 of 125 steps (72%) done
[Mon Jan 15 12:02:28 2024]
Finished job 55.
91 of 125 steps (73%) done
Removing output files of failed job scan_scan_chromosome since they might be corrupted:
results/tfbs-scan/hg38/scan/ENCSR000ATM.K562_myelogenous_leukemia.REST.MA0138.2.damo.pwm/ENCSR000ATM.K562_myelogenous_leukemia.REST.MA0138.2.damo.pwm-sites.masked.chr7.bed
Removing output files of failed job scan_scan_chromosome since they might be corrupted:
results/tfbs-scan/hg38/scan/ENCSR000ATM.K562_myelogenous_leukemia.REST.MA0138.2.damo.pwm/ENCSR000ATM.K562_myelogenous_leukemia.REST.MA0138.2.damo.pwm-sites.masked.chr9.bed
Removing output files of failed job scan_scan_chromosome since they might be corrupted:
results/tfbs-scan/hg38/scan/ENCSR000ANO.normal_lung_fibroblasts.CTCF.MA0139.1.damo.pwm/ENCSR000ANO.normal_lung_fibroblasts.CTCF.MA0139.1.damo.pwm-sites.masked.chr7.bed
Removing output files of failed job scan_scan_chromosome since they might be corrupted:
results/tfbs-scan/hg38/scan/ENCSR000ANO.normal_lung_fibroblasts.CTCF.MA0139.1.damo.pwm/ENCSR000ANO.normal_lung_fibroblasts.CTCF.MA0139.1.damo.pwm-sites.masked.chr9.bed
Removing output files of failed job scan_scan_chromosome since they might be corrupted:
results/tfbs-scan/hg38/scan/ENCSR000ATM.K562_myelogenous_leukemia.REST.MA0138.2.damo.pwm/ENCSR000ATM.K562_myelogenous_leukemia.REST.MA0138.2.damo.pwm-sites.masked.chr20.bed
[Mon Jan 15 12:02:28 2024]
Error in rule scan_scan_chromosome:
    jobid: 140
    input: results/tfbs-scan/hg38/scan/ENCSR000ANO.normal_lung_fibroblasts.CTCF.MA0139.1.damo.pwm/ENCSR000ANO.normal_lung_fibroblasts.CTCF.MA0139.1.damo.pwm.IntLogOdds, results/tfbs-scan/hg38/scan/ENCSR000ANO.normal_lung_fibroblasts.CTCF.MA0139.1.damo.pwm/ENCSR000ANO.normal_lung_fibroblasts.CTCF.MA0139.1.damo.pwm-coeff.txt, results/tfbs-scan/hg38/mask/chr20.fa, resources/software/PWMScan/matrix_scan
    output: results/tfbs-scan/hg38/scan/ENCSR000ANO.normal_lung_fibroblasts.CTCF.MA0139.1.damo.pwm/ENCSR000ANO.normal_lung_fibroblasts.CTCF.MA0139.1.damo.pwm-sites.masked.chr20.bed
    log: workflow/logs/scan_chromosome_ENCSR000ANO.normal_lung_fibroblasts.CTCF.MA0139.1.damo.pwm_hg38_chr20.stdout, workflow/logs/scan_chromosome_ENCSR000ANO.normal_lung_fibroblasts.CTCF.MA0139.1.damo.pwm_hg38_chr20.stderr (check log file(s) for error details)
    conda-env: /home/tubbsca/snakemake_condas/15eac168b67d44f04e70744dacff5721_
    shell:
        
        resources/software/PWMScan/matrix_scan -m results/tfbs-scan/hg38/scan/ENCSR000ANO.normal_lung_fibroblasts.CTCF.MA0139.1.damo.pwm/ENCSR000ANO.normal_lung_fibroblasts.CTCF.MA0139.1.damo.pwm.IntLogOdds -c $(cat results/tfbs-scan/hg38/scan/ENCSR000ANO.normal_lung_fibroblasts.CTCF.MA0139.1.damo.pwm/ENCSR000ANO.normal_lung_fibroblasts.CTCF.MA0139.1.damo.pwm-coeff.txt) results/tfbs-scan/hg38/mask/chr20.fa > results/tfbs-scan/hg38/scan/ENCSR000ANO.normal_lung_fibroblasts.CTCF.MA0139.1.damo.pwm/ENCSR000ANO.normal_lung_fibroblasts.CTCF.MA0139.1.damo.pwm-sites.masked.chr20.bed
        
        (one of the commands exited with non-zero exit code; note that snakemake uses bash strict mode!)

[Mon Jan 15 12:02:28 2024]
Finished job 54.
92 of 125 steps (74%) done
Removing output files of failed job scan_scan_chromosome since they might be corrupted:
results/tfbs-scan/hg38/scan/ENCSR000AHD.MCF7_Invasive_ductal_breast_carcinoma.CTCF.MA0139.1.damo.pwm/ENCSR000AHD.MCF7_Invasive_ductal_breast_carcinoma.CTCF.MA0139.1.damo.pwm-sites.masked.chr20.bed
Removing output files of failed job scan_scan_chromosome since they might be corrupted:
results/tfbs-scan/hg38/scan/ENCSR000AOO.astrocytes.CTCF.MA0139.1.damo.pwm/ENCSR000AOO.astrocytes.CTCF.MA0139.1.damo.pwm-sites.masked.chr20.bed
Removing output files of failed job scan_scan_chromosome since they might be corrupted:
results/tfbs-scan/hg38/scan/ENCSR000ANO.normal_lung_fibroblasts.CTCF.MA0139.1.damo.pwm/ENCSR000ANO.normal_lung_fibroblasts.CTCF.MA0139.1.damo.pwm-sites.masked.chr20.bed
[Mon Jan 15 12:02:28 2024]
Error in rule scan_scan_chromosome:
    jobid: 156
    input: results/tfbs-scan/hg38/scan/ENCSR000AOO.astrocytes.CTCF.MA0139.1.damo.pwm/ENCSR000AOO.astrocytes.CTCF.MA0139.1.damo.pwm.IntLogOdds, results/tfbs-scan/hg38/scan/ENCSR000AOO.astrocytes.CTCF.MA0139.1.damo.pwm/ENCSR000AOO.astrocytes.CTCF.MA0139.1.damo.pwm-coeff.txt, results/tfbs-scan/hg38/mask/chr7.fa, resources/software/PWMScan/matrix_scan
    output: results/tfbs-scan/hg38/scan/ENCSR000AOO.astrocytes.CTCF.MA0139.1.damo.pwm/ENCSR000AOO.astrocytes.CTCF.MA0139.1.damo.pwm-sites.masked.chr7.bed
    log: workflow/logs/scan_chromosome_ENCSR000AOO.astrocytes.CTCF.MA0139.1.damo.pwm_hg38_chr7.stdout, workflow/logs/scan_chromosome_ENCSR000AOO.astrocytes.CTCF.MA0139.1.damo.pwm_hg38_chr7.stderr (check log file(s) for error details)
    conda-env: /home/tubbsca/snakemake_condas/15eac168b67d44f04e70744dacff5721_
    shell:
        
        resources/software/PWMScan/matrix_scan -m results/tfbs-scan/hg38/scan/ENCSR000AOO.astrocytes.CTCF.MA0139.1.damo.pwm/ENCSR000AOO.astrocytes.CTCF.MA0139.1.damo.pwm.IntLogOdds -c $(cat results/tfbs-scan/hg38/scan/ENCSR000AOO.astrocytes.CTCF.MA0139.1.damo.pwm/ENCSR000AOO.astrocytes.CTCF.MA0139.1.damo.pwm-coeff.txt) results/tfbs-scan/hg38/mask/chr7.fa > results/tfbs-scan/hg38/scan/ENCSR000AOO.astrocytes.CTCF.MA0139.1.damo.pwm/ENCSR000AOO.astrocytes.CTCF.MA0139.1.damo.pwm-sites.masked.chr7.bed
        
        (one of the commands exited with non-zero exit code; note that snakemake uses bash strict mode!)

Removing output files of failed job scan_scan_chromosome since they might be corrupted:
results/tfbs-scan/hg38/scan/ENCSR000AOO.astrocytes.CTCF.MA0139.1.damo.pwm/ENCSR000AOO.astrocytes.CTCF.MA0139.1.damo.pwm-sites.masked.chr7.bed
[Mon Jan 15 12:02:28 2024]
Error in rule scan_scan_chromosome:
    jobid: 158
    input: results/tfbs-scan/hg38/scan/ENCSR000AOO.astrocytes.CTCF.MA0139.1.damo.pwm/ENCSR000AOO.astrocytes.CTCF.MA0139.1.damo.pwm.IntLogOdds, results/tfbs-scan/hg38/scan/ENCSR000AOO.astrocytes.CTCF.MA0139.1.damo.pwm/ENCSR000AOO.astrocytes.CTCF.MA0139.1.damo.pwm-coeff.txt, results/tfbs-scan/hg38/mask/chr9.fa, resources/software/PWMScan/matrix_scan
    output: results/tfbs-scan/hg38/scan/ENCSR000AOO.astrocytes.CTCF.MA0139.1.damo.pwm/ENCSR000AOO.astrocytes.CTCF.MA0139.1.damo.pwm-sites.masked.chr9.bed
    log: workflow/logs/scan_chromosome_ENCSR000AOO.astrocytes.CTCF.MA0139.1.damo.pwm_hg38_chr9.stdout, workflow/logs/scan_chromosome_ENCSR000AOO.astrocytes.CTCF.MA0139.1.damo.pwm_hg38_chr9.stderr (check log file(s) for error details)
    conda-env: /home/tubbsca/snakemake_condas/15eac168b67d44f04e70744dacff5721_
    shell:
        
        resources/software/PWMScan/matrix_scan -m results/tfbs-scan/hg38/scan/ENCSR000AOO.astrocytes.CTCF.MA0139.1.damo.pwm/ENCSR000AOO.astrocytes.CTCF.MA0139.1.damo.pwm.IntLogOdds -c $(cat results/tfbs-scan/hg38/scan/ENCSR000AOO.astrocytes.CTCF.MA0139.1.damo.pwm/ENCSR000AOO.astrocytes.CTCF.MA0139.1.damo.pwm-coeff.txt) results/tfbs-scan/hg38/mask/chr9.fa > results/tfbs-scan/hg38/scan/ENCSR000AOO.astrocytes.CTCF.MA0139.1.damo.pwm/ENCSR000AOO.astrocytes.CTCF.MA0139.1.damo.pwm-sites.masked.chr9.bed
        
        (one of the commands exited with non-zero exit code; note that snakemake uses bash strict mode!)

Removing output files of failed job scan_scan_chromosome since they might be corrupted:
results/tfbs-scan/hg38/scan/ENCSR000AOO.astrocytes.CTCF.MA0139.1.damo.pwm/ENCSR000AOO.astrocytes.CTCF.MA0139.1.damo.pwm-sites.masked.chr9.bed
[Mon Jan 15 12:02:28 2024]
Finished job 112.
93 of 125 steps (74%) done
[Mon Jan 15 12:02:40 2024]
Finished job 122.
94 of 125 steps (75%) done
[Mon Jan 15 12:02:40 2024]
Finished job 64.
95 of 125 steps (76%) done
[Mon Jan 15 12:02:41 2024]
Finished job 93.
96 of 125 steps (77%) done
[Mon Jan 15 12:02:41 2024]
Finished job 35.
97 of 125 steps (78%) done
[Mon Jan 15 12:02:43 2024]
Finished job 151.
98 of 125 steps (78%) done
[Mon Jan 15 12:03:05 2024]
Finished job 1.
99 of 125 steps (79%) done
Shutting down, this might take some time.
Exiting because a job execution failed. Look above for error message
Complete log: .snakemake/log/2024-01-15T120150.520900.snakemake.log
