Building DAG of jobs...
Your conda installation is not configured to use strict channel priorities. This is however crucial for having robust and correct environments (for details, see https://conda-forge.org/docs/user/tipsandtricks.html). Please consider to configure strict priorities by executing 'conda config --set channel_priority strict'.
Using shell: /usr/bin/bash
Provided cores: 24
Rules claiming more threads will be scaled down.
Job stats:
job                      count
---------------------  -------
all                          1
sequence_split_genome       24
total                       25

Select jobs to execute...

[Sun Jan 14 17:48:34 2024]
Job 5: 
        d
        
Reason: Missing output files: results/tfbs-scan/hg38/mask/split/chr2.fa

Activating conda environment: ../../../../../../../../../../../../../home/tubbsca/snakemake_condas/15eac168b67d44f04e70744dacff5721_

[Sun Jan 14 17:48:34 2024]
Job 19: 
        d
        
Reason: Missing output files: results/tfbs-scan/hg38/mask/split/chr16.fa


Activating conda environment: ../../../../../../../../../../../../../home/tubbsca/snakemake_condas/15eac168b67d44f04e70744dacff5721_
[Sun Jan 14 17:48:34 2024]
Job 13: 
        d
        
Reason: Missing output files: results/tfbs-scan/hg38/mask/split/chr10.fa


Activating conda environment: ../../../../../../../../../../../../../home/tubbsca/snakemake_condas/15eac168b67d44f04e70744dacff5721_
[Sun Jan 14 17:48:34 2024]
Job 27: 
        d
        
Reason: Missing output files: results/tfbs-scan/hg38/mask/split/chrY.fa

Activating conda environment: ../../../../../../../../../../../../../home/tubbsca/snakemake_condas/15eac168b67d44f04e70744dacff5721_

[Sun Jan 14 17:48:34 2024]
Job 6: 
        d
        
Reason: Missing output files: results/tfbs-scan/hg38/mask/split/chr3.fa

Activating conda environment: ../../../../../../../../../../../../../home/tubbsca/snakemake_condas/15eac168b67d44f04e70744dacff5721_

[Sun Jan 14 17:48:34 2024]
Job 20: 
        d
        
Reason: Missing output files: results/tfbs-scan/hg38/mask/split/chr17.fa

Activating conda environment: ../../../../../../../../../../../../../home/tubbsca/snakemake_condas/15eac168b67d44f04e70744dacff5721_

[Sun Jan 14 17:48:34 2024]
Job 14: 
        d
        
Reason: Missing output files: results/tfbs-scan/hg38/mask/split/chr11.fa

Activating conda environment: ../../../../../../../../../../../../../home/tubbsca/snakemake_condas/15eac168b67d44f04e70744dacff5721_

[Sun Jan 14 17:48:34 2024]
Job 7: 
        d
        
Reason: Missing output files: results/tfbs-scan/hg38/mask/split/chr4.fa

Activating conda environment: ../../../../../../../../../../../../../home/tubbsca/snakemake_condas/15eac168b67d44f04e70744dacff5721_

[Sun Jan 14 17:48:34 2024]
Job 21: 
        d
        
Reason: Missing output files: results/tfbs-scan/hg38/mask/split/chr18.fa

Activating conda environment: ../../../../../../../../../../../../../home/tubbsca/snakemake_condas/15eac168b67d44f04e70744dacff5721_

[Sun Jan 14 17:48:35 2024]
Job 15: 
        d
        
Reason: Missing output files: results/tfbs-scan/hg38/mask/split/chr12.fa

Activating conda environment: ../../../../../../../../../../../../../home/tubbsca/snakemake_condas/15eac168b67d44f04e70744dacff5721_

[Sun Jan 14 17:48:35 2024]
Job 22: 
        d
        
Reason: Missing output files: results/tfbs-scan/hg38/mask/split/chr19.fa

Activating conda environment: ../../../../../../../../../../../../../home/tubbsca/snakemake_condas/15eac168b67d44f04e70744dacff5721_

[Sun Jan 14 17:48:35 2024]
Job 8: 
        d
        
Reason: Missing output files: results/tfbs-scan/hg38/mask/split/chr5.fa

Activating conda environment: ../../../../../../../../../../../../../home/tubbsca/snakemake_condas/15eac168b67d44f04e70744dacff5721_

[Sun Jan 14 17:48:35 2024]
Job 1: 
        d
        
Reason: Missing output files: results/tfbs-scan/hg38/mask/split/chr1.fa

Activating conda environment: ../../../../../../../../../../../../../home/tubbsca/snakemake_condas/15eac168b67d44f04e70744dacff5721_

[Sun Jan 14 17:48:35 2024]
Job 16: 
        d
        
Reason: Missing output files: results/tfbs-scan/hg38/mask/split/chr13.fa

Activating conda environment: ../../../../../../../../../../../../../home/tubbsca/snakemake_condas/15eac168b67d44f04e70744dacff5721_

[Sun Jan 14 17:48:35 2024]
Job 9: 
        d
        
Reason: Missing output files: results/tfbs-scan/hg38/mask/split/chr6.fa

Activating conda environment: ../../../../../../../../../../../../../home/tubbsca/snakemake_condas/15eac168b67d44f04e70744dacff5721_

[Sun Jan 14 17:48:35 2024]
Job 23: 
        d
        
Reason: Missing output files: results/tfbs-scan/hg38/mask/split/chr20.fa

Activating conda environment: ../../../../../../../../../../../../../home/tubbsca/snakemake_condas/15eac168b67d44f04e70744dacff5721_

[Sun Jan 14 17:48:35 2024]
Job 17: 
        d
        
Reason: Missing output files: results/tfbs-scan/hg38/mask/split/chr14.fa

Activating conda environment: ../../../../../../../../../../../../../home/tubbsca/snakemake_condas/15eac168b67d44f04e70744dacff5721_

[Sun Jan 14 17:48:35 2024]
Job 24: 
        d
        
Reason: Missing output files: results/tfbs-scan/hg38/mask/split/chr21.fa

Activating conda environment: ../../../../../../../../../../../../../home/tubbsca/snakemake_condas/15eac168b67d44f04e70744dacff5721_

[Sun Jan 14 17:48:35 2024]
Job 10: 
        d
        
Reason: Missing output files: results/tfbs-scan/hg38/mask/split/chr7.fa

Activating conda environment: ../../../../../../../../../../../../../home/tubbsca/snakemake_condas/15eac168b67d44f04e70744dacff5721_

[Sun Jan 14 17:48:35 2024]
Job 12: 
        d
        
Reason: Missing output files: results/tfbs-scan/hg38/mask/split/chr9.fa

Activating conda environment: ../../../../../../../../../../../../../home/tubbsca/snakemake_condas/15eac168b67d44f04e70744dacff5721_

[Sun Jan 14 17:48:35 2024]
Job 18: 
        d
        
Reason: Missing output files: results/tfbs-scan/hg38/mask/split/chr15.fa

Activating conda environment: ../../../../../../../../../../../../../home/tubbsca/snakemake_condas/15eac168b67d44f04e70744dacff5721_

[Sun Jan 14 17:48:35 2024]
Job 11: 
        d
        
Reason: Missing output files: results/tfbs-scan/hg38/mask/split/chr8.fa

Activating conda environment: ../../../../../../../../../../../../../home/tubbsca/snakemake_condas/15eac168b67d44f04e70744dacff5721_

[Sun Jan 14 17:48:35 2024]
Job 25: 
        d
        
Reason: Missing output files: results/tfbs-scan/hg38/mask/split/chr22.fa

Activating conda environment: ../../../../../../../../../../../../../home/tubbsca/snakemake_condas/15eac168b67d44f04e70744dacff5721_

[Sun Jan 14 17:48:35 2024]
Job 26: 
        d
        
Reason: Missing output files: results/tfbs-scan/hg38/mask/split/chrX.fa

Activating conda environment: ../../../../../../../../../../../../../home/tubbsca/snakemake_condas/15eac168b67d44f04e70744dacff5721_
[Sun Jan 14 17:48:49 2024]
Finished job 27.
1 of 25 steps (4%) done
[Sun Jan 14 17:48:51 2024]
Finished job 24.
2 of 25 steps (8%) done
[Sun Jan 14 17:48:53 2024]
Finished job 22.
3 of 25 steps (12%) done
[Sun Jan 14 17:48:54 2024]
Finished job 25.
4 of 25 steps (16%) done
[Sun Jan 14 17:48:54 2024]
Finished job 20.
5 of 25 steps (20%) done
[Sun Jan 14 17:48:59 2024]
Finished job 19.
6 of 25 steps (24%) done
[Sun Jan 14 17:48:59 2024]
Finished job 21.
7 of 25 steps (28%) done
[Sun Jan 14 17:48:59 2024]
Finished job 23.
8 of 25 steps (32%) done
[Sun Jan 14 17:49:02 2024]
Finished job 17.
9 of 25 steps (36%) done
[Sun Jan 14 17:49:02 2024]
Finished job 16.
10 of 25 steps (40%) done
[Sun Jan 14 17:49:04 2024]
Finished job 14.
11 of 25 steps (44%) done
[Sun Jan 14 17:49:04 2024]
Finished job 13.
12 of 25 steps (48%) done
[Sun Jan 14 17:49:08 2024]
Finished job 26.
13 of 25 steps (52%) done
[Sun Jan 14 17:49:08 2024]
Finished job 18.
14 of 25 steps (56%) done
[Sun Jan 14 17:49:09 2024]
Finished job 15.
15 of 25 steps (60%) done
[Sun Jan 14 17:49:10 2024]
Finished job 10.
16 of 25 steps (64%) done
[Sun Jan 14 17:49:11 2024]
Finished job 12.
17 of 25 steps (68%) done
[Sun Jan 14 17:49:11 2024]
Finished job 8.
18 of 25 steps (72%) done
[Sun Jan 14 17:49:12 2024]
Finished job 9.
19 of 25 steps (76%) done
[Sun Jan 14 17:49:12 2024]
Finished job 7.
20 of 25 steps (80%) done
[Sun Jan 14 17:49:12 2024]
Finished job 11.
21 of 25 steps (84%) done
[Sun Jan 14 17:49:13 2024]
Finished job 6.
22 of 25 steps (88%) done
[Sun Jan 14 17:49:25 2024]
Finished job 5.
23 of 25 steps (92%) done
[Sun Jan 14 17:50:44 2024]
Finished job 1.
24 of 25 steps (96%) done
Select jobs to execute...

[Sun Jan 14 17:50:44 2024]
Job 0: 
        DEPLOYING TFBS-SCAN...
        
Reason: Input files updated by another job: results/tfbs-scan/hg38/mask/split/chr7.fa, results/tfbs-scan/hg38/mask/split/chr20.fa, results/tfbs-scan/hg38/mask/split/chr5.fa, results/tfbs-scan/hg38/mask/split/chr3.fa, results/tfbs-scan/hg38/mask/split/chr10.fa, results/tfbs-scan/hg38/mask/split/chr8.fa, results/tfbs-scan/hg38/mask/split/chr9.fa, results/tfbs-scan/hg38/mask/split/chr13.fa, results/tfbs-scan/hg38/mask/split/chrX.fa, results/tfbs-scan/hg38/mask/split/chr15.fa, results/tfbs-scan/hg38/mask/split/chr17.fa, results/tfbs-scan/hg38/mask/split/chr6.fa, results/tfbs-scan/hg38/mask/split/chr11.fa, results/tfbs-scan/hg38/mask/split/chr2.fa, results/tfbs-scan/hg38/mask/split/chr12.fa, results/tfbs-scan/hg38/mask/split/chr16.fa, results/tfbs-scan/hg38/mask/split/chr21.fa, results/tfbs-scan/hg38/mask/split/chrY.fa, results/tfbs-scan/hg38/mask/split/chr14.fa, results/tfbs-scan/hg38/mask/split/chr18.fa, results/tfbs-scan/hg38/mask/split/chr4.fa, results/tfbs-scan/hg38/mask/split/chr22.fa, results/tfbs-scan/hg38/mask/split/chr19.fa, results/tfbs-scan/hg38/mask/split/chr1.fa

[Sun Jan 14 17:50:44 2024]
Finished job 0.
25 of 25 steps (100%) done
Complete log: .snakemake/log/2024-01-14T174823.712041.snakemake.log
