Building DAG of jobs...
Your conda installation is not configured to use strict channel priorities. This is however crucial for having robust and correct environments (for details, see https://conda-forge.org/docs/user/tipsandtricks.html). Please consider to configure strict priorities by executing 'conda config --set channel_priority strict'.
Using shell: /usr/bin/bash
Provided cores: 24
Rules claiming more threads will be scaled down.
Job stats:
job                             count
----------------------------  -------
all                                 1
scan_assemble_scan                  5
scan_calculate_IntLogOdds           5
scan_calculate_cutoff               5
scan_calculate_probabilities        5
scan_process_probabilities          5
scan_scan_chromosome              120
sequence_decompress_genome          1
sequence_mask_genome                1
sequence_mask_regions               1
sequence_split_genome              24
total                             173

Select jobs to execute...

[Mon Jan 15 12:18:40 2024]
Job 3: 
        Makes exclude regions in BED format for genome masking.
        
Reason: Missing output files: results/tfbs-scan/hg38/hg38.masked_regions.bed

Activating conda environment: ../../../../../../../../../../../../../home/tubbsca/snakemake_condas/15eac168b67d44f04e70744dacff5721_

[Mon Jan 15 12:18:40 2024]
Job 89: 
        Converts intput motif models to the IntLogOdds PWM format.
        
Reason: Missing output files: results/tfbs-scan/hg38/scan/ENCSR000ALJ.keratinocytes.CTCF.MA0139.1.damo.pwm/ENCSR000ALJ.keratinocytes.CTCF.MA0139.1.damo.pwm.IntLogOdds

[Mon Jan 15 12:18:40 2024]
Job 147: 
        Converts intput motif models to the IntLogOdds PWM format.
        
Reason: Missing output files: results/tfbs-scan/hg38/scan/ENCSR000AOO.astrocytes.CTCF.MA0139.1.damo.pwm/ENCSR000AOO.astrocytes.CTCF.MA0139.1.damo.pwm.IntLogOdds

[Mon Jan 15 12:18:40 2024]
Job 30: 
        Converts intput motif models to the IntLogOdds PWM format.
        
Reason: Missing output files: results/tfbs-scan/hg38/scan/ENCSR000AHD.MCF7_Invasive_ductal_breast_carcinoma.CTCF.MA0139.1.damo.pwm/ENCSR000AHD.MCF7_Invasive_ductal_breast_carcinoma.CTCF.MA0139.1.damo.pwm.IntLogOdds

[Mon Jan 15 12:18:40 2024]
Job 4: 
        Necessary to scan genome.
        
Reason: Missing output files: results/tfbs-scan/hg38/hg38.fa

Activating conda environment: ../../../../../../../../../../../../../home/tubbsca/snakemake_condas/15eac168b67d44f04e70744dacff5721_

[Mon Jan 15 12:18:40 2024]
Job 60: 
        Converts intput motif models to the IntLogOdds PWM format.
        
Reason: Missing output files: results/tfbs-scan/hg38/scan/ENCSR000ATM.K562_myelogenous_leukemia.REST.MA0138.2.damo.pwm/ENCSR000ATM.K562_myelogenous_leukemia.REST.MA0138.2.damo.pwm.IntLogOdds

Activating conda environment: ../../../../../../../../../../../../../home/tubbsca/snakemake_condas/15eac168b67d44f04e70744dacff5721_
Activating conda environment: ../../../../../../../../../../../../../home/tubbsca/snakemake_condas/15eac168b67d44f04e70744dacff5721_
Activating conda environment: ../../../../../../../../../../../../../home/tubbsca/snakemake_condas/15eac168b67d44f04e70744dacff5721_

[Mon Jan 15 12:18:40 2024]
Job 118: 
        Converts intput motif models to the IntLogOdds PWM format.
        
Reason: Missing output files: results/tfbs-scan/hg38/scan/ENCSR000ANO.normal_lung_fibroblasts.CTCF.MA0139.1.damo.pwm/ENCSR000ANO.normal_lung_fibroblasts.CTCF.MA0139.1.damo.pwm.IntLogOdds

Activating conda environment: ../../../../../../../../../../../../../home/tubbsca/snakemake_condas/15eac168b67d44f04e70744dacff5721_
Activating conda environment: ../../../../../../../../../../../../../home/tubbsca/snakemake_condas/15eac168b67d44f04e70744dacff5721_
Activating conda environment: ../../../../../../../../../../../../../home/tubbsca/snakemake_condas/15eac168b67d44f04e70744dacff5721_
Activating conda environment: ../../../../../../../../../../../../../home/tubbsca/snakemake_condas/15eac168b67d44f04e70744dacff5721_
Activating conda environment: ../../../../../../../../../../../../../home/tubbsca/snakemake_condas/15eac168b67d44f04e70744dacff5721_
Activating conda environment: ../../../../../../../../../../../../../home/tubbsca/snakemake_condas/15eac168b67d44f04e70744dacff5721_
Activating conda environment: ../../../../../../../../../../../../../home/tubbsca/snakemake_condas/15eac168b67d44f04e70744dacff5721_
[Mon Jan 15 12:18:45 2024]
Finished job 3.
1 of 173 steps (1%) done
[Mon Jan 15 12:18:46 2024]
Finished job 118.
2 of 173 steps (1%) done
Select jobs to execute...

[Mon Jan 15 12:18:46 2024]
Job 121: 
        Generates pval distribution for given PWM.
        
Reason: Missing output files: results/tfbs-scan/hg38/scan/ENCSR000ANO.normal_lung_fibroblasts.CTCF.MA0139.1.damo.pwm/ENCSR000ANO.normal_lung_fibroblasts.CTCF.MA0139.1.damo.pwm-pvals.raw; Input files updated by another job: results/tfbs-scan/hg38/scan/ENCSR000ANO.normal_lung_fibroblasts.CTCF.MA0139.1.damo.pwm/ENCSR000ANO.normal_lung_fibroblasts.CTCF.MA0139.1.damo.pwm.IntLogOdds

Activating conda environment: ../../../../../../../../../../../../../home/tubbsca/snakemake_condas/15eac168b67d44f04e70744dacff5721_
[Mon Jan 15 12:18:46 2024]
Finished job 89.
3 of 173 steps (2%) done
[Mon Jan 15 12:18:46 2024]
Finished job 30.
4 of 173 steps (2%) done
[Mon Jan 15 12:18:46 2024]
Finished job 147.
5 of 173 steps (3%) done
[Mon Jan 15 12:18:46 2024]
Finished job 60.
6 of 173 steps (3%) done
Select jobs to execute...

[Mon Jan 15 12:18:46 2024]
Job 33: 
        Generates pval distribution for given PWM.
        
Reason: Missing output files: results/tfbs-scan/hg38/scan/ENCSR000AHD.MCF7_Invasive_ductal_breast_carcinoma.CTCF.MA0139.1.damo.pwm/ENCSR000AHD.MCF7_Invasive_ductal_breast_carcinoma.CTCF.MA0139.1.damo.pwm-pvals.raw; Input files updated by another job: results/tfbs-scan/hg38/scan/ENCSR000AHD.MCF7_Invasive_ductal_breast_carcinoma.CTCF.MA0139.1.damo.pwm/ENCSR000AHD.MCF7_Invasive_ductal_breast_carcinoma.CTCF.MA0139.1.damo.pwm.IntLogOdds

Activating conda environment: ../../../../../../../../../../../../../home/tubbsca/snakemake_condas/15eac168b67d44f04e70744dacff5721_

[Mon Jan 15 12:18:46 2024]
Job 150: 
        Generates pval distribution for given PWM.
        
Reason: Missing output files: results/tfbs-scan/hg38/scan/ENCSR000AOO.astrocytes.CTCF.MA0139.1.damo.pwm/ENCSR000AOO.astrocytes.CTCF.MA0139.1.damo.pwm-pvals.raw; Input files updated by another job: results/tfbs-scan/hg38/scan/ENCSR000AOO.astrocytes.CTCF.MA0139.1.damo.pwm/ENCSR000AOO.astrocytes.CTCF.MA0139.1.damo.pwm.IntLogOdds


Activating conda environment: ../../../../../../../../../../../../../home/tubbsca/snakemake_condas/15eac168b67d44f04e70744dacff5721_
[Mon Jan 15 12:18:46 2024]
Job 63: 
        Generates pval distribution for given PWM.
        
Reason: Missing output files: results/tfbs-scan/hg38/scan/ENCSR000ATM.K562_myelogenous_leukemia.REST.MA0138.2.damo.pwm/ENCSR000ATM.K562_myelogenous_leukemia.REST.MA0138.2.damo.pwm-pvals.raw; Input files updated by another job: results/tfbs-scan/hg38/scan/ENCSR000ATM.K562_myelogenous_leukemia.REST.MA0138.2.damo.pwm/ENCSR000ATM.K562_myelogenous_leukemia.REST.MA0138.2.damo.pwm.IntLogOdds

Activating conda environment: ../../../../../../../../../../../../../home/tubbsca/snakemake_condas/15eac168b67d44f04e70744dacff5721_

[Mon Jan 15 12:18:46 2024]
Job 92: 
        Generates pval distribution for given PWM.
        
Reason: Missing output files: results/tfbs-scan/hg38/scan/ENCSR000ALJ.keratinocytes.CTCF.MA0139.1.damo.pwm/ENCSR000ALJ.keratinocytes.CTCF.MA0139.1.damo.pwm-pvals.raw; Input files updated by another job: results/tfbs-scan/hg38/scan/ENCSR000ALJ.keratinocytes.CTCF.MA0139.1.damo.pwm/ENCSR000ALJ.keratinocytes.CTCF.MA0139.1.damo.pwm.IntLogOdds

Activating conda environment: ../../../../../../../../../../../../../home/tubbsca/snakemake_condas/15eac168b67d44f04e70744dacff5721_
[Mon Jan 15 12:18:47 2024]
Finished job 121.
7 of 173 steps (4%) done
Select jobs to execute...

[Mon Jan 15 12:18:47 2024]
Job 120: 
        Relative threshold is percentage of best PWM.
        For 80%, format as interger 80. Makes life easier.
        
Reason: Missing output files: results/tfbs-scan/hg38/scan/ENCSR000ANO.normal_lung_fibroblasts.CTCF.MA0139.1.damo.pwm/ENCSR000ANO.normal_lung_fibroblasts.CTCF.MA0139.1.damo.pwm-pvals.txt; Input files updated by another job: results/tfbs-scan/hg38/scan/ENCSR000ANO.normal_lung_fibroblasts.CTCF.MA0139.1.damo.pwm/ENCSR000ANO.normal_lung_fibroblasts.CTCF.MA0139.1.damo.pwm-pvals.raw

Activating conda environment: ../../../../../../../../../../../../../home/tubbsca/snakemake_condas/15eac168b67d44f04e70744dacff5721_
[Mon Jan 15 12:18:47 2024]
Finished job 33.
8 of 173 steps (5%) done
Select jobs to execute...

[Mon Jan 15 12:18:47 2024]
Job 32: 
        Relative threshold is percentage of best PWM.
        For 80%, format as interger 80. Makes life easier.
        
Reason: Missing output files: results/tfbs-scan/hg38/scan/ENCSR000AHD.MCF7_Invasive_ductal_breast_carcinoma.CTCF.MA0139.1.damo.pwm/ENCSR000AHD.MCF7_Invasive_ductal_breast_carcinoma.CTCF.MA0139.1.damo.pwm-pvals.txt; Input files updated by another job: results/tfbs-scan/hg38/scan/ENCSR000AHD.MCF7_Invasive_ductal_breast_carcinoma.CTCF.MA0139.1.damo.pwm/ENCSR000AHD.MCF7_Invasive_ductal_breast_carcinoma.CTCF.MA0139.1.damo.pwm-pvals.raw

Activating conda environment: ../../../../../../../../../../../../../home/tubbsca/snakemake_condas/15eac168b67d44f04e70744dacff5721_
[Mon Jan 15 12:18:47 2024]
Finished job 150.
9 of 173 steps (5%) done
[Mon Jan 15 12:18:47 2024]
Finished job 63.
10 of 173 steps (6%) done
[Mon Jan 15 12:18:47 2024]
Finished job 92.
11 of 173 steps (6%) done
Select jobs to execute...

[Mon Jan 15 12:18:47 2024]
Job 149: 
        Relative threshold is percentage of best PWM.
        For 80%, format as interger 80. Makes life easier.
        
Reason: Missing output files: results/tfbs-scan/hg38/scan/ENCSR000AOO.astrocytes.CTCF.MA0139.1.damo.pwm/ENCSR000AOO.astrocytes.CTCF.MA0139.1.damo.pwm-pvals.txt; Input files updated by another job: results/tfbs-scan/hg38/scan/ENCSR000AOO.astrocytes.CTCF.MA0139.1.damo.pwm/ENCSR000AOO.astrocytes.CTCF.MA0139.1.damo.pwm-pvals.raw

Activating conda environment: ../../../../../../../../../../../../../home/tubbsca/snakemake_condas/15eac168b67d44f04e70744dacff5721_

[Mon Jan 15 12:18:47 2024]
Job 62: 
        Relative threshold is percentage of best PWM.
        For 80%, format as interger 80. Makes life easier.
        
Reason: Missing output files: results/tfbs-scan/hg38/scan/ENCSR000ATM.K562_myelogenous_leukemia.REST.MA0138.2.damo.pwm/ENCSR000ATM.K562_myelogenous_leukemia.REST.MA0138.2.damo.pwm-pvals.txt; Input files updated by another job: results/tfbs-scan/hg38/scan/ENCSR000ATM.K562_myelogenous_leukemia.REST.MA0138.2.damo.pwm/ENCSR000ATM.K562_myelogenous_leukemia.REST.MA0138.2.damo.pwm-pvals.raw

Activating conda environment: ../../../../../../../../../../../../../home/tubbsca/snakemake_condas/15eac168b67d44f04e70744dacff5721_

[Mon Jan 15 12:18:47 2024]
Job 91: 
        Relative threshold is percentage of best PWM.
        For 80%, format as interger 80. Makes life easier.
        
Reason: Missing output files: results/tfbs-scan/hg38/scan/ENCSR000ALJ.keratinocytes.CTCF.MA0139.1.damo.pwm/ENCSR000ALJ.keratinocytes.CTCF.MA0139.1.damo.pwm-pvals.txt; Input files updated by another job: results/tfbs-scan/hg38/scan/ENCSR000ALJ.keratinocytes.CTCF.MA0139.1.damo.pwm/ENCSR000ALJ.keratinocytes.CTCF.MA0139.1.damo.pwm-pvals.raw

Activating conda environment: ../../../../../../../../../../../../../home/tubbsca/snakemake_condas/15eac168b67d44f04e70744dacff5721_
[Mon Jan 15 12:18:47 2024]
Finished job 120.
12 of 173 steps (7%) done
Removing temporary output results/tfbs-scan/hg38/scan/ENCSR000ANO.normal_lung_fibroblasts.CTCF.MA0139.1.damo.pwm/ENCSR000ANO.normal_lung_fibroblasts.CTCF.MA0139.1.damo.pwm-pvals.raw.
Select jobs to execute...

[Mon Jan 15 12:18:47 2024]
Job 119: 
        Relative threshold is percentage of best PWM.
        For 80%, format as interger 80. Makes life easier.
        
Reason: Missing output files: results/tfbs-scan/hg38/scan/ENCSR000ANO.normal_lung_fibroblasts.CTCF.MA0139.1.damo.pwm/ENCSR000ANO.normal_lung_fibroblasts.CTCF.MA0139.1.damo.pwm-coeff.txt; Input files updated by another job: results/tfbs-scan/hg38/scan/ENCSR000ANO.normal_lung_fibroblasts.CTCF.MA0139.1.damo.pwm/ENCSR000ANO.normal_lung_fibroblasts.CTCF.MA0139.1.damo.pwm-pvals.txt

Activating conda environment: ../../../../../../../../../../../../../home/tubbsca/snakemake_condas/15eac168b67d44f04e70744dacff5721_
[Mon Jan 15 12:18:47 2024]
Finished job 32.
13 of 173 steps (8%) done
Removing temporary output results/tfbs-scan/hg38/scan/ENCSR000AHD.MCF7_Invasive_ductal_breast_carcinoma.CTCF.MA0139.1.damo.pwm/ENCSR000AHD.MCF7_Invasive_ductal_breast_carcinoma.CTCF.MA0139.1.damo.pwm-pvals.raw.
Select jobs to execute...

[Mon Jan 15 12:18:47 2024]
Job 31: 
        Relative threshold is percentage of best PWM.
        For 80%, format as interger 80. Makes life easier.
        
Reason: Missing output files: results/tfbs-scan/hg38/scan/ENCSR000AHD.MCF7_Invasive_ductal_breast_carcinoma.CTCF.MA0139.1.damo.pwm/ENCSR000AHD.MCF7_Invasive_ductal_breast_carcinoma.CTCF.MA0139.1.damo.pwm-coeff.txt; Input files updated by another job: results/tfbs-scan/hg38/scan/ENCSR000AHD.MCF7_Invasive_ductal_breast_carcinoma.CTCF.MA0139.1.damo.pwm/ENCSR000AHD.MCF7_Invasive_ductal_breast_carcinoma.CTCF.MA0139.1.damo.pwm-pvals.txt

Activating conda environment: ../../../../../../../../../../../../../home/tubbsca/snakemake_condas/15eac168b67d44f04e70744dacff5721_
[Mon Jan 15 12:18:48 2024]
Finished job 149.
14 of 173 steps (8%) done
Removing temporary output results/tfbs-scan/hg38/scan/ENCSR000AOO.astrocytes.CTCF.MA0139.1.damo.pwm/ENCSR000AOO.astrocytes.CTCF.MA0139.1.damo.pwm-pvals.raw.
Select jobs to execute...

[Mon Jan 15 12:18:48 2024]
Job 148: 
        Relative threshold is percentage of best PWM.
        For 80%, format as interger 80. Makes life easier.
        
Reason: Missing output files: results/tfbs-scan/hg38/scan/ENCSR000AOO.astrocytes.CTCF.MA0139.1.damo.pwm/ENCSR000AOO.astrocytes.CTCF.MA0139.1.damo.pwm-coeff.txt; Input files updated by another job: results/tfbs-scan/hg38/scan/ENCSR000AOO.astrocytes.CTCF.MA0139.1.damo.pwm/ENCSR000AOO.astrocytes.CTCF.MA0139.1.damo.pwm-pvals.txt

Activating conda environment: ../../../../../../../../../../../../../home/tubbsca/snakemake_condas/15eac168b67d44f04e70744dacff5721_
[Mon Jan 15 12:18:48 2024]
Finished job 62.
15 of 173 steps (9%) done
Removing temporary output results/tfbs-scan/hg38/scan/ENCSR000ATM.K562_myelogenous_leukemia.REST.MA0138.2.damo.pwm/ENCSR000ATM.K562_myelogenous_leukemia.REST.MA0138.2.damo.pwm-pvals.raw.
Select jobs to execute...

[Mon Jan 15 12:18:48 2024]
Job 61: 
        Relative threshold is percentage of best PWM.
        For 80%, format as interger 80. Makes life easier.
        
Reason: Missing output files: results/tfbs-scan/hg38/scan/ENCSR000ATM.K562_myelogenous_leukemia.REST.MA0138.2.damo.pwm/ENCSR000ATM.K562_myelogenous_leukemia.REST.MA0138.2.damo.pwm-coeff.txt; Input files updated by another job: results/tfbs-scan/hg38/scan/ENCSR000ATM.K562_myelogenous_leukemia.REST.MA0138.2.damo.pwm/ENCSR000ATM.K562_myelogenous_leukemia.REST.MA0138.2.damo.pwm-pvals.txt

Activating conda environment: ../../../../../../../../../../../../../home/tubbsca/snakemake_condas/15eac168b67d44f04e70744dacff5721_
[Mon Jan 15 12:18:48 2024]
Finished job 91.
16 of 173 steps (9%) done
Removing temporary output results/tfbs-scan/hg38/scan/ENCSR000ALJ.keratinocytes.CTCF.MA0139.1.damo.pwm/ENCSR000ALJ.keratinocytes.CTCF.MA0139.1.damo.pwm-pvals.raw.
Select jobs to execute...

[Mon Jan 15 12:18:48 2024]
Job 90: 
        Relative threshold is percentage of best PWM.
        For 80%, format as interger 80. Makes life easier.
        
Reason: Missing output files: results/tfbs-scan/hg38/scan/ENCSR000ALJ.keratinocytes.CTCF.MA0139.1.damo.pwm/ENCSR000ALJ.keratinocytes.CTCF.MA0139.1.damo.pwm-coeff.txt; Input files updated by another job: results/tfbs-scan/hg38/scan/ENCSR000ALJ.keratinocytes.CTCF.MA0139.1.damo.pwm/ENCSR000ALJ.keratinocytes.CTCF.MA0139.1.damo.pwm-pvals.txt

Activating conda environment: ../../../../../../../../../../../../../home/tubbsca/snakemake_condas/15eac168b67d44f04e70744dacff5721_
[Mon Jan 15 12:18:48 2024]
Finished job 119.
17 of 173 steps (10%) done
[Mon Jan 15 12:18:48 2024]
Finished job 31.
18 of 173 steps (10%) done
[Mon Jan 15 12:18:48 2024]
Finished job 148.
19 of 173 steps (11%) done
[Mon Jan 15 12:18:48 2024]
Finished job 61.
20 of 173 steps (12%) done
[Mon Jan 15 12:18:48 2024]
Finished job 90.
21 of 173 steps (12%) done
[Mon Jan 15 12:19:42 2024]
Finished job 4.
22 of 173 steps (13%) done
Select jobs to execute...

[Mon Jan 15 12:19:42 2024]
Job 2: 
        Creates custom-masked genome for scanning against.
        
Reason: Missing output files: results/tfbs-scan/hg38/mask/hg38.custom-mask.fa; Input files updated by another job: results/tfbs-scan/hg38/hg38.fa, results/tfbs-scan/hg38/hg38.masked_regions.bed

Activating conda environment: ../../../../../../../../../../../../../home/tubbsca/snakemake_condas/15eac168b67d44f04e70744dacff5721_
[Mon Jan 15 12:20:36 2024]
Finished job 2.
23 of 173 steps (13%) done
Removing temporary output results/tfbs-scan/hg38/hg38.masked_regions.bed.
Removing temporary output results/tfbs-scan/hg38/hg38.fa.
Select jobs to execute...

[Mon Jan 15 12:20:36 2024]
Job 1: 
        Splits masked genome by chromsome from parallel scanning.
        
Reason: Missing output files: results/tfbs-scan/hg38/mask/chr1.fa; Input files updated by another job: results/tfbs-scan/hg38/mask/hg38.custom-mask.fa


Activating conda environment: ../../../../../../../../../../../../../home/tubbsca/snakemake_condas/15eac168b67d44f04e70744dacff5721_
[Mon Jan 15 12:20:36 2024]
Job 15: 
        Splits masked genome by chromsome from parallel scanning.
        
Reason: Missing output files: results/tfbs-scan/hg38/mask/chr12.fa; Input files updated by another job: results/tfbs-scan/hg38/mask/hg38.custom-mask.fa

Activating conda environment: ../../../../../../../../../../../../../home/tubbsca/snakemake_condas/15eac168b67d44f04e70744dacff5721_

[Mon Jan 15 12:20:36 2024]
Job 9: 
        Splits masked genome by chromsome from parallel scanning.
        
Reason: Missing output files: results/tfbs-scan/hg38/mask/chr6.fa; Input files updated by another job: results/tfbs-scan/hg38/mask/hg38.custom-mask.fa


Activating conda environment: ../../../../../../../../../../../../../home/tubbsca/snakemake_condas/15eac168b67d44f04e70744dacff5721_
[Mon Jan 15 12:20:36 2024]
Job 23: 
        Splits masked genome by chromsome from parallel scanning.
        
Reason: Missing output files: results/tfbs-scan/hg38/mask/chr20.fa; Input files updated by another job: results/tfbs-scan/hg38/mask/hg38.custom-mask.fa

Activating conda environment: ../../../../../../../../../../../../../home/tubbsca/snakemake_condas/15eac168b67d44f04e70744dacff5721_

[Mon Jan 15 12:20:36 2024]
Job 16: 
        Splits masked genome by chromsome from parallel scanning.
        
Reason: Missing output files: results/tfbs-scan/hg38/mask/chr13.fa; Input files updated by another job: results/tfbs-scan/hg38/mask/hg38.custom-mask.fa

Activating conda environment: ../../../../../../../../../../../../../home/tubbsca/snakemake_condas/15eac168b67d44f04e70744dacff5721_

[Mon Jan 15 12:20:36 2024]
Job 24: 
        Splits masked genome by chromsome from parallel scanning.
        
Reason: Missing output files: results/tfbs-scan/hg38/mask/chr21.fa; Input files updated by another job: results/tfbs-scan/hg38/mask/hg38.custom-mask.fa


Activating conda environment: ../../../../../../../../../../../../../home/tubbsca/snakemake_condas/15eac168b67d44f04e70744dacff5721_
[Mon Jan 15 12:20:36 2024]
Job 10: 
        Splits masked genome by chromsome from parallel scanning.
        
Reason: Missing output files: results/tfbs-scan/hg38/mask/chr7.fa; Input files updated by another job: results/tfbs-scan/hg38/mask/hg38.custom-mask.fa

Activating conda environment: ../../../../../../../../../../../../../home/tubbsca/snakemake_condas/15eac168b67d44f04e70744dacff5721_

[Mon Jan 15 12:20:36 2024]
Job 17: 
        Splits masked genome by chromsome from parallel scanning.
        
Reason: Missing output files: results/tfbs-scan/hg38/mask/chr14.fa; Input files updated by another job: results/tfbs-scan/hg38/mask/hg38.custom-mask.fa

Activating conda environment: ../../../../../../../../../../../../../home/tubbsca/snakemake_condas/15eac168b67d44f04e70744dacff5721_

[Mon Jan 15 12:20:36 2024]
Job 11: 
        Splits masked genome by chromsome from parallel scanning.
        
Reason: Missing output files: results/tfbs-scan/hg38/mask/chr8.fa; Input files updated by another job: results/tfbs-scan/hg38/mask/hg38.custom-mask.fa

Activating conda environment: ../../../../../../../../../../../../../home/tubbsca/snakemake_condas/15eac168b67d44f04e70744dacff5721_

[Mon Jan 15 12:20:36 2024]
Job 25: 
        Splits masked genome by chromsome from parallel scanning.
        
Reason: Missing output files: results/tfbs-scan/hg38/mask/chr22.fa; Input files updated by another job: results/tfbs-scan/hg38/mask/hg38.custom-mask.fa

Activating conda environment: ../../../../../../../../../../../../../home/tubbsca/snakemake_condas/15eac168b67d44f04e70744dacff5721_

[Mon Jan 15 12:20:36 2024]
Job 18: 
        Splits masked genome by chromsome from parallel scanning.
        
Reason: Missing output files: results/tfbs-scan/hg38/mask/chr15.fa; Input files updated by another job: results/tfbs-scan/hg38/mask/hg38.custom-mask.fa

Activating conda environment: ../../../../../../../../../../../../../home/tubbsca/snakemake_condas/15eac168b67d44f04e70744dacff5721_

[Mon Jan 15 12:20:36 2024]
Job 12: 
        Splits masked genome by chromsome from parallel scanning.
        
Reason: Missing output files: results/tfbs-scan/hg38/mask/chr9.fa; Input files updated by another job: results/tfbs-scan/hg38/mask/hg38.custom-mask.fa

Activating conda environment: ../../../../../../../../../../../../../home/tubbsca/snakemake_condas/15eac168b67d44f04e70744dacff5721_

[Mon Jan 15 12:20:36 2024]
Job 26: 
        Splits masked genome by chromsome from parallel scanning.
        
Reason: Missing output files: results/tfbs-scan/hg38/mask/chrX.fa; Input files updated by another job: results/tfbs-scan/hg38/mask/hg38.custom-mask.fa

Activating conda environment: ../../../../../../../../../../../../../home/tubbsca/snakemake_condas/15eac168b67d44f04e70744dacff5721_

[Mon Jan 15 12:20:36 2024]
Job 5: 
        Splits masked genome by chromsome from parallel scanning.
        
Reason: Missing output files: results/tfbs-scan/hg38/mask/chr2.fa; Input files updated by another job: results/tfbs-scan/hg38/mask/hg38.custom-mask.fa

Activating conda environment: ../../../../../../../../../../../../../home/tubbsca/snakemake_condas/15eac168b67d44f04e70744dacff5721_

[Mon Jan 15 12:20:36 2024]
Job 19: 
        Splits masked genome by chromsome from parallel scanning.
        
Reason: Missing output files: results/tfbs-scan/hg38/mask/chr16.fa; Input files updated by another job: results/tfbs-scan/hg38/mask/hg38.custom-mask.fa

Activating conda environment: ../../../../../../../../../../../../../home/tubbsca/snakemake_condas/15eac168b67d44f04e70744dacff5721_

[Mon Jan 15 12:20:36 2024]
Job 13: 
        Splits masked genome by chromsome from parallel scanning.
        
Reason: Missing output files: results/tfbs-scan/hg38/mask/chr10.fa; Input files updated by another job: results/tfbs-scan/hg38/mask/hg38.custom-mask.fa

Activating conda environment: ../../../../../../../../../../../../../home/tubbsca/snakemake_condas/15eac168b67d44f04e70744dacff5721_

[Mon Jan 15 12:20:36 2024]
Job 27: 
        Splits masked genome by chromsome from parallel scanning.
        
Reason: Missing output files: results/tfbs-scan/hg38/mask/chrY.fa; Input files updated by another job: results/tfbs-scan/hg38/mask/hg38.custom-mask.fa

Activating conda environment: ../../../../../../../../../../../../../home/tubbsca/snakemake_condas/15eac168b67d44f04e70744dacff5721_

[Mon Jan 15 12:20:36 2024]
Job 8: 
        Splits masked genome by chromsome from parallel scanning.
        
Reason: Missing output files: results/tfbs-scan/hg38/mask/chr5.fa; Input files updated by another job: results/tfbs-scan/hg38/mask/hg38.custom-mask.fa

Activating conda environment: ../../../../../../../../../../../../../home/tubbsca/snakemake_condas/15eac168b67d44f04e70744dacff5721_

[Mon Jan 15 12:20:37 2024]
Job 20: 
        Splits masked genome by chromsome from parallel scanning.
        
Reason: Missing output files: results/tfbs-scan/hg38/mask/chr17.fa; Input files updated by another job: results/tfbs-scan/hg38/mask/hg38.custom-mask.fa

Activating conda environment: ../../../../../../../../../../../../../home/tubbsca/snakemake_condas/15eac168b67d44f04e70744dacff5721_

[Mon Jan 15 12:20:37 2024]
Job 6: 
        Splits masked genome by chromsome from parallel scanning.
        
Reason: Missing output files: results/tfbs-scan/hg38/mask/chr3.fa; Input files updated by another job: results/tfbs-scan/hg38/mask/hg38.custom-mask.fa

Activating conda environment: ../../../../../../../../../../../../../home/tubbsca/snakemake_condas/15eac168b67d44f04e70744dacff5721_

[Mon Jan 15 12:20:37 2024]
Job 14: 
        Splits masked genome by chromsome from parallel scanning.
        
Reason: Missing output files: results/tfbs-scan/hg38/mask/chr11.fa; Input files updated by another job: results/tfbs-scan/hg38/mask/hg38.custom-mask.fa

Activating conda environment: ../../../../../../../../../../../../../home/tubbsca/snakemake_condas/15eac168b67d44f04e70744dacff5721_

[Mon Jan 15 12:20:37 2024]
Job 7: 
        Splits masked genome by chromsome from parallel scanning.
        
Reason: Missing output files: results/tfbs-scan/hg38/mask/chr4.fa; Input files updated by another job: results/tfbs-scan/hg38/mask/hg38.custom-mask.fa

Activating conda environment: ../../../../../../../../../../../../../home/tubbsca/snakemake_condas/15eac168b67d44f04e70744dacff5721_

[Mon Jan 15 12:20:37 2024]
Job 21: 
        Splits masked genome by chromsome from parallel scanning.
        
Reason: Missing output files: results/tfbs-scan/hg38/mask/chr18.fa; Input files updated by another job: results/tfbs-scan/hg38/mask/hg38.custom-mask.fa

Activating conda environment: ../../../../../../../../../../../../../home/tubbsca/snakemake_condas/15eac168b67d44f04e70744dacff5721_

[Mon Jan 15 12:20:37 2024]
Job 22: 
        Splits masked genome by chromsome from parallel scanning.
        
Reason: Missing output files: results/tfbs-scan/hg38/mask/chr19.fa; Input files updated by another job: results/tfbs-scan/hg38/mask/hg38.custom-mask.fa

Activating conda environment: ../../../../../../../../../../../../../home/tubbsca/snakemake_condas/15eac168b67d44f04e70744dacff5721_
[Mon Jan 15 12:21:23 2024]
Finished job 14.
24 of 173 steps (14%) done
Select jobs to execute...

[Mon Jan 15 12:21:23 2024]
Job 73: 
        Scans reference genome for matches againts input motif.
        Output compressed.
        
Reason: Missing output files: results/tfbs-scan/hg38/scan/ENCSR000ATM.K562_myelogenous_leukemia.REST.MA0138.2.damo.pwm/ENCSR000ATM.K562_myelogenous_leukemia.REST.MA0138.2.damo.pwm-sites.masked.chr11.bed; Input files updated by another job: results/tfbs-scan/hg38/scan/ENCSR000ATM.K562_myelogenous_leukemia.REST.MA0138.2.damo.pwm/ENCSR000ATM.K562_myelogenous_leukemia.REST.MA0138.2.damo.pwm.IntLogOdds, results/tfbs-scan/hg38/scan/ENCSR000ATM.K562_myelogenous_leukemia.REST.MA0138.2.damo.pwm/ENCSR000ATM.K562_myelogenous_leukemia.REST.MA0138.2.damo.pwm-coeff.txt, results/tfbs-scan/hg38/mask/chr11.fa

Activating conda environment: ../../../../../../../../../../../../../home/tubbsca/snakemake_condas/15eac168b67d44f04e70744dacff5721_
[Mon Jan 15 12:21:24 2024]
Finished job 17.
25 of 173 steps (14%) done
Select jobs to execute...

[Mon Jan 15 12:21:24 2024]
Job 76: 
        Scans reference genome for matches againts input motif.
        Output compressed.
        
Reason: Missing output files: results/tfbs-scan/hg38/scan/ENCSR000ATM.K562_myelogenous_leukemia.REST.MA0138.2.damo.pwm/ENCSR000ATM.K562_myelogenous_leukemia.REST.MA0138.2.damo.pwm-sites.masked.chr14.bed; Input files updated by another job: results/tfbs-scan/hg38/mask/chr14.fa, results/tfbs-scan/hg38/scan/ENCSR000ATM.K562_myelogenous_leukemia.REST.MA0138.2.damo.pwm/ENCSR000ATM.K562_myelogenous_leukemia.REST.MA0138.2.damo.pwm.IntLogOdds, results/tfbs-scan/hg38/scan/ENCSR000ATM.K562_myelogenous_leukemia.REST.MA0138.2.damo.pwm/ENCSR000ATM.K562_myelogenous_leukemia.REST.MA0138.2.damo.pwm-coeff.txt

Activating conda environment: ../../../../../../../../../../../../../home/tubbsca/snakemake_condas/15eac168b67d44f04e70744dacff5721_
[Mon Jan 15 12:21:24 2024]
Finished job 15.
26 of 173 steps (15%) done
[Mon Jan 15 12:21:24 2024]
Finished job 10.
27 of 173 steps (16%) done
[Mon Jan 15 12:21:25 2024]
Finished job 26.
28 of 173 steps (16%) done
[Mon Jan 15 12:21:25 2024]
Error in rule scan_scan_chromosome:
    jobid: 73
    input: results/tfbs-scan/hg38/scan/ENCSR000ATM.K562_myelogenous_leukemia.REST.MA0138.2.damo.pwm/ENCSR000ATM.K562_myelogenous_leukemia.REST.MA0138.2.damo.pwm.IntLogOdds, results/tfbs-scan/hg38/scan/ENCSR000ATM.K562_myelogenous_leukemia.REST.MA0138.2.damo.pwm/ENCSR000ATM.K562_myelogenous_leukemia.REST.MA0138.2.damo.pwm-coeff.txt, results/tfbs-scan/hg38/mask/chr11.fa, resources/software/PWMScan/matrix_scan
    output: results/tfbs-scan/hg38/scan/ENCSR000ATM.K562_myelogenous_leukemia.REST.MA0138.2.damo.pwm/ENCSR000ATM.K562_myelogenous_leukemia.REST.MA0138.2.damo.pwm-sites.masked.chr11.bed
    log: workflow/logs/scan_chromosome_ENCSR000ATM.K562_myelogenous_leukemia.REST.MA0138.2.damo.pwm_hg38_chr11.stdout, workflow/logs/scan_chromosome_ENCSR000ATM.K562_myelogenous_leukemia.REST.MA0138.2.damo.pwm_hg38_chr11.stderr (check log file(s) for error details)
    conda-env: /home/tubbsca/snakemake_condas/15eac168b67d44f04e70744dacff5721_
    shell:
        
        resources/software/PWMScan/matrix_scan -m results/tfbs-scan/hg38/scan/ENCSR000ATM.K562_myelogenous_leukemia.REST.MA0138.2.damo.pwm/ENCSR000ATM.K562_myelogenous_leukemia.REST.MA0138.2.damo.pwm.IntLogOdds -c $(cat results/tfbs-scan/hg38/scan/ENCSR000ATM.K562_myelogenous_leukemia.REST.MA0138.2.damo.pwm/ENCSR000ATM.K562_myelogenous_leukemia.REST.MA0138.2.damo.pwm-coeff.txt) results/tfbs-scan/hg38/mask/chr11.fa > results/tfbs-scan/hg38/scan/ENCSR000ATM.K562_myelogenous_leukemia.REST.MA0138.2.damo.pwm/ENCSR000ATM.K562_myelogenous_leukemia.REST.MA0138.2.damo.pwm-sites.masked.chr11.bed
        
        (one of the commands exited with non-zero exit code; note that snakemake uses bash strict mode!)

[Mon Jan 15 12:21:25 2024]
Finished job 22.
29 of 173 steps (17%) done
Select jobs to execute...

[Mon Jan 15 12:21:25 2024]
Job 85: 
        Scans reference genome for matches againts input motif.
        Output compressed.
        
Reason: Missing output files: results/tfbs-scan/hg38/scan/ENCSR000ATM.K562_myelogenous_leukemia.REST.MA0138.2.damo.pwm/ENCSR000ATM.K562_myelogenous_leukemia.REST.MA0138.2.damo.pwm-sites.masked.chrX.bed; Input files updated by another job: results/tfbs-scan/hg38/scan/ENCSR000ATM.K562_myelogenous_leukemia.REST.MA0138.2.damo.pwm/ENCSR000ATM.K562_myelogenous_leukemia.REST.MA0138.2.damo.pwm.IntLogOdds, results/tfbs-scan/hg38/scan/ENCSR000ATM.K562_myelogenous_leukemia.REST.MA0138.2.damo.pwm/ENCSR000ATM.K562_myelogenous_leukemia.REST.MA0138.2.damo.pwm-coeff.txt, results/tfbs-scan/hg38/mask/chrX.fa

Activating conda environment: ../../../../../../../../../../../../../home/tubbsca/snakemake_condas/15eac168b67d44f04e70744dacff5721_

[Mon Jan 15 12:21:26 2024]
Job 74: 
        Scans reference genome for matches againts input motif.
        Output compressed.
        
Reason: Missing output files: results/tfbs-scan/hg38/scan/ENCSR000ATM.K562_myelogenous_leukemia.REST.MA0138.2.damo.pwm/ENCSR000ATM.K562_myelogenous_leukemia.REST.MA0138.2.damo.pwm-sites.masked.chr12.bed; Input files updated by another job: results/tfbs-scan/hg38/scan/ENCSR000ATM.K562_myelogenous_leukemia.REST.MA0138.2.damo.pwm/ENCSR000ATM.K562_myelogenous_leukemia.REST.MA0138.2.damo.pwm.IntLogOdds, results/tfbs-scan/hg38/scan/ENCSR000ATM.K562_myelogenous_leukemia.REST.MA0138.2.damo.pwm/ENCSR000ATM.K562_myelogenous_leukemia.REST.MA0138.2.damo.pwm-coeff.txt, results/tfbs-scan/hg38/mask/chr12.fa


Activating conda environment: ../../../../../../../../../../../../../home/tubbsca/snakemake_condas/15eac168b67d44f04e70744dacff5721_
[Mon Jan 15 12:21:26 2024]
Job 81: 
        Scans reference genome for matches againts input motif.
        Output compressed.
        
Reason: Missing output files: results/tfbs-scan/hg38/scan/ENCSR000ATM.K562_myelogenous_leukemia.REST.MA0138.2.damo.pwm/ENCSR000ATM.K562_myelogenous_leukemia.REST.MA0138.2.damo.pwm-sites.masked.chr19.bed; Input files updated by another job: results/tfbs-scan/hg38/scan/ENCSR000ATM.K562_myelogenous_leukemia.REST.MA0138.2.damo.pwm/ENCSR000ATM.K562_myelogenous_leukemia.REST.MA0138.2.damo.pwm.IntLogOdds, results/tfbs-scan/hg38/mask/chr19.fa, results/tfbs-scan/hg38/scan/ENCSR000ATM.K562_myelogenous_leukemia.REST.MA0138.2.damo.pwm/ENCSR000ATM.K562_myelogenous_leukemia.REST.MA0138.2.damo.pwm-coeff.txt

Activating conda environment: ../../../../../../../../../../../../../home/tubbsca/snakemake_condas/15eac168b67d44f04e70744dacff5721_

[Mon Jan 15 12:21:26 2024]
Job 69: 
        Scans reference genome for matches againts input motif.
        Output compressed.
        
Reason: Missing output files: results/tfbs-scan/hg38/scan/ENCSR000ATM.K562_myelogenous_leukemia.REST.MA0138.2.damo.pwm/ENCSR000ATM.K562_myelogenous_leukemia.REST.MA0138.2.damo.pwm-sites.masked.chr7.bed; Input files updated by another job: results/tfbs-scan/hg38/scan/ENCSR000ATM.K562_myelogenous_leukemia.REST.MA0138.2.damo.pwm/ENCSR000ATM.K562_myelogenous_leukemia.REST.MA0138.2.damo.pwm.IntLogOdds, results/tfbs-scan/hg38/mask/chr7.fa, results/tfbs-scan/hg38/scan/ENCSR000ATM.K562_myelogenous_leukemia.REST.MA0138.2.damo.pwm/ENCSR000ATM.K562_myelogenous_leukemia.REST.MA0138.2.damo.pwm-coeff.txt

[Mon Jan 15 12:21:26 2024]
Error in rule scan_scan_chromosome:
    jobid: 76
    input: results/tfbs-scan/hg38/scan/ENCSR000ATM.K562_myelogenous_leukemia.REST.MA0138.2.damo.pwm/ENCSR000ATM.K562_myelogenous_leukemia.REST.MA0138.2.damo.pwm.IntLogOdds, results/tfbs-scan/hg38/scan/ENCSR000ATM.K562_myelogenous_leukemia.REST.MA0138.2.damo.pwm/ENCSR000ATM.K562_myelogenous_leukemia.REST.MA0138.2.damo.pwm-coeff.txt, results/tfbs-scan/hg38/mask/chr14.fa, resources/software/PWMScan/matrix_scan
    output: results/tfbs-scan/hg38/scan/ENCSR000ATM.K562_myelogenous_leukemia.REST.MA0138.2.damo.pwm/ENCSR000ATM.K562_myelogenous_leukemia.REST.MA0138.2.damo.pwm-sites.masked.chr14.bed
    log: workflow/logs/scan_chromosome_ENCSR000ATM.K562_myelogenous_leukemia.REST.MA0138.2.damo.pwm_hg38_chr14.stdout, workflow/logs/scan_chromosome_ENCSR000ATM.K562_myelogenous_leukemia.REST.MA0138.2.damo.pwm_hg38_chr14.stderr (check log file(s) for error details)
    conda-env: /home/tubbsca/snakemake_condas/15eac168b67d44f04e70744dacff5721_
    shell:
        
        resources/software/PWMScan/matrix_scan -m results/tfbs-scan/hg38/scan/ENCSR000ATM.K562_myelogenous_leukemia.REST.MA0138.2.damo.pwm/ENCSR000ATM.K562_myelogenous_leukemia.REST.MA0138.2.damo.pwm.IntLogOdds -c $(cat results/tfbs-scan/hg38/scan/ENCSR000ATM.K562_myelogenous_leukemia.REST.MA0138.2.damo.pwm/ENCSR000ATM.K562_myelogenous_leukemia.REST.MA0138.2.damo.pwm-coeff.txt) results/tfbs-scan/hg38/mask/chr14.fa > results/tfbs-scan/hg38/scan/ENCSR000ATM.K562_myelogenous_leukemia.REST.MA0138.2.damo.pwm/ENCSR000ATM.K562_myelogenous_leukemia.REST.MA0138.2.damo.pwm-sites.masked.chr14.bed
        
        (one of the commands exited with non-zero exit code; note that snakemake uses bash strict mode!)

Activating conda environment: ../../../../../../../../../../../../../home/tubbsca/snakemake_condas/15eac168b67d44f04e70744dacff5721_
[Mon Jan 15 12:21:26 2024]
Finished job 25.
30 of 173 steps (17%) done
[Mon Jan 15 12:21:27 2024]
Finished job 24.
31 of 173 steps (18%) done
Removing output files of failed job scan_scan_chromosome since they might be corrupted:
results/tfbs-scan/hg38/scan/ENCSR000ATM.K562_myelogenous_leukemia.REST.MA0138.2.damo.pwm/ENCSR000ATM.K562_myelogenous_leukemia.REST.MA0138.2.damo.pwm-sites.masked.chr11.bed
Removing output files of failed job scan_scan_chromosome since they might be corrupted:
results/tfbs-scan/hg38/scan/ENCSR000ATM.K562_myelogenous_leukemia.REST.MA0138.2.damo.pwm/ENCSR000ATM.K562_myelogenous_leukemia.REST.MA0138.2.damo.pwm-sites.masked.chr14.bed
[Mon Jan 15 12:21:27 2024]
Finished job 23.
32 of 173 steps (18%) done
[Mon Jan 15 12:21:28 2024]
Finished job 20.
33 of 173 steps (19%) done
[Mon Jan 15 12:21:28 2024]
Error in rule scan_scan_chromosome:
    jobid: 85
    input: results/tfbs-scan/hg38/scan/ENCSR000ATM.K562_myelogenous_leukemia.REST.MA0138.2.damo.pwm/ENCSR000ATM.K562_myelogenous_leukemia.REST.MA0138.2.damo.pwm.IntLogOdds, results/tfbs-scan/hg38/scan/ENCSR000ATM.K562_myelogenous_leukemia.REST.MA0138.2.damo.pwm/ENCSR000ATM.K562_myelogenous_leukemia.REST.MA0138.2.damo.pwm-coeff.txt, results/tfbs-scan/hg38/mask/chrX.fa, resources/software/PWMScan/matrix_scan
    output: results/tfbs-scan/hg38/scan/ENCSR000ATM.K562_myelogenous_leukemia.REST.MA0138.2.damo.pwm/ENCSR000ATM.K562_myelogenous_leukemia.REST.MA0138.2.damo.pwm-sites.masked.chrX.bed
    log: workflow/logs/scan_chromosome_ENCSR000ATM.K562_myelogenous_leukemia.REST.MA0138.2.damo.pwm_hg38_chrX.stdout, workflow/logs/scan_chromosome_ENCSR000ATM.K562_myelogenous_leukemia.REST.MA0138.2.damo.pwm_hg38_chrX.stderr (check log file(s) for error details)
    conda-env: /home/tubbsca/snakemake_condas/15eac168b67d44f04e70744dacff5721_
    shell:
        
        resources/software/PWMScan/matrix_scan -m results/tfbs-scan/hg38/scan/ENCSR000ATM.K562_myelogenous_leukemia.REST.MA0138.2.damo.pwm/ENCSR000ATM.K562_myelogenous_leukemia.REST.MA0138.2.damo.pwm.IntLogOdds -c $(cat results/tfbs-scan/hg38/scan/ENCSR000ATM.K562_myelogenous_leukemia.REST.MA0138.2.damo.pwm/ENCSR000ATM.K562_myelogenous_leukemia.REST.MA0138.2.damo.pwm-coeff.txt) results/tfbs-scan/hg38/mask/chrX.fa > results/tfbs-scan/hg38/scan/ENCSR000ATM.K562_myelogenous_leukemia.REST.MA0138.2.damo.pwm/ENCSR000ATM.K562_myelogenous_leukemia.REST.MA0138.2.damo.pwm-sites.masked.chrX.bed
        
        (one of the commands exited with non-zero exit code; note that snakemake uses bash strict mode!)

[Mon Jan 15 12:21:28 2024]
Error in rule scan_scan_chromosome:
    jobid: 81
    input: results/tfbs-scan/hg38/scan/ENCSR000ATM.K562_myelogenous_leukemia.REST.MA0138.2.damo.pwm/ENCSR000ATM.K562_myelogenous_leukemia.REST.MA0138.2.damo.pwm.IntLogOdds, results/tfbs-scan/hg38/scan/ENCSR000ATM.K562_myelogenous_leukemia.REST.MA0138.2.damo.pwm/ENCSR000ATM.K562_myelogenous_leukemia.REST.MA0138.2.damo.pwm-coeff.txt, results/tfbs-scan/hg38/mask/chr19.fa, resources/software/PWMScan/matrix_scan
    output: results/tfbs-scan/hg38/scan/ENCSR000ATM.K562_myelogenous_leukemia.REST.MA0138.2.damo.pwm/ENCSR000ATM.K562_myelogenous_leukemia.REST.MA0138.2.damo.pwm-sites.masked.chr19.bed
    log: workflow/logs/scan_chromosome_ENCSR000ATM.K562_myelogenous_leukemia.REST.MA0138.2.damo.pwm_hg38_chr19.stdout, workflow/logs/scan_chromosome_ENCSR000ATM.K562_myelogenous_leukemia.REST.MA0138.2.damo.pwm_hg38_chr19.stderr (check log file(s) for error details)
    conda-env: /home/tubbsca/snakemake_condas/15eac168b67d44f04e70744dacff5721_
    shell:
        
        resources/software/PWMScan/matrix_scan -m results/tfbs-scan/hg38/scan/ENCSR000ATM.K562_myelogenous_leukemia.REST.MA0138.2.damo.pwm/ENCSR000ATM.K562_myelogenous_leukemia.REST.MA0138.2.damo.pwm.IntLogOdds -c $(cat results/tfbs-scan/hg38/scan/ENCSR000ATM.K562_myelogenous_leukemia.REST.MA0138.2.damo.pwm/ENCSR000ATM.K562_myelogenous_leukemia.REST.MA0138.2.damo.pwm-coeff.txt) results/tfbs-scan/hg38/mask/chr19.fa > results/tfbs-scan/hg38/scan/ENCSR000ATM.K562_myelogenous_leukemia.REST.MA0138.2.damo.pwm/ENCSR000ATM.K562_myelogenous_leukemia.REST.MA0138.2.damo.pwm-sites.masked.chr19.bed
        
        (one of the commands exited with non-zero exit code; note that snakemake uses bash strict mode!)

[Mon Jan 15 12:21:28 2024]
Error in rule scan_scan_chromosome:
    jobid: 74
    input: results/tfbs-scan/hg38/scan/ENCSR000ATM.K562_myelogenous_leukemia.REST.MA0138.2.damo.pwm/ENCSR000ATM.K562_myelogenous_leukemia.REST.MA0138.2.damo.pwm.IntLogOdds, results/tfbs-scan/hg38/scan/ENCSR000ATM.K562_myelogenous_leukemia.REST.MA0138.2.damo.pwm/ENCSR000ATM.K562_myelogenous_leukemia.REST.MA0138.2.damo.pwm-coeff.txt, results/tfbs-scan/hg38/mask/chr12.fa, resources/software/PWMScan/matrix_scan
    output: results/tfbs-scan/hg38/scan/ENCSR000ATM.K562_myelogenous_leukemia.REST.MA0138.2.damo.pwm/ENCSR000ATM.K562_myelogenous_leukemia.REST.MA0138.2.damo.pwm-sites.masked.chr12.bed
    log: workflow/logs/scan_chromosome_ENCSR000ATM.K562_myelogenous_leukemia.REST.MA0138.2.damo.pwm_hg38_chr12.stdout, workflow/logs/scan_chromosome_ENCSR000ATM.K562_myelogenous_leukemia.REST.MA0138.2.damo.pwm_hg38_chr12.stderr (check log file(s) for error details)
    conda-env: /home/tubbsca/snakemake_condas/15eac168b67d44f04e70744dacff5721_
    shell:
        
        resources/software/PWMScan/matrix_scan -m results/tfbs-scan/hg38/scan/ENCSR000ATM.K562_myelogenous_leukemia.REST.MA0138.2.damo.pwm/ENCSR000ATM.K562_myelogenous_leukemia.REST.MA0138.2.damo.pwm.IntLogOdds -c $(cat results/tfbs-scan/hg38/scan/ENCSR000ATM.K562_myelogenous_leukemia.REST.MA0138.2.damo.pwm/ENCSR000ATM.K562_myelogenous_leukemia.REST.MA0138.2.damo.pwm-coeff.txt) results/tfbs-scan/hg38/mask/chr12.fa > results/tfbs-scan/hg38/scan/ENCSR000ATM.K562_myelogenous_leukemia.REST.MA0138.2.damo.pwm/ENCSR000ATM.K562_myelogenous_leukemia.REST.MA0138.2.damo.pwm-sites.masked.chr12.bed
        
        (one of the commands exited with non-zero exit code; note that snakemake uses bash strict mode!)

[Mon Jan 15 12:21:28 2024]
Error in rule scan_scan_chromosome:
    jobid: 69
    input: results/tfbs-scan/hg38/scan/ENCSR000ATM.K562_myelogenous_leukemia.REST.MA0138.2.damo.pwm/ENCSR000ATM.K562_myelogenous_leukemia.REST.MA0138.2.damo.pwm.IntLogOdds, results/tfbs-scan/hg38/scan/ENCSR000ATM.K562_myelogenous_leukemia.REST.MA0138.2.damo.pwm/ENCSR000ATM.K562_myelogenous_leukemia.REST.MA0138.2.damo.pwm-coeff.txt, results/tfbs-scan/hg38/mask/chr7.fa, resources/software/PWMScan/matrix_scan
    output: results/tfbs-scan/hg38/scan/ENCSR000ATM.K562_myelogenous_leukemia.REST.MA0138.2.damo.pwm/ENCSR000ATM.K562_myelogenous_leukemia.REST.MA0138.2.damo.pwm-sites.masked.chr7.bed
    log: workflow/logs/scan_chromosome_ENCSR000ATM.K562_myelogenous_leukemia.REST.MA0138.2.damo.pwm_hg38_chr7.stdout, workflow/logs/scan_chromosome_ENCSR000ATM.K562_myelogenous_leukemia.REST.MA0138.2.damo.pwm_hg38_chr7.stderr (check log file(s) for error details)
    conda-env: /home/tubbsca/snakemake_condas/15eac168b67d44f04e70744dacff5721_
    shell:
        
        resources/software/PWMScan/matrix_scan -m results/tfbs-scan/hg38/scan/ENCSR000ATM.K562_myelogenous_leukemia.REST.MA0138.2.damo.pwm/ENCSR000ATM.K562_myelogenous_leukemia.REST.MA0138.2.damo.pwm.IntLogOdds -c $(cat results/tfbs-scan/hg38/scan/ENCSR000ATM.K562_myelogenous_leukemia.REST.MA0138.2.damo.pwm/ENCSR000ATM.K562_myelogenous_leukemia.REST.MA0138.2.damo.pwm-coeff.txt) results/tfbs-scan/hg38/mask/chr7.fa > results/tfbs-scan/hg38/scan/ENCSR000ATM.K562_myelogenous_leukemia.REST.MA0138.2.damo.pwm/ENCSR000ATM.K562_myelogenous_leukemia.REST.MA0138.2.damo.pwm-sites.masked.chr7.bed
        
        (one of the commands exited with non-zero exit code; note that snakemake uses bash strict mode!)

Removing output files of failed job scan_scan_chromosome since they might be corrupted:
results/tfbs-scan/hg38/scan/ENCSR000ATM.K562_myelogenous_leukemia.REST.MA0138.2.damo.pwm/ENCSR000ATM.K562_myelogenous_leukemia.REST.MA0138.2.damo.pwm-sites.masked.chrX.bed
Removing output files of failed job scan_scan_chromosome since they might be corrupted:
results/tfbs-scan/hg38/scan/ENCSR000ATM.K562_myelogenous_leukemia.REST.MA0138.2.damo.pwm/ENCSR000ATM.K562_myelogenous_leukemia.REST.MA0138.2.damo.pwm-sites.masked.chr19.bed
Removing output files of failed job scan_scan_chromosome since they might be corrupted:
results/tfbs-scan/hg38/scan/ENCSR000ATM.K562_myelogenous_leukemia.REST.MA0138.2.damo.pwm/ENCSR000ATM.K562_myelogenous_leukemia.REST.MA0138.2.damo.pwm-sites.masked.chr12.bed
Removing output files of failed job scan_scan_chromosome since they might be corrupted:
results/tfbs-scan/hg38/scan/ENCSR000ATM.K562_myelogenous_leukemia.REST.MA0138.2.damo.pwm/ENCSR000ATM.K562_myelogenous_leukemia.REST.MA0138.2.damo.pwm-sites.masked.chr7.bed
[Mon Jan 15 12:21:29 2024]
Finished job 18.
34 of 173 steps (20%) done
[Mon Jan 15 12:21:29 2024]
Finished job 27.
35 of 173 steps (20%) done
[Mon Jan 15 12:21:29 2024]
Finished job 19.
36 of 173 steps (21%) done
[Mon Jan 15 12:21:29 2024]
Finished job 12.
37 of 173 steps (21%) done
[Mon Jan 15 12:21:30 2024]
Finished job 16.
38 of 173 steps (22%) done
[Mon Jan 15 12:21:30 2024]
Finished job 21.
39 of 173 steps (23%) done
[Mon Jan 15 12:21:31 2024]
Finished job 11.
40 of 173 steps (23%) done
[Mon Jan 15 12:21:32 2024]
Finished job 13.
41 of 173 steps (24%) done
[Mon Jan 15 12:21:34 2024]
Finished job 7.
42 of 173 steps (24%) done
[Mon Jan 15 12:21:34 2024]
Finished job 9.
43 of 173 steps (25%) done
[Mon Jan 15 12:21:35 2024]
Finished job 8.
44 of 173 steps (25%) done
[Mon Jan 15 12:21:37 2024]
Finished job 6.
45 of 173 steps (26%) done
[Mon Jan 15 12:21:41 2024]
Finished job 5.
46 of 173 steps (27%) done
[Mon Jan 15 12:22:06 2024]
Finished job 1.
47 of 173 steps (27%) done
Removing temporary output results/tfbs-scan/hg38/mask/hg38.custom-mask.fa.
Shutting down, this might take some time.
Exiting because a job execution failed. Look above for error message
Complete log: .snakemake/log/2024-01-15T121835.096818.snakemake.log
