Building DAG of jobs...
Your conda installation is not configured to use strict channel priorities. This is however crucial for having robust and correct environments (for details, see https://conda-forge.org/docs/user/tipsandtricks.html). Please consider to configure strict priorities by executing 'conda config --set channel_priority strict'.
Using shell: /usr/bin/bash
Provided cores: 48
Rules claiming more threads will be scaled down.
Job stats:
job                     count
--------------------  -------
all                         1
scan_assemble_scan          2
scan_scan_chromosome       10
total                      13

Select jobs to execute...

[Wed Jan 17 12:49:08 2024]
Job 65: 
        Scans reference genome for matches againts input motif.
        Output compressed.
        
Reason: Missing output files: results/tfbs-scan/hg38/scan/AR/MA0007.3/ERP001226.MDA-MB-453_breast_adenocarcinoma.AR.MA0007.3.damo/sites.masked.chr3.bed

Activating conda environment: ../../../../../../../../../../../../../home/tubbsca/snakemake_condas/15eac168b67d44f04e70744dacff5721_

[Wed Jan 17 12:49:08 2024]
Job 52: 
        Scans reference genome for matches againts input motif.
        Output compressed.
        
Reason: Missing output files: results/tfbs-scan/hg38/scan/AR/MA0007.3/ERP001226.LNCaP_prostate_carcinoma.AR.MA0007.3.damo/sites.masked.chr22.bed

Activating conda environment: ../../../../../../../../../../../../../home/tubbsca/snakemake_condas/15eac168b67d44f04e70744dacff5721_

[Wed Jan 17 12:49:08 2024]
Job 2: 
        Scans reference genome for matches againts input motif.
        Output compressed.
        
Reason: Missing output files: results/tfbs-scan/hg38/scan/AR/MA0007.3/ERP001226.LNCaP_prostate_carcinoma.AR.MA0007.3.damo/sites.masked.chr1.bed

Activating conda environment: ../../../../../../../../../../../../../home/tubbsca/snakemake_condas/15eac168b67d44f04e70744dacff5721_

[Wed Jan 17 12:49:08 2024]
Job 12: 
        Scans reference genome for matches againts input motif.
        Output compressed.
        
Reason: Missing output files: results/tfbs-scan/hg38/scan/AR/MA0007.3/ERP001226.LNCaP_prostate_carcinoma.AR.MA0007.3.damo/sites.masked.chr2.bed

Activating conda environment: ../../../../../../../../../../../../../home/tubbsca/snakemake_condas/15eac168b67d44f04e70744dacff5721_

[Wed Jan 17 12:49:08 2024]
Job 14: 
        Scans reference genome for matches againts input motif.
        Output compressed.
        
Reason: Missing output files: results/tfbs-scan/hg38/scan/AR/MA0007.3/ERP001226.LNCaP_prostate_carcinoma.AR.MA0007.3.damo/sites.masked.chr3.bed

Activating conda environment: ../../../../../../../../../../../../../home/tubbsca/snakemake_condas/15eac168b67d44f04e70744dacff5721_

[Wed Jan 17 12:49:08 2024]
Job 26: 
        Scans reference genome for matches againts input motif.
        Output compressed.
        
Reason: Missing output files: results/tfbs-scan/hg38/scan/AR/MA0007.3/ERP001226.LNCaP_prostate_carcinoma.AR.MA0007.3.damo/sites.masked.chr9.bed

Activating conda environment: ../../../../../../../../../../../../../home/tubbsca/snakemake_condas/15eac168b67d44f04e70744dacff5721_

[Wed Jan 17 12:49:08 2024]
Job 84: 
        Scans reference genome for matches againts input motif.
        Output compressed.
        
Reason: Missing output files: results/tfbs-scan/hg38/scan/AR/MA0007.3/ERP001226.MDA-MB-453_breast_adenocarcinoma.AR.MA0007.3.damo/sites.masked.chr22.bed

Activating conda environment: ../../../../../../../../../../../../../home/tubbsca/snakemake_condas/15eac168b67d44f04e70744dacff5721_

[Wed Jan 17 12:49:08 2024]
Job 64: 
        Scans reference genome for matches againts input motif.
        Output compressed.
        
Reason: Missing output files: results/tfbs-scan/hg38/scan/AR/MA0007.3/ERP001226.MDA-MB-453_breast_adenocarcinoma.AR.MA0007.3.damo/sites.masked.chr2.bed

Activating conda environment: ../../../../../../../../../../../../../home/tubbsca/snakemake_condas/15eac168b67d44f04e70744dacff5721_

[Wed Jan 17 12:49:08 2024]
Job 71: 
        Scans reference genome for matches againts input motif.
        Output compressed.
        
Reason: Missing output files: results/tfbs-scan/hg38/scan/AR/MA0007.3/ERP001226.MDA-MB-453_breast_adenocarcinoma.AR.MA0007.3.damo/sites.masked.chr9.bed

Activating conda environment: ../../../../../../../../../../../../../home/tubbsca/snakemake_condas/15eac168b67d44f04e70744dacff5721_

[Wed Jan 17 12:49:08 2024]
Job 59: 
        Scans reference genome for matches againts input motif.
        Output compressed.
        
Reason: Missing output files: results/tfbs-scan/hg38/scan/AR/MA0007.3/ERP001226.MDA-MB-453_breast_adenocarcinoma.AR.MA0007.3.damo/sites.masked.chr1.bed

Activating conda environment: ../../../../../../../../../../../../../home/tubbsca/snakemake_condas/15eac168b67d44f04e70744dacff5721_
[Wed Jan 17 12:49:09 2024]
Error in rule scan_scan_chromosome:
    jobid: 52
    input: results/tfbs-scan/hg38/scan/AR/MA0007.3/ERP001226.LNCaP_prostate_carcinoma.AR.MA0007.3.damo/IntLogOdds.pwm, results/tfbs-scan/hg38/scan/AR/MA0007.3/ERP001226.LNCaP_prostate_carcinoma.AR.MA0007.3.damo/cutoff.txt, results/tfbs-scan/hg38/mask/hg38.chr22.custom-mask.fa, resources/software/PWMScan/matrix_scan
    output: results/tfbs-scan/hg38/scan/AR/MA0007.3/ERP001226.LNCaP_prostate_carcinoma.AR.MA0007.3.damo/sites.masked.chr22.bed
    log: workflow/logs/scan_chromosome_AR_MA0007.3_ERP001226.LNCaP_prostate_carcinoma.AR.MA0007.3.damo_chr22.stdout, workflow/logs/scan_chromosome_AR_MA0007.3_ERP001226.LNCaP_prostate_carcinoma.AR.MA0007.3.damo_chr22.stderr (check log file(s) for error details)
    conda-env: /home/tubbsca/snakemake_condas/15eac168b67d44f04e70744dacff5721_
    shell:
        
        resources/software/PWMScan/matrix_scan -m results/tfbs-scan/hg38/scan/AR/MA0007.3/ERP001226.LNCaP_prostate_carcinoma.AR.MA0007.3.damo/IntLogOdds.pwm -c $(cat results/tfbs-scan/hg38/scan/AR/MA0007.3/ERP001226.LNCaP_prostate_carcinoma.AR.MA0007.3.damo/cutoff.txt) results/tfbs-scan/hg38/mask/hg38.chr22.custom-mask.fa > results/tfbs-scan/hg38/scan/AR/MA0007.3/ERP001226.LNCaP_prostate_carcinoma.AR.MA0007.3.damo/sites.masked.chr22.bed
        
        (one of the commands exited with non-zero exit code; note that snakemake uses bash strict mode!)

Removing output files of failed job scan_scan_chromosome since they might be corrupted:
results/tfbs-scan/hg38/scan/AR/MA0007.3/ERP001226.LNCaP_prostate_carcinoma.AR.MA0007.3.damo/sites.masked.chr22.bed
[Wed Jan 17 12:49:09 2024]
Error in rule scan_scan_chromosome:
    jobid: 26
    input: results/tfbs-scan/hg38/scan/AR/MA0007.3/ERP001226.LNCaP_prostate_carcinoma.AR.MA0007.3.damo/IntLogOdds.pwm, results/tfbs-scan/hg38/scan/AR/MA0007.3/ERP001226.LNCaP_prostate_carcinoma.AR.MA0007.3.damo/cutoff.txt, results/tfbs-scan/hg38/mask/hg38.chr9.custom-mask.fa, resources/software/PWMScan/matrix_scan
    output: results/tfbs-scan/hg38/scan/AR/MA0007.3/ERP001226.LNCaP_prostate_carcinoma.AR.MA0007.3.damo/sites.masked.chr9.bed
    log: workflow/logs/scan_chromosome_AR_MA0007.3_ERP001226.LNCaP_prostate_carcinoma.AR.MA0007.3.damo_chr9.stdout, workflow/logs/scan_chromosome_AR_MA0007.3_ERP001226.LNCaP_prostate_carcinoma.AR.MA0007.3.damo_chr9.stderr (check log file(s) for error details)
    conda-env: /home/tubbsca/snakemake_condas/15eac168b67d44f04e70744dacff5721_
    shell:
        
        resources/software/PWMScan/matrix_scan -m results/tfbs-scan/hg38/scan/AR/MA0007.3/ERP001226.LNCaP_prostate_carcinoma.AR.MA0007.3.damo/IntLogOdds.pwm -c $(cat results/tfbs-scan/hg38/scan/AR/MA0007.3/ERP001226.LNCaP_prostate_carcinoma.AR.MA0007.3.damo/cutoff.txt) results/tfbs-scan/hg38/mask/hg38.chr9.custom-mask.fa > results/tfbs-scan/hg38/scan/AR/MA0007.3/ERP001226.LNCaP_prostate_carcinoma.AR.MA0007.3.damo/sites.masked.chr9.bed
        
        (one of the commands exited with non-zero exit code; note that snakemake uses bash strict mode!)

Removing output files of failed job scan_scan_chromosome since they might be corrupted:
results/tfbs-scan/hg38/scan/AR/MA0007.3/ERP001226.LNCaP_prostate_carcinoma.AR.MA0007.3.damo/sites.masked.chr9.bed
[Wed Jan 17 12:49:09 2024]
Error in rule scan_scan_chromosome:
    jobid: 84
    input: results/tfbs-scan/hg38/scan/AR/MA0007.3/ERP001226.MDA-MB-453_breast_adenocarcinoma.AR.MA0007.3.damo/IntLogOdds.pwm, results/tfbs-scan/hg38/scan/AR/MA0007.3/ERP001226.MDA-MB-453_breast_adenocarcinoma.AR.MA0007.3.damo/cutoff.txt, results/tfbs-scan/hg38/mask/hg38.chr22.custom-mask.fa, resources/software/PWMScan/matrix_scan
    output: results/tfbs-scan/hg38/scan/AR/MA0007.3/ERP001226.MDA-MB-453_breast_adenocarcinoma.AR.MA0007.3.damo/sites.masked.chr22.bed
    log: workflow/logs/scan_chromosome_AR_MA0007.3_ERP001226.MDA-MB-453_breast_adenocarcinoma.AR.MA0007.3.damo_chr22.stdout, workflow/logs/scan_chromosome_AR_MA0007.3_ERP001226.MDA-MB-453_breast_adenocarcinoma.AR.MA0007.3.damo_chr22.stderr (check log file(s) for error details)
    conda-env: /home/tubbsca/snakemake_condas/15eac168b67d44f04e70744dacff5721_
    shell:
        
        resources/software/PWMScan/matrix_scan -m results/tfbs-scan/hg38/scan/AR/MA0007.3/ERP001226.MDA-MB-453_breast_adenocarcinoma.AR.MA0007.3.damo/IntLogOdds.pwm -c $(cat results/tfbs-scan/hg38/scan/AR/MA0007.3/ERP001226.MDA-MB-453_breast_adenocarcinoma.AR.MA0007.3.damo/cutoff.txt) results/tfbs-scan/hg38/mask/hg38.chr22.custom-mask.fa > results/tfbs-scan/hg38/scan/AR/MA0007.3/ERP001226.MDA-MB-453_breast_adenocarcinoma.AR.MA0007.3.damo/sites.masked.chr22.bed
        
        (one of the commands exited with non-zero exit code; note that snakemake uses bash strict mode!)

Removing output files of failed job scan_scan_chromosome since they might be corrupted:
results/tfbs-scan/hg38/scan/AR/MA0007.3/ERP001226.MDA-MB-453_breast_adenocarcinoma.AR.MA0007.3.damo/sites.masked.chr22.bed
[Wed Jan 17 12:49:09 2024]
Error in rule scan_scan_chromosome:
    jobid: 71
    input: results/tfbs-scan/hg38/scan/AR/MA0007.3/ERP001226.MDA-MB-453_breast_adenocarcinoma.AR.MA0007.3.damo/IntLogOdds.pwm, results/tfbs-scan/hg38/scan/AR/MA0007.3/ERP001226.MDA-MB-453_breast_adenocarcinoma.AR.MA0007.3.damo/cutoff.txt, results/tfbs-scan/hg38/mask/hg38.chr9.custom-mask.fa, resources/software/PWMScan/matrix_scan
    output: results/tfbs-scan/hg38/scan/AR/MA0007.3/ERP001226.MDA-MB-453_breast_adenocarcinoma.AR.MA0007.3.damo/sites.masked.chr9.bed
    log: workflow/logs/scan_chromosome_AR_MA0007.3_ERP001226.MDA-MB-453_breast_adenocarcinoma.AR.MA0007.3.damo_chr9.stdout, workflow/logs/scan_chromosome_AR_MA0007.3_ERP001226.MDA-MB-453_breast_adenocarcinoma.AR.MA0007.3.damo_chr9.stderr (check log file(s) for error details)
    conda-env: /home/tubbsca/snakemake_condas/15eac168b67d44f04e70744dacff5721_
    shell:
        
        resources/software/PWMScan/matrix_scan -m results/tfbs-scan/hg38/scan/AR/MA0007.3/ERP001226.MDA-MB-453_breast_adenocarcinoma.AR.MA0007.3.damo/IntLogOdds.pwm -c $(cat results/tfbs-scan/hg38/scan/AR/MA0007.3/ERP001226.MDA-MB-453_breast_adenocarcinoma.AR.MA0007.3.damo/cutoff.txt) results/tfbs-scan/hg38/mask/hg38.chr9.custom-mask.fa > results/tfbs-scan/hg38/scan/AR/MA0007.3/ERP001226.MDA-MB-453_breast_adenocarcinoma.AR.MA0007.3.damo/sites.masked.chr9.bed
        
        (one of the commands exited with non-zero exit code; note that snakemake uses bash strict mode!)

Removing output files of failed job scan_scan_chromosome since they might be corrupted:
results/tfbs-scan/hg38/scan/AR/MA0007.3/ERP001226.MDA-MB-453_breast_adenocarcinoma.AR.MA0007.3.damo/sites.masked.chr9.bed
[Wed Jan 17 12:49:16 2024]
Finished job 14.
1 of 13 steps (8%) done
[Wed Jan 17 12:49:17 2024]
Finished job 65.
2 of 13 steps (15%) done
[Wed Jan 17 12:49:23 2024]
Finished job 12.
3 of 13 steps (23%) done
[Wed Jan 17 12:49:24 2024]
Finished job 64.
4 of 13 steps (31%) done
[Wed Jan 17 12:49:51 2024]
Finished job 2.
5 of 13 steps (38%) done
[Wed Jan 17 12:49:56 2024]
Finished job 59.
6 of 13 steps (46%) done
Shutting down, this might take some time.
Exiting because a job execution failed. Look above for error message
Complete log: .snakemake/log/2024-01-17T124902.648690.snakemake.log
