Workflow defines that rule genome_genome_install_genome is eligible for caching between workflows (use the --cache argument to enable this).
Building DAG of jobs...
Using shell: /usr/bin/bash
Provided cores: 1 (use --cores to define parallelism)
Rules claiming more threads will be scaled down.
Conda environments: ignored
Job stats:
job                   count
------------------  -------
all                       1
scan_test_parallel        1
total                     2

Select jobs to execute...

[Fri Jan 12 15:46:57 2024]
rule scan_test_parallel:
    output: d
    jobid: 1
    reason: Missing output files: d
    resources: tmpdir=/tmp

[Fri Jan 12 15:46:59 2024]
Error in rule scan_test_parallel:
    jobid: 1
    output: d

RuleException:
CalledProcessError in file /panfs/accrepfs.vampire/data/ruderferlab/projects/biovu/cnv/cre/CTCF-Variant-Annotation/snakemake/workflows/common/tfbs-scan/workflow/rules/scan.smk, line 29:
Command 'set -euo pipefail;  /accre/arch/easybuild/software/BinDist/Anaconda3/2022.05/bin/python /panfs/accrepfs.vampire/data/ruderferlab/projects/biovu/cnv/cre/CTCF-Variant-Annotation/snakemake/workflows/common/tfbs-scan/.snakemake/scripts/tmpev6tuv8f.matrix_scan_parallel.py' returned non-zero exit status 1.
  File "/panfs/accrepfs.vampire/data/ruderferlab/projects/biovu/cnv/cre/CTCF-Variant-Annotation/snakemake/workflows/common/tfbs-scan/workflow/rules/scan.smk", line 29, in __rule_test_parallel
  File "/accre/arch/easybuild/software/BinDist/Anaconda3/2022.05/lib/python3.9/concurrent/futures/thread.py", line 58, in run
Shutting down, this might take some time.
Exiting because a job execution failed. Look above for error message
Complete log: .snakemake/log/2024-01-12T154651.295476.snakemake.log
