Building DAG of jobs...
Using shell: /usr/bin/bash
Provided cores: 8
Rules claiming more threads will be scaled down.
Job stats:
job                           count
--------------------------  -------
all                               1
scan_calc_probabilities           2
scan_calculate_pwm                2
scan_download_jaspar              2
scan_process_probabilities        2
total                             9

Select jobs to execute...

[Thu Nov 30 15:00:11 2023]
Job 4: 
        - Downloads motif PCM from the Jaspar database.
        
Reason: Missing output files: ../resources/data/jaspar/MA0139.1-jaspar.txt


[Thu Nov 30 15:00:14 2023]
Job 8: 
        - Downloads motif PCM from the Jaspar database.
        
Reason: Missing output files: ../resources/data/jaspar/MA0007.3-jaspar.txt

[Thu Nov 30 15:00:16 2023]
Finished job 4.
1 of 9 steps (11%) done
[Thu Nov 30 15:00:16 2023]
Finished job 8.
2 of 9 steps (22%) done
Select jobs to execute...

[Thu Nov 30 15:00:16 2023]
rule scan_calculate_pwm:
    input: ../resources/data/jaspar/MA0139.1-jaspar.txt
    output: ../results/jaspar/MA0139.1/MA0139.1-pwm.txt
    jobid: 3
    reason: Missing output files: ../results/jaspar/MA0139.1/MA0139.1-pwm.txt; Input files updated by another job: ../resources/data/jaspar/MA0139.1-jaspar.txt
    wildcards: PROFILE=MA0139.1
    resources: tmpdir=/tmp

[Thu Nov 30 15:00:16 2023]
rule scan_calculate_pwm:
    input: ../resources/data/jaspar/MA0007.3-jaspar.txt
    output: ../results/jaspar/MA0007.3/MA0007.3-pwm.txt
    jobid: 7
    reason: Missing output files: ../results/jaspar/MA0007.3/MA0007.3-pwm.txt; Input files updated by another job: ../resources/data/jaspar/MA0007.3-jaspar.txt
    wildcards: PROFILE=MA0007.3
    resources: tmpdir=/tmp

Activating conda environment: pwmscan
Activating conda environment: pwmscan
Activating conda environment: pwmscan
Activating conda environment: pwmscan
[Thu Nov 30 15:00:17 2023]
[Thu Nov 30 15:00:17 2023]
Error in rule scan_calculate_pwm:
    jobid: 7
    input: ../resources/data/jaspar/MA0007.3-jaspar.txt
    output: ../results/jaspar/MA0007.3/MA0007.3-pwm.txt
    conda-env: pwmscan

Error in rule scan_calculate_pwm:
    jobid: 3
    input: ../resources/data/jaspar/MA0139.1-jaspar.txt
    output: ../results/jaspar/MA0139.1/MA0139.1-pwm.txt
    conda-env: pwmscan

RuleException:
CalledProcessError in file /gpfs52/data/ruderferlab/projects/biovu/cnv/cre/CTCF-Variant-Annotation/snakemake/workflows/common/pwm-scan/workflow/rules/scan.smk, line 67:
Command 'source /panfs/accrepfs.vampire/home/tubbsca/miniforge-pypy3/bin/activate 'pwmscan'; set -euo pipefail;  python /gpfs52/data/ruderferlab/projects/biovu/cnv/cre/CTCF-Variant-Annotation/snakemake/workflows/common/pwm-scan/workflow/.snakemake/scripts/tmpe7os9cvl.pfm2pwm.py' returned non-zero exit status 1.
  File "/gpfs52/data/ruderferlab/projects/biovu/cnv/cre/CTCF-Variant-Annotation/snakemake/workflows/common/pwm-scan/workflow/rules/scan.smk", line 67, in __rule_calculate_pwm
  File "/accre/arch/easybuild/software/BinDist/Anaconda3/2022.05/lib/python3.9/concurrent/futures/thread.py", line 58, in run
RuleException:
CalledProcessError in file /gpfs52/data/ruderferlab/projects/biovu/cnv/cre/CTCF-Variant-Annotation/snakemake/workflows/common/pwm-scan/workflow/rules/scan.smk, line 67:
Command 'source /panfs/accrepfs.vampire/home/tubbsca/miniforge-pypy3/bin/activate 'pwmscan'; set -euo pipefail;  python /gpfs52/data/ruderferlab/projects/biovu/cnv/cre/CTCF-Variant-Annotation/snakemake/workflows/common/pwm-scan/workflow/.snakemake/scripts/tmp4xnlrt1z.pfm2pwm.py' returned non-zero exit status 1.
  File "/gpfs52/data/ruderferlab/projects/biovu/cnv/cre/CTCF-Variant-Annotation/snakemake/workflows/common/pwm-scan/workflow/rules/scan.smk", line 67, in __rule_calculate_pwm
  File "/accre/arch/easybuild/software/BinDist/Anaconda3/2022.05/lib/python3.9/concurrent/futures/thread.py", line 58, in run
Shutting down, this might take some time.
Exiting because a job execution failed. Look above for error message
Complete log: .snakemake/log/2023-11-30T150008.456285.snakemake.log
