Building DAG of jobs...
Using shell: /usr/bin/bash
Provided cores: 8
Rules claiming more threads will be scaled down.
Job stats:
job                           count
--------------------------  -------
all                               1
scan_calc_probabilities           2
scan_calculate_pwm                2
scan_download_jaspar              2
scan_process_probabilities        2
total                             9

Select jobs to execute...

[Thu Nov 30 15:15:31 2023]
Job 8: 
        - Downloads motif PCM from the Jaspar database.
        
Reason: Missing output files: ../resources/data/jaspar/MA0007.3.jaspar


[Thu Nov 30 15:15:34 2023]
Job 4: 
        - Downloads motif PCM from the Jaspar database.
        
Reason: Missing output files: ../resources/data/jaspar/MA0139.1.jaspar

[Thu Nov 30 15:15:36 2023]
Finished job 8.
1 of 9 steps (11%) done
Select jobs to execute...

[Thu Nov 30 15:15:36 2023]
rule scan_calculate_pwm:
    input: ../resources/data/jaspar/MA0007.3.jaspar
    output: ../results/jaspar/MA0007.3/MA0007.3-pwm.txt
    jobid: 7
    reason: Missing output files: ../results/jaspar/MA0007.3/MA0007.3-pwm.txt; Input files updated by another job: ../resources/data/jaspar/MA0007.3.jaspar; Set of input files has changed since last execution; Code has changed since last execution
    wildcards: PROFILE=MA0007.3
    resources: tmpdir=/tmp

[Thu Nov 30 15:15:36 2023]
Finished job 4.
2 of 9 steps (22%) done
Select jobs to execute...

[Thu Nov 30 15:15:36 2023]
rule scan_calculate_pwm:
    input: ../resources/data/jaspar/MA0139.1.jaspar
    output: ../results/jaspar/MA0139.1/MA0139.1-pwm.txt
    jobid: 3
    reason: Missing output files: ../results/jaspar/MA0139.1/MA0139.1-pwm.txt; Input files updated by another job: ../resources/data/jaspar/MA0139.1.jaspar; Set of input files has changed since last execution; Code has changed since last execution
    wildcards: PROFILE=MA0139.1
    resources: tmpdir=/tmp

Activating conda environment: pwmscan
Activating conda environment: pwmscan
Activating conda environment: pwmscan
Activating conda environment: pwmscan
[Thu Nov 30 15:15:38 2023]
Finished job 7.
3 of 9 steps (33%) done
Select jobs to execute...

[Thu Nov 30 15:15:38 2023]
Job 6: 
        - Generates pval distribution for given PWM.
        
Reason: Missing output files: ../results/jaspar/MA0007.3/MA0007.3-pvals.raw; Input files updated by another job: ../results/jaspar/MA0007.3/MA0007.3-pwm.txt

[Thu Nov 30 15:15:38 2023]
Finished job 3.
4 of 9 steps (44%) done
Select jobs to execute...

[Thu Nov 30 15:15:38 2023]
Job 2: 
        - Generates pval distribution for given PWM.
        
Reason: Missing output files: ../results/jaspar/MA0139.1/MA0139.1-pvals.raw; Input files updated by another job: ../results/jaspar/MA0139.1/MA0139.1-pwm.txt

[Thu Nov 30 15:15:38 2023]
Finished job 6.
5 of 9 steps (56%) done
Select jobs to execute...

[Thu Nov 30 15:15:38 2023]
Job 5: 
        - Relative threshold is percentage of best PWM.
        For 80%, format as interger 80. Makes life easier.
        
Reason: Missing output files: ../results/jaspar/MA0007.3/MA0007.3-pvals.txt, ../results/jaspar/MA0007.3/MA0007.3-coeff.txt; Input files updated by another job: ../results/jaspar/MA0007.3/MA0007.3-pvals.raw

[Thu Nov 30 15:15:38 2023]
Finished job 2.
6 of 9 steps (67%) done
Select jobs to execute...

[Thu Nov 30 15:15:38 2023]
Job 1: 
        - Relative threshold is percentage of best PWM.
        For 80%, format as interger 80. Makes life easier.
        
Reason: Missing output files: ../results/jaspar/MA0139.1/MA0139.1-coeff.txt, ../results/jaspar/MA0139.1/MA0139.1-pvals.txt; Input files updated by another job: ../results/jaspar/MA0139.1/MA0139.1-pvals.raw

Terminating processes on user request, this might take some time.
[Thu Nov 30 15:16:32 2023]
[Thu Nov 30 15:16:32 2023]
Error in rule scan_process_probabilities:
    jobid: 5
    input: ../results/jaspar/MA0007.3/MA0007.3-pvals.raw
    output: ../results/jaspar/MA0007.3/MA0007.3-pvals.txt, ../results/jaspar/MA0007.3/MA0007.3-coeff.txt
    shell:
        
        sed 's/%//g' ../results/jaspar/MA0007.3/MA0007.3-pvals.raw > ../results/jaspar/MA0007.3/MA0007.3-pvals.txt
        awk '{if($3 < 0.05 && $4==80) print $1}' > ../results/jaspar/MA0007.3/MA0007.3-coeff.txt
        
        (one of the commands exited with non-zero exit code; note that snakemake uses bash strict mode!)

Error in rule scan_process_probabilities:
    jobid: 1
    input: ../results/jaspar/MA0139.1/MA0139.1-pvals.raw
    output: ../results/jaspar/MA0139.1/MA0139.1-pvals.txt, ../results/jaspar/MA0139.1/MA0139.1-coeff.txt
    shell:
        
        sed 's/%//g' ../results/jaspar/MA0139.1/MA0139.1-pvals.raw > ../results/jaspar/MA0139.1/MA0139.1-pvals.txt
        awk '{if($3 < 0.05 && $4==80) print $1}' > ../results/jaspar/MA0139.1/MA0139.1-coeff.txt
        
        (one of the commands exited with non-zero exit code; note that snakemake uses bash strict mode!)

Complete log: .snakemake/log/2023-11-30T151527.476311.snakemake.log
