Building DAG of jobs...
Your conda installation is not configured to use strict channel priorities. This is however crucial for having robust and correct environments (for details, see https://conda-forge.org/docs/user/tipsandtricks.html). Please consider to configure strict priorities by executing 'conda config --set channel_priority strict'.
Using shell: /usr/bin/bash
Provided cores: 8
Rules claiming more threads will be scaled down.
Job stats:
job                    count
-------------------  -------
all                        1
main_bed2fasta             2
main_compress_sites        2
total                      5

Select jobs to execute...

[Sat Dec  2 18:27:47 2023]
Job 16: 
        - Note -s, keep strand information correct. Reports rev comp for neg seqs.
        
Reason: Missing output files: ../results/jaspar/MA0007.3/MA0007.3-sites.fa

Activating conda environment: pwmscan

[Sat Dec  2 18:28:09 2023]
Job 9: 
        - Note -s, keep strand information correct. Reports rev comp for neg seqs.
        
Reason: Missing output files: ../results/jaspar/MA0139.1/MA0139.1-sites.fa

Activating conda environment: pwmscan
[Sat Dec  2 19:48:42 2023]
Finished job 9.
1 of 5 steps (20%) done
[Sat Dec  2 19:48:42 2023]
Finished job 16.
2 of 5 steps (40%) done
Select jobs to execute...

[Sat Dec  2 19:48:42 2023]
Job 1: 
        - d
        
Reason: Missing output files: ../results/jaspar/MA0139.1/MA0139.1-sites.bed.gz, ../results/jaspar/MA0139.1/MA0139.1-sites.fa.gz; Input files updated by another job: ../results/jaspar/MA0139.1/MA0139.1-sites.fa


[Sat Dec  2 19:48:42 2023]
Job 10: 
        - d
        
Reason: Missing output files: ../results/jaspar/MA0007.3/MA0007.3-sites.bed.gz, ../results/jaspar/MA0007.3/MA0007.3-sites.fa.gz; Input files updated by another job: ../results/jaspar/MA0007.3/MA0007.3-sites.fa

[Sat Dec  2 19:50:31 2023]
Finished job 10.
3 of 5 steps (60%) done
[Sat Dec  2 19:52:22 2023]
Finished job 1.
4 of 5 steps (80%) done
Select jobs to execute...

[Sat Dec  2 19:52:22 2023]
localrule all:
    input: ../results/jaspar/MA0139.1/MA0139.1-sites.bed.gz, ../results/jaspar/MA0007.3/MA0007.3-sites.bed.gz, ../results/jaspar/MA0139.1/MA0139.1-sites.fa.gz, ../results/jaspar/MA0007.3/MA0007.3-sites.fa.gz
    jobid: 0
    reason: Input files updated by another job: ../results/jaspar/MA0139.1/MA0139.1-sites.fa.gz, ../results/jaspar/MA0007.3/MA0007.3-sites.fa.gz, ../results/jaspar/MA0007.3/MA0007.3-sites.bed.gz, ../results/jaspar/MA0139.1/MA0139.1-sites.bed.gz
    resources: tmpdir=/tmp

[Sat Dec  2 19:52:22 2023]
Finished job 0.
5 of 5 steps (100%) done
Complete log: .snakemake/log/2023-12-02T182739.432207.snakemake.log
