Building DAG of jobs...
Using shell: /usr/bin/bash
Provided cores: 8
Rules claiming more threads will be scaled down.
Conda environments: ignored
Job stats:
job                        count
-----------------------  -------
all                            1
scan_calc_probabilities        2
scan_calculate_pwm             2
total                          5

Select jobs to execute...

[Fri Dec  1 09:25:49 2023]
rule scan_calculate_pwm:
    input: ../resources/data/jaspar/MA0007.3.jaspar
    output: ../results/jaspar/MA0007.3/MA0007.3-pwm.txt
    jobid: 5
    reason: Missing output files: ../results/jaspar/MA0007.3/MA0007.3-pwm.txt
    wildcards: PROFILE=MA0007.3
    resources: tmpdir=/tmp

[Fri Dec  1 09:25:49 2023]
rule scan_calculate_pwm:
    input: ../resources/data/jaspar/MA0139.1.jaspar
    output: ../results/jaspar/MA0139.1/MA0139.1-pwm.txt
    jobid: 2
    reason: Missing output files: ../results/jaspar/MA0139.1/MA0139.1-pwm.txt
    wildcards: PROFILE=MA0139.1
    resources: tmpdir=/tmp

[Fri Dec  1 09:25:49 2023]
Finished job 5.
1 of 5 steps (20%) done
[Fri Dec  1 09:25:49 2023]
Finished job 2.
2 of 5 steps (40%) done
Select jobs to execute...

[Fri Dec  1 09:25:49 2023]
Job 1: 
        - Generates pval distribution for given PWM.
        
Reason: Missing output files: ../results/jaspar/MA0139.1/MA0139.1-pvals.raw; Input files updated by another job: ../results/jaspar/MA0139.1/MA0139.1-pwm.txt


[Fri Dec  1 09:25:49 2023]
Job 4: 
        - Generates pval distribution for given PWM.
        
Reason: Missing output files: ../results/jaspar/MA0007.3/MA0007.3-pvals.raw; Input files updated by another job: ../results/jaspar/MA0007.3/MA0007.3-pwm.txt

[Fri Dec  1 09:25:49 2023]
Finished job 1.
3 of 5 steps (60%) done
[Fri Dec  1 09:25:49 2023]
Finished job 4.
4 of 5 steps (80%) done
Select jobs to execute...

[Fri Dec  1 09:25:49 2023]
localrule all:
    input: ../results/jaspar/MA0139.1/MA0139.1-pvals.raw, ../results/jaspar/MA0007.3/MA0007.3-pvals.raw
    jobid: 0
    reason: Input files updated by another job: ../results/jaspar/MA0139.1/MA0139.1-pvals.raw, ../results/jaspar/MA0007.3/MA0007.3-pvals.raw
    resources: tmpdir=/tmp

[Fri Dec  1 09:25:49 2023]
Finished job 0.
5 of 5 steps (100%) done
Complete log: .snakemake/log/2023-12-01T092545.870026.snakemake.log
