Building DAG of jobs...
Using shell: /usr/bin/bash
Provided cores: 8
Rules claiming more threads will be scaled down.
Conda environments: ignored
Job stats:
job                           count
--------------------------  -------
all                               1
scan_calc_probabilities           2
scan_calculate_pwm                2
scan_process_probabilities        2
total                             7

Select jobs to execute...

[Thu Nov 30 17:38:11 2023]
rule scan_calculate_pwm:
    input: ../resources/data/jaspar/MA0007.3.jaspar
    output: ../results/jaspar/MA0007.3/MA0007.3-pwm.txt
    jobid: 7
    reason: Missing output files: ../results/jaspar/MA0007.3/MA0007.3-pwm.txt
    wildcards: PROFILE=MA0007.3
    resources: tmpdir=/tmp

[Thu Nov 30 17:38:11 2023]
rule scan_calculate_pwm:
    input: ../resources/data/jaspar/MA0139.1.jaspar
    output: ../results/jaspar/MA0139.1/MA0139.1-pwm.txt
    jobid: 3
    reason: Missing output files: ../results/jaspar/MA0139.1/MA0139.1-pwm.txt
    wildcards: PROFILE=MA0139.1
    resources: tmpdir=/tmp

Waiting at most 5 seconds for missing files.
MissingOutputException in rule scan_calculate_pwm in file /gpfs52/data/ruderferlab/projects/biovu/cnv/cre/CTCF-Variant-Annotation/snakemake/workflows/common/pwm-scan/workflow/rules/scan.smk, line 52:
Job 7  completed successfully, but some output files are missing. Missing files after 5 seconds. This might be due to filesystem latency. If that is the case, consider to increase the wait time with --latency-wait:
../results/jaspar/MA0007.3/MA0007.3-pwm.txt
Waiting at most 5 seconds for missing files.
MissingOutputException in rule scan_calculate_pwm in file /gpfs52/data/ruderferlab/projects/biovu/cnv/cre/CTCF-Variant-Annotation/snakemake/workflows/common/pwm-scan/workflow/rules/scan.smk, line 52:
Job 3  completed successfully, but some output files are missing. Missing files after 5 seconds. This might be due to filesystem latency. If that is the case, consider to increase the wait time with --latency-wait:
../results/jaspar/MA0139.1/MA0139.1-pwm.txt
Shutting down, this might take some time.
Exiting because a job execution failed. Look above for error message
Complete log: .snakemake/log/2023-11-30T173810.392460.snakemake.log
