Building DAG of jobs...
Your conda installation is not configured to use strict channel priorities. This is however crucial for having robust and correct environments (for details, see https://conda-forge.org/docs/user/tipsandtricks.html). Please consider to configure strict priorities by executing 'conda config --set channel_priority strict'.
Using shell: /usr/bin/bash
Provided cores: 4
Rules claiming more threads will be scaled down.
Job stats:
job                      count
---------------------  -------
all                          1
genome_install_genome        1
total                        2

Select jobs to execute...

[Wed Nov 29 17:33:56 2023]
Job 1: 
        Installs target genome(s) under install dir
        - Regex to filter down to main chromosomes
        - Default provider set to UCSC
        
Reason: Missing output files: ../resources/data/genome/hg38/hg38.fa.gz

Activating conda environment: ../../../../../../../../../../../../../home/tubbsca/snakemake_condas/ada2ba84c8bd6f04984fd5f5fda51637_
Terminating processes on user request, this might take some time.
Cancelling snakemake on user request.
