Building DAG of jobs...
Using shell: /usr/bin/bash
Provided cores: 8
Rules claiming more threads will be scaled down.
Job stats:
job                           count
--------------------------  -------
all                               1
scan_process_probabilities        2
total                             3

Select jobs to execute...

[Thu Nov 30 17:16:23 2023]
Job 5: 
        - Relative threshold is percentage of best PWM.
        For 80%, format as interger 80. Makes life easier.
        
Reason: Forced execution


[Thu Nov 30 17:16:25 2023]
Job 1: 
        - Relative threshold is percentage of best PWM.
        For 80%, format as interger 80. Makes life easier.
        
Reason: Forced execution

Terminating processes on user request, this might take some time.
[Thu Nov 30 17:16:40 2023]
[Thu Nov 30 17:16:40 2023]
Error in rule scan_process_probabilities:
    jobid: 1
    input: ../results/jaspar/MA0139.1/MA0139.1-pvals.raw
    output: ../results/jaspar/MA0139.1/MA0139.1-pvals.txt, ../results/jaspar/MA0139.1/MA0139.1-coeff.txt
    shell:
        
        sed 's/%//g' ../results/jaspar/MA0139.1/MA0139.1-pvals.raw > ../results/jaspar/MA0139.1/MA0139.1-pvals.txt
        awk '{if($3 < 0.05 && $4==80) print $1}' > ../results/jaspar/MA0139.1/MA0139.1-coeff.txt
        
        (one of the commands exited with non-zero exit code; note that snakemake uses bash strict mode!)

Error in rule scan_process_probabilities:
    jobid: 5
    input: ../results/jaspar/MA0007.3/MA0007.3-pvals.raw
    output: ../results/jaspar/MA0007.3/MA0007.3-pvals.txt, ../results/jaspar/MA0007.3/MA0007.3-coeff.txt
    shell:
        
        sed 's/%//g' ../results/jaspar/MA0007.3/MA0007.3-pvals.raw > ../results/jaspar/MA0007.3/MA0007.3-pvals.txt
        awk '{if($3 < 0.05 && $4==80) print $1}' > ../results/jaspar/MA0007.3/MA0007.3-coeff.txt
        
        (one of the commands exited with non-zero exit code; note that snakemake uses bash strict mode!)

Complete log: .snakemake/log/2023-11-30T171619.156963.snakemake.log
