Building DAG of jobs...
Using shell: /usr/bin/bash
Provided cores: 8
Rules claiming more threads will be scaled down.
Job stats:
job                     count
--------------------  -------
all                         1
scan_download_jaspar        2
total                       3

Select jobs to execute...

[Fri Dec  1 09:57:32 2023]
Job 1: 
        - Downloads motif PCM from the Jaspar database.
        
Reason: Missing output files: ../resources/data/jaspar/MA0139.1.jaspar


[Fri Dec  1 09:57:35 2023]
Job 2: 
        - Downloads motif PCM from the Jaspar database.
        
Reason: Missing output files: ../resources/data/jaspar/MA0007.3.jaspar

[Fri Dec  1 09:57:35 2023]
Finished job 2.
1 of 3 steps (33%) done
[Fri Dec  1 09:57:36 2023]
Finished job 1.
2 of 3 steps (67%) done
Select jobs to execute...

[Fri Dec  1 09:57:36 2023]
localrule all:
    input: ../resources/data/jaspar/MA0139.1.jaspar, ../resources/data/jaspar/MA0007.3.jaspar
    jobid: 0
    reason: Input files updated by another job: ../resources/data/jaspar/MA0139.1.jaspar, ../resources/data/jaspar/MA0007.3.jaspar
    resources: tmpdir=/tmp

[Fri Dec  1 09:57:36 2023]
Finished job 0.
3 of 3 steps (100%) done
Complete log: .snakemake/log/2023-12-01T095731.641492.snakemake.log
