Building DAG of jobs...
Using shell: /usr/bin/bash
Provided cores: 8
Rules claiming more threads will be scaled down.
Job stats:
job                           count
--------------------------  -------
all                               1
scan_calc_probabilities           2
scan_process_probabilities        2
total                             5

Select jobs to execute...

[Thu Nov 30 17:24:55 2023]
Job 6: 
        - Generates pval distribution for given PWM.
        
Reason: Missing output files: ../results/jaspar/MA0007.3/MA0007.3-pvals.raw


[Thu Nov 30 17:24:58 2023]
Job 2: 
        - Generates pval distribution for given PWM.
        
Reason: Missing output files: ../results/jaspar/MA0139.1/MA0139.1-pvals.raw

[Thu Nov 30 17:24:58 2023]
Finished job 6.
1 of 5 steps (20%) done
Select jobs to execute...

[Thu Nov 30 17:24:58 2023]
Job 5: 
        - Relative threshold is percentage of best PWM.
        For 80%, format as interger 80. Makes life easier.
        
Reason: Input files updated by another job: ../results/jaspar/MA0007.3/MA0007.3-pvals.raw; Code has changed since last execution

[Thu Nov 30 17:24:58 2023]
Finished job 2.
2 of 5 steps (40%) done
Select jobs to execute...

[Thu Nov 30 17:24:58 2023]
Job 1: 
        - Relative threshold is percentage of best PWM.
        For 80%, format as interger 80. Makes life easier.
        
Reason: Input files updated by another job: ../results/jaspar/MA0139.1/MA0139.1-pvals.raw; Code has changed since last execution

[Thu Nov 30 17:24:58 2023]
Finished job 5.
3 of 5 steps (60%) done
[Thu Nov 30 17:24:58 2023]
Finished job 1.
4 of 5 steps (80%) done
Select jobs to execute...

[Thu Nov 30 17:24:58 2023]
localrule all:
    input: ../results/jaspar/MA0139.1/MA0139.1-pvals.txt, ../results/jaspar/MA0007.3/MA0007.3-pvals.txt, ../results/jaspar/MA0139.1/MA0139.1-coeff.txt, ../results/jaspar/MA0007.3/MA0007.3-coeff.txt
    jobid: 0
    reason: Input files updated by another job: ../results/jaspar/MA0007.3/MA0007.3-pvals.txt, ../results/jaspar/MA0007.3/MA0007.3-coeff.txt, ../results/jaspar/MA0139.1/MA0139.1-coeff.txt, ../results/jaspar/MA0139.1/MA0139.1-pvals.txt
    resources: tmpdir=/tmp

[Thu Nov 30 17:24:58 2023]
Finished job 0.
5 of 5 steps (100%) done
Complete log: .snakemake/log/2023-11-30T172450.372162.snakemake.log
