Building DAG of jobs...
Using shell: /usr/bin/bash
Provided cores: 8
Rules claiming more threads will be scaled down.
Conda environments: ignored
Job stats:
job                           count
--------------------------  -------
all                               1
scan_process_probabilities        2
total                             3

Select jobs to execute...

[Fri Dec  1 09:30:00 2023]
Job 5: 
        - Relative threshold is percentage of best PWM.
        For 80%, format as interger 80. Makes life easier.
        
Reason: Missing output files: ../results/jaspar/MA0007.3/MA0007.3-coeff.txt, ../results/jaspar/MA0007.3/MA0007.3-pvals.txt; Code has changed since last execution


[Fri Dec  1 09:30:00 2023]
Job 1: 
        - Relative threshold is percentage of best PWM.
        For 80%, format as interger 80. Makes life easier.
        
Reason: Missing output files: ../results/jaspar/MA0139.1/MA0139.1-coeff.txt, ../results/jaspar/MA0139.1/MA0139.1-pvals.txt; Code has changed since last execution

[Fri Dec  1 09:30:00 2023]
Finished job 5.
1 of 3 steps (33%) done
Removing temporary output ../results/jaspar/MA0007.3/MA0007.3-pvals.raw.
[Fri Dec  1 09:30:00 2023]
Finished job 1.
2 of 3 steps (67%) done
Removing temporary output ../results/jaspar/MA0139.1/MA0139.1-pvals.raw.
Select jobs to execute...

[Fri Dec  1 09:30:00 2023]
localrule all:
    input: ../results/jaspar/MA0139.1/MA0139.1-pvals.txt, ../results/jaspar/MA0007.3/MA0007.3-pvals.txt, ../results/jaspar/MA0139.1/MA0139.1-coeff.txt, ../results/jaspar/MA0007.3/MA0007.3-coeff.txt
    jobid: 0
    reason: Input files updated by another job: ../results/jaspar/MA0007.3/MA0007.3-coeff.txt, ../results/jaspar/MA0007.3/MA0007.3-pvals.txt, ../results/jaspar/MA0139.1/MA0139.1-coeff.txt, ../results/jaspar/MA0139.1/MA0139.1-pvals.txt
    resources: tmpdir=/tmp

[Fri Dec  1 09:30:00 2023]
Finished job 0.
3 of 3 steps (100%) done
Complete log: .snakemake/log/2023-12-01T092956.243817.snakemake.log
