Building DAG of jobs...
Using shell: /usr/bin/bash
Provided cores: 8
Rules claiming more threads will be scaled down.
Conda environments: ignored
Job stats:
job                        count
-----------------------  -------
all                            1
scan_calc_probabilities        2
scan_calculate_pwm             1
total                          4

Select jobs to execute...

[Fri Dec  1 09:24:56 2023]
rule scan_calculate_pwm:
    input: ../resources/data/jaspar/MA0139.1.jaspar
    output: ../results/jaspar/MA0139.1/MA0139.1-pwm.txt
    jobid: 2
    reason: Code has changed since last execution
    wildcards: PROFILE=MA0139.1
    resources: tmpdir=/tmp

[Fri Dec  1 09:24:56 2023]
Job 4: 
        - Generates pval distribution for given PWM.
        
Reason: Updated input files: ../results/jaspar/MA0007.3/MA0007.3-pwm.txt

[Fri Dec  1 09:24:56 2023]
Finished job 4.
1 of 4 steps (25%) done
[Fri Dec  1 09:24:56 2023]
Finished job 2.
2 of 4 steps (50%) done
Select jobs to execute...

[Fri Dec  1 09:24:56 2023]
Job 1: 
        - Generates pval distribution for given PWM.
        
Reason: Input files updated by another job: ../results/jaspar/MA0139.1/MA0139.1-pwm.txt

[Fri Dec  1 09:24:56 2023]
Finished job 1.
3 of 4 steps (75%) done
Select jobs to execute...

[Fri Dec  1 09:24:56 2023]
localrule all:
    input: ../results/jaspar/MA0139.1/MA0139.1-pvals.raw, ../results/jaspar/MA0007.3/MA0007.3-pvals.raw
    jobid: 0
    reason: Input files updated by another job: ../results/jaspar/MA0007.3/MA0007.3-pvals.raw, ../results/jaspar/MA0139.1/MA0139.1-pvals.raw
    resources: tmpdir=/tmp

[Fri Dec  1 09:24:56 2023]
Finished job 0.
4 of 4 steps (100%) done
Complete log: .snakemake/log/2023-12-01T092452.873320.snakemake.log
