Building DAG of jobs...
Using shell: /usr/bin/bash
Provided cores: 8
Rules claiming more threads will be scaled down.
Job stats:
job                           count
--------------------------  -------
all                               1
scan_calc_probabilities           2
scan_calculate_pwm                2
scan_process_probabilities        2
total                             7

Select jobs to execute...

[Thu Nov 30 15:11:11 2023]
rule scan_calculate_pwm:
    input: ../resources/data/jaspar/MA0007.3-jaspar.txt
    output: ../results/jaspar/MA0007.3/MA0007.3-pwm.txt
    jobid: 7
    reason: Missing output files: ../results/jaspar/MA0007.3/MA0007.3-pwm.txt
    wildcards: PROFILE=MA0007.3
    resources: tmpdir=/tmp

[Thu Nov 30 15:11:13 2023]
rule scan_calculate_pwm:
    input: ../resources/data/jaspar/MA0139.1-jaspar.txt
    output: ../results/jaspar/MA0139.1/MA0139.1-pwm.txt
    jobid: 3
    reason: Missing output files: ../results/jaspar/MA0139.1/MA0139.1-pwm.txt
    wildcards: PROFILE=MA0139.1
    resources: tmpdir=/tmp

Activating conda environment: pwmscan
Activating conda environment: pwmscan
Activating conda environment: pwmscan
Activating conda environment: pwmscan
[Thu Nov 30 15:11:18 2023]
Finished job 3.
1 of 7 steps (14%) done
Select jobs to execute...

[Thu Nov 30 15:11:18 2023]
Job 2: 
        - Generates pval distribution for given PWM.
        
Reason: Missing output files: ../results/jaspar/MA0139.1/MA0139.1-pvals.raw; Input files updated by another job: ../results/jaspar/MA0139.1/MA0139.1-pwm.txt

[Thu Nov 30 15:11:18 2023]
Finished job 7.
2 of 7 steps (29%) done
Select jobs to execute...

[Thu Nov 30 15:11:18 2023]
Job 6: 
        - Generates pval distribution for given PWM.
        
Reason: Missing output files: ../results/jaspar/MA0007.3/MA0007.3-pvals.raw; Input files updated by another job: ../results/jaspar/MA0007.3/MA0007.3-pwm.txt

[Thu Nov 30 15:11:18 2023]
Finished job 2.
3 of 7 steps (43%) done
Select jobs to execute...

[Thu Nov 30 15:11:18 2023]
Job 1: 
        - Relative threshold is percentage of best PWM.
        For 80%, format as interger 80. Makes life easier.
        
Reason: Missing output files: ../results/jaspar/MA0139.1/MA0139.1-coeff.txt, ../results/jaspar/MA0139.1/MA0139.1-pvals.txt; Input files updated by another job: ../results/jaspar/MA0139.1/MA0139.1-pvals.raw

[Thu Nov 30 15:11:18 2023]
Finished job 6.
4 of 7 steps (57%) done
Select jobs to execute...

[Thu Nov 30 15:11:18 2023]
Job 5: 
        - Relative threshold is percentage of best PWM.
        For 80%, format as interger 80. Makes life easier.
        
Reason: Missing output files: ../results/jaspar/MA0007.3/MA0007.3-coeff.txt, ../results/jaspar/MA0007.3/MA0007.3-pvals.txt; Input files updated by another job: ../results/jaspar/MA0007.3/MA0007.3-pvals.raw

Terminating processes on user request, this might take some time.
[Thu Nov 30 15:15:09 2023]
[Thu Nov 30 15:15:09 2023]
Error in rule scan_process_probabilities:
    jobid: 5
    input: ../results/jaspar/MA0007.3/MA0007.3-pvals.raw
    output: ../results/jaspar/MA0007.3/MA0007.3-pvals.txt, ../results/jaspar/MA0007.3/MA0007.3-coeff.txt
    shell:
        
        sed 's/%//g' ../results/jaspar/MA0007.3/MA0007.3-pvals.raw > ../results/jaspar/MA0007.3/MA0007.3-pvals.txt
        awk '{if($3 < 0.05 && $4==80) print $1}' > ../results/jaspar/MA0007.3/MA0007.3-coeff.txt
        
        (one of the commands exited with non-zero exit code; note that snakemake uses bash strict mode!)

Error in rule scan_process_probabilities:
    jobid: 1
    input: ../results/jaspar/MA0139.1/MA0139.1-pvals.raw
    output: ../results/jaspar/MA0139.1/MA0139.1-pvals.txt, ../results/jaspar/MA0139.1/MA0139.1-coeff.txt
    shell:
        
        sed 's/%//g' ../results/jaspar/MA0139.1/MA0139.1-pvals.raw > ../results/jaspar/MA0139.1/MA0139.1-pvals.txt
        awk '{if($3 < 0.05 && $4==80) print $1}' > ../results/jaspar/MA0139.1/MA0139.1-coeff.txt
        
        (one of the commands exited with non-zero exit code; note that snakemake uses bash strict mode!)

Complete log: .snakemake/log/2023-11-30T151109.997394.snakemake.log
