Building DAG of jobs...
Using shell: /usr/bin/bash
Provided cores: 8
Rules claiming more threads will be scaled down.
Conda environments: ignored
Job stats:
job                           count
--------------------------  -------
all                               1
genome_install_genome             1
scan_calc_probabilities           2
scan_calculate_pwm                2
scan_download_jaspar              2
scan_process_probabilities        2
scan_scan_genome                  2
total                            12

Select jobs to execute...

[Fri Dec  1 09:30:55 2023]
Job 6: 
        Installs target genome(s) under install dir
        - Regex to filter down to main chromosomes
        - Default provider set to UCSC
        
Reason: Missing output files: ../resources/data/genome/hg38/hg38.fa.gz


[Fri Dec  1 09:30:55 2023]
Job 3: 
        - Downloads motif PCM from the Jaspar database.
        
Reason: Missing output files: ../resources/data/jaspar/../results/jaspar/MA0139.1/MA0139.1.jaspar


[Fri Dec  1 09:30:55 2023]
Job 9: 
        - Downloads motif PCM from the Jaspar database.
        
Reason: Missing output files: ../resources/data/jaspar/../results/jaspar/MA0007.3/MA0007.3.jaspar

[Fri Dec  1 09:30:55 2023]
Error in rule genome_install_genome:
    jobid: 6
    output: ../resources/data/genome/hg38/hg38.fa.gz
    conda-env: /gpfs52/data/ruderferlab/projects/biovu/cnv/cre/CTCF-Variant-Annotation/snakemake/workflows/common/pwm-scan/workflow/.snakemake/conda/f0ccb4b30a86a8071d1839e31eaefe36_
    shell:
        
        genomepy plugin enable blacklist &&
        genomepy install hg38         --provider "UCSC"         --genomes_dir ../resources/data/genome         --bgzip         --threads 4         --regex "chr[0-9XY]+$"
        
        (one of the commands exited with non-zero exit code; note that snakemake uses bash strict mode!)

[Fri Dec  1 09:30:58 2023]
Finished job 3.
1 of 12 steps (8%) done
[Fri Dec  1 09:30:58 2023]
Finished job 9.
2 of 12 steps (17%) done
Shutting down, this might take some time.
Exiting because a job execution failed. Look above for error message
Complete log: .snakemake/log/2023-12-01T093054.216647.snakemake.log
